#
# There is insufficient memory for the Java Runtime Environment to continue.
# Native memory allocation (mmap) failed to map 65536 bytes. Error detail: Failed to commit metaspace.
# Possible reasons:
#   The system is out of physical RAM or swap space
#   This process is running with CompressedOops enabled, and the Java Heap may be blocking the growth of the native heap
# Possible solutions:
#   Reduce memory load on the system
#   Increase physical memory or swap space
#   Check if swap backing store is full
#   Decrease Java heap size (-Xmx/-Xms)
#   Decrease number of Java threads
#   Decrease Java thread stack sizes (-Xss)
#   Set larger code cache with -XX:ReservedCodeCacheSize=
#   JVM is running with Unscaled Compressed Oops mode in which the Java heap is
#     placed in the first 4GB address space. The Java Heap base address is the
#     maximum limit for the native heap growth. Please use -XX:HeapBaseMinAddress
#     to set the Java Heap base and to place the Java Heap above 4GB virtual address.
# This output file may be truncated or incomplete.
#
#  Out of Memory Error (virtualSpaceNode.cpp:110), pid=29080, tid=18000
#
# JRE version: OpenJDK Runtime Environment Temurin-17.0.11+9 (17.0.11+9) (build 17.0.11+9)
# Java VM: OpenJDK 64-Bit Server VM Temurin-17.0.11+9 (17.0.11+9, mixed mode, emulated-client, tiered, compressed oops, compressed class ptrs, g1 gc, windows-amd64)
# No core dump will be written. Minidumps are not enabled by default on client versions of Windows
#

---------------  S U M M A R Y ------------

Command Line: -Xmx1024m -Dsts.lsp.client=vscode -Dsts.log.file=/dev/null -XX:TieredStopAtLevel=1 -Xlog:jni+resolve=off -Dspring.config.location=file:c:\Users\Janet\.vscode\extensions\vmware.vscode-spring-boot-1.55.1\language-server\BOOT-INF\classes\application.properties org.springframework.ide.vscode.boot.app.BootLanguageServerBootApp

Host: AMD Ryzen 7 3700U with Radeon Vega Mobile Gfx  , 8 cores, 5G,  Windows 11 , 64 bit Build 22621 (10.0.22621.3672)
Time: Tue Jun 25 14:53:21 2024 Hora estándar oeste, Sudamérica elapsed time: 21.466004 seconds (0d 0h 0m 21s)

---------------  T H R E A D  ---------------

Current thread (0x000001c7ecf6f7b0):  JavaThread "background-preinit" [_thread_in_vm, id=18000, stack(0x0000000ca6000000,0x0000000ca6100000)]

Stack: [0x0000000ca6000000,0x0000000ca6100000]
Native frames: (J=compiled Java code, j=interpreted, Vv=VM code, C=native code)
V  [jvm.dll+0x67d429]
V  [jvm.dll+0x834b7a]
V  [jvm.dll+0x83663e]
V  [jvm.dll+0x836ca3]
V  [jvm.dll+0x247dbf]
V  [jvm.dll+0x83083b]
V  [jvm.dll+0x621d56]
V  [jvm.dll+0x1c1b3e]
V  [jvm.dll+0x6246b1]
V  [jvm.dll+0x6226f6]
V  [jvm.dll+0x23d710]
V  [jvm.dll+0x1ec56b]
V  [jvm.dll+0x1e1f11]
V  [jvm.dll+0x54250e]
V  [jvm.dll+0x7aecb8]
V  [jvm.dll+0x7aeda4]
V  [jvm.dll+0x4106a5]
V  [jvm.dll+0x416819]
C  [java.dll+0x17ec]

Java frames: (J=compiled Java code, j=interpreted, Vv=VM code)
J 842  java.lang.ClassLoader.defineClass1(Ljava/lang/ClassLoader;Ljava/lang/String;[BIILjava/security/ProtectionDomain;Ljava/lang/String;)Ljava/lang/Class; java.base@17.0.11 (0 bytes) @ 0x000001c7e01298db [0x000001c7e0129820+0x00000000000000bb]
J 838 c1 java.lang.ClassLoader.defineClass(Ljava/lang/String;[BIILjava/security/ProtectionDomain;)Ljava/lang/Class; java.base@17.0.11 (43 bytes) @ 0x000001c7e012b45c [0x000001c7e012b360+0x00000000000000fc]
J 746 c1 jdk.internal.loader.BuiltinClassLoader.defineClass(Ljava/lang/String;Ljdk/internal/loader/Resource;)Ljava/lang/Class; java.base@17.0.11 (121 bytes) @ 0x000001c7dff58ac4 [0x000001c7dff58620+0x00000000000004a4]
J 745 c1 jdk.internal.loader.BuiltinClassLoader.findClassOnClassPathOrNull(Ljava/lang/String;)Ljava/lang/Class; java.base@17.0.11 (64 bytes) @ 0x000001c7dff59744 [0x000001c7dff594a0+0x00000000000002a4]
J 667 c1 jdk.internal.loader.BuiltinClassLoader.loadClassOrNull(Ljava/lang/String;Z)Ljava/lang/Class; java.base@17.0.11 (143 bytes) @ 0x000001c7dff7e044 [0x000001c7dff7dc00+0x0000000000000444]
J 728 c1 jdk.internal.loader.ClassLoaders$AppClassLoader.loadClass(Ljava/lang/String;Z)Ljava/lang/Class; java.base@17.0.11 (40 bytes) @ 0x000001c7dff61e24 [0x000001c7dff61ce0+0x0000000000000144]
J 727 c1 java.lang.ClassLoader.loadClass(Ljava/lang/String;)Ljava/lang/Class; java.base@17.0.11 (7 bytes) @ 0x000001c7dff627e4 [0x000001c7dff627a0+0x0000000000000044]
v  ~StubRoutines::call_stub
J 1043  java.lang.Class.forName0(Ljava/lang/String;ZLjava/lang/ClassLoader;Ljava/lang/Class;)Ljava/lang/Class; java.base@17.0.11 (0 bytes) @ 0x000001c7e017d9a7 [0x000001c7e017d920+0x0000000000000087]
J 1048 c1 java.lang.Class.forName(Ljava/lang/String;ZLjava/lang/ClassLoader;)Ljava/lang/Class; java.base@17.0.11 (47 bytes) @ 0x000001c7e017ed34 [0x000001c7e017ec40+0x00000000000000f4]
j  org.springframework.util.ClassUtils.forName(Ljava/lang/String;Ljava/lang/ClassLoader;)Ljava/lang/Class;+164
j  org.springframework.util.ClassUtils.isPresent(Ljava/lang/String;Ljava/lang/ClassLoader;)Z+2
j  org.springframework.http.converter.support.AllEncompassingFormHttpMessageConverter.<clinit>()V+18
v  ~StubRoutines::call_stub
j  org.springframework.boot.autoconfigure.BackgroundPreinitializer$MessageConverterInitializer.run()V+0
j  org.springframework.boot.autoconfigure.BackgroundPreinitializer$1.runSafely(Ljava/lang/Runnable;)Z+1
j  org.springframework.boot.autoconfigure.BackgroundPreinitializer$1.run()V+32
j  java.lang.Thread.run()V+11 java.base@17.0.11
v  ~StubRoutines::call_stub

Compiled method (n/a)   21522  842     n 0       java.lang.ClassLoader::defineClass1 (native)
 total in heap  [0x000001c7e0129690,0x000001c7e0129b68] = 1240
 relocation     [0x000001c7e01297e8,0x000001c7e0129820] = 56
 main code      [0x000001c7e0129820,0x000001c7e0129b68] = 840

[Constant Pool (empty)]

[MachCode]
[Entry Point]
  # {method} {0x000001c7e801de78} 'defineClass1' '(Ljava/lang/ClassLoader;Ljava/lang/String;[BIILjava/security/ProtectionDomain;Ljava/lang/String;)Ljava/lang/Class;' in 'java/lang/ClassLoader'
  # parm0:    rdx:rdx   = 'java/lang/ClassLoader'
  # parm1:    r8:r8     = 'java/lang/String'
  # parm2:    r9:r9     = '[B'
  # parm3:    rdi       = int
  # parm4:    rsi       = int
  # parm5:    rcx:rcx   = 'java/security/ProtectionDomain'
  # parm6:    [sp+0xa0]   = 'java/lang/String'  (sp of caller)
  0x000001c7e0129820: 448b 5208 | 49c1 e203 | 493b c20f | 8407 0000 

  0x000001c7e0129830: ;   {runtime_call ic_miss_stub}
  0x000001c7e0129830: 00e9 4a78 | d7ff 6690 
[Verified Entry Point]
  0x000001c7e0129838: 8984 2400 | 90ff ff55 | 488b ec48 | 81ec 9000 | 0000 4881 | 7d10 0000 | 0000 488d | 4510 480f 
  0x000001c7e0129858: 4445 1048 | 8944 2440 | 4889 4c24 | 7048 83f9 | 0048 8d44 | 2470 480f | 4444 2470 | 4889 4424 
  0x000001c7e0129878: 3848 8974 | 2430 4889 | 7c24 284c | 894c 2458 | 4983 f900 | 488d 4424 | 5848 0f44 | 4424 5848 
  0x000001c7e0129898: 8944 2420 | 4c89 4424 | 5049 83f8 | 004c 8d4c | 2450 4c0f | 444c 2450 | 4889 5424 | 4848 83fa 
  0x000001c7e01298b8: 004c 8d44 | 2448 4c0f | 4444 2448 

  0x000001c7e01298c4: ;   {oop(a 'java/lang/Class'{0x00000000c0c54800} = 'java/lang/ClassLoader')}
  0x000001c7e01298c4: 49be 0048 | c5c0 0000 | 0000 4c89 | 7424 784c | 8d74 2478 | 498b d6c5 

  0x000001c7e01298dc: ;   {internal_word}
  0x000001c7e01298dc: f877 49ba | db98 12e0 | c701 0000 | 4d89 97a0 | 0200 0049 | 89a7 9802 

  0x000001c7e01298f4: ;   {external_word}
  0x000001c7e01298f4: 0000 49ba | 5835 af0d | f87f 0000 | 4180 3a00 | 0f84 5200 | 0000 5241 

  0x000001c7e012990c: ;   {metadata({method} {0x000001c7e801de78} 'defineClass1' '(Ljava/lang/ClassLoader;Ljava/lang/String;[BIILjava/security/ProtectionDomain;Ljava/lang/String;)Ljava/lang/Class;' in 'java/lang/ClassLoader')}
  0x000001c7e012990c: 5041 5148 | ba70 de01 | e8c7 0100 | 0049 8bcf | 4883 ec20 | f7c4 0f00 | 0000 0f84 | 1a00 0000 
  0x000001c7e012992c: 4883 ec08 

  0x000001c7e0129930: ;   {runtime_call}
  0x000001c7e0129930: 49ba 6031 | 650d f87f | 0000 41ff | d248 83c4 | 08e9 0d00 

  0x000001c7e0129944: ;   {runtime_call}
  0x000001c7e0129944: 0000 49ba | 6031 650d | f87f 0000 | 41ff d248 | 83c4 2041 | 5941 585a | 498d 8fb8 | 0200 0041 
  0x000001c7e0129964: c787 4803 | 0000 0400 

  0x000001c7e012996c: ;   {runtime_call}
  0x000001c7e012996c: 0000 49ba | ac16 ca76 | f87f 0000 | 41ff d2c5 | f877 41c7 | 8748 0300 | 0005 0000 | 00f0 8344 
  0x000001c7e012998c: 24c0 0049 | 3baf 5003 | 0000 0f87 | 1100 0000 | 4181 bf38 | 0300 0000 | 0000 000f | 842c 0000 
  0x000001c7e01299ac: 00c5 f877 | 4889 45f8 | 498b cf4c | 8be4 4883 | ec20 4883 

  0x000001c7e01299c0: ;   {runtime_call}
  0x000001c7e01299c0: e4f0 49ba | c045 750d | f87f 0000 | 41ff d249 | 8be4 4d33 | e448 8b45 | f841 c787 | 4803 0000 
  0x000001c7e01299e0: 0800 0000 | 4181 bfb8 | 0300 0002 | 0000 000f | 843f 0100 

  0x000001c7e01299f4: ;   {external_word}
  0x000001c7e01299f4: 0049 ba58 | 35af 0df8 | 7f00 0041 | 803a 000f | 8450 0000 | 0048 8945 

  0x000001c7e0129a0c: ;   {metadata({method} {0x000001c7e801de78} 'defineClass1' '(Ljava/lang/ClassLoader;Ljava/lang/String;[BIILjava/security/ProtectionDomain;Ljava/lang/String;)Ljava/lang/Class;' in 'java/lang/ClassLoader')}
  0x000001c7e0129a0c: f848 ba70 | de01 e8c7 | 0100 0049 | 8bcf 4883 | ec20 f7c4 | 0f00 0000 | 0f84 1a00 | 0000 4883 
  0x000001c7e0129a2c: ;   {runtime_call}
  0x000001c7e0129a2c: ec08 49ba | 6031 650d | f87f 0000 | 41ff d248 | 83c4 08e9 | 0d00 0000 

  0x000001c7e0129a44: ;   {runtime_call}
  0x000001c7e0129a44: 49ba 6031 | 650d f87f | 0000 41ff | d248 83c4 | 2048 8b45 | f849 c787 | 9802 0000 | 0000 0000 
  0x000001c7e0129a64: 49c7 87a0 | 0200 0000 | 0000 00c5 | f877 4885 | c00f 8493 | 0000 0048 | f7c0 0100 | 0000 0f84 
  0x000001c7e0129a84: 8300 0000 | 488b 40ff | 4180 7f38 | 000f 846f | 0000 0048 | 83f8 000f | 8465 0000 | 0049 8b4f 
  0x000001c7e0129aa4: 2048 83f9 | 000f 8414 | 0000 0048 | 83e9 0849 | 894f 2049 | 034f 3048 | 8901 e943 | 0000 0050 
  0x000001c7e0129ac4: 498b d748 | 8bc8 4883 | ec20 f7c4 | 0f00 0000 | 0f84 1a00 | 0000 4883 

  0x000001c7e0129adc: ;   {runtime_call}
  0x000001c7e0129adc: ec08 49ba | 604d 240d | f87f 0000 | 41ff d248 | 83c4 08e9 | 0d00 0000 

  0x000001c7e0129af4: ;   {runtime_call}
  0x000001c7e0129af4: 49ba 604d | 240d f87f | 0000 41ff | d248 83c4 | 2058 e903 | 0000 0048 | 8b00 498b | 8fd8 0000 
  0x000001c7e0129b14: 00c7 8100 | 0100 0000 | 0000 00c9 | 4981 7f08 | 0000 0000 | 0f85 0100 

  0x000001c7e0129b2c: ;   {runtime_call StubRoutines (1)}
  0x000001c7e0129b2c: 0000 c3e9 | cc73 d2ff | c5f8 7748 | 8945 f84c | 8be4 4883 | ec20 4883 

  0x000001c7e0129b44: ;   {runtime_call}
  0x000001c7e0129b44: e4f0 49ba | e061 650d | f87f 0000 | 41ff d249 | 8be4 4d33 | e448 8b45 | f8e9 93fe | ffff f4f4 
  0x000001c7e0129b64: f4f4 f4f4 
[/MachCode]


Compiled method (c1)   21533  838       1       java.lang.ClassLoader::defineClass (43 bytes)
 total in heap  [0x000001c7e012b190,0x000001c7e012b730] = 1440
 relocation     [0x000001c7e012b2e8,0x000001c7e012b348] = 96
 main code      [0x000001c7e012b360,0x000001c7e012b500] = 416
 stub code      [0x000001c7e012b500,0x000001c7e012b578] = 120
 metadata       [0x000001c7e012b578,0x000001c7e012b5a8] = 48
 scopes data    [0x000001c7e012b5a8,0x000001c7e012b660] = 184
 scopes pcs     [0x000001c7e012b660,0x000001c7e012b700] = 160
 dependencies   [0x000001c7e012b700,0x000001c7e012b708] = 8
 nul chk table  [0x000001c7e012b708,0x000001c7e012b730] = 40

[Constant Pool (empty)]

[MachCode]
[Entry Point]
  # {method} {0x000001c7e801dce8} 'defineClass' '(Ljava/lang/String;[BIILjava/security/ProtectionDomain;)Ljava/lang/Class;' in 'java/lang/ClassLoader'
  # this:     rdx:rdx   = 'java/lang/ClassLoader'
  # parm0:    r8:r8     = 'java/lang/String'
  # parm1:    r9:r9     = '[B'
  # parm2:    rdi       = int
  # parm3:    rsi       = int
  # parm4:    rcx:rcx   = 'java/security/ProtectionDomain'
  #           [sp+0xc0]  (sp of caller)
  0x000001c7e012b360: 448b 5208 | 49c1 e203 

  0x000001c7e012b368: ;   {runtime_call ic_miss_stub}
  0x000001c7e012b368: 4c3b d00f | 850f 5dd7 | ff0f 1f84 | 0000 0000 | 000f 1f80 | 0000 0000 
[Verified Entry Point]
  0x000001c7e012b380: 8984 2400 | 90ff ff55 | 4881 ecb0 | 0000 0048 | 8954 2478 | 89b4 2494 | 0000 0089 | bc24 9000 
  0x000001c7e012b3a0: 0000 4c89 | 8c24 8800 | 0000 498b | d84c 8bc3 | 4c8b c948 | 8bca 488b | d148 899c | 2480 0000 
  0x000001c7e012b3c0: 0066 0f1f 

  0x000001c7e012b3c4: ;   {optimized virtual_call}
  0x000001c7e012b3c4: 4400 00e8 

  0x000001c7e012b3c8: ; ImmutableOopMap {[120]=Oop [136]=Oop [128]=Oop }
                      ;*invokevirtual preDefineClass {reexecute=0 rethrow=0 return_oop=0}
                      ; - java.lang.ClassLoader::defineClass@4
  0x000001c7e012b3c8: 7406 0000 | 4889 8424 | 9800 0000 

  0x000001c7e012b3d4: ; implicit exception: dispatches to 0x000001c7e012b49a
  0x000001c7e012b3d4: 448b 4010 | 4983 f800 | 0f85 0f00 

  0x000001c7e012b3e0: ;   {oop(NULL)}
  0x000001c7e012b3e0: 0000 48bb | 0000 0000 | 0000 0000 | e936 0000 | 0045 8b40 | 0c49 83f8 | 000f 850f 

  0x000001c7e012b3fc: ;   {oop(NULL)}
  0x000001c7e012b3fc: 0000 0048 | bb00 0000 | 0000 0000 | 00e9 1900 | 0000 418b | 5038 483b 

  0x000001c7e012b414: ;   {optimized virtual_call}
  0x000001c7e012b414: 0266 90e8 

  0x000001c7e012b418: ; ImmutableOopMap {[120]=Oop [136]=Oop [128]=Oop [152]=Oop }
                      ;*invokevirtual toExternalForm {reexecute=0 rethrow=0 return_oop=0}
                      ; - java.net.URL::toExternalForm@5
                      ; - java.net.URL::toString@1
                      ; - java.lang.ClassLoader::defineClassSourceLocation@22
                      ; - java.lang.ClassLoader::defineClass@12
  0x000001c7e012b418: 04b2 eaff | 488b d848 | 8b84 2498 | 0000 008b | b424 9400 | 0000 8bbc | 2490 0000 | 004c 8b8c 
  0x000001c7e012b438: 2488 0000 | 004c 8b84 | 2480 0000 | 0048 8b54 | 2478 4c8b | da49 8bd3 | 488b c848 

  0x000001c7e012b454: ;   {static_call}
  0x000001c7e012b454: 891c 24e8 

  0x000001c7e012b458: ; ImmutableOopMap {[152]=Oop [120]=Oop }
                      ;*invokestatic defineClass1 {reexecute=0 rethrow=0 return_oop=0}
                      ; - java.lang.ClassLoader::defineClass@27
  0x000001c7e012b458: dce3 ffff | 4c8b c04c | 8b8c 2498 | 0000 0048 | 8b54 2478 | 4889 8424 | a000 0000 

  0x000001c7e012b474: ;   {optimized virtual_call}
  0x000001c7e012b474: 6666 90e8 

  0x000001c7e012b478: ; ImmutableOopMap {[160]=Oop }
                      ;*invokevirtual postDefineClass {reexecute=0 rethrow=0 return_oop=0}
                      ; - java.lang.ClassLoader::defineClass@37
  0x000001c7e012b478: 842b 0000 | 488b 8424 | a000 0000 | 4881 c4b0 | 0000 005d 

  0x000001c7e012b48c: ;   {poll_return}
  0x000001c7e012b48c: 493b a750 | 0300 000f | 8715 0000 

  0x000001c7e012b498: ;   {runtime_call throw_null_pointer_exception Runtime1 stub}
  0x000001c7e012b498: 00c3 e881 

  0x000001c7e012b49c: ; ImmutableOopMap {[120]=Oop [136]=Oop [128]=Oop rax=Oop [152]=Oop }
                      ;*invokevirtual getCodeSource {reexecute=0 rethrow=0 return_oop=0}
                      ; - java.lang.ClassLoader::defineClassSourceLocation@1
                      ; - java.lang.ClassLoader::defineClass@12
                      ;   {runtime_call throw_null_pointer_exception Runtime1 stub}
  0x000001c7e012b49c: 7ce1 ffe8 

  0x000001c7e012b4a0: ; ImmutableOopMap {[120]=Oop [136]=Oop [128]=Oop rax=Oop [152]=Oop }
                      ;*invokevirtual getLocation {reexecute=0 rethrow=0 return_oop=0}
                      ; - java.lang.ClassLoader::defineClassSourceLocation@12
                      ; - java.lang.ClassLoader::defineClass@12
  0x000001c7e012b4a0: 7c7c e1ff 

  0x000001c7e012b4a4: ;   {runtime_call throw_null_pointer_exception Runtime1 stub}
  0x000001c7e012b4a4: e877 7ce1 

  0x000001c7e012b4a8: ; ImmutableOopMap {[120]=Oop [136]=Oop [128]=Oop [152]=Oop r8=Oop }
                      ;*invokevirtual toString {reexecute=0 rethrow=0 return_oop=0}
                      ; - java.lang.ClassLoader::defineClassSourceLocation@22
                      ; - java.lang.ClassLoader::defineClass@12
                      ;   {runtime_call throw_null_pointer_exception Runtime1 stub}
  0x000001c7e012b4a8: ffe8 727c 

  0x000001c7e012b4ac: ; ImmutableOopMap {[120]=Oop [136]=Oop [128]=Oop [152]=Oop r8=Oop rdx=Oop }
                      ;*invokevirtual toExternalForm {reexecute=0 rethrow=0 return_oop=0}
                      ; - java.net.URL::toExternalForm@5
                      ; - java.net.URL::toString@1
                      ; - java.lang.ClassLoader::defineClassSourceLocation@22
                      ; - java.lang.ClassLoader::defineClass@12
                      ;   {internal_word}
  0x000001c7e012b4ac: e1ff 49ba | 8cb4 12e0 | c701 0000 | 4d89 9768 

  0x000001c7e012b4bc: ;   {runtime_call SafepointBlob}
  0x000001c7e012b4bc: 0300 00e9 | 3cc5 d7ff | 9090 498b | 87e0 0300 | 0049 c787 | e003 0000 | 0000 0000 | 49c7 87e8 
  0x000001c7e012b4dc: 0300 0000 | 0000 0048 | 81c4 b000 

  0x000001c7e012b4e8: ;   {runtime_call unwind_exception Runtime1 stub}
  0x000001c7e012b4e8: 0000 5de9 | 106a e1ff | f4f4 f4f4 | f4f4 f4f4 | f4f4 f4f4 | f4f4 f4f4 
[Stub Code]
  0x000001c7e012b500: ;   {no_reloc}
  0x000001c7e012b500: 0f1f 4400 

  0x000001c7e012b504: ;   {static_stub}
  0x000001c7e012b504: 0048 bb00 | 0000 0000 

  0x000001c7e012b50c: ;   {runtime_call}
  0x000001c7e012b50c: 0000 00e9 | fbff ffff 

  0x000001c7e012b514: ;   {static_stub}
  0x000001c7e012b514: 9048 bb00 | 0000 0000 

  0x000001c7e012b51c: ;   {runtime_call}
  0x000001c7e012b51c: 0000 00e9 | fbff ffff 

  0x000001c7e012b524: ;   {static_stub}
  0x000001c7e012b524: 9048 bb00 | 0000 0000 

  0x000001c7e012b52c: ;   {runtime_call}
  0x000001c7e012b52c: 0000 00e9 | fbff ffff 

  0x000001c7e012b534: ;   {static_stub}
  0x000001c7e012b534: 9048 bb00 | 0000 0000 

  0x000001c7e012b53c: ;   {runtime_call}
  0x000001c7e012b53c: 0000 00e9 | fbff ffff 
[Exception Handler]
  0x000001c7e012b544: ;   {runtime_call handle_exception_from_callee Runtime1 stub}
  0x000001c7e012b544: e8b7 99e1 

  0x000001c7e012b548: ;   {external_word}
  0x000001c7e012b548: ff48 b930 | 9a89 0df8 | 7f00 0048 

  0x000001c7e012b554: ;   {runtime_call}
  0x000001c7e012b554: 83e4 f049 | ba40 2b52 | 0df8 7f00 | 0041 ffd2 

  0x000001c7e012b564: ;   {section_word}
  0x000001c7e012b564: f449 ba65 | b512 e0c7 | 0100 0041 

  0x000001c7e012b570: ;   {runtime_call DeoptimizationBlob}
  0x000001c7e012b570: 52e9 2ab7 | d7ff f4f4 
[/MachCode]


Compiled method (c1)   21540  746       1       jdk.internal.loader.BuiltinClassLoader::defineClass (121 bytes)
 total in heap  [0x000001c7dff58390,0x000001c7dff591e8] = 3672
 relocation     [0x000001c7dff584e8,0x000001c7dff58618] = 304
 main code      [0x000001c7dff58620,0x000001c7dff58c20] = 1536
 stub code      [0x000001c7dff58c20,0x000001c7dff58d68] = 328
 metadata       [0x000001c7dff58d68,0x000001c7dff58db0] = 72
 scopes data    [0x000001c7dff58db0,0x000001c7dff59008] = 600
 scopes pcs     [0x000001c7dff59008,0x000001c7dff591a8] = 416
 dependencies   [0x000001c7dff591a8,0x000001c7dff591b0] = 8
 handler table  [0x000001c7dff591b0,0x000001c7dff591c8] = 24
 nul chk table  [0x000001c7dff591c8,0x000001c7dff591e8] = 32

[Constant Pool (empty)]

[MachCode]
[Entry Point]
  # {method} {0x000001c7e80c0980} 'defineClass' '(Ljava/lang/String;Ljdk/internal/loader/Resource;)Ljava/lang/Class;' in 'jdk/internal/loader/BuiltinClassLoader'
  # this:     rdx:rdx   = 'jdk/internal/loader/BuiltinClassLoader'
  # parm0:    r8:r8     = 'java/lang/String'
  # parm1:    r9:r9     = 'jdk/internal/loader/Resource'
  #           [sp+0x110]  (sp of caller)
  0x000001c7dff58620: 448b 5208 | 49c1 e203 

  0x000001c7dff58628: ;   {runtime_call ic_miss_stub}
  0x000001c7dff58628: 4c3b d00f | 854f 8af4 | ff0f 1f84 | 0000 0000 | 000f 1f80 | 0000 0000 
[Verified Entry Point]
  0x000001c7dff58640: 8984 2400 | 90ff ff55 | 4881 ec00 | 0100 0048 | 8994 24a0 | 0000 004c | 8984 2490 | 0000 004c 
  0x000001c7dff58660: 898c 2498 | 0000 0049 | 8bd1 6666 | 9048 b890 | 2001 0001 

  0x000001c7dff58674: ;   {virtual_call}
  0x000001c7dff58674: 0000 00e8 

  0x000001c7dff58678: ; ImmutableOopMap {[152]=Oop [160]=Oop [144]=Oop }
                      ;*invokevirtual getCodeSourceURL {reexecute=0 rethrow=0 return_oop=0}
                      ; - jdk.internal.loader.BuiltinClassLoader::defineClass@1
  0x000001c7dff58678: a45a ffff | 4889 8424 | a800 0000 | 4c8b 8424 | 9000 0000 

  0x000001c7dff5868c: ; implicit exception: dispatches to 0x000001c7dff58b23
  0x000001c7dff5868c: 418b 7014 

  0x000001c7dff58690: ; implicit exception: dispatches to 0x000001c7dff58b28
  0x000001c7dff58690: 8b56 0c45 | 0fbe 4810 | 498b c9c1 | e118 c1f9 | 18d3 fa48 | 8bfa ffcf | 4183 f900 | ba00 0000 
  0x000001c7dff586b0: 000f 8505 | 0000 00ba | 0100 0000 | 83e2 0183 | fa00 488b | d641 b82e | 0000 004c | 8bcf 0f84 
  0x000001c7dff586d0: 0d00 0000 

  0x000001c7dff586d4: ;   {static_call}
  0x000001c7dff586d4: 6666 90e8 

  0x000001c7dff586d8: ; ImmutableOopMap {[152]=Oop [160]=Oop [168]=Oop [144]=Oop }
                      ;*invokestatic lastIndexOf {reexecute=0 rethrow=0 return_oop=0}
                      ; - java.lang.String::lastIndexOf@13
                      ; - java.lang.String::lastIndexOf@8
                      ; - jdk.internal.loader.BuiltinClassLoader::defineClass@8
  0x000001c7dff586d8: 4444 1100 | e90b 0000 | 0066 0f1f 

  0x000001c7dff586e4: ;   {static_call}
  0x000001c7dff586e4: 4400 00e8 

  0x000001c7dff586e8: ; ImmutableOopMap {[152]=Oop [160]=Oop [168]=Oop [144]=Oop }
                      ;*invokestatic lastIndexOf {reexecute=0 rethrow=0 return_oop=0}
                      ; - java.lang.String::lastIndexOf@25
                      ; - java.lang.String::lastIndexOf@8
                      ; - jdk.internal.loader.BuiltinClassLoader::defineClass@8
  0x000001c7dff586e8: 9492 f4ff | 83f8 ff0f | 8467 0000 | 0041 b800 | 0000 004c | 8bc8 488b | 9424 9000 

  0x000001c7dff58704: ;   {optimized virtual_call}
  0x000001c7dff58704: 0000 90e8 

  0x000001c7dff58708: ; ImmutableOopMap {[152]=Oop [160]=Oop [168]=Oop [144]=Oop }
                      ;*invokevirtual substring {reexecute=0 rethrow=0 return_oop=0}
                      ; - jdk.internal.loader.BuiltinClassLoader::defineClass@23
  0x000001c7dff58708: f469 1000 | 488b 9424 | 9800 0000 | 4889 8424 | b000 0000 | 9048 b890 | 2001 0001 

  0x000001c7dff58724: ;   {virtual_call}
  0x000001c7dff58724: 0000 00e8 

  0x000001c7dff58728: ; ImmutableOopMap {[152]=Oop [160]=Oop [168]=Oop [144]=Oop [176]=Oop }
                      ;*invokevirtual getManifest {reexecute=0 rethrow=0 return_oop=0}
                      ; - jdk.internal.loader.BuiltinClassLoader::defineClass@29
  0x000001c7dff58728: d44f ffff | 4c8b 8424 | b000 0000 | 4c8b c848 | 8bbc 24a8 | 0000 0048 | 8b94 24a0 | 0000 0066 
  0x000001c7dff58748: 0f1f 4400 | 0048 b8f0 | 1405 0001 

  0x000001c7dff58754: ;   {virtual_call}
  0x000001c7dff58754: 0000 00e8 

  0x000001c7dff58758: ; ImmutableOopMap {[152]=Oop [160]=Oop [168]=Oop [144]=Oop }
                      ;*invokevirtual defineOrCheckPackage {reexecute=0 rethrow=0 return_oop=0}
                      ; - jdk.internal.loader.BuiltinClassLoader::defineClass@40
  0x000001c7dff58758: c4fa ffff | 4c8b 8c24 | 9800 0000 | 488d 9424 | e000 0000 | 4c89 4a08 | 498b 0148 | 83c8 0148 
  0x000001c7dff58778: 8902 f049 | 0fb1 110f | 8413 0000 | 0048 2bc4 | 4881 e007 | f0ff ff48 | 8902 0f85 | 9503 0000 
  0x000001c7dff58798: 418b 510c | 4883 fa00 | 0f85 4700 | 0000 498b | d10f 1f40 | 0048 b890 | 2001 0001 

  0x000001c7dff587b4: ;   {virtual_call}
  0x000001c7dff587b4: 0000 00e8 

  0x000001c7dff587b8: ; ImmutableOopMap {[160]=Oop [168]=Oop [144]=Oop [152]=Oop [232]=Oop }
                      ;*invokevirtual getInputStream {reexecute=0 rethrow=0 return_oop=0}
                      ; - jdk.internal.loader.Resource::cachedInputStream@9
                      ; - jdk.internal.loader.Resource::getByteBuffer@1
                      ; - jdk.internal.loader.BuiltinClassLoader::defineClass@45
  0x000001c7dff587b8: 643b ffff | 410f be57 | 3883 fa00 | 4c8b 8c24 | 9800 0000 | 0f85 6e03 | 0000 4c8b | d045 8951 
  0x000001c7dff587d8: 0c49 8bd1 | 4833 d048 | c1ea 1448 | 83fa 000f | 856f 0300 | 0041 8b51 | 0c48 8d84 | 24e0 0000 
  0x000001c7dff587f8: 0048 8b30 | 4885 f60f | 840f 0000 | 0048 8b78 | 08f0 480f | b137 0f85 | 6003 0000 | 4883 fa00 
  0x000001c7dff58818: 0f84 3b00 

  0x000001c7dff5881c: ;   {metadata('sun/nio/ByteBuffered')}
  0x000001c7dff5881c: 0000 48b8 | 40a6 0200 | 0100 0000 | 8b5a 0848 | c1e3 0348 | 3b43 200f | 8425 0000 | 0048 3bd8 
  0x000001c7dff5883c: 0f84 1c00 | 0000 5350 

  0x000001c7dff58844: ;   {runtime_call slow_subtype_check Runtime1 stub}
  0x000001c7dff58844: e8b7 d2fe | ff5b 5b83 | fb00 0f84 | 0500 0000 | e905 0000 | 0048 33f6 | eb0a 48be | 0100 0000 
  0x000001c7dff58864: 0000 0000 | 83fe 000f | 8460 0000 | 0048 83fa | 000f 843b 

  0x000001c7dff58878: ;   {metadata('sun/nio/ByteBuffered')}
  0x000001c7dff58878: 0000 0048 | bb40 a602 | 0001 0000 | 008b 7a08 | 48c1 e703 | 483b 5f20 | 0f84 2000 | 0000 483b 
  0x000001c7dff58898: fb0f 8417 | 0000 0057 

  0x000001c7dff588a0: ;   {runtime_call slow_subtype_check Runtime1 stub}
  0x000001c7dff588a0: 53e8 5ad2 | feff 5f5f | 83ff 000f | 84d9 0200 | 00e9 0000 | 0000 0f1f | 8000 0000 | 0048 b8ff 
  0x000001c7dff588c0: ffff ffff 

  0x000001c7dff588c4: ;   {virtual_call}
  0x000001c7dff588c4: ffff ffe8 

  0x000001c7dff588c8: ; ImmutableOopMap {[160]=Oop [168]=Oop [144]=Oop [152]=Oop }
                      ;*invokeinterface getByteBuffer {reexecute=0 rethrow=0 return_oop=0}
                      ; - jdk.internal.loader.Resource::getByteBuffer@16
                      ; - jdk.internal.loader.BuiltinClassLoader::defineClass@45
  0x000001c7dff588c8: b48d f4ff | e90a 0000 

  0x000001c7dff588d0: ;   {oop(NULL)}
  0x000001c7dff588d0: 0048 b800 | 0000 0000 | 0000 0048 | 83f8 000f | 84dd 0000 | 0048 8984 | 24b8 0000 | 0048 8b94 
  0x000001c7dff588f0: 2498 0000 | 0048 b8ff | ffff ffff 

  0x000001c7dff588fc: ;   {virtual_call}
  0x000001c7dff588fc: ffff ffe8 

  0x000001c7dff58900: ; ImmutableOopMap {[160]=Oop [168]=Oop [144]=Oop [184]=Oop }
                      ;*invokevirtual getCodeSigners {reexecute=0 rethrow=0 return_oop=0}
                      ; - jdk.internal.loader.BuiltinClassLoader::defineClass@56
  0x000001c7dff58900: 7c8d f4ff 

  0x000001c7dff58904: ;   {metadata('java/security/CodeSource')}
  0x000001c7dff58904: 4c8b c848 | ba68 1b05 | 0001 0000 | 0049 8b87 | 0801 0000 | 488d 7828 | 493b bf18 | 0100 000f 
  0x000001c7dff58924: 876a 0200 | 0049 89bf | 0801 0000 | 48c7 0001 | 0000 0048 | 8bca 48c1 | e903 8948 | 0848 33c9 
  0x000001c7dff58944: 8948 0c48 | 33c9 4889 | 4810 4889 | 4818 4889 | 4820 4c8b | 8424 a800 | 0000 488b | d048 8984 
  0x000001c7dff58964: 24c0 0000 | 0066 0f1f 

  0x000001c7dff5896c: ;   {optimized virtual_call}
  0x000001c7dff5896c: 4400 00e8 

  0x000001c7dff58970: ; ImmutableOopMap {[160]=Oop [144]=Oop [184]=Oop [192]=Oop }
                      ;*invokespecial <init> {reexecute=0 rethrow=0 return_oop=0}
                      ; - jdk.internal.loader.BuiltinClassLoader::defineClass@68
  0x000001c7dff58970: 0c8a f4ff | 4c8b 8424 | c000 0000 | 488b 9424 | a000 0000 

  0x000001c7dff58984: ;   {optimized virtual_call}
  0x000001c7dff58984: 6666 90e8 

  0x000001c7dff58988: ; ImmutableOopMap {[160]=Oop [144]=Oop [184]=Oop }
                      ;*invokevirtual getProtectionDomain {reexecute=0 rethrow=0 return_oop=0}
                      ; - java.security.SecureClassLoader::defineClass@5
                      ; - jdk.internal.loader.BuiltinClassLoader::defineClass@79
  0x000001c7dff58988: f489 f4ff | 4c8b 8424 | 9000 0000 | 4c8b 8c24 | b800 0000 | 488b f848 | 8b94 24a0 

  0x000001c7dff589a4: ;   {optimized virtual_call}
  0x000001c7dff589a4: 0000 00e8 

  0x000001c7dff589a8: ; ImmutableOopMap {}
                      ;*invokevirtual defineClass {reexecute=0 rethrow=0 return_oop=0}
                      ; - java.security.SecureClassLoader::defineClass@8
                      ; - jdk.internal.loader.BuiltinClassLoader::defineClass@79
  0x000001c7dff589a8: d489 f4ff | 4881 c400 | 0100 005d 

  0x000001c7dff589b4: ;   {poll_return}
  0x000001c7dff589b4: 493b a750 | 0300 000f | 87df 0100 | 00c3 4c8b | 8c24 9800 | 0000 498b | d148 b890 | 2001 0001 
  0x000001c7dff589d4: ;   {virtual_call}
  0x000001c7dff589d4: 0000 00e8 

  0x000001c7dff589d8: ; ImmutableOopMap {[160]=Oop [144]=Oop [152]=Oop [168]=Oop }
                      ;*invokevirtual getBytes {reexecute=0 rethrow=0 return_oop=0}
                      ; - jdk.internal.loader.BuiltinClassLoader::defineClass@84
  0x000001c7dff589d8: 842a ffff | 4889 8424 | c800 0000 | 488b 9424 | 9800 0000 | 9048 b890 | 2001 0001 

  0x000001c7dff589f4: ;   {virtual_call}
  0x000001c7dff589f4: 0000 00e8 

  0x000001c7dff589f8: ; ImmutableOopMap {[160]=Oop [144]=Oop [168]=Oop [200]=Oop }
                      ;*invokevirtual getCodeSigners {reexecute=0 rethrow=0 return_oop=0}
                      ; - jdk.internal.loader.BuiltinClassLoader::defineClass@90
  0x000001c7dff589f8: a482 1d00 

  0x000001c7dff589fc: ;   {metadata('java/security/CodeSource')}
  0x000001c7dff589fc: 4c8b c848 | ba68 1b05 | 0001 0000 | 0049 8b87 | 0801 0000 | 488d 7828 | 493b bf18 | 0100 000f 
  0x000001c7dff58a1c: 8795 0100 | 0049 89bf | 0801 0000 | 48c7 0001 | 0000 0048 | 8bca 48c1 | e903 8948 | 0848 33c9 
  0x000001c7dff58a3c: 8948 0c48 | 33c9 4889 | 4810 4889 | 4818 4889 | 4820 4c8b | 8424 a800 | 0000 488b | d048 8984 
  0x000001c7dff58a5c: 24d0 0000 | 0066 0f1f 

  0x000001c7dff58a64: ;   {optimized virtual_call}
  0x000001c7dff58a64: 4400 00e8 

  0x000001c7dff58a68: ; ImmutableOopMap {[160]=Oop [144]=Oop [200]=Oop [208]=Oop }
                      ;*invokespecial <init> {reexecute=0 rethrow=0 return_oop=0}
                      ; - jdk.internal.loader.BuiltinClassLoader::defineClass@102
  0x000001c7dff58a68: f418 1d00 | 488b 8424 | c800 0000 

  0x000001c7dff58a74: ; implicit exception: dispatches to 0x000001c7dff58bc3
  0x000001c7dff58a74: 8b70 0c4c | 8b84 24d0 | 0000 0048 | 8b94 24a0 | 0000 0089 | b424 d800 

  0x000001c7dff58a8c: ;   {optimized virtual_call}
  0x000001c7dff58a8c: 0000 90e8 

  0x000001c7dff58a90: ; ImmutableOopMap {[160]=Oop [144]=Oop [200]=Oop }
                      ;*invokevirtual getProtectionDomain {reexecute=0 rethrow=0 return_oop=0}
                      ; - java.security.SecureClassLoader::defineClass@9
                      ; - jdk.internal.loader.BuiltinClassLoader::defineClass@117
  0x000001c7dff58a90: cc12 1d00 | 4c8b 8424 | 9000 0000 | 4c8b 8c24 | c800 0000 | bf00 0000 | 008b b424 | d800 0000 
  0x000001c7dff58ab0: 488b c848 | 8b94 24a0 | 0000 000f 

  0x000001c7dff58abc: ;   {optimized virtual_call}
  0x000001c7dff58abc: 1f40 00e8 

  0x000001c7dff58ac0: ; ImmutableOopMap {}
                      ;*invokevirtual defineClass {reexecute=0 rethrow=0 return_oop=0}
                      ; - java.security.SecureClassLoader::defineClass@12
                      ; - jdk.internal.loader.BuiltinClassLoader::defineClass@117
  0x000001c7dff58ac0: bc28 1d00 | 4881 c400 | 0100 005d 

  0x000001c7dff58acc: ;   {poll_return}
  0x000001c7dff58acc: 493b a750 | 0300 000f | 87ef 0000 | 00c3 498b | 87e0 0300 | 004d 33d2 | 4d89 97e0 | 0300 004d 
  0x000001c7dff58aec: 33d2 4d89 | 97e8 0300 | 0048 8bf0 | 488d 8424 | e000 0000 | 488b 3848 | 85ff 0f84 | 0f00 0000 
  0x000001c7dff58b0c: 488b 5808 | f048 0fb1 | 3b0f 85c3 | 0000 0048 | 8bc6 e9f0 

  0x000001c7dff58b20: ;   {runtime_call throw_null_pointer_exception Runtime1 stub}
  0x000001c7dff58b20: 0000 00e8 

  0x000001c7dff58b24: ; ImmutableOopMap {[152]=Oop [160]=Oop rax=Oop [168]=Oop r8=Oop [144]=Oop }
                      ;*invokevirtual lastIndexOf {reexecute=0 rethrow=0 return_oop=0}
                      ; - jdk.internal.loader.BuiltinClassLoader::defineClass@8
  0x000001c7dff58b24: f8a5 feff 

  0x000001c7dff58b28: ;   {runtime_call throw_null_pointer_exception Runtime1 stub}
  0x000001c7dff58b28: e8f3 a5fe 

  0x000001c7dff58b2c: ; ImmutableOopMap {[152]=Oop [160]=Oop rax=Oop [168]=Oop r8=Oop [144]=Oop rsi=Oop }
                      ;*arraylength {reexecute=0 rethrow=0 return_oop=0}
                      ; - java.lang.String::length@4
                      ; - java.lang.String::lastIndexOf@3
                      ; - jdk.internal.loader.BuiltinClassLoader::defineClass@8
  0x000001c7dff58b2c: ff4c 894c | 2408 4889 

  0x000001c7dff58b34: ;   {runtime_call monitorenter_nofpu Runtime1 stub}
  0x000001c7dff58b34: 1424 e8c5 

  0x000001c7dff58b38: ; ImmutableOopMap {[160]=Oop [168]=Oop [144]=Oop r9=Oop [152]=Oop [232]=Oop }
                      ;*synchronization entry
                      ; - jdk.internal.loader.Resource::cachedInputStream@-1
                      ; - jdk.internal.loader.Resource::getByteBuffer@1
                      ; - jdk.internal.loader.BuiltinClassLoader::defineClass@45
  0x000001c7dff58b38: d5fe ffe9 | 58fc ffff | 418b 510c | 4883 fa00 | 0f84 84fc | ffff 4889 

  0x000001c7dff58b50: ;   {runtime_call g1_pre_barrier_slow}
  0x000001c7dff58b50: 1424 e8a9 | fcfe ffe9 | 76fc ffff | 4883 f800 | 0f84 87fc | ffff 4c89 

  0x000001c7dff58b68: ;   {runtime_call g1_post_barrier_slow}
  0x000001c7dff58b68: 0c24 e891 | fffe ffe9 | 79fc ffff | 488d 8424 | e000 0000 | 4889 0424 

  0x000001c7dff58b80: ;   {runtime_call monitorexit_nofpu Runtime1 stub}
  0x000001c7dff58b80: e87b dbfe | ffe9 8afc | ffff 4889 

  0x000001c7dff58b8c: ;   {runtime_call throw_class_cast_exception Runtime1 stub}
  0x000001c7dff58b8c: 1424 e88d 

  0x000001c7dff58b90: ; ImmutableOopMap {[160]=Oop [168]=Oop [144]=Oop [152]=Oop }
                      ;*checkcast {reexecute=0 rethrow=0 return_oop=0}
                      ; - jdk.internal.loader.Resource::getByteBuffer@13
                      ; - jdk.internal.loader.BuiltinClassLoader::defineClass@45
  0x000001c7dff58b90: c9fe ff48 

  0x000001c7dff58b94: ;   {runtime_call fast_new_instance Runtime1 stub}
  0x000001c7dff58b94: 8bd2 e865 

  0x000001c7dff58b98: ; ImmutableOopMap {[160]=Oop [168]=Oop [144]=Oop [184]=Oop r9=Oop }
                      ;*new {reexecute=0 rethrow=0 return_oop=0}
                      ; - jdk.internal.loader.BuiltinClassLoader::defineClass@61
  0x000001c7dff58b98: aefe ffe9 | b6fd ffff 

  0x000001c7dff58ba0: ;   {internal_word}
  0x000001c7dff58ba0: 49ba b489 | f5df c701 | 0000 4d89 | 9768 0300 

  0x000001c7dff58bb0: ;   {runtime_call SafepointBlob}
  0x000001c7dff58bb0: 00e9 4aee | f4ff 488b 

  0x000001c7dff58bb8: ;   {runtime_call fast_new_instance Runtime1 stub}
  0x000001c7dff58bb8: d2e8 42ae 

  0x000001c7dff58bbc: ; ImmutableOopMap {[160]=Oop [144]=Oop [168]=Oop [200]=Oop r9=Oop }
                      ;*new {reexecute=0 rethrow=0 return_oop=0}
                      ; - jdk.internal.loader.BuiltinClassLoader::defineClass@95
  0x000001c7dff58bbc: feff e98b 

  0x000001c7dff58bc0: ;   {runtime_call throw_null_pointer_exception Runtime1 stub}
  0x000001c7dff58bc0: feff ffe8 

  0x000001c7dff58bc4: ; ImmutableOopMap {[160]=Oop [144]=Oop [208]=Oop rax=Oop [200]=Oop }
                      ;*arraylength {reexecute=0 rethrow=0 return_oop=0}
                      ; - jdk.internal.loader.BuiltinClassLoader::defineClass@114
  0x000001c7dff58bc4: 58a5 feff 

  0x000001c7dff58bc8: ;   {internal_word}
  0x000001c7dff58bc8: 49ba cc8a | f5df c701 | 0000 4d89 | 9768 0300 

  0x000001c7dff58bd8: ;   {runtime_call SafepointBlob}
  0x000001c7dff58bd8: 00e9 22ee | f4ff 488d | 8424 e000 | 0000 4889 

  0x000001c7dff58be8: ;   {runtime_call monitorexit_nofpu Runtime1 stub}
  0x000001c7dff58be8: 0424 e811 | dbfe ffe9 | 27ff ffff | 9090 498b | 87e0 0300 | 0049 c787 | e003 0000 | 0000 0000 
  0x000001c7dff58c08: 49c7 87e8 | 0300 0000 | 0000 0048 | 81c4 0001 

  0x000001c7dff58c18: ;   {runtime_call unwind_exception Runtime1 stub}
  0x000001c7dff58c18: 0000 5de9 | e092 feff 
[Stub Code]
  0x000001c7dff58c20: ;   {no_reloc}
  0x000001c7dff58c20: 0f1f 4400 

  0x000001c7dff58c24: ;   {static_stub}
  0x000001c7dff58c24: 0048 bb00 | 0000 0000 

  0x000001c7dff58c2c: ;   {runtime_call}
  0x000001c7dff58c2c: 0000 00e9 | fbff ffff 

  0x000001c7dff58c34: ;   {static_stub}
  0x000001c7dff58c34: 9048 bb00 | 0000 0000 

  0x000001c7dff58c3c: ;   {runtime_call}
  0x000001c7dff58c3c: 0000 00e9 | fbff ffff 

  0x000001c7dff58c44: ;   {static_stub}
  0x000001c7dff58c44: 9048 bb00 | 0000 0000 

  0x000001c7dff58c4c: ;   {runtime_call}
  0x000001c7dff58c4c: 0000 00e9 | fbff ffff 

  0x000001c7dff58c54: ;   {static_stub}
  0x000001c7dff58c54: 9048 bb00 | 0000 0000 

  0x000001c7dff58c5c: ;   {runtime_call}
  0x000001c7dff58c5c: 0000 00e9 | fbff ffff 

  0x000001c7dff58c64: ;   {static_stub}
  0x000001c7dff58c64: 9048 bb00 | 0000 0000 

  0x000001c7dff58c6c: ;   {runtime_call}
  0x000001c7dff58c6c: 0000 00e9 | fbff ffff 

  0x000001c7dff58c74: ;   {static_stub}
  0x000001c7dff58c74: 9048 bb00 | 0000 0000 

  0x000001c7dff58c7c: ;   {runtime_call}
  0x000001c7dff58c7c: 0000 00e9 | fbff ffff 

  0x000001c7dff58c84: ;   {static_stub}
  0x000001c7dff58c84: 9048 bb00 | 0000 0000 

  0x000001c7dff58c8c: ;   {runtime_call}
  0x000001c7dff58c8c: 0000 00e9 | fbff ffff 

  0x000001c7dff58c94: ;   {static_stub}
  0x000001c7dff58c94: 9048 bb00 | 0000 0000 

  0x000001c7dff58c9c: ;   {runtime_call}
  0x000001c7dff58c9c: 0000 00e9 | fbff ffff 

  0x000001c7dff58ca4: ;   {static_stub}
  0x000001c7dff58ca4: 9048 bb00 | 0000 0000 

  0x000001c7dff58cac: ;   {runtime_call}
  0x000001c7dff58cac: 0000 00e9 | fbff ffff 

  0x000001c7dff58cb4: ;   {static_stub}
  0x000001c7dff58cb4: 9048 bb00 | 0000 0000 

  0x000001c7dff58cbc: ;   {runtime_call}
  0x000001c7dff58cbc: 0000 00e9 | fbff ffff 

  0x000001c7dff58cc4: ;   {static_stub}
  0x000001c7dff58cc4: 9048 bb00 | 0000 0000 

  0x000001c7dff58ccc: ;   {runtime_call}
  0x000001c7dff58ccc: 0000 00e9 | fbff ffff 

  0x000001c7dff58cd4: ;   {static_stub}
  0x000001c7dff58cd4: 9048 bb00 | 0000 0000 

  0x000001c7dff58cdc: ;   {runtime_call}
  0x000001c7dff58cdc: 0000 00e9 | fbff ffff 

  0x000001c7dff58ce4: ;   {static_stub}
  0x000001c7dff58ce4: 9048 bb00 | 0000 0000 

  0x000001c7dff58cec: ;   {runtime_call}
  0x000001c7dff58cec: 0000 00e9 | fbff ffff 

  0x000001c7dff58cf4: ;   {static_stub}
  0x000001c7dff58cf4: 9048 bb00 | 0000 0000 

  0x000001c7dff58cfc: ;   {runtime_call}
  0x000001c7dff58cfc: 0000 00e9 | fbff ffff 

  0x000001c7dff58d04: ;   {static_stub}
  0x000001c7dff58d04: 9048 bb20 | 3c0c e8c7 

  0x000001c7dff58d0c: ;   {runtime_call I2C/C2I adapters}
  0x000001c7dff58d0c: 0100 00e9 | c44c f4ff 

  0x000001c7dff58d14: ;   {static_stub}
  0x000001c7dff58d14: 9048 bbb8 | 1e03 e8c7 

  0x000001c7dff58d1c: ;   {runtime_call I2C/C2I adapters}
  0x000001c7dff58d1c: 0100 00e9 | 30d9 f4ff 

  0x000001c7dff58d24: ;   {static_stub}
  0x000001c7dff58d24: 9048 bbe0 | dc01 e8c7 

  0x000001c7dff58d2c: ;   {runtime_call I2C/C2I adapters}
  0x000001c7dff58d2c: 0100 00e9 | aee9 f3ff 
[Exception Handler]
  0x000001c7dff58d34: ;   {runtime_call handle_exception_from_callee Runtime1 stub}
  0x000001c7dff58d34: e8c7 c1fe 

  0x000001c7dff58d38: ;   {external_word}
  0x000001c7dff58d38: ff48 b930 | 9a89 0df8 | 7f00 0048 

  0x000001c7dff58d44: ;   {runtime_call}
  0x000001c7dff58d44: 83e4 f049 | ba40 2b52 | 0df8 7f00 | 0041 ffd2 

  0x000001c7dff58d54: ;   {section_word}
  0x000001c7dff58d54: f449 ba55 | 8df5 dfc7 | 0100 0041 

  0x000001c7dff58d60: ;   {runtime_call DeoptimizationBlob}
  0x000001c7dff58d60: 52e9 3adf | f4ff f4f4 
[/MachCode]


---------------  P R O C E S S  ---------------

Threads class SMR info:
_java_thread_list=0x000001c7ecc0d270, length=13, elements={
0x000001c7dd1cc210, 0x000001c7e7fa2380, 0x000001c7e7fa4f20, 0x000001c7ec13a5c0,
0x000001c7ec13ae90, 0x000001c7ec13b760, 0x000001c7ec13e040, 0x000001c7ec15e9d0,
0x000001c7ec189fe0, 0x000001c7ec367d00, 0x000001c7ec372a70, 0x000001c7ec2f8cd0,
0x000001c7ecf6f7b0
}

Java Threads: ( => current thread )
  0x000001c7dd1cc210 JavaThread "main" [_thread_in_vm, id=28852, stack(0x0000000ca4800000,0x0000000ca4900000)]
  0x000001c7e7fa2380 JavaThread "Reference Handler" daemon [_thread_blocked, id=25428, stack(0x0000000ca4f00000,0x0000000ca5000000)]
  0x000001c7e7fa4f20 JavaThread "Finalizer" daemon [_thread_blocked, id=27504, stack(0x0000000ca5000000,0x0000000ca5100000)]
  0x000001c7ec13a5c0 JavaThread "Signal Dispatcher" daemon [_thread_blocked, id=11864, stack(0x0000000ca5100000,0x0000000ca5200000)]
  0x000001c7ec13ae90 JavaThread "Attach Listener" daemon [_thread_blocked, id=19636, stack(0x0000000ca5200000,0x0000000ca5300000)]
  0x000001c7ec13b760 JavaThread "Service Thread" daemon [_thread_blocked, id=29820, stack(0x0000000ca5300000,0x0000000ca5400000)]
  0x000001c7ec13e040 JavaThread "Monitor Deflation Thread" daemon [_thread_blocked, id=30060, stack(0x0000000ca5400000,0x0000000ca5500000)]
  0x000001c7ec15e9d0 JavaThread "C1 CompilerThread0" daemon [_thread_blocked, id=24220, stack(0x0000000ca5500000,0x0000000ca5600000)]
  0x000001c7ec189fe0 JavaThread "Sweeper thread" daemon [_thread_blocked, id=29532, stack(0x0000000ca5600000,0x0000000ca5700000)]
  0x000001c7ec367d00 JavaThread "Notification Thread" daemon [_thread_blocked, id=26812, stack(0x0000000ca5900000,0x0000000ca5a00000)]
  0x000001c7ec372a70 JavaThread "Common-Cleaner" daemon [_thread_blocked, id=13976, stack(0x0000000ca5b00000,0x0000000ca5c00000)]
  0x000001c7ec2f8cd0 JavaThread "C1 CompilerThread1" daemon [_thread_blocked, id=15912, stack(0x0000000ca5700000,0x0000000ca5800000)]
=>0x000001c7ecf6f7b0 JavaThread "background-preinit" [_thread_in_vm, id=18000, stack(0x0000000ca6000000,0x0000000ca6100000)]

Other Threads:
  0x000001c7e7f8e880 VMThread "VM Thread" [stack: 0x0000000ca4e00000,0x0000000ca4f00000] [id=5596]
  0x000001c7ec3685f0 WatcherThread [stack: 0x0000000ca5a00000,0x0000000ca5b00000] [id=17144]
  0x000001c7dd20a6c0 GCTaskThread "GC Thread#0" [stack: 0x0000000ca4900000,0x0000000ca4a00000] [id=23728]
  0x000001c7ecd2dfc0 GCTaskThread "GC Thread#1" [stack: 0x0000000ca5800000,0x0000000ca5900000] [id=29328]
  0x000001c7ec52e740 GCTaskThread "GC Thread#2" [stack: 0x0000000ca5c00000,0x0000000ca5d00000] [id=25648]
  0x000001c7ec52ea00 GCTaskThread "GC Thread#3" [stack: 0x0000000ca5d00000,0x0000000ca5e00000] [id=12404]
  0x000001c7ed16a850 GCTaskThread "GC Thread#4" [stack: 0x0000000ca5e00000,0x0000000ca5f00000] [id=30684]
  0x000001c7ed00c6a0 GCTaskThread "GC Thread#5" [stack: 0x0000000ca5f00000,0x0000000ca6000000] [id=26592]
  0x000001c7dd213cc0 ConcurrentGCThread "G1 Main Marker" [stack: 0x0000000ca4a00000,0x0000000ca4b00000] [id=16228]
  0x000001c7dd2145f0 ConcurrentGCThread "G1 Conc#0" [stack: 0x0000000ca4b00000,0x0000000ca4c00000] [id=29440]
  0x000001c7e7e000a0 ConcurrentGCThread "G1 Refine#0" [stack: 0x0000000ca4c00000,0x0000000ca4d00000] [id=2960]
  0x000001c7e7e009e0 ConcurrentGCThread "G1 Service" [stack: 0x0000000ca4d00000,0x0000000ca4e00000] [id=4632]

Threads with active compile tasks:

VM state: not at safepoint (normal execution)

VM Mutex/Monitor currently owned by a thread:  ([mutex/lock_event])
[0x000001c7db0346d0] Metaspace_lock - owner thread: 0x000001c7ecf6f7b0

Heap address: 0x00000000c0000000, size: 1024 MB, Compressed Oops mode: 32-bit

CDS archive(s) not mapped
Compressed class space mapped at: 0x0000000100000000-0x0000000140000000, reserved size: 1073741824
Narrow klass base: 0x0000000000000000, Narrow klass shift: 3, Narrow klass range: 0x140000000

GC Precious Log:
 CPUs: 8 total, 8 available
 Memory: 6091M
 Large Page Support: Disabled
 NUMA Support: Disabled
 Compressed Oops: Enabled (32-bit)
 Heap Region Size: 1M
 Heap Min Capacity: 8M
 Heap Initial Capacity: 96M
 Heap Max Capacity: 1G
 Pre-touch: Disabled
 Parallel Workers: 8
 Concurrent Workers: 2
 Concurrent Refinement Workers: 8
 Periodic GC: Disabled

Heap:
 garbage-first heap   total 98304K, used 35297K [0x00000000c0000000, 0x0000000100000000)
  region size 1024K, 21 young (21504K), 2 survivors (2048K)
 Metaspace       used 17468K, committed 17664K, reserved 1114112K
  class space    used 2218K, committed 2304K, reserved 1048576K

Heap Regions: E=young(eden), S=young(survivor), O=old, HS=humongous(starts), HC=humongous(continues), CS=collection set, F=free, OA=open archive, CA=closed archive, TAMS=top-at-mark-start (previous, next)
|   0|0x00000000c0000000, 0x00000000c0100000, 0x00000000c0100000|100%|HS|  |TAMS 0x00000000c0000000, 0x00000000c0000000| Complete 
|   1|0x00000000c0100000, 0x00000000c0200000, 0x00000000c0200000|100%|HC|  |TAMS 0x00000000c0100000, 0x00000000c0100000| Complete 
|   2|0x00000000c0200000, 0x00000000c0300000, 0x00000000c0300000|100%|HC|  |TAMS 0x00000000c0200000, 0x00000000c0200000| Complete 
|   3|0x00000000c0300000, 0x00000000c0400000, 0x00000000c0400000|100%|HC|  |TAMS 0x00000000c0300000, 0x00000000c0300000| Complete 
|   4|0x00000000c0400000, 0x00000000c0500000, 0x00000000c0500000|100%|HS|  |TAMS 0x00000000c0400000, 0x00000000c0400000| Complete 
|   5|0x00000000c0500000, 0x00000000c0600000, 0x00000000c0600000|100%|HC|  |TAMS 0x00000000c0500000, 0x00000000c0500000| Complete 
|   6|0x00000000c0600000, 0x00000000c0700000, 0x00000000c0700000|100%| O|  |TAMS 0x00000000c0600000, 0x00000000c0600000| Untracked 
|   7|0x00000000c0700000, 0x00000000c0800000, 0x00000000c0800000|100%| O|  |TAMS 0x00000000c0700000, 0x00000000c0700000| Untracked 
|   8|0x00000000c0800000, 0x00000000c0900000, 0x00000000c0900000|100%| O|  |TAMS 0x00000000c0800000, 0x00000000c0800000| Untracked 
|   9|0x00000000c0900000, 0x00000000c0a00000, 0x00000000c0a00000|100%| O|  |TAMS 0x00000000c0900000, 0x00000000c0900000| Untracked 
|  10|0x00000000c0a00000, 0x00000000c0b00000, 0x00000000c0b00000|100%| O|  |TAMS 0x00000000c0a00000, 0x00000000c0a00000| Untracked 
|  11|0x00000000c0b00000, 0x00000000c0c00000, 0x00000000c0c00000|100%| O|  |TAMS 0x00000000c0b00000, 0x00000000c0b00000| Untracked 
|  12|0x00000000c0c00000, 0x00000000c0d00000, 0x00000000c0d00000|100%| O|  |TAMS 0x00000000c0c00000, 0x00000000c0c00000| Untracked 
|  13|0x00000000c0d00000, 0x00000000c0e00000, 0x00000000c0e00000|100%| O|  |TAMS 0x00000000c0d00000, 0x00000000c0d00000| Untracked 
|  14|0x00000000c0e00000, 0x00000000c0f00000, 0x00000000c0f00000|100%| O|  |TAMS 0x00000000c0e00000, 0x00000000c0e00000| Untracked 
|  15|0x00000000c0f00000, 0x00000000c0ff6e00, 0x00000000c1000000| 96%| O|  |TAMS 0x00000000c0f00000, 0x00000000c0f00000| Untracked 
|  16|0x00000000c1000000, 0x00000000c1000000, 0x00000000c1100000|  0%| F|  |TAMS 0x00000000c1000000, 0x00000000c1000000| Untracked 
|  17|0x00000000c1100000, 0x00000000c1100000, 0x00000000c1200000|  0%| F|  |TAMS 0x00000000c1100000, 0x00000000c1100000| Untracked 
|  18|0x00000000c1200000, 0x00000000c1200000, 0x00000000c1300000|  0%| F|  |TAMS 0x00000000c1200000, 0x00000000c1200000| Untracked 
|  19|0x00000000c1300000, 0x00000000c1300000, 0x00000000c1400000|  0%| F|  |TAMS 0x00000000c1300000, 0x00000000c1300000| Untracked 
|  20|0x00000000c1400000, 0x00000000c1400000, 0x00000000c1500000|  0%| F|  |TAMS 0x00000000c1400000, 0x00000000c1400000| Untracked 
|  21|0x00000000c1500000, 0x00000000c1500000, 0x00000000c1600000|  0%| F|  |TAMS 0x00000000c1500000, 0x00000000c1500000| Untracked 
|  22|0x00000000c1600000, 0x00000000c1600000, 0x00000000c1700000|  0%| F|  |TAMS 0x00000000c1600000, 0x00000000c1600000| Untracked 
|  23|0x00000000c1700000, 0x00000000c1700000, 0x00000000c1800000|  0%| F|  |TAMS 0x00000000c1700000, 0x00000000c1700000| Untracked 
|  24|0x00000000c1800000, 0x00000000c1800000, 0x00000000c1900000|  0%| F|  |TAMS 0x00000000c1800000, 0x00000000c1800000| Untracked 
|  25|0x00000000c1900000, 0x00000000c1900000, 0x00000000c1a00000|  0%| F|  |TAMS 0x00000000c1900000, 0x00000000c1900000| Untracked 
|  26|0x00000000c1a00000, 0x00000000c1a00000, 0x00000000c1b00000|  0%| F|  |TAMS 0x00000000c1a00000, 0x00000000c1a00000| Untracked 
|  27|0x00000000c1b00000, 0x00000000c1b00000, 0x00000000c1c00000|  0%| F|  |TAMS 0x00000000c1b00000, 0x00000000c1b00000| Untracked 
|  28|0x00000000c1c00000, 0x00000000c1c00000, 0x00000000c1d00000|  0%| F|  |TAMS 0x00000000c1c00000, 0x00000000c1c00000| Untracked 
|  29|0x00000000c1d00000, 0x00000000c1d00000, 0x00000000c1e00000|  0%| F|  |TAMS 0x00000000c1d00000, 0x00000000c1d00000| Untracked 
|  30|0x00000000c1e00000, 0x00000000c1e00000, 0x00000000c1f00000|  0%| F|  |TAMS 0x00000000c1e00000, 0x00000000c1e00000| Untracked 
|  31|0x00000000c1f00000, 0x00000000c1f00000, 0x00000000c2000000|  0%| F|  |TAMS 0x00000000c1f00000, 0x00000000c1f00000| Untracked 
|  32|0x00000000c2000000, 0x00000000c2000000, 0x00000000c2100000|  0%| F|  |TAMS 0x00000000c2000000, 0x00000000c2000000| Untracked 
|  33|0x00000000c2100000, 0x00000000c2100000, 0x00000000c2200000|  0%| F|  |TAMS 0x00000000c2100000, 0x00000000c2100000| Untracked 
|  34|0x00000000c2200000, 0x00000000c2200000, 0x00000000c2300000|  0%| F|  |TAMS 0x00000000c2200000, 0x00000000c2200000| Untracked 
|  35|0x00000000c2300000, 0x00000000c2300000, 0x00000000c2400000|  0%| F|  |TAMS 0x00000000c2300000, 0x00000000c2300000| Untracked 
|  36|0x00000000c2400000, 0x00000000c2400000, 0x00000000c2500000|  0%| F|  |TAMS 0x00000000c2400000, 0x00000000c2400000| Untracked 
|  37|0x00000000c2500000, 0x00000000c2500000, 0x00000000c2600000|  0%| F|  |TAMS 0x00000000c2500000, 0x00000000c2500000| Untracked 
|  38|0x00000000c2600000, 0x00000000c2600000, 0x00000000c2700000|  0%| F|  |TAMS 0x00000000c2600000, 0x00000000c2600000| Untracked 
|  39|0x00000000c2700000, 0x00000000c2700000, 0x00000000c2800000|  0%| F|  |TAMS 0x00000000c2700000, 0x00000000c2700000| Untracked 
|  40|0x00000000c2800000, 0x00000000c2800000, 0x00000000c2900000|  0%| F|  |TAMS 0x00000000c2800000, 0x00000000c2800000| Untracked 
|  41|0x00000000c2900000, 0x00000000c2900000, 0x00000000c2a00000|  0%| F|  |TAMS 0x00000000c2900000, 0x00000000c2900000| Untracked 
|  42|0x00000000c2a00000, 0x00000000c2a00000, 0x00000000c2b00000|  0%| F|  |TAMS 0x00000000c2a00000, 0x00000000c2a00000| Untracked 
|  43|0x00000000c2b00000, 0x00000000c2b00000, 0x00000000c2c00000|  0%| F|  |TAMS 0x00000000c2b00000, 0x00000000c2b00000| Untracked 
|  44|0x00000000c2c00000, 0x00000000c2c00000, 0x00000000c2d00000|  0%| F|  |TAMS 0x00000000c2c00000, 0x00000000c2c00000| Untracked 
|  45|0x00000000c2d00000, 0x00000000c2d00000, 0x00000000c2e00000|  0%| F|  |TAMS 0x00000000c2d00000, 0x00000000c2d00000| Untracked 
|  46|0x00000000c2e00000, 0x00000000c2e00000, 0x00000000c2f00000|  0%| F|  |TAMS 0x00000000c2e00000, 0x00000000c2e00000| Untracked 
|  47|0x00000000c2f00000, 0x00000000c2f00000, 0x00000000c3000000|  0%| F|  |TAMS 0x00000000c2f00000, 0x00000000c2f00000| Untracked 
|  48|0x00000000c3000000, 0x00000000c3000000, 0x00000000c3100000|  0%| F|  |TAMS 0x00000000c3000000, 0x00000000c3000000| Untracked 
|  49|0x00000000c3100000, 0x00000000c3100000, 0x00000000c3200000|  0%| F|  |TAMS 0x00000000c3100000, 0x00000000c3100000| Untracked 
|  50|0x00000000c3200000, 0x00000000c3200000, 0x00000000c3300000|  0%| F|  |TAMS 0x00000000c3200000, 0x00000000c3200000| Untracked 
|  51|0x00000000c3300000, 0x00000000c3300000, 0x00000000c3400000|  0%| F|  |TAMS 0x00000000c3300000, 0x00000000c3300000| Untracked 
|  52|0x00000000c3400000, 0x00000000c3400000, 0x00000000c3500000|  0%| F|  |TAMS 0x00000000c3400000, 0x00000000c3400000| Untracked 
|  53|0x00000000c3500000, 0x00000000c3500000, 0x00000000c3600000|  0%| F|  |TAMS 0x00000000c3500000, 0x00000000c3500000| Untracked 
|  54|0x00000000c3600000, 0x00000000c3600000, 0x00000000c3700000|  0%| F|  |TAMS 0x00000000c3600000, 0x00000000c3600000| Untracked 
|  55|0x00000000c3700000, 0x00000000c3700000, 0x00000000c3800000|  0%| F|  |TAMS 0x00000000c3700000, 0x00000000c3700000| Untracked 
|  56|0x00000000c3800000, 0x00000000c3800000, 0x00000000c3900000|  0%| F|  |TAMS 0x00000000c3800000, 0x00000000c3800000| Untracked 
|  57|0x00000000c3900000, 0x00000000c3900000, 0x00000000c3a00000|  0%| F|  |TAMS 0x00000000c3900000, 0x00000000c3900000| Untracked 
|  58|0x00000000c3a00000, 0x00000000c3a00000, 0x00000000c3b00000|  0%| F|  |TAMS 0x00000000c3a00000, 0x00000000c3a00000| Untracked 
|  59|0x00000000c3b00000, 0x00000000c3b00000, 0x00000000c3c00000|  0%| F|  |TAMS 0x00000000c3b00000, 0x00000000c3b00000| Untracked 
|  60|0x00000000c3c00000, 0x00000000c3c00000, 0x00000000c3d00000|  0%| F|  |TAMS 0x00000000c3c00000, 0x00000000c3c00000| Untracked 
|  61|0x00000000c3d00000, 0x00000000c3d00000, 0x00000000c3e00000|  0%| F|  |TAMS 0x00000000c3d00000, 0x00000000c3d00000| Untracked 
|  62|0x00000000c3e00000, 0x00000000c3e00000, 0x00000000c3f00000|  0%| F|  |TAMS 0x00000000c3e00000, 0x00000000c3e00000| Untracked 
|  63|0x00000000c3f00000, 0x00000000c3f00000, 0x00000000c4000000|  0%| F|  |TAMS 0x00000000c3f00000, 0x00000000c3f00000| Untracked 
|  64|0x00000000c4000000, 0x00000000c4000000, 0x00000000c4100000|  0%| F|  |TAMS 0x00000000c4000000, 0x00000000c4000000| Untracked 
|  65|0x00000000c4100000, 0x00000000c4100000, 0x00000000c4200000|  0%| F|  |TAMS 0x00000000c4100000, 0x00000000c4100000| Untracked 
|  66|0x00000000c4200000, 0x00000000c4200000, 0x00000000c4300000|  0%| F|  |TAMS 0x00000000c4200000, 0x00000000c4200000| Untracked 
|  67|0x00000000c4300000, 0x00000000c4300000, 0x00000000c4400000|  0%| F|  |TAMS 0x00000000c4300000, 0x00000000c4300000| Untracked 
|  68|0x00000000c4400000, 0x00000000c4400000, 0x00000000c4500000|  0%| F|  |TAMS 0x00000000c4400000, 0x00000000c4400000| Untracked 
|  69|0x00000000c4500000, 0x00000000c4581680, 0x00000000c4600000| 50%| S|CS|TAMS 0x00000000c4500000, 0x00000000c4500000| Complete 
|  70|0x00000000c4600000, 0x00000000c4600000, 0x00000000c4700000|  0%| F|  |TAMS 0x00000000c4600000, 0x00000000c4600000| Untracked 
|  71|0x00000000c4700000, 0x00000000c4700000, 0x00000000c4800000|  0%| F|  |TAMS 0x00000000c4700000, 0x00000000c4700000| Untracked 
|  72|0x00000000c4800000, 0x00000000c4800000, 0x00000000c4900000|  0%| F|  |TAMS 0x00000000c4800000, 0x00000000c4800000| Untracked 
|  73|0x00000000c4900000, 0x00000000c4a00000, 0x00000000c4a00000|100%| S|CS|TAMS 0x00000000c4900000, 0x00000000c4900000| Complete 
|  74|0x00000000c4a00000, 0x00000000c4a00000, 0x00000000c4b00000|  0%| F|  |TAMS 0x00000000c4a00000, 0x00000000c4a00000| Untracked 
|  75|0x00000000c4b00000, 0x00000000c4b00000, 0x00000000c4c00000|  0%| F|  |TAMS 0x00000000c4b00000, 0x00000000c4b00000| Untracked 
|  76|0x00000000c4c00000, 0x00000000c4c00000, 0x00000000c4d00000|  0%| F|  |TAMS 0x00000000c4c00000, 0x00000000c4c00000| Untracked 
|  77|0x00000000c4d00000, 0x00000000c4d85aa0, 0x00000000c4e00000| 52%| E|  |TAMS 0x00000000c4d00000, 0x00000000c4d00000| Complete 
|  78|0x00000000c4e00000, 0x00000000c4f00000, 0x00000000c4f00000|100%| E|  |TAMS 0x00000000c4e00000, 0x00000000c4e00000| Complete 
|  79|0x00000000c4f00000, 0x00000000c5000000, 0x00000000c5000000|100%| E|CS|TAMS 0x00000000c4f00000, 0x00000000c4f00000| Complete 
|  80|0x00000000c5000000, 0x00000000c5100000, 0x00000000c5100000|100%| E|CS|TAMS 0x00000000c5000000, 0x00000000c5000000| Complete 
|  81|0x00000000c5100000, 0x00000000c5200000, 0x00000000c5200000|100%| E|CS|TAMS 0x00000000c5100000, 0x00000000c5100000| Complete 
|  82|0x00000000c5200000, 0x00000000c5300000, 0x00000000c5300000|100%| E|CS|TAMS 0x00000000c5200000, 0x00000000c5200000| Complete 
|  83|0x00000000c5300000, 0x00000000c5400000, 0x00000000c5400000|100%| E|CS|TAMS 0x00000000c5300000, 0x00000000c5300000| Complete 
|  84|0x00000000c5400000, 0x00000000c5500000, 0x00000000c5500000|100%| E|CS|TAMS 0x00000000c5400000, 0x00000000c5400000| Complete 
|  85|0x00000000c5500000, 0x00000000c5600000, 0x00000000c5600000|100%| E|CS|TAMS 0x00000000c5500000, 0x00000000c5500000| Complete 
|  86|0x00000000c5600000, 0x00000000c5700000, 0x00000000c5700000|100%| E|CS|TAMS 0x00000000c5600000, 0x00000000c5600000| Complete 
|  87|0x00000000c5700000, 0x00000000c5800000, 0x00000000c5800000|100%| E|CS|TAMS 0x00000000c5700000, 0x00000000c5700000| Complete 
|  88|0x00000000c5800000, 0x00000000c5900000, 0x00000000c5900000|100%| E|CS|TAMS 0x00000000c5800000, 0x00000000c5800000| Complete 
|  89|0x00000000c5900000, 0x00000000c5a00000, 0x00000000c5a00000|100%| E|CS|TAMS 0x00000000c5900000, 0x00000000c5900000| Complete 
|  90|0x00000000c5a00000, 0x00000000c5b00000, 0x00000000c5b00000|100%| E|CS|TAMS 0x00000000c5a00000, 0x00000000c5a00000| Complete 
|  91|0x00000000c5b00000, 0x00000000c5c00000, 0x00000000c5c00000|100%| E|CS|TAMS 0x00000000c5b00000, 0x00000000c5b00000| Complete 
|  92|0x00000000c5c00000, 0x00000000c5d00000, 0x00000000c5d00000|100%| E|CS|TAMS 0x00000000c5c00000, 0x00000000c5c00000| Complete 
|  93|0x00000000c5d00000, 0x00000000c5e00000, 0x00000000c5e00000|100%| E|CS|TAMS 0x00000000c5d00000, 0x00000000c5d00000| Complete 
|  94|0x00000000c5e00000, 0x00000000c5f00000, 0x00000000c5f00000|100%| E|CS|TAMS 0x00000000c5e00000, 0x00000000c5e00000| Complete 
|  95|0x00000000c5f00000, 0x00000000c6000000, 0x00000000c6000000|100%| E|CS|TAMS 0x00000000c5f00000, 0x00000000c5f00000| Complete 

Card table byte_map: [0x000001c7e3160000,0x000001c7e3360000] _byte_map_base: 0x000001c7e2b60000

Marking Bits (Prev, Next): (CMBitMap*) 0x000001c7dd20abf0, (CMBitMap*) 0x000001c7dd20ac30
 Prev Bits: [0x000001c7e3560000, 0x000001c7e4560000)
 Next Bits: [0x000001c7e4560000, 0x000001c7e5560000)

Polling page: 0x000001c7db140000

Metaspace:

Usage:
  Non-class:     14.89 MB used.
      Class:      2.17 MB used.
       Both:     17.06 MB used.

Virtual space:
  Non-class space:       64.00 MB reserved,      15.00 MB ( 23%) committed,  1 nodes.
      Class space:        1.00 GB reserved,       2.25 MB ( <1%) committed,  1 nodes.
             Both:        1.06 GB reserved,      17.25 MB (  2%) committed. 

Chunk freelists:
   Non-Class:  304.00 KB
       Class:  13.60 MB
        Both:  13.89 MB

MaxMetaspaceSize: unlimited
CompressedClassSpaceSize: 1.00 GB
Initial GC threshold: 21.00 MB
Current GC threshold: 21.00 MB
CDS: off
MetaspaceReclaimPolicy: balanced
 - commit_granule_bytes: 65536.
 - commit_granule_words: 8192.
 - virtual_space_node_default_size: 8388608.
 - enlarge_chunks_in_place: 1.
 - new_chunks_are_fully_committed: 0.
 - uncommit_free_chunks: 1.
 - use_allocation_guard: 0.
 - handle_deallocations: 1.


Internal statistics:

num_allocs_failed_limit: 0.
num_arena_births: 190.
num_arena_deaths: 0.
num_vsnodes_births: 2.
num_vsnodes_deaths: 0.
num_space_committed: 276.
num_space_uncommitted: 0.
num_chunks_returned_to_freelist: 0.
num_chunks_taken_from_freelist: 515.
num_chunk_merges: 0.
num_chunk_splits: 324.
num_chunks_enlarged: 250.
num_inconsistent_stats: 0.

CodeCache: size=49152Kb used=4347Kb max_used=4347Kb free=44804Kb
 bounds [0x000001c7dfe50000, 0x000001c7e0290000, 0x000001c7e2e50000]
 total_blobs=2209 nmethods=1761 adapters=374
 compilation: enabled
              stopped_count=0, restarted_count=0
 full_count=0

Compilation events (20 events):
Event: 21.444 Thread 0x000001c7ec15e9d0 1751       1       java.util.BitSet::checkInvariants (111 bytes)
Event: 21.444 Thread 0x000001c7ec15e9d0 nmethod 1751 0x000001c7e028b590 code [0x000001c7e028b720, 0x000001c7e028b7d8]
Event: 21.445 Thread 0x000001c7ec2f8cd0 1752       1       java.security.CodeSource::matchCerts (254 bytes)
Event: 21.446 Thread 0x000001c7ec2f8cd0 nmethod 1752 0x000001c7e028b890 code [0x000001c7e028baa0, 0x000001c7e028bfb8]
Event: 21.448 Thread 0x000001c7ec2f8cd0 1753       1       java.util.BitSet::get (69 bytes)
Event: 21.449 Thread 0x000001c7ec2f8cd0 nmethod 1753 0x000001c7e028c610 code [0x000001c7e028c800, 0x000001c7e028cc68]
Event: 21.453 Thread 0x000001c7ec2f8cd0 1754       1       java.lang.reflect.Method::isBridge (16 bytes)
Event: 21.453 Thread 0x000001c7ec2f8cd0 nmethod 1754 0x000001c7e028ce90 code [0x000001c7e028d020, 0x000001c7e028d0f8]
Event: 21.453 Thread 0x000001c7ec2f8cd0 1755       1       java.lang.String::compareTo (9 bytes)
Event: 21.453 Thread 0x000001c7ec15e9d0 1758       1       java.lang.StringLatin1::compareTo (52 bytes)
Event: 21.453 Thread 0x000001c7ec2f8cd0 nmethod 1755 0x000001c7e028d190 code [0x000001c7e028d320, 0x000001c7e028d428]
Event: 21.453 Thread 0x000001c7ec2f8cd0 1759       1       org.springframework.boot.context.properties.bind.JavaBeanBinder$BeanProperties$$Lambda$295/0x0000000100264ce0::apply (8 bytes)
Event: 21.454 Thread 0x000001c7ec2f8cd0 nmethod 1759 0x000001c7e028d510 code [0x000001c7e028d6a0, 0x000001c7e028d798]
Event: 21.454 Thread 0x000001c7ec15e9d0 nmethod 1758 0x000001c7e028d890 code [0x000001c7e028da20, 0x000001c7e028db98]
Event: 21.454 Thread 0x000001c7ec15e9d0 1756       1       java.lang.String::compareTo (63 bytes)
Event: 21.454 Thread 0x000001c7ec2f8cd0 1757       1       java.lang.StringLatin1::compareTo (14 bytes)
Event: 21.454 Thread 0x000001c7ec2f8cd0 nmethod 1757 0x000001c7e028dd10 code [0x000001c7e028dea0, 0x000001c7e028df68]
Event: 21.454 Thread 0x000001c7ec2f8cd0 1760       1       java.util.Comparator$$Lambda$197/0x0000000100177b28::compare (10 bytes)
Event: 21.454 Thread 0x000001c7ec2f8cd0 nmethod 1760 0x000001c7e028e010 code [0x000001c7e028e1c0, 0x000001c7e028e368]
Event: 21.454 Thread 0x000001c7ec2f8cd0 1761       1       java.util.Comparator::lambda$comparing$77a9974f$1 (23 bytes)

GC Heap History (4 events):
Event: 19.275 GC heap before
{Heap before GC invocations=0 (full 0):
 garbage-first heap   total 98304K, used 28672K [0x00000000c0000000, 0x0000000100000000)
  region size 1024K, 23 young (23552K), 0 survivors (0K)
 Metaspace       used 7824K, committed 7936K, reserved 1114112K
  class space    used 836K, committed 896K, reserved 1048576K
}
Event: 19.287 GC heap after
{Heap after GC invocations=1 (full 0):
 garbage-first heap   total 98304K, used 16346K [0x00000000c0000000, 0x0000000100000000)
  region size 1024K, 3 young (3072K), 3 survivors (3072K)
 Metaspace       used 7824K, committed 7936K, reserved 1114112K
  class space    used 836K, committed 896K, reserved 1048576K
}
Event: 20.354 GC heap before
{Heap before GC invocations=1 (full 0):
 garbage-first heap   total 98304K, used 38874K [0x00000000c0000000, 0x0000000100000000)
  region size 1024K, 25 young (25600K), 3 survivors (3072K)
 Metaspace       used 13513K, committed 13760K, reserved 1114112K
  class space    used 1666K, committed 1792K, reserved 1048576K
}
Event: 20.367 GC heap after
{Heap after GC invocations=2 (full 0):
 garbage-first heap   total 98304K, used 17889K [0x00000000c0000000, 0x0000000100000000)
  region size 1024K, 2 young (2048K), 2 survivors (2048K)
 Metaspace       used 13513K, committed 13760K, reserved 1114112K
  class space    used 1666K, committed 1792K, reserved 1048576K
}

Dll operation events (5 events):
Event: 0.057 Loaded shared library c:\Users\Janet\.vscode\extensions\redhat.java-1.32.2024062508-win32-x64\jre\17.0.11-win32-x86_64\bin\java.dll
Event: 1.722 Loaded shared library C:\Users\Janet\.vscode\extensions\redhat.java-1.32.2024062508-win32-x64\jre\17.0.11-win32-x86_64\bin\net.dll
Event: 1.733 Loaded shared library C:\Users\Janet\.vscode\extensions\redhat.java-1.32.2024062508-win32-x64\jre\17.0.11-win32-x86_64\bin\nio.dll
Event: 3.340 Loaded shared library C:\Users\Janet\.vscode\extensions\redhat.java-1.32.2024062508-win32-x64\jre\17.0.11-win32-x86_64\bin\zip.dll
Event: 17.714 Loaded shared library C:\Users\Janet\.vscode\extensions\redhat.java-1.32.2024062508-win32-x64\jre\17.0.11-win32-x86_64\bin\jimage.dll

Deoptimization events (0 events):
No events

Classes unloaded (0 events):
No events

Classes redefined (0 events):
No events

Internal exceptions (20 events):
Event: 20.606 Thread 0x000001c7dd1cc210 Exception <a 'java/lang/NoSuchMethodError'{0x00000000c5a5b138}: 'java.lang.Object java.lang.invoke.DirectMethodHandle$Holder.invokeSpecial(java.lang.Object, java.lang.Object, java.lang.Object, java.lang.Object, java.lang.Object, java.lang.Object, java.lang.Object, int)'> (0x00000000c5a5b138) 
thrown [s\src\hotspot\share\interpreter\linkResolver.cpp, line 759]
Event: 20.631 Thread 0x000001c7dd1cc210 Exception <a 'java/lang/NoSuchMethodError'{0x00000000c5914840}: 'java.lang.Object java.lang.invoke.DirectMethodHandle$Holder.invokeVirtual(java.lang.Object, java.lang.Object, java.lang.Object)'> (0x00000000c5914840) 
thrown [s\src\hotspot\share\interpreter\linkResolver.cpp, line 759]
Event: 21.078 Thread 0x000001c7dd1cc210 Exception <a 'java/lang/NoSuchMethodError'{0x00000000c53b3580}: 'int java.lang.invoke.DirectMethodHandle$Holder.invokeVirtual(java.lang.Object, java.lang.Object)'> (0x00000000c53b3580) 
thrown [s\src\hotspot\share\interpreter\linkResolver.cpp, line 759]
Event: 21.083 Thread 0x000001c7dd1cc210 Exception <a 'java/lang/NoSuchMethodError'{0x00000000c53d5df8}: 'void java.lang.invoke.DirectMethodHandle$Holder.invokeSpecial(java.lang.Object, java.lang.Object, java.lang.Object, java.lang.Object, java.lang.Object)'> (0x00000000c53d5df8) 
thrown [s\src\hotspot\share\interpreter\linkResolver.cpp, line 759]
Event: 21.161 Thread 0x000001c7dd1cc210 Exception <a 'java/lang/NoSuchMethodError'{0x00000000c52a7f30}: 'java.lang.Object java.lang.invoke.DirectMethodHandle$Holder.invokeSpecial(java.lang.Object, java.lang.Object, java.lang.Object, int, java.lang.Object)'> (0x00000000c52a7f30) 
thrown [s\src\hotspot\share\interpreter\linkResolver.cpp, line 759]
Event: 21.162 Thread 0x000001c7dd1cc210 Exception <a 'java/lang/NoSuchMethodError'{0x00000000c52b0590}: 'java.lang.Object java.lang.invoke.DirectMethodHandle$Holder.newInvokeSpecial(java.lang.Object, java.lang.Object, java.lang.Object, int, java.lang.Object)'> (0x00000000c52b0590) 
thrown [s\src\hotspot\share\interpreter\linkResolver.cpp, line 759]
Event: 21.166 Thread 0x000001c7dd1cc210 Exception <a 'java/lang/NoSuchMethodError'{0x00000000c52ca0e0}: 'java.lang.Object java.lang.invoke.DirectMethodHandle$Holder.newInvokeSpecial(java.lang.Object, int, java.lang.Object)'> (0x00000000c52ca0e0) 
thrown [s\src\hotspot\share\interpreter\linkResolver.cpp, line 759]
Event: 21.167 Thread 0x000001c7dd1cc210 Exception <a 'java/lang/NoSuchMethodError'{0x00000000c52cedc0}: 'int java.lang.invoke.DirectMethodHandle$Holder.invokeSpecialIFC(java.lang.Object, java.lang.Object, java.lang.Object, java.lang.Object)'> (0x00000000c52cedc0) 
thrown [s\src\hotspot\share\interpreter\linkResolver.cpp, line 759]
Event: 21.206 Thread 0x000001c7dd1cc210 Exception <a 'java/lang/NoSuchMethodError'{0x00000000c51b6c20}: 'void java.lang.invoke.DirectMethodHandle$Holder.invokeInterface(java.lang.Object, java.lang.Object, java.lang.Object)'> (0x00000000c51b6c20) 
thrown [s\src\hotspot\share\interpreter\linkResolver.cpp, line 759]
Event: 21.232 Thread 0x000001c7dd1cc210 Exception <a 'java/lang/NoSuchMethodError'{0x00000000c501d388}: 'void java.lang.invoke.DirectMethodHandle$Holder.invokeStaticInit(java.lang.Object, java.lang.Object, java.lang.Object)'> (0x00000000c501d388) 
thrown [s\src\hotspot\share\interpreter\linkResolver.cpp, line 759]
Event: 21.240 Thread 0x000001c7dd1cc210 Exception <a 'java/lang/NoSuchMethodError'{0x00000000c503bf88}: 'java.lang.Object java.lang.invoke.DirectMethodHandle$Holder.invokeStaticInit(java.lang.Object)'> (0x00000000c503bf88) 
thrown [s\src\hotspot\share\interpreter\linkResolver.cpp, line 759]
Event: 21.243 Thread 0x000001c7dd1cc210 Exception <a 'java/lang/NoSuchMethodError'{0x00000000c5042500}: 'java.lang.Object java.lang.invoke.DirectMethodHandle$Holder.invokeStatic(java.lang.Object, java.lang.Object, long, java.lang.Object)'> (0x00000000c5042500) 
thrown [s\src\hotspot\share\interpreter\linkResolver.cpp, line 759]
Event: 21.244 Thread 0x000001c7dd1cc210 Exception <a 'java/lang/NoSuchMethodError'{0x00000000c5045f98}: 'java.lang.Object java.lang.invoke.DirectMethodHandle$Holder.invokeStaticInit(java.lang.Object, java.lang.Object, long, java.lang.Object)'> (0x00000000c5045f98) 
thrown [s\src\hotspot\share\interpreter\linkResolver.cpp, line 759]
Event: 21.244 Thread 0x000001c7dd1cc210 Exception <a 'java/lang/NoSuchMethodError'{0x00000000c504c718}: 'java.lang.Object java.lang.invoke.DirectMethodHandle$Holder.newInvokeSpecial(java.lang.Object, java.lang.Object, long)'> (0x00000000c504c718) 
thrown [s\src\hotspot\share\interpreter\linkResolver.cpp, line 759]
Event: 21.245 Thread 0x000001c7dd1cc210 Exception <a 'java/lang/NoSuchMethodError'{0x00000000c5050288}: 'java.lang.Object java.lang.invoke.Invokers$Holder.linkToTargetMethod(java.lang.Object, long, java.lang.Object)'> (0x00000000c5050288) 
thrown [s\src\hotspot\share\interpreter\linkResolver.cpp, line 759]
Event: 21.277 Thread 0x000001c7dd1cc210 Exception <a 'java/lang/NoSuchMethodError'{0x00000000c50d9348}: 'void java.lang.invoke.DirectMethodHandle$Holder.invokeSpecial(java.lang.Object, java.lang.Object, java.lang.Object, java.lang.Object, java.lang.Object, java.lang.Object)'> (0x00000000c50d9348) 
thrown [s\src\hotspot\share\interpreter\linkResolver.cpp, line 759]
Event: 21.278 Thread 0x000001c7dd1cc210 Exception <a 'java/lang/NoSuchMethodError'{0x00000000c50e17f0}: 'java.lang.Object java.lang.invoke.DirectMethodHandle$Holder.newInvokeSpecial(java.lang.Object, java.lang.Object, java.lang.Object, java.lang.Object, java.lang.Object, java.lang.Object)'> (0x00000000c50e17f0) 
thrown [s\src\hotspot\share\interpreter\linkResolver.cpp, line 759]
Event: 21.308 Thread 0x000001c7dd1cc210 Exception <a 'java/lang/NoSuchMethodError'{0x00000000c4f7d5b0}: 'void java.lang.invoke.DirectMethodHandle$Holder.invokeSpecial(java.lang.Object, java.lang.Object, java.lang.Object)'> (0x00000000c4f7d5b0) 
thrown [s\src\hotspot\share\interpreter\linkResolver.cpp, line 759]
Event: 21.324 Thread 0x000001c7dd1cc210 Exception <a 'java/lang/NoSuchMethodError'{0x00000000c4fbda08}: 'void java.lang.invoke.DirectMethodHandle$Holder.invokeStatic(java.lang.Object, java.lang.Object, int)'> (0x00000000c4fbda08) 
thrown [s\src\hotspot\share\interpreter\linkResolver.cpp, line 759]
Event: 21.395 Thread 0x000001c7ecf6f7b0 Exception <a 'java/lang/NoClassDefFoundError'{0x00000000c4e1f960}: jakarta/validation/Validation> (0x00000000c4e1f960) 
thrown [s\src\hotspot\share\classfile\systemDictionary.cpp, line 245]

VM Operations (20 events):
Event: 18.778 Executing VM operation: HandshakeAllThreads
Event: 18.778 Executing VM operation: HandshakeAllThreads done
Event: 18.824 Executing VM operation: HandshakeAllThreads
Event: 18.824 Executing VM operation: HandshakeAllThreads done
Event: 19.274 Executing VM operation: G1CollectForAllocation
Event: 19.287 Executing VM operation: G1CollectForAllocation done
Event: 19.627 Executing VM operation: HandshakeAllThreads
Event: 19.627 Executing VM operation: HandshakeAllThreads done
Event: 19.815 Executing VM operation: HandshakeAllThreads
Event: 19.815 Executing VM operation: HandshakeAllThreads done
Event: 20.206 Executing VM operation: HandshakeAllThreads
Event: 20.206 Executing VM operation: HandshakeAllThreads done
Event: 20.354 Executing VM operation: G1CollectForAllocation
Event: 20.367 Executing VM operation: G1CollectForAllocation done
Event: 20.729 Executing VM operation: HandshakeAllThreads
Event: 20.729 Executing VM operation: HandshakeAllThreads done
Event: 20.739 Executing VM operation: HandshakeAllThreads
Event: 20.739 Executing VM operation: HandshakeAllThreads done
Event: 21.004 Executing VM operation: HandshakeAllThreads
Event: 21.004 Executing VM operation: HandshakeAllThreads done

Events (20 events):
Event: 21.322 loading class java/util/stream/IntPipeline$StatelessOp
Event: 21.322 loading class java/util/stream/IntPipeline$StatelessOp done
Event: 21.322 loading class java/util/stream/IntPipeline$10 done
Event: 21.323 loading class java/util/function/IntUnaryOperator
Event: 21.323 loading class java/util/function/IntUnaryOperator done
Event: 21.323 loading class java/util/stream/IntPipeline$4
Event: 21.324 loading class java/util/stream/IntPipeline$4 done
Event: 21.325 loading class java/util/stream/ForEachOps$ForEachOp$OfInt
Event: 21.325 loading class java/util/stream/ForEachOps$ForEachOp$OfInt done
Event: 21.325 loading class java/util/stream/IntPipeline$4$1
Event: 21.325 loading class java/util/stream/Sink$ChainedInt
Event: 21.325 loading class java/util/stream/Sink$ChainedInt done
Event: 21.325 loading class java/util/stream/IntPipeline$4$1 done
Event: 21.325 loading class java/util/stream/IntPipeline$10$1
Event: 21.326 loading class java/util/stream/IntPipeline$10$1 done
Event: 21.326 loading class java/util/RegularEnumSet$EnumSetIterator
Event: 21.326 loading class java/util/RegularEnumSet$EnumSetIterator done
Event: 21.361 Thread 0x000001c7ecf6f7b0 Thread added: 0x000001c7ecf6f7b0
Event: 21.447 loading class java/lang/StrictMath
Event: 21.447 loading class java/lang/StrictMath done


Dynamic libraries:
0x00007ff7cff30000 - 0x00007ff7cff3e000 	c:\Users\Janet\.vscode\extensions\redhat.java-1.32.2024062508-win32-x64\jre\17.0.11-win32-x86_64\bin\java.exe
0x00007ff893b90000 - 0x00007ff893da7000 	C:\WINDOWS\SYSTEM32\ntdll.dll
0x00007ff892870000 - 0x00007ff892934000 	C:\WINDOWS\System32\KERNEL32.DLL
0x00007ff890ec0000 - 0x00007ff89126c000 	C:\WINDOWS\System32\KERNELBASE.dll
0x00007ff88dbc0000 - 0x00007ff88dbd7000 	c:\Users\Janet\.vscode\extensions\redhat.java-1.32.2024062508-win32-x64\jre\17.0.11-win32-x86_64\bin\jli.dll
0x00007ff88bd50000 - 0x00007ff88bd6b000 	c:\Users\Janet\.vscode\extensions\redhat.java-1.32.2024062508-win32-x64\jre\17.0.11-win32-x86_64\bin\VCRUNTIME140.dll
0x00007ff891480000 - 0x00007ff891591000 	C:\WINDOWS\System32\ucrtbase.dll
0x00007ff891fe0000 - 0x00007ff89218e000 	C:\WINDOWS\System32\USER32.dll
0x00007ff881700000 - 0x00007ff881993000 	C:\WINDOWS\WinSxS\amd64_microsoft.windows.common-controls_6595b64144ccf1df_6.0.22621.3672_none_2713b9d173822955\COMCTL32.dll
0x00007ff8916c0000 - 0x00007ff8916e6000 	C:\WINDOWS\System32\win32u.dll
0x00007ff892ca0000 - 0x00007ff892cc9000 	C:\WINDOWS\System32\GDI32.dll
0x00007ff893970000 - 0x00007ff893a17000 	C:\WINDOWS\System32\msvcrt.dll
0x00007ff8917b0000 - 0x00007ff8918c9000 	C:\WINDOWS\System32\gdi32full.dll
0x00007ff891620000 - 0x00007ff8916ba000 	C:\WINDOWS\System32\msvcp_win.dll
0x00007ff8918e0000 - 0x00007ff891911000 	C:\WINDOWS\System32\IMM32.DLL
0x00007ff88dc00000 - 0x00007ff88dc0c000 	c:\Users\Janet\.vscode\extensions\redhat.java-1.32.2024062508-win32-x64\jre\17.0.11-win32-x86_64\bin\vcruntime140_1.dll
0x00007ff858e70000 - 0x00007ff858efd000 	c:\Users\Janet\.vscode\extensions\redhat.java-1.32.2024062508-win32-x64\jre\17.0.11-win32-x86_64\bin\msvcp140.dll
0x00007ff80cf70000 - 0x00007ff80dbd2000 	c:\Users\Janet\.vscode\extensions\redhat.java-1.32.2024062508-win32-x64\jre\17.0.11-win32-x86_64\bin\server\jvm.dll
0x00007ff8927b0000 - 0x00007ff892862000 	C:\WINDOWS\System32\ADVAPI32.dll
0x00007ff892b00000 - 0x00007ff892baa000 	C:\WINDOWS\System32\sechost.dll
0x00007ff8913e0000 - 0x00007ff891408000 	C:\WINDOWS\System32\bcrypt.dll
0x00007ff891920000 - 0x00007ff891a35000 	C:\WINDOWS\System32\RPCRT4.dll
0x00007ff86d200000 - 0x00007ff86d209000 	C:\WINDOWS\SYSTEM32\WSOCK32.dll
0x00007ff888130000 - 0x00007ff888164000 	C:\WINDOWS\SYSTEM32\WINMM.dll
0x00007ff890d80000 - 0x00007ff890dcd000 	C:\WINDOWS\SYSTEM32\POWRPROF.dll
0x00007ff886d50000 - 0x00007ff886d5a000 	C:\WINDOWS\SYSTEM32\VERSION.dll
0x00007ff892630000 - 0x00007ff8926a1000 	C:\WINDOWS\System32\ws2_32.DLL
0x00007ff890d60000 - 0x00007ff890d73000 	C:\WINDOWS\SYSTEM32\UMPDC.dll
0x00007ff88fe50000 - 0x00007ff88fe68000 	C:\WINDOWS\SYSTEM32\kernel.appcore.dll
0x00007ff88bd00000 - 0x00007ff88bd0a000 	c:\Users\Janet\.vscode\extensions\redhat.java-1.32.2024062508-win32-x64\jre\17.0.11-win32-x86_64\bin\jimage.dll
0x00007ff88e670000 - 0x00007ff88e8a2000 	C:\WINDOWS\SYSTEM32\DBGHELP.DLL
0x00007ff893550000 - 0x00007ff8938d8000 	C:\WINDOWS\System32\combase.dll
0x00007ff892bb0000 - 0x00007ff892c87000 	C:\WINDOWS\System32\OLEAUT32.dll
0x00007ff87d1a0000 - 0x00007ff87d1d2000 	C:\WINDOWS\SYSTEM32\dbgcore.DLL
0x00007ff8915a0000 - 0x00007ff89161b000 	C:\WINDOWS\System32\bcryptPrimitives.dll
0x00007ff876ca0000 - 0x00007ff876cc5000 	c:\Users\Janet\.vscode\extensions\redhat.java-1.32.2024062508-win32-x64\jre\17.0.11-win32-x86_64\bin\java.dll
0x00007ff886d30000 - 0x00007ff886d48000 	c:\Users\Janet\.vscode\extensions\redhat.java-1.32.2024062508-win32-x64\jre\17.0.11-win32-x86_64\bin\zip.dll
0x00007ff892ce0000 - 0x00007ff89353c000 	C:\WINDOWS\System32\SHELL32.dll
0x00007ff88edc0000 - 0x00007ff88f6b7000 	C:\WINDOWS\SYSTEM32\windows.storage.dll
0x00007ff88ec80000 - 0x00007ff88edbf000 	C:\WINDOWS\SYSTEM32\wintypes.dll
0x00007ff891aa0000 - 0x00007ff891b94000 	C:\WINDOWS\System32\SHCORE.dll
0x00007ff891a40000 - 0x00007ff891a9e000 	C:\WINDOWS\System32\shlwapi.dll
0x00007ff890df0000 - 0x00007ff890e11000 	C:\WINDOWS\SYSTEM32\profapi.dll
0x00007ff8735c0000 - 0x00007ff8735d9000 	C:\Users\Janet\.vscode\extensions\redhat.java-1.32.2024062508-win32-x64\jre\17.0.11-win32-x86_64\bin\net.dll
0x00007ff888e70000 - 0x00007ff888fa6000 	C:\WINDOWS\SYSTEM32\WINHTTP.dll
0x00007ff890320000 - 0x00007ff890389000 	C:\WINDOWS\system32\mswsock.dll
0x00007ff872220000 - 0x00007ff872236000 	C:\Users\Janet\.vscode\extensions\redhat.java-1.32.2024062508-win32-x64\jre\17.0.11-win32-x86_64\bin\nio.dll

dbghelp: loaded successfully - version: 4.0.5 - missing functions: none
symbol engine: initialized successfully - sym options: 0x614 - pdb path: .;c:\Users\Janet\.vscode\extensions\redhat.java-1.32.2024062508-win32-x64\jre\17.0.11-win32-x86_64\bin;C:\WINDOWS\SYSTEM32;C:\WINDOWS\WinSxS\amd64_microsoft.windows.common-controls_6595b64144ccf1df_6.0.22621.3672_none_2713b9d173822955;c:\Users\Janet\.vscode\extensions\redhat.java-1.32.2024062508-win32-x64\jre\17.0.11-win32-x86_64\bin\server

VM Arguments:
jvm_args: -Xmx1024m -Dsts.lsp.client=vscode -Dsts.log.file=/dev/null -XX:TieredStopAtLevel=1 -Xlog:jni+resolve=off -Dspring.config.location=file:c:\Users\Janet\.vscode\extensions\vmware.vscode-spring-boot-1.55.1\language-server\BOOT-INF\classes\application.properties 
java_command: org.springframework.ide.vscode.boot.app.BootLanguageServerBootApp
java_class_path (initial): c:\Users\Janet\.vscode\extensions\vmware.vscode-spring-boot-1.55.1\language-server\BOOT-INF\classes;c:\Users\Janet\.vscode\extensions\vmware.vscode-spring-boot-1.55.1\language-server\BOOT-INF\lib\annotations-24.1.0.jar;c:\Users\Janet\.vscode\extensions\vmware.vscode-spring-boot-1.55.1\language-server\BOOT-INF\lib\antlr4-runtime-4.13.1.jar;c:\Users\Janet\.vscode\extensions\vmware.vscode-spring-boot-1.55.1\language-server\BOOT-INF\lib\asm-9.7.jar;c:\Users\Janet\.vscode\extensions\vmware.vscode-spring-boot-1.55.1\language-server\BOOT-INF\lib\asm-analysis-9.7.jar;c:\Users\Janet\.vscode\extensions\vmware.vscode-spring-boot-1.55.1\language-server\BOOT-INF\lib\asm-tree-9.7.jar;c:\Users\Janet\.vscode\extensions\vmware.vscode-spring-boot-1.55.1\language-server\BOOT-INF\lib\asm-util-9.7.jar;c:\Users\Janet\.vscode\extensions\vmware.vscode-spring-boot-1.55.1\language-server\BOOT-INF\lib\caffeine-3.1.8.jar;c:\Users\Janet\.vscode\extensions\vmware.vscode-spring-boot-1.55.1\language-server\BOOT-INF\lib\checker-qual-3.12.0.jar;c:\Users\Janet\.vscode\extensions\vmware.vscode-spring-boot-1.55.1\language-server\BOOT-INF\lib\classgraph-4.8.149.jar;c:\Users\Janet\.vscode\extensions\vmware.vscode-spring-boot-1.55.1\language-server\BOOT-INF\lib\commons-codec-1.16.1.jar;c:\Users\Janet\.vscode\extensions\vmware.vscode-spring-boot-1.55.1\language-server\BOOT-INF\lib\commons-compress-1.26.1.jar;c:\Users\Janet\.vscode\extensions\vmware.vscode-spring-boot-1.55.1\language-server\BOOT-INF\lib\commons-io-2.16.1.jar;c:\Users\Janet\.vscode\extensions\vmware.vscode-spring-boot-1.55.1\language-server\BOOT-INF\lib\commons-java-1.55.1-SNAPSHOT.jar;c:\Users\Janet\.vscode\extensions\vmware.vscode-spring-boot-1.55.1\language-server\BOOT-INF\lib\commons-lang3-3.14.0.jar;c:\Users\Janet\.vscode\extensions\vmware.vscode-spring-boot-1.55.1\language-server\BOOT-INF\lib\commons-language-server-1.55.1-SNAPSHOT.jar;c:\Users\Janet\.vscode\extensions\vmware.vscode-spring-boot-1.55.1\langu
Launcher Type: SUN_STANDARD

[Global flags]
     intx CICompilerCount                          = 4                                         {product} {ergonomic}
     uint ConcGCThreads                            = 2                                         {product} {ergonomic}
     uint G1ConcRefinementThreads                  = 8                                         {product} {ergonomic}
   size_t G1HeapRegionSize                         = 1048576                                   {product} {ergonomic}
    uintx GCDrainStackTargetSize                   = 64                                        {product} {ergonomic}
   size_t InitialHeapSize                          = 100663296                                 {product} {ergonomic}
   size_t MarkStackSize                            = 4194304                                   {product} {ergonomic}
   size_t MaxHeapSize                              = 1073741824                                {product} {command line}
   size_t MaxNewSize                               = 643825664                                 {product} {ergonomic}
   size_t MinHeapDeltaBytes                        = 1048576                                   {product} {ergonomic}
   size_t MinHeapSize                              = 8388608                                   {product} {ergonomic}
    uintx NonProfiledCodeHeapSize                  = 0                                      {pd product} {ergonomic}
     bool ProfileInterpreter                       = false                                  {pd product} {command line}
    uintx ProfiledCodeHeapSize                     = 0                                      {pd product} {ergonomic}
   size_t SoftMaxHeapSize                          = 1073741824                             {manageable} {ergonomic}
     intx TieredStopAtLevel                        = 1                                         {product} {command line}
     bool UseCompressedClassPointers               = true                           {product lp64_product} {ergonomic}
     bool UseCompressedOops                        = true                           {product lp64_product} {ergonomic}
     bool UseG1GC                                  = true                                      {product} {ergonomic}
     bool UseLargePagesIndividualAllocation        = false                                  {pd product} {ergonomic}

Logging:
Log output configuration:
 #0: stdout all=warning,jni+resolve=off uptime,level,tags
 #1: stderr all=off uptime,level,tags

Environment Variables:
JAVA_HOME=C:\Program Files\Java\jdk-11
PATH=C:\Program Files\Common Files\Oracle\Java\javapath;C:\Program Files\Java\jdk-11\bin;C:\Program Files\Java\jdk-11;C:\Users\Janet\AppData\Local\Programs\Python\Python310\Scripts\;C:\Users\Janet\AppData\Local\Programs\Python\Python310\;C:\Program Files (x86)\Embarcadero\Studio\21.0\bin;C:\Users\Public\Documents\Embarcadero\Studio\21.0\Bpl;C:\Program Files (x86)\Embarcadero\Studio\21.0\bin64;C:\Users\Public\Documents\Embarcadero\Studio\21.0\Bpl\Win64;C:\Windows\system32;C:\Windows;C:\Windows\System32\Wbem;C:\Windows\System32\WindowsPowerShell\v1.0\;C:\Windows\System32\OpenSSH\;C:\Program Files (x86)\Microsoft SQL Server\150\DTS\Binn\;C:\Program Files (x86)\Microsoft SQL Server\150\Tools\Binn\;C:\Program Files\Microsoft SQL Server\150\Tools\Binn\;C:\Program Files\Microsoft SQL Server\Client SDK\ODBC\170\Tools\Binn\;C:\Program Files\Microsoft SQL Server\150\DTS\Binn\;C:\WINDOWS\system32;C:\WINDOWS;C:\WINDOWS\System32\Wbem;C:\WINDOWS\System32\WindowsPowerShell\v1.0\;C:\WINDOWS\System32\OpenSSH\;C:\ProgramData\chocolatey\bin;C:\Program Files\Git\cmd;C:\ProgramData\ComposerSetup\bin;C:\xampp\php;C:\Users\Janet\AppData\Local\Programs\Python\Python310;C:\Program Files\nodejs\;C:\flutter\bin;C:\gradle-8.4\bin;C:\Users\Janet\AppData\Local\Google\Cloud SDK\google-cloud-sdk\bin;C:\Program Files\dotnet\;D:\apache-maven-3.9.7\bin;C:\Program Files\Docker\Docker\resources\bin;D:\opennlp\bin;C:\Program Files\Java\jdk-11;C:\Users\Janet\AppData\Local\Microsoft\WindowsApps;C:\Mingw\Mingw64\bin;C:\Users\Janet\AppData\Local\ComposerSetup\bin;C:\Program Files\Azure Data Studio\bin;C:\Users\Janet\.dotnet\tools;C:\xampp\php;C:\Users\Janet\AppData\Local\Programs\Microsoft VS Code\bin;C:\Users\Janet\AppData\Roaming\Composer\vendor\bin;C:\Users\Janet\AppData\Local\Programs\Python\Python310;C:\Users\Janet\AppData\Local\Programs\Python\Python310\Tools\scripts;C:\Users\Janet\AppData\Roaming\npm;C:\flutter\bin;C:\gradle-8.4\bin;C:\tools\dart-sdk\bin;C:\Users\Janet\AppData\Local\Pub\Cache\bin;C:\Use
USERNAME=Janet
OS=Windows_NT
PROCESSOR_IDENTIFIER=AMD64 Family 23 Model 24 Stepping 1, AuthenticAMD
TMP=C:\Users\Janet\AppData\Local\Temp
TEMP=C:\Users\Janet\AppData\Local\Temp



Periodic native trim disabled


---------------  S Y S T E M  ---------------

OS:
 Windows 11 , 64 bit Build 22621 (10.0.22621.3672)
OS uptime: 6 days 23:31 hours
Hyper-V role detected

CPU: total 8 (initial active 8) (8 cores per cpu, 2 threads per core) family 23 model 24 stepping 1 microcode 0x0, cx8, cmov, fxsr, ht, mmx, 3dnowpref, sse, sse2, sse3, ssse3, sse4a, sse4.1, sse4.2, popcnt, lzcnt, tsc, tscinvbit, avx, avx2, aes, clmul, bmi1, bmi2, adx, sha, fma, vzeroupper, clflush, clflushopt, hv
Processor Information for all 8 processors :
  Max Mhz: 2300, Current Mhz: 2300, Mhz Limit: 2300

Memory: 4k page, system-wide physical 6091M (343M free)
TotalPageFile size 24523M (AvailPageFile size 0M)
current process WorkingSet (physical memory assigned to process): 92M, peak: 92M
current process commit charge ("private bytes"): 193M, peak: 193M

vm_info: OpenJDK 64-Bit Server VM (17.0.11+9) for windows-amd64 JRE (17.0.11+9), built on Apr 17 2024 06:07:48 by "admin" with MS VC++ 16.10 / 16.11 (VS2019)

END.
