#
# There is insufficient memory for the Java Runtime Environment to continue.
# Native memory allocation (malloc) failed to allocate 669776 bytes. Error detail: Chunk::new
# Possible reasons:
#   The system is out of physical RAM or swap space
#   This process is running with CompressedOops enabled, and the Java Heap may be blocking the growth of the native heap
# Possible solutions:
#   Reduce memory load on the system
#   Increase physical memory or swap space
#   Check if swap backing store is full
#   Decrease Java heap size (-Xmx/-Xms)
#   Decrease number of Java threads
#   Decrease Java thread stack sizes (-Xss)
#   Set larger code cache with -XX:ReservedCodeCacheSize=
#   JVM is running with Unscaled Compressed Oops mode in which the Java heap is
#     placed in the first 4GB address space. The Java Heap base address is the
#     maximum limit for the native heap growth. Please use -XX:HeapBaseMinAddress
#     to set the Java Heap base and to place the Java Heap above 4GB virtual address.
# This output file may be truncated or incomplete.
#
#  Out of Memory Error (arena.cpp:191), pid=6964, tid=23188
#
# JRE version: OpenJDK Runtime Environment Temurin-17.0.11+9 (17.0.11+9) (build 17.0.11+9)
# Java VM: OpenJDK 64-Bit Server VM Temurin-17.0.11+9 (17.0.11+9, mixed mode, tiered, compressed oops, compressed class ptrs, parallel gc, windows-amd64)
# No core dump will be written. Minidumps are not enabled by default on client versions of Windows
#

---------------  S U M M A R Y ------------

Command Line: --add-modules=ALL-SYSTEM --add-opens=java.base/java.util=ALL-UNNAMED --add-opens=java.base/java.lang=ALL-UNNAMED --add-opens=java.base/sun.nio.fs=ALL-UNNAMED -Declipse.application=org.eclipse.jdt.ls.core.id1 -Dosgi.bundles.defaultStartLevel=4 -Declipse.product=org.eclipse.jdt.ls.core.product -Djava.import.generatesMetadataFilesAtProjectRoot=false -DDetectVMInstallationsJob.disabled=true -Dfile.encoding=utf8 -XX:+UseParallelGC -XX:GCTimeRatio=4 -XX:AdaptiveSizePolicyWeight=90 -Dsun.zip.disableMemoryMapping=true -Xmx1G -Xms100m -Xlog:disable -javaagent:c:\Users\Janet\.vscode\extensions\redhat.java-1.32.2024062508-win32-x64\lombok\lombok-1.18.33.jar -XX:+HeapDumpOnOutOfMemoryError -XX:HeapDumpPath=c:\Users\Janet\AppData\Roaming\Code\User\workspaceStorage\62eca0bfed545cbc4ed072f4028c7f03\redhat.java -Daether.dependencyCollector.impl=bf c:\Users\Janet\.vscode\extensions\redhat.java-1.32.2024062508-win32-x64\server\plugins\org.eclipse.equinox.launcher_1.6.900.v20240613-2009.jar -configuration c:\Users\Janet\AppData\Roaming\Code\User\globalStorage\redhat.java\1.32.2024062508\config_win -data c:\Users\Janet\AppData\Roaming\Code\User\workspaceStorage\62eca0bfed545cbc4ed072f4028c7f03\redhat.java\jdt_ws --pipe=\\.\pipe\lsp-d87d74aa465a0162517098622a0bebed-sock

Host: AMD Ryzen 7 3700U with Radeon Vega Mobile Gfx  , 8 cores, 5G,  Windows 11 , 64 bit Build 22621 (10.0.22621.3672)
Time: Tue Jun 25 13:35:26 2024 Hora estándar oeste, Sudamérica elapsed time: 22.677426 seconds (0d 0h 0m 22s)

---------------  T H R E A D  ---------------

Current thread (0x0000027254098aa0):  JavaThread "C2 CompilerThread0" daemon [_thread_in_native, id=23188, stack(0x000000745bf00000,0x000000745c000000)]


Current CompileTask:
C2:  22677 7242   !   4       org.eclipse.jdt.internal.core.search.indexing.BinaryIndexer::indexDocument (1157 bytes)

Stack: [0x000000745bf00000,0x000000745c000000]
Native frames: (J=compiled Java code, j=interpreted, Vv=VM code, C=native code)
V  [jvm.dll+0x67d429]
V  [jvm.dll+0x834b7a]
V  [jvm.dll+0x83663e]
V  [jvm.dll+0x836ca3]
V  [jvm.dll+0x247dbf]
V  [jvm.dll+0xac534]
V  [jvm.dll+0xacb7c]
V  [jvm.dll+0x2af2cf]
V  [jvm.dll+0x5848b7]
V  [jvm.dll+0x222d82]
V  [jvm.dll+0x21bc7d]
V  [jvm.dll+0x2197a1]
V  [jvm.dll+0x1a534d]
V  [jvm.dll+0x2295cd]
V  [jvm.dll+0x22779c]
V  [jvm.dll+0x7e9d07]
V  [jvm.dll+0x7e410a]
V  [jvm.dll+0x67c315]
C  [ucrtbase.dll+0x29333]
C  [KERNEL32.DLL+0x1257d]
C  [ntdll.dll+0x5af28]


---------------  P R O C E S S  ---------------

Threads class SMR info:
_java_thread_list=0x0000027257b167d0, length=40, elements={
0x000002723b0c3cf0, 0x000002724ef42020, 0x000002724ef42d70, 0x000002724ef4c3f0,
0x000002724ef4ccc0, 0x000002724ef4e440, 0x000002725408f150, 0x0000027254098aa0,
0x00000272540aa720, 0x00000272540f07d0, 0x000002723b124730, 0x0000027254352380,
0x00000272557dc2b0, 0x0000027255a0e240, 0x000002725597eb00, 0x00000272560a1140,
0x0000027255f7aaa0, 0x00000272555f5930, 0x00000272555f2ba0, 0x00000272555f2180,
0x00000272555f35c0, 0x00000272555f2690, 0x00000272555f30b0, 0x00000272555f3fe0,
0x00000272555f4a00, 0x00000272555f4f10, 0x0000027256dd10e0, 0x0000027256dced70,
0x0000027256dcc4f0, 0x0000027256dce860, 0x0000027256dcca00, 0x0000027256dccf10,
0x0000027256dcd420, 0x0000027256dcf790, 0x0000027256dd0bd0, 0x0000027256dcf280,
0x0000027256dd01b0, 0x0000027256dd06c0, 0x0000027256dcbad0, 0x0000027257bdf1d0
}

Java Threads: ( => current thread )
  0x000002723b0c3cf0 JavaThread "main" [_thread_blocked, id=22536, stack(0x000000745b600000,0x000000745b700000)]
  0x000002724ef42020 JavaThread "Reference Handler" daemon [_thread_blocked, id=5596, stack(0x000000745b900000,0x000000745ba00000)]
  0x000002724ef42d70 JavaThread "Finalizer" daemon [_thread_blocked, id=31636, stack(0x000000745ba00000,0x000000745bb00000)]
  0x000002724ef4c3f0 JavaThread "Signal Dispatcher" daemon [_thread_blocked, id=4272, stack(0x000000745bb00000,0x000000745bc00000)]
  0x000002724ef4ccc0 JavaThread "Attach Listener" daemon [_thread_blocked, id=4552, stack(0x000000745bc00000,0x000000745bd00000)]
  0x000002724ef4e440 JavaThread "Service Thread" daemon [_thread_blocked, id=20776, stack(0x000000745bd00000,0x000000745be00000)]
  0x000002725408f150 JavaThread "Monitor Deflation Thread" daemon [_thread_blocked, id=18208, stack(0x000000745be00000,0x000000745bf00000)]
=>0x0000027254098aa0 JavaThread "C2 CompilerThread0" daemon [_thread_in_native, id=23188, stack(0x000000745bf00000,0x000000745c000000)]
  0x00000272540aa720 JavaThread "C1 CompilerThread0" daemon [_thread_blocked, id=15440, stack(0x000000745c000000,0x000000745c100000)]
  0x00000272540f07d0 JavaThread "Sweeper thread" daemon [_thread_blocked, id=20116, stack(0x000000745c100000,0x000000745c200000)]
  0x000002723b124730 JavaThread "Common-Cleaner" daemon [_thread_blocked, id=21824, stack(0x000000745c200000,0x000000745c300000)]
  0x0000027254352380 JavaThread "Notification Thread" daemon [_thread_blocked, id=22172, stack(0x000000745c300000,0x000000745c400000)]
  0x00000272557dc2b0 JavaThread "Active Thread: Equinox Container: 0578a25a-d916-4316-9155-6e3049552850" [_thread_blocked, id=1848, stack(0x000000745cb00000,0x000000745cc00000)]
  0x0000027255a0e240 JavaThread "Framework Event Dispatcher: Equinox Container: 0578a25a-d916-4316-9155-6e3049552850" daemon [_thread_blocked, id=1400, stack(0x000000745cc00000,0x000000745cd00000)]
  0x000002725597eb00 JavaThread "Start Level: Equinox Container: 0578a25a-d916-4316-9155-6e3049552850" daemon [_thread_blocked, id=17920, stack(0x000000745cd00000,0x000000745ce00000)]
  0x00000272560a1140 JavaThread "Bundle File Closer" daemon [_thread_blocked, id=21960, stack(0x000000745cf00000,0x000000745d000000)]
  0x0000027255f7aaa0 JavaThread "SCR Component Actor" daemon [_thread_blocked, id=10580, stack(0x000000745d000000,0x000000745d100000)]
  0x00000272555f5930 JavaThread "Worker-JM" [_thread_blocked, id=16372, stack(0x000000745d200000,0x000000745d300000)]
  0x00000272555f2ba0 JavaThread "Worker-0" [_thread_blocked, id=4680, stack(0x000000745d300000,0x000000745d400000)]
  0x00000272555f2180 JavaThread "Worker-1: Building" [_thread_in_native, id=20572, stack(0x000000745d400000,0x000000745d500000)]
  0x00000272555f35c0 JavaThread "Worker-2: Processing Java changes since last activation" [_thread_blocked, id=2960, stack(0x000000745d500000,0x000000745d600000)]
  0x00000272555f2690 JavaThread "Java indexing" daemon [_thread_in_Java, id=25228, stack(0x000000745d600000,0x000000745d700000)]
  0x00000272555f30b0 JavaThread "Worker-3" [_thread_blocked, id=19072, stack(0x000000745d700000,0x000000745d800000)]
  0x00000272555f3fe0 JavaThread "Worker-4: Updating index names" [_thread_in_native, id=1432, stack(0x000000745d800000,0x000000745d900000)]
  0x00000272555f4a00 JavaThread "JNA Cleaner" daemon [_thread_blocked, id=29000, stack(0x000000745d900000,0x000000745da00000)]
  0x00000272555f4f10 JavaThread "Thread-2" daemon [_thread_in_native, id=6024, stack(0x000000745da00000,0x000000745db00000)]
  0x0000027256dd10e0 JavaThread "Thread-3" daemon [_thread_in_native, id=22988, stack(0x000000745db00000,0x000000745dc00000)]
  0x0000027256dced70 JavaThread "Thread-4" daemon [_thread_in_native, id=1784, stack(0x000000745dc00000,0x000000745dd00000)]
  0x0000027256dcc4f0 JavaThread "Thread-5" daemon [_thread_in_native, id=8576, stack(0x000000745dd00000,0x000000745de00000)]
  0x0000027256dce860 JavaThread "Thread-6" daemon [_thread_in_native, id=11344, stack(0x000000745de00000,0x000000745df00000)]
  0x0000027256dcca00 JavaThread "Thread-7" daemon [_thread_in_native, id=25256, stack(0x000000745df00000,0x000000745e000000)]
  0x0000027256dccf10 JavaThread "Thread-8" daemon [_thread_in_native, id=16520, stack(0x000000745e000000,0x000000745e100000)]
  0x0000027256dcd420 JavaThread "Thread-9" daemon [_thread_in_native, id=18912, stack(0x000000745e100000,0x000000745e200000)]
  0x0000027256dcf790 JavaThread "Thread-10" daemon [_thread_in_native, id=28308, stack(0x000000745e200000,0x000000745e300000)]
  0x0000027256dd0bd0 JavaThread "pool-2-thread-1" [_thread_blocked, id=17076, stack(0x000000745e300000,0x000000745e400000)]
  0x0000027256dcf280 JavaThread "WorkspaceEventsHandler" [_thread_blocked, id=19512, stack(0x000000745e500000,0x000000745e600000)]
  0x0000027256dd01b0 JavaThread "pool-1-thread-1" [_thread_blocked, id=18988, stack(0x000000745e600000,0x000000745e700000)]
  0x0000027256dd06c0 JavaThread "Worker-5: Java indexing... " [_thread_blocked, id=21888, stack(0x000000745e700000,0x000000745e800000)]
  0x0000027256dcbad0 JavaThread "Worker-6" [_thread_blocked, id=22384, stack(0x000000745e800000,0x000000745e900000)]
  0x0000027257bdf1d0 JavaThread "C2 CompilerThread1" daemon [_thread_in_native, id=29580, stack(0x000000745d100000,0x000000745d200000)]

Other Threads:
  0x00000272540614b0 VMThread "VM Thread" [stack: 0x000000745b800000,0x000000745b900000] [id=26252]
  0x000002725530fa20 WatcherThread [stack: 0x000000745c400000,0x000000745c500000] [id=13572]
  0x000002723b0d7460 GCTaskThread "GC Thread#0" [stack: 0x000000745b700000,0x000000745b800000] [id=5704]
  0x0000027255759db0 GCTaskThread "GC Thread#1" [stack: 0x000000745c500000,0x000000745c600000] [id=18372]
  0x0000027255384050 GCTaskThread "GC Thread#2" [stack: 0x000000745c600000,0x000000745c700000] [id=26084]
  0x0000027255384310 GCTaskThread "GC Thread#3" [stack: 0x000000745c700000,0x000000745c800000] [id=25884]
  0x00000272553845d0 GCTaskThread "GC Thread#4" [stack: 0x000000745c800000,0x000000745c900000] [id=3176]
  0x0000027255384890 GCTaskThread "GC Thread#5" [stack: 0x000000745c900000,0x000000745ca00000] [id=23120]
  0x0000027255384b50 GCTaskThread "GC Thread#6" [stack: 0x000000745ca00000,0x000000745cb00000] [id=28268]
  0x0000027255916e70 GCTaskThread "GC Thread#7" [stack: 0x000000745ce00000,0x000000745cf00000] [id=9928]

Threads with active compile tasks:
C2 CompilerThread0    22984 7242   !   4       org.eclipse.jdt.internal.core.search.indexing.BinaryIndexer::indexDocument (1157 bytes)
C2 CompilerThread1    22984 7247       4       java.util.Arrays::fill (21 bytes)

VM state: not at safepoint (normal execution)

VM Mutex/Monitor currently owned by a thread: None

Heap address: 0x00000000c0000000, size: 1024 MB, Compressed Oops mode: 32-bit

CDS archive(s) not mapped
Compressed class space mapped at: 0x0000000100000000-0x0000000140000000, reserved size: 1073741824
Narrow klass base: 0x0000000000000000, Narrow klass shift: 3, Narrow klass range: 0x140000000

GC Precious Log:
 CPUs: 8 total, 8 available
 Memory: 6091M
 Large Page Support: Disabled
 NUMA Support: Disabled
 Compressed Oops: Enabled (32-bit)
 Alignments: Space 512K, Generation 512K, Heap 2M
 Heap Min Capacity: 100M
 Heap Initial Capacity: 100M
 Heap Max Capacity: 1G
 Pre-touch: Disabled
 Parallel Workers: 8

Heap:
 PSYoungGen      total 24576K, used 18704K [0x00000000eab00000, 0x00000000ec780000, 0x0000000100000000)
  eden space 19968K, 71% used [0x00000000eab00000,0x00000000eb8dad58,0x00000000ebe80000)
  from space 4608K, 98% used [0x00000000ebe80000,0x00000000ec2e92e8,0x00000000ec300000)
  to   space 4608K, 0% used [0x00000000ec300000,0x00000000ec300000,0x00000000ec780000)
 ParOldGen       total 68608K, used 46917K [0x00000000c0000000, 0x00000000c4300000, 0x00000000eab00000)
  object space 68608K, 68% used [0x00000000c0000000,0x00000000c2dd1650,0x00000000c4300000)
 Metaspace       used 54856K, committed 55872K, reserved 1114112K
  class space    used 5871K, committed 6336K, reserved 1048576K

Card table byte_map: [0x000002723aa50000,0x000002723ac60000] _byte_map_base: 0x000002723a450000

Marking Bits: (ParMarkBitMap*) 0x00007ff80db0d820
 Begin Bits: [0x000002724cd50000, 0x000002724dd50000)
 End Bits:   [0x000002724dd50000, 0x000002724ed50000)

Polling page: 0x0000027238fd0000

Metaspace:

Usage:
  Non-class:     47.84 MB used.
      Class:      5.73 MB used.
       Both:     53.57 MB used.

Virtual space:
  Non-class space:       64.00 MB reserved,      48.38 MB ( 76%) committed,  1 nodes.
      Class space:        1.00 GB reserved,       6.19 MB ( <1%) committed,  1 nodes.
             Both:        1.06 GB reserved,      54.56 MB (  5%) committed. 

Chunk freelists:
   Non-Class:  15.58 MB
       Class:  9.66 MB
        Both:  25.23 MB

MaxMetaspaceSize: unlimited
CompressedClassSpaceSize: 1.00 GB
Initial GC threshold: 21.00 MB
Current GC threshold: 58.38 MB
CDS: off
MetaspaceReclaimPolicy: balanced
 - commit_granule_bytes: 65536.
 - commit_granule_words: 8192.
 - virtual_space_node_default_size: 8388608.
 - enlarge_chunks_in_place: 1.
 - new_chunks_are_fully_committed: 0.
 - uncommit_free_chunks: 1.
 - use_allocation_guard: 0.
 - handle_deallocations: 1.


Internal statistics:

num_allocs_failed_limit: 6.
num_arena_births: 750.
num_arena_deaths: 14.
num_vsnodes_births: 2.
num_vsnodes_deaths: 0.
num_space_committed: 873.
num_space_uncommitted: 0.
num_chunks_returned_to_freelist: 20.
num_chunks_taken_from_freelist: 2995.
num_chunk_merges: 8.
num_chunk_splits: 1773.
num_chunks_enlarged: 898.
num_inconsistent_stats: 0.

CodeHeap 'non-profiled nmethods': size=120000Kb used=3929Kb max_used=3929Kb free=116070Kb
 bounds [0x0000027245820000, 0x0000027245c00000, 0x000002724cd50000]
CodeHeap 'profiled nmethods': size=120000Kb used=13104Kb max_used=13104Kb free=106895Kb
 bounds [0x000002723dd50000, 0x000002723ea20000, 0x0000027245280000]
CodeHeap 'non-nmethods': size=5760Kb used=1312Kb max_used=1376Kb free=4448Kb
 bounds [0x0000027245280000, 0x00000272454f0000, 0x0000027245820000]
 total_blobs=7053 nmethods=6407 adapters=560
 compilation: enabled
              stopped_count=0, restarted_count=0
 full_count=0

Compilation events (20 events):
Event: 22.155 Thread 0x00000272540aa720 7233       3       java.lang.System$2::encodeASCII (11 bytes)
Event: 22.155 Thread 0x00000272540aa720 nmethod 7233 0x000002723ea17290 code [0x000002723ea17420, 0x000002723ea17568]
Event: 22.155 Thread 0x00000272540aa720 7234       3       sun.nio.cs.UTF_8$Encoder::encodeArrayLoop (137 bytes)
Event: 22.157 Thread 0x00000272540aa720 nmethod 7234 0x000002723ea17610 code [0x000002723ea17980, 0x000002723ea18e18]
Event: 22.169 Thread 0x0000027254098aa0 nmethod 7232 0x0000027245bef690 code [0x0000027245bef820, 0x0000027245befc38]
Event: 22.191 Thread 0x0000027254098aa0 7235       4       org.eclipse.jdt.internal.core.search.indexing.BinaryIndexer::decodeParameterTypes (596 bytes)
Event: 22.240 Thread 0x00000272540aa720 7237       3       org.eclipse.core.runtime.SubMonitor::isCanceled (20 bytes)
Event: 22.241 Thread 0x00000272540aa720 nmethod 7237 0x000002723ea19690 code [0x000002723ea19840, 0x000002723ea19ae8]
Event: 22.241 Thread 0x00000272540aa720 7238       3       org.eclipse.core.runtime.SubMonitor$RootInfo::isCanceled (10 bytes)
Event: 22.241 Thread 0x00000272540aa720 nmethod 7238 0x000002723ea19c10 code [0x000002723ea19dc0, 0x000002723ea19f88]
Event: 22.255 Thread 0x0000027254098aa0 nmethod 7235 0x0000027245beff10 code [0x0000027245bf02a0, 0x0000027245bf20b0]
Event: 22.256 Thread 0x0000027254098aa0 7236   !   4       org.eclipse.jdt.internal.core.JavaModelManager::getPerProjectInfo (62 bytes)
Event: 22.264 Thread 0x0000027254098aa0 nmethod 7236 0x0000027245bf2d10 code [0x0000027245bf2ec0, 0x0000027245bf3558]
Event: 22.319 Thread 0x0000027254098aa0 7239       4       org.eclipse.jdt.internal.compiler.util.HashtableOfObject::rehash (84 bytes)
Event: 22.336 Thread 0x0000027254098aa0 nmethod 7239 0x0000027245bf3a90 code [0x0000027245bf3c60, 0x0000027245bf4498]
Event: 22.417 Thread 0x0000027254098aa0 7240       4       java.net.URI$Parser::checkChars (44 bytes)
Event: 22.423 Thread 0x0000027254098aa0 nmethod 7240 0x0000027245bf4b10 code [0x0000027245bf4cc0, 0x0000027245bf4f78]
Event: 22.423 Thread 0x0000027254098aa0 7241       4       org.eclipse.jdt.internal.core.search.indexing.IndexManager::writeSavedIndexNamesFile (144 bytes)
Event: 22.437 Thread 0x0000027254098aa0 nmethod 7241 0x0000027245bf5310 code [0x0000027245bf5500, 0x0000027245bf5c88]
Event: 22.452 Thread 0x0000027254098aa0 7242   !   4       org.eclipse.jdt.internal.core.search.indexing.BinaryIndexer::indexDocument (1157 bytes)

GC Heap History (20 events):
Event: 16.816 GC heap before
{Heap before GC invocations=22 (full 2):
 PSYoungGen      total 22528K, used 22021K [0x00000000eab00000, 0x00000000ec480000, 0x0000000100000000)
  eden space 19968K, 100% used [0x00000000eab00000,0x00000000ebe80000,0x00000000ebe80000)
  from space 2560K, 80% used [0x00000000ebe80000,0x00000000ec081418,0x00000000ec100000)
  to   space 3072K, 0% used [0x00000000ec180000,0x00000000ec180000,0x00000000ec480000)
 ParOldGen       total 68608K, used 23672K [0x00000000c0000000, 0x00000000c4300000, 0x00000000eab00000)
  object space 68608K, 34% used [0x00000000c0000000,0x00000000c171e2d0,0x00000000c4300000)
 Metaspace       used 49203K, committed 50176K, reserved 1114112K
  class space    used 5180K, committed 5632K, reserved 1048576K
}
Event: 16.819 GC heap after
{Heap after GC invocations=22 (full 2):
 PSYoungGen      total 22528K, used 2424K [0x00000000eab00000, 0x00000000ec400000, 0x0000000100000000)
  eden space 19968K, 0% used [0x00000000eab00000,0x00000000eab00000,0x00000000ebe80000)
  from space 2560K, 94% used [0x00000000ec180000,0x00000000ec3de260,0x00000000ec400000)
  to   space 2560K, 0% used [0x00000000ebe80000,0x00000000ebe80000,0x00000000ec100000)
 ParOldGen       total 68608K, used 25557K [0x00000000c0000000, 0x00000000c4300000, 0x00000000eab00000)
  object space 68608K, 37% used [0x00000000c0000000,0x00000000c18f56e8,0x00000000c4300000)
 Metaspace       used 49203K, committed 50176K, reserved 1114112K
  class space    used 5180K, committed 5632K, reserved 1048576K
}
Event: 16.982 GC heap before
{Heap before GC invocations=23 (full 2):
 PSYoungGen      total 22528K, used 22392K [0x00000000eab00000, 0x00000000ec400000, 0x0000000100000000)
  eden space 19968K, 100% used [0x00000000eab00000,0x00000000ebe80000,0x00000000ebe80000)
  from space 2560K, 94% used [0x00000000ec180000,0x00000000ec3de260,0x00000000ec400000)
  to   space 2560K, 0% used [0x00000000ebe80000,0x00000000ebe80000,0x00000000ec100000)
 ParOldGen       total 68608K, used 25557K [0x00000000c0000000, 0x00000000c4300000, 0x00000000eab00000)
  object space 68608K, 37% used [0x00000000c0000000,0x00000000c18f56e8,0x00000000c4300000)
 Metaspace       used 49893K, committed 50880K, reserved 1114112K
  class space    used 5276K, committed 5760K, reserved 1048576K
}
Event: 16.988 GC heap after
{Heap after GC invocations=23 (full 2):
 PSYoungGen      total 22528K, used 2547K [0x00000000eab00000, 0x00000000ecc80000, 0x0000000100000000)
  eden space 19968K, 0% used [0x00000000eab00000,0x00000000eab00000,0x00000000ebe80000)
  from space 2560K, 99% used [0x00000000ebe80000,0x00000000ec0fcc28,0x00000000ec100000)
  to   space 7168K, 0% used [0x00000000ec580000,0x00000000ec580000,0x00000000ecc80000)
 ParOldGen       total 68608K, used 29371K [0x00000000c0000000, 0x00000000c4300000, 0x00000000eab00000)
  object space 68608K, 42% used [0x00000000c0000000,0x00000000c1caeca8,0x00000000c4300000)
 Metaspace       used 49893K, committed 50880K, reserved 1114112K
  class space    used 5276K, committed 5760K, reserved 1048576K
}
Event: 17.063 GC heap before
{Heap before GC invocations=24 (full 2):
 PSYoungGen      total 22528K, used 22515K [0x00000000eab00000, 0x00000000ecc80000, 0x0000000100000000)
  eden space 19968K, 100% used [0x00000000eab00000,0x00000000ebe80000,0x00000000ebe80000)
  from space 2560K, 99% used [0x00000000ebe80000,0x00000000ec0fcc28,0x00000000ec100000)
  to   space 7168K, 0% used [0x00000000ec580000,0x00000000ec580000,0x00000000ecc80000)
 ParOldGen       total 68608K, used 29371K [0x00000000c0000000, 0x00000000c4300000, 0x00000000eab00000)
  object space 68608K, 42% used [0x00000000c0000000,0x00000000c1caeca8,0x00000000c4300000)
 Metaspace       used 50145K, committed 51136K, reserved 1114112K
  class space    used 5313K, committed 5760K, reserved 1048576K
}
Event: 17.069 GC heap after
{Heap after GC invocations=24 (full 2):
 PSYoungGen      total 22016K, used 2048K [0x00000000eab00000, 0x00000000ec780000, 0x0000000100000000)
  eden space 19968K, 0% used [0x00000000eab00000,0x00000000eab00000,0x00000000ebe80000)
  from space 2048K, 100% used [0x00000000ec580000,0x00000000ec780000,0x00000000ec780000)
  to   space 4096K, 0% used [0x00000000ebf80000,0x00000000ebf80000,0x00000000ec380000)
 ParOldGen       total 68608K, used 31929K [0x00000000c0000000, 0x00000000c4300000, 0x00000000eab00000)
  object space 68608K, 46% used [0x00000000c0000000,0x00000000c1f2e7d0,0x00000000c4300000)
 Metaspace       used 50145K, committed 51136K, reserved 1114112K
  class space    used 5313K, committed 5760K, reserved 1048576K
}
Event: 17.134 GC heap before
{Heap before GC invocations=25 (full 2):
 PSYoungGen      total 22016K, used 22016K [0x00000000eab00000, 0x00000000ec780000, 0x0000000100000000)
  eden space 19968K, 100% used [0x00000000eab00000,0x00000000ebe80000,0x00000000ebe80000)
  from space 2048K, 100% used [0x00000000ec580000,0x00000000ec780000,0x00000000ec780000)
  to   space 4096K, 0% used [0x00000000ebf80000,0x00000000ebf80000,0x00000000ec380000)
 ParOldGen       total 68608K, used 31929K [0x00000000c0000000, 0x00000000c4300000, 0x00000000eab00000)
  object space 68608K, 46% used [0x00000000c0000000,0x00000000c1f2e7d0,0x00000000c4300000)
 Metaspace       used 50358K, committed 51328K, reserved 1114112K
  class space    used 5338K, committed 5824K, reserved 1048576K
}
Event: 17.138 GC heap after
{Heap after GC invocations=25 (full 2):
 PSYoungGen      total 24064K, used 2240K [0x00000000eab00000, 0x00000000ec600000, 0x0000000100000000)
  eden space 19968K, 0% used [0x00000000eab00000,0x00000000eab00000,0x00000000ebe80000)
  from space 4096K, 54% used [0x00000000ebf80000,0x00000000ec1b0010,0x00000000ec380000)
  to   space 2560K, 0% used [0x00000000ec380000,0x00000000ec380000,0x00000000ec600000)
 ParOldGen       total 68608K, used 33865K [0x00000000c0000000, 0x00000000c4300000, 0x00000000eab00000)
  object space 68608K, 49% used [0x00000000c0000000,0x00000000c21127d0,0x00000000c4300000)
 Metaspace       used 50358K, committed 51328K, reserved 1114112K
  class space    used 5338K, committed 5824K, reserved 1048576K
}
Event: 17.194 GC heap before
{Heap before GC invocations=26 (full 2):
 PSYoungGen      total 24064K, used 22208K [0x00000000eab00000, 0x00000000ec600000, 0x0000000100000000)
  eden space 19968K, 100% used [0x00000000eab00000,0x00000000ebe80000,0x00000000ebe80000)
  from space 4096K, 54% used [0x00000000ebf80000,0x00000000ec1b0010,0x00000000ec380000)
  to   space 2560K, 0% used [0x00000000ec380000,0x00000000ec380000,0x00000000ec600000)
 ParOldGen       total 68608K, used 33865K [0x00000000c0000000, 0x00000000c4300000, 0x00000000eab00000)
  object space 68608K, 49% used [0x00000000c0000000,0x00000000c21127d0,0x00000000c4300000)
 Metaspace       used 50415K, committed 51392K, reserved 1114112K
  class space    used 5343K, committed 5824K, reserved 1048576K
}
Event: 17.200 GC heap after
{Heap after GC invocations=26 (full 2):
 PSYoungGen      total 22016K, used 1856K [0x00000000eab00000, 0x00000000ec580000, 0x0000000100000000)
  eden space 19968K, 0% used [0x00000000eab00000,0x00000000eab00000,0x00000000ebe80000)
  from space 2048K, 90% used [0x00000000ec380000,0x00000000ec550000,0x00000000ec580000)
  to   space 2048K, 0% used [0x00000000ec180000,0x00000000ec180000,0x00000000ec380000)
 ParOldGen       total 68608K, used 36017K [0x00000000c0000000, 0x00000000c4300000, 0x00000000eab00000)
  object space 68608K, 52% used [0x00000000c0000000,0x00000000c232c7e0,0x00000000c4300000)
 Metaspace       used 50415K, committed 51392K, reserved 1114112K
  class space    used 5343K, committed 5824K, reserved 1048576K
}
Event: 17.449 GC heap before
{Heap before GC invocations=27 (full 2):
 PSYoungGen      total 22016K, used 21824K [0x00000000eab00000, 0x00000000ec580000, 0x0000000100000000)
  eden space 19968K, 100% used [0x00000000eab00000,0x00000000ebe80000,0x00000000ebe80000)
  from space 2048K, 90% used [0x00000000ec380000,0x00000000ec550000,0x00000000ec580000)
  to   space 2048K, 0% used [0x00000000ec180000,0x00000000ec180000,0x00000000ec380000)
 ParOldGen       total 68608K, used 36017K [0x00000000c0000000, 0x00000000c4300000, 0x00000000eab00000)
  object space 68608K, 52% used [0x00000000c0000000,0x00000000c232c7e0,0x00000000c4300000)
 Metaspace       used 51157K, committed 52160K, reserved 1114112K
  class space    used 5435K, committed 5888K, reserved 1048576K
}
Event: 17.455 GC heap after
{Heap after GC invocations=27 (full 2):
 PSYoungGen      total 21504K, used 1248K [0x00000000eab00000, 0x00000000ec400000, 0x0000000100000000)
  eden space 19968K, 0% used [0x00000000eab00000,0x00000000eab00000,0x00000000ebe80000)
  from space 1536K, 81% used [0x00000000ec180000,0x00000000ec2b8000,0x00000000ec300000)
  to   space 1024K, 0% used [0x00000000ec300000,0x00000000ec300000,0x00000000ec400000)
 ParOldGen       total 68608K, used 37753K [0x00000000c0000000, 0x00000000c4300000, 0x00000000eab00000)
  object space 68608K, 55% used [0x00000000c0000000,0x00000000c24de7e0,0x00000000c4300000)
 Metaspace       used 51157K, committed 52160K, reserved 1114112K
  class space    used 5435K, committed 5888K, reserved 1048576K
}
Event: 18.860 GC heap before
{Heap before GC invocations=28 (full 2):
 PSYoungGen      total 21504K, used 21216K [0x00000000eab00000, 0x00000000ec400000, 0x0000000100000000)
  eden space 19968K, 100% used [0x00000000eab00000,0x00000000ebe80000,0x00000000ebe80000)
  from space 1536K, 81% used [0x00000000ec180000,0x00000000ec2b8000,0x00000000ec300000)
  to   space 1024K, 0% used [0x00000000ec300000,0x00000000ec300000,0x00000000ec400000)
 ParOldGen       total 68608K, used 37753K [0x00000000c0000000, 0x00000000c4300000, 0x00000000eab00000)
  object space 68608K, 55% used [0x00000000c0000000,0x00000000c24de7e0,0x00000000c4300000)
 Metaspace       used 53544K, committed 54592K, reserved 1114112K
  class space    used 5734K, committed 6208K, reserved 1048576K
}
Event: 18.864 GC heap after
{Heap after GC invocations=28 (full 2):
 PSYoungGen      total 20992K, used 1011K [0x00000000eab00000, 0x00000000ec400000, 0x0000000100000000)
  eden space 19968K, 0% used [0x00000000eab00000,0x00000000eab00000,0x00000000ebe80000)
  from space 1024K, 98% used [0x00000000ec300000,0x00000000ec3fcfe0,0x00000000ec400000)
  to   space 2560K, 0% used [0x00000000ebf00000,0x00000000ebf00000,0x00000000ec180000)
 ParOldGen       total 68608K, used 39093K [0x00000000c0000000, 0x00000000c4300000, 0x00000000eab00000)
  object space 68608K, 56% used [0x00000000c0000000,0x00000000c262d7f0,0x00000000c4300000)
 Metaspace       used 53544K, committed 54592K, reserved 1114112K
  class space    used 5734K, committed 6208K, reserved 1048576K
}
Event: 19.885 GC heap before
{Heap before GC invocations=29 (full 2):
 PSYoungGen      total 20992K, used 20979K [0x00000000eab00000, 0x00000000ec400000, 0x0000000100000000)
  eden space 19968K, 100% used [0x00000000eab00000,0x00000000ebe80000,0x00000000ebe80000)
  from space 1024K, 98% used [0x00000000ec300000,0x00000000ec3fcfe0,0x00000000ec400000)
  to   space 2560K, 0% used [0x00000000ebf00000,0x00000000ebf00000,0x00000000ec180000)
 ParOldGen       total 68608K, used 39093K [0x00000000c0000000, 0x00000000c4300000, 0x00000000eab00000)
  object space 68608K, 56% used [0x00000000c0000000,0x00000000c262d7f0,0x00000000c4300000)
 Metaspace       used 54599K, committed 55616K, reserved 1114112K
  class space    used 5852K, committed 6272K, reserved 1048576K
}
Event: 19.889 GC heap after
{Heap after GC invocations=29 (full 2):
 PSYoungGen      total 22528K, used 2537K [0x00000000eab00000, 0x00000000ec780000, 0x0000000100000000)
  eden space 19968K, 0% used [0x00000000eab00000,0x00000000eab00000,0x00000000ebe80000)
  from space 2560K, 99% used [0x00000000ebf00000,0x00000000ec17a6c8,0x00000000ec180000)
  to   space 4608K, 0% used [0x00000000ec300000,0x00000000ec300000,0x00000000ec780000)
 ParOldGen       total 68608K, used 40615K [0x00000000c0000000, 0x00000000c4300000, 0x00000000eab00000)
  object space 68608K, 59% used [0x00000000c0000000,0x00000000c27a9ff0,0x00000000c4300000)
 Metaspace       used 54599K, committed 55616K, reserved 1114112K
  class space    used 5852K, committed 6272K, reserved 1048576K
}
Event: 21.287 GC heap before
{Heap before GC invocations=30 (full 2):
 PSYoungGen      total 22528K, used 22505K [0x00000000eab00000, 0x00000000ec780000, 0x0000000100000000)
  eden space 19968K, 100% used [0x00000000eab00000,0x00000000ebe80000,0x00000000ebe80000)
  from space 2560K, 99% used [0x00000000ebf00000,0x00000000ec17a6c8,0x00000000ec180000)
  to   space 4608K, 0% used [0x00000000ec300000,0x00000000ec300000,0x00000000ec780000)
 ParOldGen       total 68608K, used 40615K [0x00000000c0000000, 0x00000000c4300000, 0x00000000eab00000)
  object space 68608K, 59% used [0x00000000c0000000,0x00000000c27a9ff0,0x00000000c4300000)
 Metaspace       used 54819K, committed 55808K, reserved 1114112K
  class space    used 5871K, committed 6336K, reserved 1048576K
}
Event: 21.292 GC heap after
{Heap after GC invocations=30 (full 2):
 PSYoungGen      total 24576K, used 4288K [0x00000000eab00000, 0x00000000ec780000, 0x0000000100000000)
  eden space 19968K, 0% used [0x00000000eab00000,0x00000000eab00000,0x00000000ebe80000)
  from space 4608K, 93% used [0x00000000ec300000,0x00000000ec730258,0x00000000ec780000)
  to   space 4608K, 0% used [0x00000000ebe80000,0x00000000ebe80000,0x00000000ec300000)
 ParOldGen       total 68608K, used 42969K [0x00000000c0000000, 0x00000000c4300000, 0x00000000eab00000)
  object space 68608K, 62% used [0x00000000c0000000,0x00000000c29f64a8,0x00000000c4300000)
 Metaspace       used 54819K, committed 55808K, reserved 1114112K
  class space    used 5871K, committed 6336K, reserved 1048576K
}
Event: 22.321 GC heap before
{Heap before GC invocations=31 (full 2):
 PSYoungGen      total 24576K, used 24256K [0x00000000eab00000, 0x00000000ec780000, 0x0000000100000000)
  eden space 19968K, 100% used [0x00000000eab00000,0x00000000ebe80000,0x00000000ebe80000)
  from space 4608K, 93% used [0x00000000ec300000,0x00000000ec730258,0x00000000ec780000)
  to   space 4608K, 0% used [0x00000000ebe80000,0x00000000ebe80000,0x00000000ec300000)
 ParOldGen       total 68608K, used 42969K [0x00000000c0000000, 0x00000000c4300000, 0x00000000eab00000)
  object space 68608K, 62% used [0x00000000c0000000,0x00000000c29f64a8,0x00000000c4300000)
 Metaspace       used 54855K, committed 55872K, reserved 1114112K
  class space    used 5871K, committed 6336K, reserved 1048576K
}
Event: 22.325 GC heap after
{Heap after GC invocations=31 (full 2):
 PSYoungGen      total 24576K, used 4516K [0x00000000eab00000, 0x00000000ec780000, 0x0000000100000000)
  eden space 19968K, 0% used [0x00000000eab00000,0x00000000eab00000,0x00000000ebe80000)
  from space 4608K, 98% used [0x00000000ebe80000,0x00000000ec2e92e8,0x00000000ec300000)
  to   space 4608K, 0% used [0x00000000ec300000,0x00000000ec300000,0x00000000ec780000)
 ParOldGen       total 68608K, used 46917K [0x00000000c0000000, 0x00000000c4300000, 0x00000000eab00000)
  object space 68608K, 68% used [0x00000000c0000000,0x00000000c2dd1650,0x00000000c4300000)
 Metaspace       used 54855K, committed 55872K, reserved 1114112K
  class space    used 5871K, committed 6336K, reserved 1048576K
}

Dll operation events (10 events):
Event: 0.028 Loaded shared library c:\Users\Janet\.vscode\extensions\redhat.java-1.32.2024062508-win32-x64\jre\17.0.11-win32-x86_64\bin\java.dll
Event: 0.287 Loaded shared library c:\Users\Janet\.vscode\extensions\redhat.java-1.32.2024062508-win32-x64\jre\17.0.11-win32-x86_64\bin\zip.dll
Event: 0.296 Loaded shared library C:\Users\Janet\.vscode\extensions\redhat.java-1.32.2024062508-win32-x64\jre\17.0.11-win32-x86_64\bin\instrument.dll
Event: 0.325 Loaded shared library C:\Users\Janet\.vscode\extensions\redhat.java-1.32.2024062508-win32-x64\jre\17.0.11-win32-x86_64\bin\net.dll
Event: 0.329 Loaded shared library C:\Users\Janet\.vscode\extensions\redhat.java-1.32.2024062508-win32-x64\jre\17.0.11-win32-x86_64\bin\nio.dll
Event: 0.345 Loaded shared library C:\Users\Janet\.vscode\extensions\redhat.java-1.32.2024062508-win32-x64\jre\17.0.11-win32-x86_64\bin\zip.dll
Event: 0.380 Loaded shared library C:\Users\Janet\.vscode\extensions\redhat.java-1.32.2024062508-win32-x64\jre\17.0.11-win32-x86_64\bin\jimage.dll
Event: 0.504 Loaded shared library c:\Users\Janet\.vscode\extensions\redhat.java-1.32.2024062508-win32-x64\jre\17.0.11-win32-x86_64\bin\verify.dll
Event: 3.552 Loaded shared library C:\Users\Janet\AppData\Roaming\Code\User\globalStorage\redhat.java\1.32.2024062508\config_win\org.eclipse.equinox.launcher\org.eclipse.equinox.launcher.win32.win32.x86_64_1.2.1100.v20240613-2013\eclipse_11903.dll
Event: 14.361 Loaded shared library C:\Users\Janet\AppData\Local\Temp\jna-71339238\jna16582706162939782060.dll

Deoptimization events (20 events):
Event: 21.413 Thread 0x00000272555f2690 DEOPT PACKING pc=0x000002723dde48fa sp=0x000000745d6fe8e0
Event: 21.413 Thread 0x00000272555f2690 DEOPT UNPACKING pc=0x00000272452d6e43 sp=0x000000745d6fdd50 mode 0
Event: 21.450 Thread 0x00000272555f2690 DEOPT PACKING pc=0x000002723e9f9113 sp=0x000000745d6fe7a0
Event: 21.450 Thread 0x00000272555f2690 DEOPT UNPACKING pc=0x00000272452d6e43 sp=0x000000745d6fdd08 mode 0
Event: 21.486 Thread 0x00000272555f2690 DEOPT PACKING pc=0x000002723e9548dd sp=0x000000745d6fe740
Event: 21.486 Thread 0x00000272555f2690 DEOPT UNPACKING pc=0x00000272452d6e43 sp=0x000000745d6fdce0 mode 0
Event: 21.706 Thread 0x00000272555f2690 DEOPT PACKING pc=0x000002723e9f9113 sp=0x000000745d6fe7a0
Event: 21.706 Thread 0x00000272555f2690 DEOPT UNPACKING pc=0x00000272452d6e43 sp=0x000000745d6fdd08 mode 0
Event: 21.853 Thread 0x00000272555f2690 DEOPT PACKING pc=0x000002723e9f9113 sp=0x000000745d6fe7a0
Event: 21.853 Thread 0x00000272555f2690 DEOPT UNPACKING pc=0x00000272452d6e43 sp=0x000000745d6fdd08 mode 0
Event: 21.973 Thread 0x00000272555f2690 DEOPT PACKING pc=0x000002723e9f9113 sp=0x000000745d6fe7a0
Event: 21.973 Thread 0x00000272555f2690 DEOPT UNPACKING pc=0x00000272452d6e43 sp=0x000000745d6fdd08 mode 0
Event: 22.117 Thread 0x00000272555f2690 DEOPT PACKING pc=0x000002723dde3790 sp=0x000000745d6fe950
Event: 22.117 Thread 0x00000272555f2690 DEOPT UNPACKING pc=0x00000272452d6e43 sp=0x000000745d6fde58 mode 0
Event: 22.153 Thread 0x00000272555f2690 Uncommon trap: trap_request=0xffffff6e fr.pc=0x0000027245beedf8 relative=0x0000000000000618
Event: 22.153 Thread 0x00000272555f2690 Uncommon trap: reason=loop_limit_check action=maybe_recompile pc=0x0000027245beedf8 method=org.eclipse.jdt.internal.compiler.util.HashtableOfObject.rehash()V @ 56 c2
Event: 22.153 Thread 0x00000272555f2690 DEOPT PACKING pc=0x0000027245beedf8 sp=0x000000745d6fe640
Event: 22.154 Thread 0x00000272555f2690 DEOPT UNPACKING pc=0x00000272452d66a3 sp=0x000000745d6fe5e8 mode 2
Event: 22.419 Thread 0x00000272555f2180 DEOPT PACKING pc=0x000002723e99c56a sp=0x000000745d4feda0
Event: 22.419 Thread 0x00000272555f2180 DEOPT UNPACKING pc=0x00000272452d6e43 sp=0x000000745d4fe298 mode 0

Classes unloaded (7 events):
Event: 10.709 Thread 0x00000272540614b0 Unloading class 0x000000010024a400 'java/lang/invoke/LambdaForm$MH+0x000000010024a400'
Event: 10.709 Thread 0x00000272540614b0 Unloading class 0x000000010024a000 'java/lang/invoke/LambdaForm$MH+0x000000010024a000'
Event: 10.709 Thread 0x00000272540614b0 Unloading class 0x0000000100249c00 'java/lang/invoke/LambdaForm$MH+0x0000000100249c00'
Event: 10.709 Thread 0x00000272540614b0 Unloading class 0x0000000100249800 'java/lang/invoke/LambdaForm$MH+0x0000000100249800'
Event: 10.709 Thread 0x00000272540614b0 Unloading class 0x0000000100249400 'java/lang/invoke/LambdaForm$BMH+0x0000000100249400'
Event: 10.709 Thread 0x00000272540614b0 Unloading class 0x0000000100249000 'java/lang/invoke/LambdaForm$DMH+0x0000000100249000'
Event: 10.709 Thread 0x00000272540614b0 Unloading class 0x0000000100244400 'java/lang/invoke/LambdaForm$DMH+0x0000000100244400'

Classes redefined (0 events):
No events

Internal exceptions (20 events):
Event: 15.853 Thread 0x000002723b0c3cf0 Exception <a 'java/lang/IncompatibleClassChangeError'{0x00000000eb7db5d8}: Found class java.lang.Object, but interface was expected> (0x00000000eb7db5d8) 
thrown [s\src\hotspot\share\interpreter\linkResolver.cpp, line 826]
Event: 15.966 Thread 0x00000272555f2180 Exception <a 'java/io/FileNotFoundException'{0x00000000eadfc490}> (0x00000000eadfc490) 
thrown [s\src\hotspot\share\prims\jni.cpp, line 516]
Event: 15.967 Thread 0x00000272555f2180 Exception <a 'java/io/FileNotFoundException'{0x00000000eadfd9e0}> (0x00000000eadfd9e0) 
thrown [s\src\hotspot\share\prims\jni.cpp, line 516]
Event: 15.969 Thread 0x00000272555f2180 Exception <a 'java/lang/NoSuchMethodError'{0x00000000eaea0a28}: 'java.lang.Object java.lang.invoke.DirectMethodHandle$Holder.newInvokeSpecial(java.lang.Object, java.lang.Object, java.lang.Object, int)'> (0x00000000eaea0a28) 
thrown [s\src\hotspot\share\interpreter\linkResolver.cpp, line 759]
Event: 15.970 Thread 0x00000272555f2180 Exception <a 'java/lang/NoSuchMethodError'{0x00000000eaea4dd8}: 'java.lang.Object java.lang.invoke.DirectMethodHandle$Holder.invokeSpecial(java.lang.Object, java.lang.Object, java.lang.Object, java.lang.Object, int)'> (0x00000000eaea4dd8) 
thrown [s\src\hotspot\share\interpreter\linkResolver.cpp, line 759]
Event: 15.971 Thread 0x00000272555f2180 Exception <a 'java/lang/NoSuchMethodError'{0x00000000eaea8788}: 'java.lang.Object java.lang.invoke.Invokers$Holder.linkToTargetMethod(java.lang.Object, java.lang.Object, int, java.lang.Object)'> (0x00000000eaea8788) 
thrown [s\src\hotspot\share\interpreter\linkResolver.cpp, line 759]
Event: 15.974 Thread 0x00000272555f2180 Exception <a 'java/lang/NoSuchMethodError'{0x00000000eaeb4c88}: 'void java.lang.invoke.DirectMethodHandle$Holder.invokeStaticInit(java.lang.Object, java.lang.Object, java.lang.Object)'> (0x00000000eaeb4c88) 
thrown [s\src\hotspot\share\interpreter\linkResolver.cpp, line 759]
Event: 16.669 Thread 0x00000272555f2180 Exception <a 'java/io/FileNotFoundException'{0x00000000eb6c3568}> (0x00000000eb6c3568) 
thrown [s\src\hotspot\share\prims\jni.cpp, line 516]
Event: 16.886 Thread 0x0000027256dd01b0 Exception <a 'java/io/FileNotFoundException'{0x00000000eb500b38}> (0x00000000eb500b38) 
thrown [s\src\hotspot\share\prims\jni.cpp, line 516]
Event: 16.954 Thread 0x0000027256dd01b0 Exception <a 'java/lang/NoSuchMethodError'{0x00000000eb9d11e8}: 'int java.lang.invoke.DirectMethodHandle$Holder.invokeSpecial(java.lang.Object, java.lang.Object, java.lang.Object, java.lang.Object)'> (0x00000000eb9d11e8) 
thrown [s\src\hotspot\share\interpreter\linkResolver.cpp, line 759]
Event: 16.960 Thread 0x0000027256dd01b0 Exception <a 'java/lang/NoSuchMethodError'{0x00000000eb9ee3a0}: 'java.lang.Object java.lang.invoke.DirectMethodHandle$Holder.invokeStatic(java.lang.Object, int, java.lang.Object, java.lang.Object)'> (0x00000000eb9ee3a0) 
thrown [s\src\hotspot\share\interpreter\linkResolver.cpp, line 759]
Event: 16.961 Thread 0x0000027256dd01b0 Exception <a 'java/lang/NoSuchMethodError'{0x00000000eba18da0}: 'java.lang.Object java.lang.invoke.DelegatingMethodHandle$Holder.delegate(java.lang.Object, int, java.lang.Object, java.lang.Object)'> (0x00000000eba18da0) 
thrown [s\src\hotspot\share\interpreter\linkResolver.cpp, line 759]
Event: 16.966 Thread 0x0000027256dd01b0 Exception <a 'java/lang/NoSuchMethodError'{0x00000000ebb36cc8}: 'int java.lang.invoke.Invokers$Holder.linkToTargetMethod(java.lang.Object, java.lang.Object, java.lang.Object)'> (0x00000000ebb36cc8) 
thrown [s\src\hotspot\share\interpreter\linkResolver.cpp, line 759]
Event: 17.349 Thread 0x00000272555f2ba0 Exception <a 'java/lang/ExceptionInInitializerError'{0x00000000ebb00ab0}> (0x00000000ebb00ab0) 
thrown [s\src\hotspot\share\oops\instanceKlass.cpp, line 1218]
Event: 17.397 Thread 0x00000272555f2ba0 Implicit null exception at 0x000002724593f5af to 0x000002724593f73c
Event: 17.397 Thread 0x00000272555f2ba0 Implicit null exception at 0x00000272458a0e09 to 0x00000272458a21cc
Event: 17.401 Thread 0x00000272555f2ba0 Exception <a 'java/lang/NoSuchMethodError'{0x00000000ebc8c710}: 'java.lang.Object java.lang.invoke.Invokers$Holder.invokeExact_MT(java.lang.Object, int, java.lang.Object)'> (0x00000000ebc8c710) 
thrown [s\src\hotspot\share\interpreter\linkResolver.cpp, line 759]
Event: 18.059 Thread 0x00000272555f2ba0 Exception <a 'java/lang/NoClassDefFoundError'{0x00000000eb52eda8}: com/google/inject/servlet/ServletModuleTargetVisitor> (0x00000000eb52eda8) 
thrown [s\src\hotspot\share\classfile\systemDictionary.cpp, line 245]
Event: 20.525 Thread 0x00000272555f2180 Exception <a 'java/io/FileNotFoundException'{0x00000000eb54ab18}> (0x00000000eb54ab18) 
thrown [s\src\hotspot\share\prims\jni.cpp, line 516]
Event: 20.992 Thread 0x00000272555f2690 Implicit null exception at 0x0000027245b518ac to 0x0000027245b519b0

VM Operations (20 events):
Event: 18.114 Executing VM operation: HandshakeAllThreads
Event: 18.114 Executing VM operation: HandshakeAllThreads done
Event: 18.346 Executing VM operation: HandshakeAllThreads
Event: 18.346 Executing VM operation: HandshakeAllThreads done
Event: 18.347 Executing VM operation: HandshakeAllThreads
Event: 18.347 Executing VM operation: HandshakeAllThreads done
Event: 18.435 Executing VM operation: ICBufferFull
Event: 18.436 Executing VM operation: ICBufferFull done
Event: 18.860 Executing VM operation: ParallelGCFailedAllocation
Event: 18.864 Executing VM operation: ParallelGCFailedAllocation done
Event: 19.885 Executing VM operation: ParallelGCFailedAllocation
Event: 19.889 Executing VM operation: ParallelGCFailedAllocation done
Event: 20.517 Executing VM operation: HandshakeAllThreads
Event: 20.518 Executing VM operation: HandshakeAllThreads done
Event: 20.818 Executing VM operation: HandshakeAllThreads
Event: 20.846 Executing VM operation: HandshakeAllThreads done
Event: 21.287 Executing VM operation: ParallelGCFailedAllocation
Event: 21.292 Executing VM operation: ParallelGCFailedAllocation done
Event: 22.321 Executing VM operation: ParallelGCFailedAllocation
Event: 22.325 Executing VM operation: ParallelGCFailedAllocation done

Events (20 events):
Event: 19.444 loading class sun/security/provider/MD5
Event: 19.444 loading class sun/security/provider/MD5 done
Event: 19.445 loading class sun/security/provider/ByteArrayAccess$LE
Event: 19.445 loading class sun/security/provider/ByteArrayAccess$LE done
Event: 19.477 loading class java/util/stream/MatchOps$MatchKind
Event: 19.487 Thread 0x0000027257bdfc70 Thread added: 0x0000027257bdfc70
Event: 19.499 loading class java/util/stream/MatchOps$MatchKind done
Event: 19.499 loading class java/util/stream/MatchOps
Event: 19.499 loading class java/util/stream/MatchOps done
Event: 19.499 loading class java/util/stream/MatchOps$MatchOp
Event: 19.500 loading class java/util/stream/MatchOps$MatchOp done
Event: 19.501 loading class java/util/stream/MatchOps$BooleanTerminalSink
Event: 19.501 loading class java/util/stream/MatchOps$BooleanTerminalSink done
Event: 19.503 loading class java/util/stream/MatchOps$1MatchSink
Event: 19.503 loading class java/util/stream/MatchOps$1MatchSink done
Event: 19.542 Thread 0x0000027257be0710 Thread added: 0x0000027257be0710
Event: 20.850 Thread 0x00000272540f07d0 flushing nmethod 0x000002723e055690
Event: 20.855 Thread 0x00000272540f07d0 flushing nmethod 0x000002723e70bb90
Event: 21.112 Thread 0x0000027257be0710 Thread exited: 0x0000027257be0710
Event: 21.706 Thread 0x0000027257bdfc70 Thread exited: 0x0000027257bdfc70


Dynamic libraries:
0x00007ff7cff30000 - 0x00007ff7cff3e000 	c:\Users\Janet\.vscode\extensions\redhat.java-1.32.2024062508-win32-x64\jre\17.0.11-win32-x86_64\bin\java.exe
0x00007ff893b90000 - 0x00007ff893da7000 	C:\WINDOWS\SYSTEM32\ntdll.dll
0x00007ff892870000 - 0x00007ff892934000 	C:\WINDOWS\System32\KERNEL32.DLL
0x00007ff890ec0000 - 0x00007ff89126c000 	C:\WINDOWS\System32\KERNELBASE.dll
0x00007ff891480000 - 0x00007ff891591000 	C:\WINDOWS\System32\ucrtbase.dll
0x00007ff88bd50000 - 0x00007ff88bd67000 	c:\Users\Janet\.vscode\extensions\redhat.java-1.32.2024062508-win32-x64\jre\17.0.11-win32-x86_64\bin\jli.dll
0x00007ff891fe0000 - 0x00007ff89218e000 	C:\WINDOWS\System32\USER32.dll
0x00007ff8916c0000 - 0x00007ff8916e6000 	C:\WINDOWS\System32\win32u.dll
0x00007ff892ca0000 - 0x00007ff892cc9000 	C:\WINDOWS\System32\GDI32.dll
0x00007ff8917b0000 - 0x00007ff8918c9000 	C:\WINDOWS\System32\gdi32full.dll
0x00007ff891620000 - 0x00007ff8916ba000 	C:\WINDOWS\System32\msvcp_win.dll
0x00007ff886d30000 - 0x00007ff886d4b000 	c:\Users\Janet\.vscode\extensions\redhat.java-1.32.2024062508-win32-x64\jre\17.0.11-win32-x86_64\bin\VCRUNTIME140.dll
0x00007ff881700000 - 0x00007ff881993000 	C:\WINDOWS\WinSxS\amd64_microsoft.windows.common-controls_6595b64144ccf1df_6.0.22621.3672_none_2713b9d173822955\COMCTL32.dll
0x00007ff893970000 - 0x00007ff893a17000 	C:\WINDOWS\System32\msvcrt.dll
0x00007ff8918e0000 - 0x00007ff891911000 	C:\WINDOWS\System32\IMM32.DLL
0x00007ff88dc00000 - 0x00007ff88dc0c000 	c:\Users\Janet\.vscode\extensions\redhat.java-1.32.2024062508-win32-x64\jre\17.0.11-win32-x86_64\bin\vcruntime140_1.dll
0x00007ff858e70000 - 0x00007ff858efd000 	c:\Users\Janet\.vscode\extensions\redhat.java-1.32.2024062508-win32-x64\jre\17.0.11-win32-x86_64\bin\msvcp140.dll
0x00007ff80cf70000 - 0x00007ff80dbd2000 	c:\Users\Janet\.vscode\extensions\redhat.java-1.32.2024062508-win32-x64\jre\17.0.11-win32-x86_64\bin\server\jvm.dll
0x00007ff8927b0000 - 0x00007ff892862000 	C:\WINDOWS\System32\ADVAPI32.dll
0x00007ff892b00000 - 0x00007ff892baa000 	C:\WINDOWS\System32\sechost.dll
0x00007ff8913e0000 - 0x00007ff891408000 	C:\WINDOWS\System32\bcrypt.dll
0x00007ff891920000 - 0x00007ff891a35000 	C:\WINDOWS\System32\RPCRT4.dll
0x00007ff890d80000 - 0x00007ff890dcd000 	C:\WINDOWS\SYSTEM32\POWRPROF.dll
0x00007ff86d200000 - 0x00007ff86d209000 	C:\WINDOWS\SYSTEM32\WSOCK32.dll
0x00007ff892630000 - 0x00007ff8926a1000 	C:\WINDOWS\System32\WS2_32.dll
0x00007ff888130000 - 0x00007ff888164000 	C:\WINDOWS\SYSTEM32\WINMM.dll
0x00007ff886d50000 - 0x00007ff886d5a000 	C:\WINDOWS\SYSTEM32\VERSION.dll
0x00007ff890d60000 - 0x00007ff890d73000 	C:\WINDOWS\SYSTEM32\UMPDC.dll
0x00007ff88fe50000 - 0x00007ff88fe68000 	C:\WINDOWS\SYSTEM32\kernel.appcore.dll
0x00007ff88dbd0000 - 0x00007ff88dbda000 	c:\Users\Janet\.vscode\extensions\redhat.java-1.32.2024062508-win32-x64\jre\17.0.11-win32-x86_64\bin\jimage.dll
0x00007ff88e670000 - 0x00007ff88e8a2000 	C:\WINDOWS\SYSTEM32\DBGHELP.DLL
0x00007ff893550000 - 0x00007ff8938d8000 	C:\WINDOWS\System32\combase.dll
0x00007ff892bb0000 - 0x00007ff892c87000 	C:\WINDOWS\System32\OLEAUT32.dll
0x00007ff87d1a0000 - 0x00007ff87d1d2000 	C:\WINDOWS\SYSTEM32\dbgcore.DLL
0x00007ff8915a0000 - 0x00007ff89161b000 	C:\WINDOWS\System32\bcryptPrimitives.dll
0x00007ff88bd00000 - 0x00007ff88bd0e000 	c:\Users\Janet\.vscode\extensions\redhat.java-1.32.2024062508-win32-x64\jre\17.0.11-win32-x86_64\bin\instrument.dll
0x00007ff876ca0000 - 0x00007ff876cc5000 	c:\Users\Janet\.vscode\extensions\redhat.java-1.32.2024062508-win32-x64\jre\17.0.11-win32-x86_64\bin\java.dll
0x00007ff8735c0000 - 0x00007ff8735d8000 	c:\Users\Janet\.vscode\extensions\redhat.java-1.32.2024062508-win32-x64\jre\17.0.11-win32-x86_64\bin\zip.dll
0x00007ff892ce0000 - 0x00007ff89353c000 	C:\WINDOWS\System32\SHELL32.dll
0x00007ff88edc0000 - 0x00007ff88f6b7000 	C:\WINDOWS\SYSTEM32\windows.storage.dll
0x00007ff88ec80000 - 0x00007ff88edbf000 	C:\WINDOWS\SYSTEM32\wintypes.dll
0x00007ff891aa0000 - 0x00007ff891b94000 	C:\WINDOWS\System32\SHCORE.dll
0x00007ff891a40000 - 0x00007ff891a9e000 	C:\WINDOWS\System32\shlwapi.dll
0x00007ff890df0000 - 0x00007ff890e11000 	C:\WINDOWS\SYSTEM32\profapi.dll
0x00007ff872220000 - 0x00007ff872239000 	C:\Users\Janet\.vscode\extensions\redhat.java-1.32.2024062508-win32-x64\jre\17.0.11-win32-x86_64\bin\net.dll
0x00007ff888e70000 - 0x00007ff888fa6000 	C:\WINDOWS\SYSTEM32\WINHTTP.dll
0x00007ff890320000 - 0x00007ff890389000 	C:\WINDOWS\system32\mswsock.dll
0x00007ff872200000 - 0x00007ff872216000 	C:\Users\Janet\.vscode\extensions\redhat.java-1.32.2024062508-win32-x64\jre\17.0.11-win32-x86_64\bin\nio.dll
0x00007ff87f710000 - 0x00007ff87f720000 	c:\Users\Janet\.vscode\extensions\redhat.java-1.32.2024062508-win32-x64\jre\17.0.11-win32-x86_64\bin\verify.dll
0x00007ff858e20000 - 0x00007ff858e64000 	C:\Users\Janet\AppData\Roaming\Code\User\globalStorage\redhat.java\1.32.2024062508\config_win\org.eclipse.equinox.launcher\org.eclipse.equinox.launcher.win32.win32.x86_64_1.2.1100.v20240613-2013\eclipse_11903.dll
0x00007ff891db0000 - 0x00007ff891f55000 	C:\WINDOWS\System32\ole32.dll
0x00007ff8905d0000 - 0x00007ff8905eb000 	C:\WINDOWS\SYSTEM32\CRYPTSP.dll
0x00007ff88fe10000 - 0x00007ff88fe45000 	C:\WINDOWS\system32\rsaenh.dll
0x00007ff890440000 - 0x00007ff890468000 	C:\WINDOWS\SYSTEM32\USERENV.dll
0x00007ff8905c0000 - 0x00007ff8905cc000 	C:\WINDOWS\SYSTEM32\CRYPTBASE.dll
0x00007ff88f920000 - 0x00007ff88f94d000 	C:\WINDOWS\SYSTEM32\IPHLPAPI.DLL
0x00007ff892c90000 - 0x00007ff892c99000 	C:\WINDOWS\System32\NSI.dll
0x00007ff889500000 - 0x00007ff889519000 	C:\WINDOWS\SYSTEM32\dhcpcsvc6.DLL
0x00007ff8889b0000 - 0x00007ff8889cf000 	C:\WINDOWS\SYSTEM32\dhcpcsvc.DLL
0x00007ff88f990000 - 0x00007ff88fa88000 	C:\WINDOWS\SYSTEM32\DNSAPI.dll
0x00007ff858dd0000 - 0x00007ff858e15000 	C:\Users\Janet\AppData\Local\Temp\jna-71339238\jna16582706162939782060.dll
0x00007ff8918d0000 - 0x00007ff8918d8000 	C:\WINDOWS\System32\PSAPI.DLL

dbghelp: loaded successfully - version: 4.0.5 - missing functions: none
symbol engine: initialized successfully - sym options: 0x614 - pdb path: .;c:\Users\Janet\.vscode\extensions\redhat.java-1.32.2024062508-win32-x64\jre\17.0.11-win32-x86_64\bin;C:\WINDOWS\SYSTEM32;C:\WINDOWS\WinSxS\amd64_microsoft.windows.common-controls_6595b64144ccf1df_6.0.22621.3672_none_2713b9d173822955;c:\Users\Janet\.vscode\extensions\redhat.java-1.32.2024062508-win32-x64\jre\17.0.11-win32-x86_64\bin\server;C:\Users\Janet\AppData\Roaming\Code\User\globalStorage\redhat.java\1.32.2024062508\config_win\org.eclipse.equinox.launcher\org.eclipse.equinox.launcher.win32.win32.x86_64_1.2.1100.v20240613-2013;C:\Users\Janet\AppData\Local\Temp\jna-71339238

VM Arguments:
jvm_args: --add-modules=ALL-SYSTEM --add-opens=java.base/java.util=ALL-UNNAMED --add-opens=java.base/java.lang=ALL-UNNAMED --add-opens=java.base/sun.nio.fs=ALL-UNNAMED -Declipse.application=org.eclipse.jdt.ls.core.id1 -Dosgi.bundles.defaultStartLevel=4 -Declipse.product=org.eclipse.jdt.ls.core.product -Djava.import.generatesMetadataFilesAtProjectRoot=false -DDetectVMInstallationsJob.disabled=true -Dfile.encoding=utf8 -XX:+UseParallelGC -XX:GCTimeRatio=4 -XX:AdaptiveSizePolicyWeight=90 -Dsun.zip.disableMemoryMapping=true -Xmx1G -Xms100m -Xlog:disable -javaagent:c:\Users\Janet\.vscode\extensions\redhat.java-1.32.2024062508-win32-x64\lombok\lombok-1.18.33.jar -XX:+HeapDumpOnOutOfMemoryError -XX:HeapDumpPath=c:\Users\Janet\AppData\Roaming\Code\User\workspaceStorage\62eca0bfed545cbc4ed072f4028c7f03\redhat.java -Daether.dependencyCollector.impl=bf 
java_command: c:\Users\Janet\.vscode\extensions\redhat.java-1.32.2024062508-win32-x64\server\plugins\org.eclipse.equinox.launcher_1.6.900.v20240613-2009.jar -configuration c:\Users\Janet\AppData\Roaming\Code\User\globalStorage\redhat.java\1.32.2024062508\config_win -data c:\Users\Janet\AppData\Roaming\Code\User\workspaceStorage\62eca0bfed545cbc4ed072f4028c7f03\redhat.java\jdt_ws --pipe=\\.\pipe\lsp-d87d74aa465a0162517098622a0bebed-sock
java_class_path (initial): c:\Users\Janet\.vscode\extensions\redhat.java-1.32.2024062508-win32-x64\server\plugins\org.eclipse.equinox.launcher_1.6.900.v20240613-2009.jar
Launcher Type: SUN_STANDARD

[Global flags]
    uintx AdaptiveSizePolicyWeight                 = 90                                        {product} {command line}
     intx CICompilerCount                          = 4                                         {product} {ergonomic}
    uintx GCTimeRatio                              = 4                                         {product} {command line}
     bool HeapDumpOnOutOfMemoryError               = true                                   {manageable} {command line}
    ccstr HeapDumpPath                             = c:\Users\Janet\AppData\Roaming\Code\User\workspaceStorage\62eca0bfed545cbc4ed072f4028c7f03\redhat.java         {manageable} {command line}
   size_t InitialHeapSize                          = 104857600                                 {product} {command line}
   size_t MaxHeapSize                              = 1073741824                                {product} {command line}
   size_t MaxNewSize                               = 357564416                                 {product} {ergonomic}
   size_t MinHeapDeltaBytes                        = 524288                                    {product} {ergonomic}
   size_t MinHeapSize                              = 104857600                                 {product} {command line}
   size_t NewSize                                  = 34603008                                  {product} {ergonomic}
    uintx NonNMethodCodeHeapSize                   = 5839372                                {pd product} {ergonomic}
    uintx NonProfiledCodeHeapSize                  = 122909434                              {pd product} {ergonomic}
   size_t OldSize                                  = 70254592                                  {product} {ergonomic}
    uintx ProfiledCodeHeapSize                     = 122909434                              {pd product} {ergonomic}
    uintx ReservedCodeCacheSize                    = 251658240                              {pd product} {ergonomic}
     bool SegmentedCodeCache                       = true                                      {product} {ergonomic}
   size_t SoftMaxHeapSize                          = 1073741824                             {manageable} {ergonomic}
     bool UseCompressedClassPointers               = true                           {product lp64_product} {ergonomic}
     bool UseCompressedOops                        = true                           {product lp64_product} {ergonomic}
     bool UseLargePagesIndividualAllocation        = false                                  {pd product} {ergonomic}
     bool UseParallelGC                            = true                                      {product} {command line}

Logging:
Log output configuration:
 #0: stdout all=off uptime,level,tags
 #1: stderr all=off uptime,level,tags

Environment Variables:
JAVA_HOME=C:\Program Files\Java\jdk-11
PATH=C:\Program Files\Common Files\Oracle\Java\javapath;C:\Program Files\Java\jdk-11\bin;C:\Program Files\Java\jdk-11;C:\Users\Janet\AppData\Local\Programs\Python\Python310\Scripts\;C:\Users\Janet\AppData\Local\Programs\Python\Python310\;C:\Program Files (x86)\Embarcadero\Studio\21.0\bin;C:\Users\Public\Documents\Embarcadero\Studio\21.0\Bpl;C:\Program Files (x86)\Embarcadero\Studio\21.0\bin64;C:\Users\Public\Documents\Embarcadero\Studio\21.0\Bpl\Win64;C:\Windows\system32;C:\Windows;C:\Windows\System32\Wbem;C:\Windows\System32\WindowsPowerShell\v1.0\;C:\Windows\System32\OpenSSH\;C:\Program Files (x86)\Microsoft SQL Server\150\DTS\Binn\;C:\Program Files (x86)\Microsoft SQL Server\150\Tools\Binn\;C:\Program Files\Microsoft SQL Server\150\Tools\Binn\;C:\Program Files\Microsoft SQL Server\Client SDK\ODBC\170\Tools\Binn\;C:\Program Files\Microsoft SQL Server\150\DTS\Binn\;C:\WINDOWS\system32;C:\WINDOWS;C:\WINDOWS\System32\Wbem;C:\WINDOWS\System32\WindowsPowerShell\v1.0\;C:\WINDOWS\System32\OpenSSH\;C:\ProgramData\chocolatey\bin;C:\Program Files\Git\cmd;C:\ProgramData\ComposerSetup\bin;C:\xampp\php;C:\Users\Janet\AppData\Local\Programs\Python\Python310;C:\Program Files\nodejs\;C:\flutter\bin;C:\gradle-8.4\bin;C:\Users\Janet\AppData\Local\Google\Cloud SDK\google-cloud-sdk\bin;C:\Program Files\dotnet\;D:\apache-maven-3.9.7\bin;C:\Program Files\Docker\Docker\resources\bin;D:\opennlp\bin;C:\Program Files\Java\jdk-11;C:\Users\Janet\AppData\Local\Microsoft\WindowsApps;C:\Mingw\Mingw64\bin;C:\Users\Janet\AppData\Local\ComposerSetup\bin;C:\Program Files\Azure Data Studio\bin;C:\Users\Janet\.dotnet\tools;C:\xampp\php;C:\Users\Janet\AppData\Local\Programs\Microsoft VS Code\bin;C:\Users\Janet\AppData\Roaming\Composer\vendor\bin;C:\Users\Janet\AppData\Local\Programs\Python\Python310;C:\Users\Janet\AppData\Local\Programs\Python\Python310\Tools\scripts;C:\Users\Janet\AppData\Roaming\npm;C:\flutter\bin;C:\gradle-8.4\bin;C:\tools\dart-sdk\bin;C:\Users\Janet\AppData\Local\Pub\Cache\bin;C:\Use
USERNAME=Janet
OS=Windows_NT
PROCESSOR_IDENTIFIER=AMD64 Family 23 Model 24 Stepping 1, AuthenticAMD
TMP=C:\Users\Janet\AppData\Local\Temp
TEMP=C:\Users\Janet\AppData\Local\Temp



Periodic native trim disabled


---------------  S Y S T E M  ---------------

OS:
 Windows 11 , 64 bit Build 22621 (10.0.22621.3672)
OS uptime: 6 days 22:13 hours
Hyper-V role detected

CPU: total 8 (initial active 8) (8 cores per cpu, 2 threads per core) family 23 model 24 stepping 1 microcode 0x0, cx8, cmov, fxsr, ht, mmx, 3dnowpref, sse, sse2, sse3, ssse3, sse4a, sse4.1, sse4.2, popcnt, lzcnt, tsc, tscinvbit, avx, avx2, aes, clmul, bmi1, bmi2, adx, sha, fma, vzeroupper, clflush, clflushopt, hv
Processor Information for all 8 processors :
  Max Mhz: 2300, Current Mhz: 2300, Mhz Limit: 2300

Memory: 4k page, system-wide physical 6091M (567M free)
TotalPageFile size 24523M (AvailPageFile size 48M)
current process WorkingSet (physical memory assigned to process): 236M, peak: 241M
current process commit charge ("private bytes"): 294M, peak: 313M

vm_info: OpenJDK 64-Bit Server VM (17.0.11+9) for windows-amd64 JRE (17.0.11+9), built on Apr 17 2024 06:07:48 by "admin" with MS VC++ 16.10 / 16.11 (VS2019)

END.
