#
# There is insufficient memory for the Java Runtime Environment to continue.
# Native memory allocation (malloc) failed to allocate 2097152 bytes. Error detail: AllocateHeap
# Possible reasons:
#   The system is out of physical RAM or swap space
#   This process is running with CompressedOops enabled, and the Java Heap may be blocking the growth of the native heap
# Possible solutions:
#   Reduce memory load on the system
#   Increase physical memory or swap space
#   Check if swap backing store is full
#   Decrease Java heap size (-Xmx/-Xms)
#   Decrease number of Java threads
#   Decrease Java thread stack sizes (-Xss)
#   Set larger code cache with -XX:ReservedCodeCacheSize=
#   JVM is running with Unscaled Compressed Oops mode in which the Java heap is
#     placed in the first 4GB address space. The Java Heap base address is the
#     maximum limit for the native heap growth. Please use -XX:HeapBaseMinAddress
#     to set the Java Heap base and to place the Java Heap above 4GB virtual address.
# This output file may be truncated or incomplete.
#
#  Out of Memory Error (allocation.cpp:44), pid=25900, tid=24788
#
# JRE version: OpenJDK Runtime Environment Temurin-17.0.11+9 (17.0.11+9) (build 17.0.11+9)
# Java VM: OpenJDK 64-Bit Server VM Temurin-17.0.11+9 (17.0.11+9, mixed mode, emulated-client, tiered, compressed oops, compressed class ptrs, g1 gc, windows-amd64)
# No core dump will be written. Minidumps are not enabled by default on client versions of Windows
#

---------------  S U M M A R Y ------------

Command Line: -Xmx1024m -Dsts.lsp.client=vscode -Dsts.log.file=/dev/null -XX:TieredStopAtLevel=1 -Xlog:jni+resolve=off -Dspring.config.location=file:c:\Users\Janet\.vscode\extensions\vmware.vscode-spring-boot-1.55.1\language-server\BOOT-INF\classes\application.properties org.springframework.ide.vscode.boot.app.BootLanguageServerBootApp

Host: AMD Ryzen 7 3700U with Radeon Vega Mobile Gfx  , 8 cores, 5G,  Windows 11 , 64 bit Build 22621 (10.0.22621.3672)
Time: Tue Jun 25 11:22:59 2024 Hora estándar oeste, Sudamérica elapsed time: 5273.439795 seconds (0d 1h 27m 53s)

---------------  T H R E A D  ---------------

Current thread (0x000002cb29444200):  VMThread "VM Thread" [stack: 0x000000ef8ae00000,0x000000ef8af00000] [id=24788]

Stack: [0x000000ef8ae00000,0x000000ef8af00000]
Native frames: (J=compiled Java code, j=interpreted, Vv=VM code, C=native code)
V  [jvm.dll+0x67d429]
V  [jvm.dll+0x834b7a]
V  [jvm.dll+0x83663e]
V  [jvm.dll+0x836ca3]
V  [jvm.dll+0x247dbf]
V  [jvm.dll+0xa6cb3]
V  [jvm.dll+0x2f8b61]
V  [jvm.dll+0x2f4750]
V  [jvm.dll+0x2dcf67]
V  [jvm.dll+0x31fb67]
V  [jvm.dll+0x83b19b]
V  [jvm.dll+0x83bed2]
V  [jvm.dll+0x83c3ed]
V  [jvm.dll+0x83c7c4]
V  [jvm.dll+0x83c890]
V  [jvm.dll+0x7e410a]
V  [jvm.dll+0x67c315]
C  [ucrtbase.dll+0x29333]
C  [KERNEL32.DLL+0x1257d]
C  [ntdll.dll+0x5af28]

VM_Operation (0x000000ef8c6fe990): G1CollectFull, mode: safepoint, requested by thread 0x000002cb2f30aea0


---------------  P R O C E S S  ---------------

Threads class SMR info:
_java_thread_list=0x000002cb2eb4ee20, length=27, elements={
0x000002cb2945b380, 0x000002cb2945e8c0, 0x000002cb295e85b0, 0x000002cb295e8e80,
0x000002cb295e9d60, 0x000002cb295ecde0, 0x000002cb295ed6b0, 0x000002cb295f7ae0,
0x000002cb29808610, 0x000002cb298133e0, 0x000002cb2ec1c770, 0x000002cb2f30aea0,
0x000002cb2f27eb00, 0x000002cb1c69a470, 0x000002cb2f393040, 0x000002cb2f3f4ab0,
0x000002cb2f47e280, 0x000002cb2f273f00, 0x000002cb2f274410, 0x000002cb2f2725b0,
0x000002cb2f2720a0, 0x000002cb2f272ac0, 0x000002cb2f272fd0, 0x000002cb2f2739f0,
0x000002cb2f274e30, 0x000002cb2f4705e0, 0x000002cb2f46dd60
}

Java Threads: ( => current thread )
  0x000002cb2945b380 JavaThread "Reference Handler" daemon [_thread_blocked, id=27124, stack(0x000000ef8af00000,0x000000ef8b000000)]
  0x000002cb2945e8c0 JavaThread "Finalizer" daemon [_thread_blocked, id=10100, stack(0x000000ef8b000000,0x000000ef8b100000)]
  0x000002cb295e85b0 JavaThread "Signal Dispatcher" daemon [_thread_blocked, id=21216, stack(0x000000ef8b100000,0x000000ef8b200000)]
  0x000002cb295e8e80 JavaThread "Attach Listener" daemon [_thread_blocked, id=25808, stack(0x000000ef8b200000,0x000000ef8b300000)]
  0x000002cb295e9d60 JavaThread "Service Thread" daemon [_thread_blocked, id=23196, stack(0x000000ef8b300000,0x000000ef8b400000)]
  0x000002cb295ecde0 JavaThread "Monitor Deflation Thread" daemon [_thread_blocked, id=18124, stack(0x000000ef8b400000,0x000000ef8b500000)]
  0x000002cb295ed6b0 JavaThread "C1 CompilerThread0" daemon [_thread_blocked, id=20052, stack(0x000000ef8b500000,0x000000ef8b600000)]
  0x000002cb295f7ae0 JavaThread "Sweeper thread" daemon [_thread_blocked, id=22500, stack(0x000000ef8b600000,0x000000ef8b700000)]
  0x000002cb29808610 JavaThread "Notification Thread" daemon [_thread_blocked, id=20416, stack(0x000000ef8b800000,0x000000ef8b900000)]
  0x000002cb298133e0 JavaThread "Common-Cleaner" daemon [_thread_blocked, id=2220, stack(0x000000ef8ba00000,0x000000ef8bb00000)]
  0x000002cb2ec1c770 JavaThread "boundedElastic-evictor-1" daemon [_thread_blocked, id=26528, stack(0x000000ef8c200000,0x000000ef8c300000)]
  0x000002cb2f30aea0 JavaThread "pool-13-thread-1" [_thread_blocked, id=4804, stack(0x000000ef8c600000,0x000000ef8c700000)]
  0x000002cb2f27eb00 JavaThread "LanguageServerApp-lifecycle" [_thread_blocked, id=29860, stack(0x000000ef8c700000,0x000000ef8c800000)]
  0x000002cb1c69a470 JavaThread "DestroyJavaVM" [_thread_blocked, id=31208, stack(0x000000ef8a800000,0x000000ef8a900000)]
  0x000002cb2f393040 JavaThread "pool-14-thread-1" [_thread_in_native, id=16012, stack(0x000000ef8c800000,0x000000ef8c900000)]
  0x000002cb2f3f4ab0 JavaThread "Simple-Language-Server main thread" daemon [_thread_blocked, id=31436, stack(0x000000ef8c900000,0x000000ef8ca00000)]
  0x000002cb2f47e280 JavaThread "pool-8-thread-1" [_thread_blocked, id=23244, stack(0x000000ef8ca00000,0x000000ef8cb00000)]
  0x000002cb2f273f00 JavaThread "parallel-1" daemon [_thread_blocked, id=31684, stack(0x000000ef8cb00000,0x000000ef8cc00000)]
  0x000002cb2f274410 JavaThread "parallel-2" daemon [_thread_blocked, id=24988, stack(0x000000ef8cc00000,0x000000ef8cd00000)]
  0x000002cb2f2725b0 JavaThread "pool-6-thread-1" [_thread_blocked, id=26340, stack(0x000000ef8d000000,0x000000ef8d100000)]
  0x000002cb2f2720a0 JavaThread "parallel-3" daemon [_thread_blocked, id=17492, stack(0x000000ef8d100000,0x000000ef8d200000)]
  0x000002cb2f272ac0 JavaThread "parallel-4" daemon [_thread_blocked, id=10684, stack(0x000000ef8d200000,0x000000ef8d300000)]
  0x000002cb2f272fd0 JavaThread "Reconciler-1" daemon [_thread_blocked, id=18892, stack(0x000000ef8d300000,0x000000ef8d400000)]
  0x000002cb2f2739f0 JavaThread "parallel-5" daemon [_thread_blocked, id=24552, stack(0x000000ef8bb00000,0x000000ef8bc00000)]
  0x000002cb2f274e30 JavaThread "parallel-6" daemon [_thread_blocked, id=21660, stack(0x000000ef8bf00000,0x000000ef8c000000)]
  0x000002cb2f4705e0 JavaThread "parallel-7" daemon [_thread_blocked, id=28824, stack(0x000000ef8cd00000,0x000000ef8ce00000)]
  0x000002cb2f46dd60 JavaThread "parallel-8" daemon [_thread_blocked, id=28816, stack(0x000000ef8ce00000,0x000000ef8cf00000)]

Other Threads:
=>0x000002cb29444200 VMThread "VM Thread" [stack: 0x000000ef8ae00000,0x000000ef8af00000] [id=24788]
  0x000002cb2980b310 WatcherThread [stack: 0x000000ef8b900000,0x000000ef8ba00000] [id=29272]
  0x000002cb1c6d8bb0 GCTaskThread "GC Thread#0" [stack: 0x000000ef8a900000,0x000000ef8aa00000] [id=30840]
  0x000002cb2974e2f0 GCTaskThread "GC Thread#1" [stack: 0x000000ef8bc00000,0x000000ef8bd00000] [id=10196]
  0x000002cb2969acc0 GCTaskThread "GC Thread#2" [stack: 0x000000ef8bd00000,0x000000ef8be00000] [id=31312]
  0x000002cb2969af80 GCTaskThread "GC Thread#3" [stack: 0x000000ef8be00000,0x000000ef8bf00000] [id=16080]
  0x000002cb2966bc80 GCTaskThread "GC Thread#4" [stack: 0x000000ef8c000000,0x000000ef8c100000] [id=12608]
  0x000002cb2ea86860 GCTaskThread "GC Thread#5" [stack: 0x000000ef8c100000,0x000000ef8c200000] [id=2828]
  0x000002cb2ed8e4e0 GCTaskThread "GC Thread#6" [stack: 0x000000ef8c300000,0x000000ef8c400000] [id=10544]
  0x000002cb2ede4890 GCTaskThread "GC Thread#7" [stack: 0x000000ef8c400000,0x000000ef8c500000] [id=23860]
  0x000002cb1c6e1a10 ConcurrentGCThread "G1 Main Marker" [stack: 0x000000ef8aa00000,0x000000ef8ab00000] [id=7964]
  0x000002cb1c6e2340 ConcurrentGCThread "G1 Conc#0" [stack: 0x000000ef8ab00000,0x000000ef8ac00000] [id=12212]
  0x000002cb2ee11640 ConcurrentGCThread "G1 Conc#1" [stack: 0x000000ef8c500000,0x000000ef8c600000] [id=25452]
  0x000002cb1c732d00 ConcurrentGCThread "G1 Refine#0" [stack: 0x000000ef8ac00000,0x000000ef8ad00000] [id=29520]
  0x000002cb1c733640 ConcurrentGCThread "G1 Service" [stack: 0x000000ef8ad00000,0x000000ef8ae00000] [id=27204]

Threads with active compile tasks:

VM state: at safepoint (normal execution)

VM Mutex/Monitor currently owned by a thread:  ([mutex/lock_event])
[0x000002cb1c4104a0] Threads_lock - owner thread: 0x000002cb29444200
[0x000002cb1c4170d0] Heap_lock - owner thread: 0x000002cb2f30aea0

Heap address: 0x00000000c0000000, size: 1024 MB, Compressed Oops mode: 32-bit

CDS archive(s) not mapped
Compressed class space mapped at: 0x0000000100000000-0x0000000140000000, reserved size: 1073741824
Narrow klass base: 0x0000000000000000, Narrow klass shift: 3, Narrow klass range: 0x140000000

GC Precious Log:
 CPUs: 8 total, 8 available
 Memory: 6091M
 Large Page Support: Disabled
 NUMA Support: Disabled
 Compressed Oops: Enabled (32-bit)
 Heap Region Size: 1M
 Heap Min Capacity: 8M
 Heap Initial Capacity: 96M
 Heap Max Capacity: 1G
 Pre-touch: Disabled
 Parallel Workers: 8
 Concurrent Workers: 2
 Concurrent Refinement Workers: 8
 Periodic GC: Disabled

Heap:
 garbage-first heap   total 78848K, used 24875K [0x00000000c0000000, 0x0000000100000000)
  region size 1024K, 1 young (1024K), 0 survivors (0K)
 Metaspace       used 39626K, committed 40000K, reserved 1114112K
  class space    used 5270K, committed 5440K, reserved 1048576K

Heap Regions: E=young(eden), S=young(survivor), O=old, HS=humongous(starts), HC=humongous(continues), CS=collection set, F=free, OA=open archive, CA=closed archive, TAMS=top-at-mark-start (previous, next)
|   0|0x00000000c0000000, 0x00000000c0100000, 0x00000000c0100000|100%|HS|  |TAMS 0x00000000c0100000, 0x00000000c0000000| Untracked 
|   1|0x00000000c0100000, 0x00000000c0200000, 0x00000000c0200000|100%|HC|  |TAMS 0x00000000c0200000, 0x00000000c0100000| Untracked 
|   2|0x00000000c0200000, 0x00000000c0300000, 0x00000000c0300000|100%|HC|  |TAMS 0x00000000c0300000, 0x00000000c0200000| Untracked 
|   3|0x00000000c0300000, 0x00000000c0400000, 0x00000000c0400000|100%|HC|  |TAMS 0x00000000c0400000, 0x00000000c0300000| Untracked 
|   4|0x00000000c0400000, 0x00000000c0500000, 0x00000000c0500000|100%|HS|  |TAMS 0x00000000c0500000, 0x00000000c0400000| Untracked 
|   5|0x00000000c0500000, 0x00000000c0600000, 0x00000000c0600000|100%|HC|  |TAMS 0x00000000c0600000, 0x00000000c0500000| Untracked 
|   6|0x00000000c0600000, 0x00000000c06fa2b8, 0x00000000c0700000| 97%| O|  |TAMS 0x00000000c06fa2b8, 0x00000000c0600000| Untracked 
|   7|0x00000000c0700000, 0x00000000c0800000, 0x00000000c0800000|100%| O|  |TAMS 0x00000000c0800000, 0x00000000c0700000| Untracked 
|   8|0x00000000c0800000, 0x00000000c08ffff0, 0x00000000c0900000| 99%| O|  |TAMS 0x00000000c08ffff0, 0x00000000c0800000| Untracked 
|   9|0x00000000c0900000, 0x00000000c0a00000, 0x00000000c0a00000|100%| O|  |TAMS 0x00000000c0a00000, 0x00000000c0900000| Untracked 
|  10|0x00000000c0a00000, 0x00000000c0b00000, 0x00000000c0b00000|100%| O|  |TAMS 0x00000000c0b00000, 0x00000000c0a00000| Untracked 
|  11|0x00000000c0b00000, 0x00000000c0c00000, 0x00000000c0c00000|100%| O|  |TAMS 0x00000000c0c00000, 0x00000000c0b00000| Untracked 
|  12|0x00000000c0c00000, 0x00000000c0cfff50, 0x00000000c0d00000| 99%| O|  |TAMS 0x00000000c0cfff50, 0x00000000c0c00000| Untracked 
|  13|0x00000000c0d00000, 0x00000000c0dfb9b8, 0x00000000c0e00000| 98%| O|  |TAMS 0x00000000c0dfb9b8, 0x00000000c0d00000| Untracked 
|  14|0x00000000c0e00000, 0x00000000c0ef8aa0, 0x00000000c0f00000| 97%| O|  |TAMS 0x00000000c0ef8aa0, 0x00000000c0e00000| Untracked 
|  15|0x00000000c0f00000, 0x00000000c0fffff8, 0x00000000c1000000| 99%| O|  |TAMS 0x00000000c0fffff8, 0x00000000c0f00000| Untracked 
|  16|0x00000000c1000000, 0x00000000c10ffec0, 0x00000000c1100000| 99%| O|  |TAMS 0x00000000c10ffec0, 0x00000000c1000000| Untracked 
|  17|0x00000000c1100000, 0x00000000c11fffb8, 0x00000000c1200000| 99%| O|  |TAMS 0x00000000c11fffb8, 0x00000000c1100000| Untracked 
|  18|0x00000000c1200000, 0x00000000c12ffff8, 0x00000000c1300000| 99%| O|  |TAMS 0x00000000c12ffff8, 0x00000000c1200000| Untracked 
|  19|0x00000000c1300000, 0x00000000c1400000, 0x00000000c1400000|100%| O|  |TAMS 0x00000000c1400000, 0x00000000c1300000| Untracked 
|  20|0x00000000c1400000, 0x00000000c14ffff8, 0x00000000c1500000| 99%| O|  |TAMS 0x00000000c14ffff8, 0x00000000c1400000| Untracked 
|  21|0x00000000c1500000, 0x00000000c15ffff8, 0x00000000c1600000| 99%| O|  |TAMS 0x00000000c15ffff8, 0x00000000c1500000| Untracked 
|  22|0x00000000c1600000, 0x00000000c16fffe8, 0x00000000c1700000| 99%| O|  |TAMS 0x00000000c16fffe8, 0x00000000c1600000| Untracked 
|  23|0x00000000c1700000, 0x00000000c17fffe8, 0x00000000c1800000| 99%| O|  |TAMS 0x00000000c17fffe8, 0x00000000c1700000| Untracked 
|  24|0x00000000c1800000, 0x00000000c185ca18, 0x00000000c1900000| 36%| O|  |TAMS 0x00000000c1800000, 0x00000000c1800000| Untracked 
|  25|0x00000000c1900000, 0x00000000c1900068, 0x00000000c1a00000|  0%| O|  |TAMS 0x00000000c1900000, 0x00000000c1900000| Untracked 
|  26|0x00000000c1a00000, 0x00000000c1a00000, 0x00000000c1b00000|  0%| F|  |TAMS 0x00000000c1a00000, 0x00000000c1a00000| Untracked 
|  27|0x00000000c1b00000, 0x00000000c1b00000, 0x00000000c1c00000|  0%| F|  |TAMS 0x00000000c1b00000, 0x00000000c1b00000| Untracked 
|  28|0x00000000c1c00000, 0x00000000c1c00000, 0x00000000c1d00000|  0%| F|  |TAMS 0x00000000c1c00000, 0x00000000c1c00000| Untracked 
|  29|0x00000000c1d00000, 0x00000000c1d00000, 0x00000000c1e00000|  0%| F|  |TAMS 0x00000000c1d00000, 0x00000000c1d00000| Untracked 
|  30|0x00000000c1e00000, 0x00000000c1e00000, 0x00000000c1f00000|  0%| F|  |TAMS 0x00000000c1e00000, 0x00000000c1e00000| Untracked 
|  31|0x00000000c1f00000, 0x00000000c1f00000, 0x00000000c2000000|  0%| F|  |TAMS 0x00000000c1f00000, 0x00000000c1f00000| Untracked 
|  32|0x00000000c2000000, 0x00000000c2000000, 0x00000000c2100000|  0%| F|  |TAMS 0x00000000c2000000, 0x00000000c2000000| Untracked 
|  33|0x00000000c2100000, 0x00000000c2100000, 0x00000000c2200000|  0%| F|  |TAMS 0x00000000c2100000, 0x00000000c2100000| Untracked 
|  34|0x00000000c2200000, 0x00000000c2200000, 0x00000000c2300000|  0%| F|  |TAMS 0x00000000c2200000, 0x00000000c2200000| Untracked 
|  35|0x00000000c2300000, 0x00000000c2300000, 0x00000000c2400000|  0%| F|  |TAMS 0x00000000c2300000, 0x00000000c2300000| Untracked 
|  36|0x00000000c2400000, 0x00000000c2400000, 0x00000000c2500000|  0%| F|  |TAMS 0x00000000c2400000, 0x00000000c2400000| Untracked 
|  37|0x00000000c2500000, 0x00000000c2500000, 0x00000000c2600000|  0%| F|  |TAMS 0x00000000c2500000, 0x00000000c2500000| Untracked 
|  38|0x00000000c2600000, 0x00000000c2600000, 0x00000000c2700000|  0%| F|  |TAMS 0x00000000c2600000, 0x00000000c2600000| Untracked 
|  39|0x00000000c2700000, 0x00000000c2700000, 0x00000000c2800000|  0%| F|  |TAMS 0x00000000c2700000, 0x00000000c2700000| Untracked 
|  40|0x00000000c2800000, 0x00000000c2800000, 0x00000000c2900000|  0%| F|  |TAMS 0x00000000c2800000, 0x00000000c2800000| Untracked 
|  41|0x00000000c2900000, 0x00000000c2900000, 0x00000000c2a00000|  0%| F|  |TAMS 0x00000000c2900000, 0x00000000c2900000| Untracked 
|  42|0x00000000c2a00000, 0x00000000c2a00000, 0x00000000c2b00000|  0%| F|  |TAMS 0x00000000c2a00000, 0x00000000c2a00000| Untracked 
|  43|0x00000000c2b00000, 0x00000000c2b00000, 0x00000000c2c00000|  0%| F|  |TAMS 0x00000000c2b00000, 0x00000000c2b00000| Untracked 
|  44|0x00000000c2c00000, 0x00000000c2c00000, 0x00000000c2d00000|  0%| F|  |TAMS 0x00000000c2c00000, 0x00000000c2c00000| Untracked 
|  45|0x00000000c2d00000, 0x00000000c2d00000, 0x00000000c2e00000|  0%| F|  |TAMS 0x00000000c2d00000, 0x00000000c2d00000| Untracked 
|  46|0x00000000c2e00000, 0x00000000c2e00000, 0x00000000c2f00000|  0%| F|  |TAMS 0x00000000c2e00000, 0x00000000c2e00000| Untracked 
|  47|0x00000000c2f00000, 0x00000000c2f00000, 0x00000000c3000000|  0%| F|  |TAMS 0x00000000c2f00000, 0x00000000c2f00000| Untracked 
|  48|0x00000000c3000000, 0x00000000c3000000, 0x00000000c3100000|  0%| F|  |TAMS 0x00000000c3000000, 0x00000000c3000000| Untracked 
|  49|0x00000000c3100000, 0x00000000c3100000, 0x00000000c3200000|  0%| F|  |TAMS 0x00000000c3100000, 0x00000000c3100000| Untracked 
|  50|0x00000000c3200000, 0x00000000c3200000, 0x00000000c3300000|  0%| F|  |TAMS 0x00000000c3200000, 0x00000000c3200000| Untracked 
|  51|0x00000000c3300000, 0x00000000c3300000, 0x00000000c3400000|  0%| F|  |TAMS 0x00000000c3300000, 0x00000000c3300000| Untracked 
|  52|0x00000000c3400000, 0x00000000c3400000, 0x00000000c3500000|  0%| F|  |TAMS 0x00000000c3400000, 0x00000000c3400000| Untracked 
|  53|0x00000000c3500000, 0x00000000c3500000, 0x00000000c3600000|  0%| F|  |TAMS 0x00000000c3500000, 0x00000000c3500000| Untracked 
|  54|0x00000000c3600000, 0x00000000c3600000, 0x00000000c3700000|  0%| F|  |TAMS 0x00000000c3600000, 0x00000000c3600000| Untracked 
|  55|0x00000000c3700000, 0x00000000c3700000, 0x00000000c3800000|  0%| F|  |TAMS 0x00000000c3700000, 0x00000000c3700000| Untracked 
|  56|0x00000000c3800000, 0x00000000c3800000, 0x00000000c3900000|  0%| F|  |TAMS 0x00000000c3800000, 0x00000000c3800000| Untracked 
|  57|0x00000000c3900000, 0x00000000c3900000, 0x00000000c3a00000|  0%| F|  |TAMS 0x00000000c3900000, 0x00000000c3900000| Untracked 
|  58|0x00000000c3a00000, 0x00000000c3a00000, 0x00000000c3b00000|  0%| F|  |TAMS 0x00000000c3a00000, 0x00000000c3a00000| Untracked 
|  59|0x00000000c3b00000, 0x00000000c3b00000, 0x00000000c3c00000|  0%| F|  |TAMS 0x00000000c3b00000, 0x00000000c3b00000| Untracked 
|  60|0x00000000c3c00000, 0x00000000c3c00000, 0x00000000c3d00000|  0%| F|  |TAMS 0x00000000c3c00000, 0x00000000c3c00000| Untracked 
|  61|0x00000000c3d00000, 0x00000000c3d00000, 0x00000000c3e00000|  0%| F|  |TAMS 0x00000000c3d00000, 0x00000000c3d00000| Untracked 
|  62|0x00000000c3e00000, 0x00000000c3e00000, 0x00000000c3f00000|  0%| F|  |TAMS 0x00000000c3e00000, 0x00000000c3e00000| Untracked 
|  63|0x00000000c3f00000, 0x00000000c3f00000, 0x00000000c4000000|  0%| F|  |TAMS 0x00000000c3f00000, 0x00000000c3f00000| Untracked 
|  64|0x00000000c4000000, 0x00000000c4000000, 0x00000000c4100000|  0%| F|  |TAMS 0x00000000c4000000, 0x00000000c4000000| Untracked 
|  65|0x00000000c4100000, 0x00000000c4100000, 0x00000000c4200000|  0%| F|  |TAMS 0x00000000c4100000, 0x00000000c4100000| Untracked 
|  66|0x00000000c4200000, 0x00000000c4200000, 0x00000000c4300000|  0%| F|  |TAMS 0x00000000c4200000, 0x00000000c4200000| Untracked 
|  67|0x00000000c4300000, 0x00000000c4300000, 0x00000000c4400000|  0%| F|  |TAMS 0x00000000c4300000, 0x00000000c4300000| Untracked 
|  68|0x00000000c4400000, 0x00000000c4400000, 0x00000000c4500000|  0%| F|  |TAMS 0x00000000c4400000, 0x00000000c4400000| Untracked 
|  69|0x00000000c4500000, 0x00000000c4500000, 0x00000000c4600000|  0%| F|  |TAMS 0x00000000c4500000, 0x00000000c4500000| Untracked 
|  70|0x00000000c4600000, 0x00000000c4600000, 0x00000000c4700000|  0%| F|  |TAMS 0x00000000c4600000, 0x00000000c4600000| Untracked 
|  71|0x00000000c4700000, 0x00000000c4700000, 0x00000000c4800000|  0%| F|  |TAMS 0x00000000c4700000, 0x00000000c4700000| Untracked 
|  87|0x00000000c5700000, 0x00000000c5700000, 0x00000000c5800000|  0%| F|  |TAMS 0x00000000c5700000, 0x00000000c5700000| Untracked 
|  88|0x00000000c5800000, 0x00000000c5800000, 0x00000000c5900000|  0%| F|  |TAMS 0x00000000c5800000, 0x00000000c5800000| Untracked 
|  89|0x00000000c5900000, 0x00000000c5900000, 0x00000000c5a00000|  0%| F|  |TAMS 0x00000000c5900000, 0x00000000c5900000| Untracked 
|  90|0x00000000c5a00000, 0x00000000c5a00000, 0x00000000c5b00000|  0%| F|  |TAMS 0x00000000c5a00000, 0x00000000c5a00000| Untracked 
|  95|0x00000000c5f00000, 0x00000000c5f058a8, 0x00000000c6000000|  2%| E|  |TAMS 0x00000000c5f00000, 0x00000000c5f00000| Complete 

Card table byte_map: [0x000002cb245d0000,0x000002cb247d0000] _byte_map_base: 0x000002cb23fd0000

Marking Bits (Prev, Next): (CMBitMap*) 0x000002cb1c6d9120, (CMBitMap*) 0x000002cb1c6d90e0
 Prev Bits: [0x000002cb259d0000, 0x000002cb269d0000)
 Next Bits: [0x000002cb249d0000, 0x000002cb259d0000)

Polling page: 0x000002cb20ad0000

Metaspace:

Usage:
  Non-class:     33.55 MB used.
      Class:      5.15 MB used.
       Both:     38.70 MB used.

Virtual space:
  Non-class space:       64.00 MB reserved,      33.75 MB ( 53%) committed,  1 nodes.
      Class space:        1.00 GB reserved,       5.31 MB ( <1%) committed,  1 nodes.
             Both:        1.06 GB reserved,      39.06 MB (  4%) committed. 

Chunk freelists:
   Non-Class:  13.99 MB
       Class:  10.64 MB
        Both:  24.62 MB

MaxMetaspaceSize: unlimited
CompressedClassSpaceSize: 1.00 GB
Initial GC threshold: 21.00 MB
Current GC threshold: 64.94 MB
CDS: off
MetaspaceReclaimPolicy: balanced
 - commit_granule_bytes: 65536.
 - commit_granule_words: 8192.
 - virtual_space_node_default_size: 8388608.
 - enlarge_chunks_in_place: 1.
 - new_chunks_are_fully_committed: 0.
 - uncommit_free_chunks: 1.
 - use_allocation_guard: 0.
 - handle_deallocations: 1.


Internal statistics:

num_allocs_failed_limit: 8.
num_arena_births: 596.
num_arena_deaths: 172.
num_vsnodes_births: 2.
num_vsnodes_deaths: 0.
num_space_committed: 625.
num_space_uncommitted: 0.
num_chunks_returned_to_freelist: 204.
num_chunks_taken_from_freelist: 1864.
num_chunk_merges: 61.
num_chunk_splits: 1206.
num_chunks_enlarged: 890.
num_inconsistent_stats: 0.

CodeCache: size=49152Kb used=8278Kb max_used=9388Kb free=40873Kb
 bounds [0x000002cb20af0000, 0x000002cb21450000, 0x000002cb23af0000]
 total_blobs=5095 nmethods=4549 adapters=473
 compilation: enabled
              stopped_count=0, restarted_count=0
 full_count=0

Compilation events (20 events):
Event: 4197.677 Thread 0x000002cb295ed6b0 4542       1       java.io.BufferedOutputStream::<init> (27 bytes)
Event: 4197.679 Thread 0x000002cb295ed6b0 nmethod 4542 0x000002cb213ed490 code [0x000002cb213ed640, 0x000002cb213ed9a8]
Event: 4207.952 Thread 0x000002cb295ed6b0 4544       1       java.lang.ProcessHandleImpl::<init> (27 bytes)
Event: 4207.954 Thread 0x000002cb295ed6b0 nmethod 4544 0x000002cb213ecd90 code [0x000002cb213ecf20, 0x000002cb213ed018]
Event: 4218.299 Thread 0x000002cb295ed6b0 4545       1       java.lang.ProcessBuilder::environment (147 bytes)
Event: 4218.335 Thread 0x000002cb295ed6b0 nmethod 4545 0x000002cb213ebc90 code [0x000002cb213ebee0, 0x000002cb213ec428]
Event: 4218.335 Thread 0x000002cb295ed6b0 4546   !   1       java.lang.ProcessImpl::start (733 bytes)
Event: 4218.360 Thread 0x000002cb295ed6b0 nmethod 4546 0x000002cb213e6490 code [0x000002cb213e6a60, 0x000002cb213e99b8]
Event: 4218.616 Thread 0x000002cb295ed6b0 4553   !   1       java.io.FilterOutputStream::close (183 bytes)
Event: 4218.661 Thread 0x000002cb295ed6b0 nmethod 4553 0x000002cb213e5310 code [0x000002cb213e5520, 0x000002cb213e59f8]
Event: 4218.661 Thread 0x000002cb295ed6b0 4558       1       java.lang.ProcessImpl$$Lambda$813/0x00000001003e4a88::run (8 bytes)
Event: 4218.662 Thread 0x000002cb295ed6b0 nmethod 4558 0x000002cb213e5010 code [0x000002cb213e51a0, 0x000002cb213e5288]
Event: 4218.662 Thread 0x000002cb295ed6b0 4559       1       java.lang.ProcessImpl::lambda$new$0 (6 bytes)
Event: 4218.662 Thread 0x000002cb295ed6b0 nmethod 4559 0x000002cb213e4d10 code [0x000002cb213e4ea0, 0x000002cb213e4f68]
Event: 4218.662 Thread 0x000002cb295ed6b0 4554   !   1       java.io.FileOutputStream::close (69 bytes)
Event: 4218.666 Thread 0x000002cb295ed6b0 nmethod 4554 0x000002cb213e4690 code [0x000002cb213e4860, 0x000002cb213e4bd8]
Event: 4218.666 Thread 0x000002cb295ed6b0 4555       1       java.io.FileOutputStream$1::<init> (10 bytes)
Event: 4218.666 Thread 0x000002cb295ed6b0 nmethod 4555 0x000002cb213e4390 code [0x000002cb213e4520, 0x000002cb213e4638]
Event: 4218.666 Thread 0x000002cb295ed6b0 4556       1       java.io.FileOutputStream$1::close (11 bytes)
Event: 4218.668 Thread 0x000002cb295ed6b0 nmethod 4556 0x000002cb213e3d10 code [0x000002cb213e3ec0, 0x000002cb213e41d8]

GC Heap History (20 events):
Event: 5166.813 GC heap before
{Heap before GC invocations=366 (full 347):
 garbage-first heap   total 78848K, used 24875K [0x00000000c0000000, 0x0000000100000000)
  region size 1024K, 1 young (1024K), 0 survivors (0K)
 Metaspace       used 39626K, committed 40000K, reserved 1114112K
  class space    used 5270K, committed 5440K, reserved 1048576K
}
Event: 5166.852 GC heap after
{Heap after GC invocations=367 (full 348):
 garbage-first heap   total 78848K, used 24875K [0x00000000c0000000, 0x0000000100000000)
  region size 1024K, 0 young (0K), 0 survivors (0K)
 Metaspace       used 39626K, committed 40000K, reserved 1114112K
  class space    used 5270K, committed 5440K, reserved 1048576K
}
Event: 5177.259 GC heap before
{Heap before GC invocations=367 (full 348):
 garbage-first heap   total 78848K, used 24875K [0x00000000c0000000, 0x0000000100000000)
  region size 1024K, 1 young (1024K), 0 survivors (0K)
 Metaspace       used 39626K, committed 40000K, reserved 1114112K
  class space    used 5270K, committed 5440K, reserved 1048576K
}
Event: 5177.305 GC heap after
{Heap after GC invocations=368 (full 349):
 garbage-first heap   total 78848K, used 24875K [0x00000000c0000000, 0x0000000100000000)
  region size 1024K, 0 young (0K), 0 survivors (0K)
 Metaspace       used 39626K, committed 40000K, reserved 1114112K
  class space    used 5270K, committed 5440K, reserved 1048576K
}
Event: 5187.875 GC heap before
{Heap before GC invocations=368 (full 349):
 garbage-first heap   total 78848K, used 24875K [0x00000000c0000000, 0x0000000100000000)
  region size 1024K, 1 young (1024K), 0 survivors (0K)
 Metaspace       used 39626K, committed 40000K, reserved 1114112K
  class space    used 5270K, committed 5440K, reserved 1048576K
}
Event: 5187.919 GC heap after
{Heap after GC invocations=369 (full 350):
 garbage-first heap   total 78848K, used 24875K [0x00000000c0000000, 0x0000000100000000)
  region size 1024K, 0 young (0K), 0 survivors (0K)
 Metaspace       used 39626K, committed 40000K, reserved 1114112K
  class space    used 5270K, committed 5440K, reserved 1048576K
}
Event: 5198.418 GC heap before
{Heap before GC invocations=369 (full 350):
 garbage-first heap   total 78848K, used 24875K [0x00000000c0000000, 0x0000000100000000)
  region size 1024K, 1 young (1024K), 0 survivors (0K)
 Metaspace       used 39626K, committed 40000K, reserved 1114112K
  class space    used 5270K, committed 5440K, reserved 1048576K
}
Event: 5198.460 GC heap after
{Heap after GC invocations=370 (full 351):
 garbage-first heap   total 78848K, used 24875K [0x00000000c0000000, 0x0000000100000000)
  region size 1024K, 0 young (0K), 0 survivors (0K)
 Metaspace       used 39626K, committed 40000K, reserved 1114112K
  class space    used 5270K, committed 5440K, reserved 1048576K
}
Event: 5208.838 GC heap before
{Heap before GC invocations=370 (full 351):
 garbage-first heap   total 78848K, used 24875K [0x00000000c0000000, 0x0000000100000000)
  region size 1024K, 1 young (1024K), 0 survivors (0K)
 Metaspace       used 39626K, committed 40000K, reserved 1114112K
  class space    used 5270K, committed 5440K, reserved 1048576K
}
Event: 5208.881 GC heap after
{Heap after GC invocations=371 (full 352):
 garbage-first heap   total 78848K, used 24875K [0x00000000c0000000, 0x0000000100000000)
  region size 1024K, 0 young (0K), 0 survivors (0K)
 Metaspace       used 39626K, committed 40000K, reserved 1114112K
  class space    used 5270K, committed 5440K, reserved 1048576K
}
Event: 5220.880 GC heap before
{Heap before GC invocations=371 (full 352):
 garbage-first heap   total 78848K, used 24875K [0x00000000c0000000, 0x0000000100000000)
  region size 1024K, 1 young (1024K), 0 survivors (0K)
 Metaspace       used 39626K, committed 40000K, reserved 1114112K
  class space    used 5270K, committed 5440K, reserved 1048576K
}
Event: 5220.926 GC heap after
{Heap after GC invocations=372 (full 353):
 garbage-first heap   total 78848K, used 24875K [0x00000000c0000000, 0x0000000100000000)
  region size 1024K, 0 young (0K), 0 survivors (0K)
 Metaspace       used 39626K, committed 40000K, reserved 1114112K
  class space    used 5270K, committed 5440K, reserved 1048576K
}
Event: 5231.337 GC heap before
{Heap before GC invocations=372 (full 353):
 garbage-first heap   total 78848K, used 24875K [0x00000000c0000000, 0x0000000100000000)
  region size 1024K, 1 young (1024K), 0 survivors (0K)
 Metaspace       used 39626K, committed 40000K, reserved 1114112K
  class space    used 5270K, committed 5440K, reserved 1048576K
}
Event: 5231.380 GC heap after
{Heap after GC invocations=373 (full 354):
 garbage-first heap   total 78848K, used 24875K [0x00000000c0000000, 0x0000000100000000)
  region size 1024K, 0 young (0K), 0 survivors (0K)
 Metaspace       used 39626K, committed 40000K, reserved 1114112K
  class space    used 5270K, committed 5440K, reserved 1048576K
}
Event: 5241.629 GC heap before
{Heap before GC invocations=373 (full 354):
 garbage-first heap   total 78848K, used 24875K [0x00000000c0000000, 0x0000000100000000)
  region size 1024K, 1 young (1024K), 0 survivors (0K)
 Metaspace       used 39626K, committed 40000K, reserved 1114112K
  class space    used 5270K, committed 5440K, reserved 1048576K
}
Event: 5241.690 GC heap after
{Heap after GC invocations=374 (full 355):
 garbage-first heap   total 78848K, used 24875K [0x00000000c0000000, 0x0000000100000000)
  region size 1024K, 0 young (0K), 0 survivors (0K)
 Metaspace       used 39626K, committed 40000K, reserved 1114112K
  class space    used 5270K, committed 5440K, reserved 1048576K
}
Event: 5251.927 GC heap before
{Heap before GC invocations=374 (full 355):
 garbage-first heap   total 78848K, used 24875K [0x00000000c0000000, 0x0000000100000000)
  region size 1024K, 1 young (1024K), 0 survivors (0K)
 Metaspace       used 39626K, committed 40000K, reserved 1114112K
  class space    used 5270K, committed 5440K, reserved 1048576K
}
Event: 5251.954 GC heap after
{Heap after GC invocations=375 (full 356):
 garbage-first heap   total 78848K, used 24875K [0x00000000c0000000, 0x0000000100000000)
  region size 1024K, 0 young (0K), 0 survivors (0K)
 Metaspace       used 39626K, committed 40000K, reserved 1114112K
  class space    used 5270K, committed 5440K, reserved 1048576K
}
Event: 5262.270 GC heap before
{Heap before GC invocations=375 (full 356):
 garbage-first heap   total 78848K, used 24875K [0x00000000c0000000, 0x0000000100000000)
  region size 1024K, 1 young (1024K), 0 survivors (0K)
 Metaspace       used 39626K, committed 40000K, reserved 1114112K
  class space    used 5270K, committed 5440K, reserved 1048576K
}
Event: 5262.310 GC heap after
{Heap after GC invocations=376 (full 357):
 garbage-first heap   total 78848K, used 24875K [0x00000000c0000000, 0x0000000100000000)
  region size 1024K, 0 young (0K), 0 survivors (0K)
 Metaspace       used 39626K, committed 40000K, reserved 1114112K
  class space    used 5270K, committed 5440K, reserved 1048576K
}

Dll operation events (8 events):
Event: 0.024 Loaded shared library c:\Users\Janet\.vscode\extensions\redhat.java-1.32.2024062208-win32-x64\jre\17.0.11-win32-x86_64\bin\java.dll
Event: 0.724 Loaded shared library C:\Users\Janet\.vscode\extensions\redhat.java-1.32.2024062208-win32-x64\jre\17.0.11-win32-x86_64\bin\net.dll
Event: 0.734 Loaded shared library C:\Users\Janet\.vscode\extensions\redhat.java-1.32.2024062208-win32-x64\jre\17.0.11-win32-x86_64\bin\nio.dll
Event: 1.597 Loaded shared library C:\Users\Janet\.vscode\extensions\redhat.java-1.32.2024062208-win32-x64\jre\17.0.11-win32-x86_64\bin\zip.dll
Event: 18.285 Loaded shared library C:\Users\Janet\.vscode\extensions\redhat.java-1.32.2024062208-win32-x64\jre\17.0.11-win32-x86_64\bin\jimage.dll
Event: 21.782 Loaded shared library c:\Users\Janet\.vscode\extensions\redhat.java-1.32.2024062208-win32-x64\jre\17.0.11-win32-x86_64\bin\verify.dll
Event: 32.503 Loaded shared library C:\Users\Janet\.vscode\extensions\redhat.java-1.32.2024062208-win32-x64\jre\17.0.11-win32-x86_64\bin\management.dll
Event: 32.511 Loaded shared library C:\Users\Janet\.vscode\extensions\redhat.java-1.32.2024062208-win32-x64\jre\17.0.11-win32-x86_64\bin\management_ext.dll

Deoptimization events (6 events):
Event: 33.138 Thread 0x000002cb2f393040 DEOPT PACKING pc=0x000002cb2102b881 sp=0x000000ef8c8fe110
Event: 33.138 Thread 0x000002cb2f393040 DEOPT UNPACKING pc=0x000002cb20b47143 sp=0x000000ef8c8fd5a0 mode 3
Event: 33.139 Thread 0x000002cb2f47e280 DEOPT PACKING pc=0x000002cb2100c117 sp=0x000000ef8cafee00
Event: 33.139 Thread 0x000002cb2f47e280 DEOPT UNPACKING pc=0x000002cb20b47143 sp=0x000000ef8cafe258 mode 3
Event: 1181.227 Thread 0x000002cb2f393040 DEOPT PACKING pc=0x000002cb211019d4 sp=0x000000ef8c8ff2f0
Event: 1181.228 Thread 0x000002cb2f393040 DEOPT UNPACKING pc=0x000002cb20b47143 sp=0x000000ef8c8fe798 mode 0

Classes unloaded (20 events):
Event: 93.433 Thread 0x000002cb29444200 Unloading class 0x000000010008e800 'java/lang/invoke/LambdaForm$MH+0x000000010008e800'
Event: 93.433 Thread 0x000002cb29444200 Unloading class 0x000000010008e400 'java/lang/invoke/LambdaForm$MH+0x000000010008e400'
Event: 93.433 Thread 0x000002cb29444200 Unloading class 0x000000010008e000 'java/lang/invoke/LambdaForm$MH+0x000000010008e000'
Event: 93.433 Thread 0x000002cb29444200 Unloading class 0x000000010008dc00 'java/lang/invoke/LambdaForm$MH+0x000000010008dc00'
Event: 93.433 Thread 0x000002cb29444200 Unloading class 0x000000010008d800 'java/lang/invoke/LambdaForm$MH+0x000000010008d800'
Event: 93.433 Thread 0x000002cb29444200 Unloading class 0x000000010008d400 'java/lang/invoke/LambdaForm$MH+0x000000010008d400'
Event: 93.433 Thread 0x000002cb29444200 Unloading class 0x000000010008cc00 'java/lang/invoke/LambdaForm$MH+0x000000010008cc00'
Event: 93.433 Thread 0x000002cb29444200 Unloading class 0x000000010008c800 'java/lang/invoke/LambdaForm$MH+0x000000010008c800'
Event: 93.433 Thread 0x000002cb29444200 Unloading class 0x000000010008c000 'java/lang/invoke/LambdaForm$MH+0x000000010008c000'
Event: 93.433 Thread 0x000002cb29444200 Unloading class 0x000000010008bc00 'java/lang/invoke/LambdaForm$MH+0x000000010008bc00'
Event: 2699.919 Thread 0x000002cb29444200 Unloading class 0x000000010008d400 'java/lang/invoke/LambdaForm$MH+0x000000010008d400'
Event: 2699.919 Thread 0x000002cb29444200 Unloading class 0x000000010008e800 'java/lang/invoke/LambdaForm$MH+0x000000010008e800'
Event: 2699.919 Thread 0x000002cb29444200 Unloading class 0x0000000100094400 'java/lang/invoke/LambdaForm$MH+0x0000000100094400'
Event: 2699.920 Thread 0x000002cb29444200 Unloading class 0x00000001003ac400 'java/lang/invoke/LambdaForm$MH+0x00000001003ac400'
Event: 2699.920 Thread 0x000002cb29444200 Unloading class 0x00000001003acc00 'java/lang/invoke/LambdaForm$MH+0x00000001003acc00'
Event: 2699.920 Thread 0x000002cb29444200 Unloading class 0x00000001003ad400 'java/lang/invoke/LambdaForm$MH+0x00000001003ad400'
Event: 2699.920 Thread 0x000002cb29444200 Unloading class 0x00000001003b1c00 'java/lang/invoke/LambdaForm$MH+0x00000001003b1c00'
Event: 2699.920 Thread 0x000002cb29444200 Unloading class 0x000000010048c400 'java/lang/invoke/LambdaForm$MH+0x000000010048c400'
Event: 2699.920 Thread 0x000002cb29444200 Unloading class 0x0000000100520400 'java/lang/invoke/LambdaForm$MH+0x0000000100520400'
Event: 2699.920 Thread 0x000002cb29444200 Unloading class 0x0000000100558000 'java/lang/invoke/LambdaForm$MH+0x0000000100558000'

Classes redefined (0 events):
No events

Internal exceptions (20 events):
Event: 25.855 Thread 0x000002cb1c69a470 Exception <a 'java/lang/NoSuchMethodError'{0x00000000c4112110}: 'int java.lang.invoke.Invokers$Holder.linkToTargetMethod(java.lang.Object, java.lang.Object, java.lang.Object)'> (0x00000000c4112110) 
thrown [s\src\hotspot\share\interpreter\linkResolver.cpp, line 759]
Event: 28.690 Thread 0x000002cb1c69a470 Exception <a 'java/lang/NoSuchMethodError'{0x00000000c3ddbd10}: 'java.lang.Object java.lang.invoke.DirectMethodHandle$Holder.invokeStaticInit(java.lang.Object, int, int, int, int)'> (0x00000000c3ddbd10) 
thrown [s\src\hotspot\share\interpreter\linkResolver.cpp, line 759]
Event: 28.787 Thread 0x000002cb1c69a470 Exception <a 'java/lang/NoSuchMethodError'{0x00000000c3c827b0}: 'java.lang.Object java.lang.invoke.DirectMethodHandle$Holder.invokeStaticInit(java.lang.Object, java.lang.Object, int, int, int, int)'> (0x00000000c3c827b0) 
thrown [s\src\hotspot\share\interpreter\linkResolver.cpp, line 759]
Event: 29.136 Thread 0x000002cb1c69a470 Exception <a 'java/lang/NoSuchMethodError'{0x00000000c3313290}: 'void java.lang.invoke.DirectMethodHandle$Holder.invokeSpecialIFC(java.lang.Object, java.lang.Object, java.lang.Object)'> (0x00000000c3313290) 
thrown [s\src\hotspot\share\interpreter\linkResolver.cpp, line 759]
Event: 30.636 Thread 0x000002cb1c69a470 Exception <a 'java/lang/NoSuchMethodError'{0x00000000c3eadc28}: 'int java.lang.invoke.DirectMethodHandle$Holder.invokeStaticInit(java.lang.Object, java.lang.Object, int, java.lang.Object)'> (0x00000000c3eadc28) 
thrown [s\src\hotspot\share\interpreter\linkResolver.cpp, line 759]
Event: 30.918 Thread 0x000002cb1c69a470 Exception <a 'java/lang/NoSuchMethodError'{0x00000000c3dd1430}: 'void java.lang.invoke.DirectMethodHandle$Holder.invokeSpecial(java.lang.Object, java.lang.Object, java.lang.Object, java.lang.Object, java.lang.Object, java.lang.Object, java.lang.Object)'> (0x00000000c3dd1430) 
thrown [s\src\hotspot\share\interpreter\linkResolver.cpp, line 759]
Event: 31.976 Thread 0x000002cb1c69a470 Exception <a 'java/lang/NoSuchMethodError'{0x00000000c38f8c40}: 'java.lang.Object java.lang.invoke.DirectMethodHandle$Holder.invokeInterface(java.lang.Object, java.lang.Object, int)'> (0x00000000c38f8c40) 
thrown [s\src\hotspot\share\interpreter\linkResolver.cpp, line 759]
Event: 31.980 Thread 0x000002cb1c69a470 Exception <a 'java/lang/IncompatibleClassChangeError'{0x00000000c370fd00}: Found class java.lang.Object, but interface was expected> (0x00000000c370fd00) 
thrown [s\src\hotspot\share\interpreter\linkResolver.cpp, line 826]
Event: 32.487 Thread 0x000002cb1c69a470 Exception <a 'java/lang/NoSuchMethodError'{0x00000000c4714cd0}: 'java.lang.Object java.lang.invoke.DirectMethodHandle$Holder.newInvokeSpecial(java.lang.Object, java.lang.Object, int, java.lang.Object, java.lang.Object)'> (0x00000000c4714cd0) 
thrown [s\src\hotspot\share\interpreter\linkResolver.cpp, line 759]
Event: 32.489 Thread 0x000002cb1c69a470 Exception <a 'java/lang/NoSuchMethodError'{0x00000000c47283d0}: 'java.lang.Object java.lang.invoke.DirectMethodHandle$Holder.invokeSpecial(java.lang.Object, java.lang.Object, int, java.lang.Object, int, java.lang.Object)'> (0x00000000c47283d0) 
thrown [s\src\hotspot\share\interpreter\linkResolver.cpp, line 759]
Event: 32.489 Thread 0x000002cb1c69a470 Exception <a 'java/lang/NoSuchMethodError'{0x00000000c47301d8}: 'java.lang.Object java.lang.invoke.DirectMethodHandle$Holder.newInvokeSpecial(java.lang.Object, java.lang.Object, int, java.lang.Object, int)'> (0x00000000c47301d8) 
thrown [s\src\hotspot\share\interpreter\linkResolver.cpp, line 759]
Event: 32.490 Thread 0x000002cb1c69a470 Exception <a 'java/lang/NoSuchMethodError'{0x00000000c47342d8}: 'java.lang.Object java.lang.invoke.DirectMethodHandle$Holder.invokeSpecial(java.lang.Object, java.lang.Object, java.lang.Object, int, java.lang.Object, int)'> (0x00000000c47342d8) 
thrown [s\src\hotspot\share\interpreter\linkResolver.cpp, line 759]
Event: 32.996 Thread 0x000002cb2f3f4ab0 Exception <a 'java/lang/NoSuchMethodError'{0x00000000c3c6b2e0}: 'java.lang.Object java.lang.invoke.DirectMethodHandle$Holder.invokeStatic(java.lang.Object, int, java.lang.Object)'> (0x00000000c3c6b2e0) 
thrown [s\src\hotspot\share\interpreter\linkResolver.cpp, line 759]
Event: 33.080 Thread 0x000002cb2f393040 Exception <a 'java/lang/NoSuchMethodError'{0x00000000c3c43568}: 'java.lang.Object java.lang.invoke.DirectMethodHandle$Holder.invokeStatic(java.lang.Object, java.lang.Object, java.lang.Object, int, java.lang.Object, java.lang.Object)'> (0x00000000c3c43568) 
thrown [s\src\hotspot\share\interpreter\linkResolver.cpp, line 759]
Event: 33.843 Thread 0x000002cb2f272fd0 Exception <a 'java/lang/NoSuchMethodError'{0x00000000c31031a8}: 'int java.lang.invoke.DirectMethodHandle$Holder.invokeStatic(java.lang.Object)'> (0x00000000c31031a8) 
thrown [s\src\hotspot\share\interpreter\linkResolver.cpp, line 759]
Event: 33.843 Thread 0x000002cb2f272fd0 Exception <a 'java/lang/NoSuchMethodError'{0x00000000c31065a8}: 'int java.lang.invoke.DirectMethodHandle$Holder.invokeStaticInit(java.lang.Object)'> (0x00000000c31065a8) 
thrown [s\src\hotspot\share\interpreter\linkResolver.cpp, line 759]
Event: 72.503 Thread 0x000002cb2f30aea0 Exception <a 'java/lang/NoSuchMethodError'{0x00000000c577b950}: 'void java.lang.invoke.DirectMethodHandle$Holder.invokeStatic(java.lang.Object, long)'> (0x00000000c577b950) 
thrown [s\src\hotspot\share\interpreter\linkResolver.cpp, line 759]
Event: 72.504 Thread 0x000002cb2f30aea0 Exception <a 'java/lang/NoSuchMethodError'{0x00000000c5780cf8}: 'java.lang.Object java.lang.invoke.DirectMethodHandle$Holder.newInvokeSpecial(java.lang.Object, long)'> (0x00000000c5780cf8) 
thrown [s\src\hotspot\share\interpreter\linkResolver.cpp, line 759]
Event: 1292.667 Thread 0x000002cb2f275340 Exception <a 'java/lang/NoSuchMethodError'{0x00000000c58772f0}: 'java.lang.Object java.lang.invoke.DirectMethodHandle$Holder.newInvokeSpecial(java.lang.Object, java.lang.Object, int, java.lang.Object)'> (0x00000000c58772f0) 
thrown [s\src\hotspot\share\interpreter\linkResolver.cpp, line 759]
Event: 1292.668 Thread 0x000002cb2f275340 Exception <a 'java/lang/NoSuchMethodError'{0x00000000c587ac10}: 'java.lang.Object java.lang.invoke.Invokers$Holder.linkToTargetMethod(java.lang.Object, int, java.lang.Object, java.lang.Object)'> (0x00000000c587ac10) 
thrown [s\src\hotspot\share\interpreter\linkResolver.cpp, line 759]

VM Operations (20 events):
Event: 5166.852 Executing VM operation: G1CollectFull done
Event: 5177.259 Executing VM operation: G1CollectFull
Event: 5177.305 Executing VM operation: G1CollectFull done
Event: 5187.875 Executing VM operation: G1CollectFull
Event: 5187.919 Executing VM operation: G1CollectFull done
Event: 5198.418 Executing VM operation: G1CollectFull
Event: 5198.461 Executing VM operation: G1CollectFull done
Event: 5208.837 Executing VM operation: G1CollectFull
Event: 5208.881 Executing VM operation: G1CollectFull done
Event: 5220.879 Executing VM operation: G1CollectFull
Event: 5220.926 Executing VM operation: G1CollectFull done
Event: 5231.337 Executing VM operation: G1CollectFull
Event: 5231.380 Executing VM operation: G1CollectFull done
Event: 5241.629 Executing VM operation: G1CollectFull
Event: 5241.690 Executing VM operation: G1CollectFull done
Event: 5251.926 Executing VM operation: G1CollectFull
Event: 5251.954 Executing VM operation: G1CollectFull done
Event: 5262.270 Executing VM operation: G1CollectFull
Event: 5262.310 Executing VM operation: G1CollectFull done
Event: 5273.036 Executing VM operation: G1CollectFull

Events (20 events):
Event: 2558.136 Thread 0x000002cb2f46ec90 Thread exited: 0x000002cb2f46ec90
Event: 2572.033 Thread 0x000002cb2f46c920 Thread added: 0x000002cb2f46c920
Event: 2575.084 Thread 0x000002cb2f46d340 Thread added: 0x000002cb2f46d340
Event: 2575.085 Thread 0x000002cb2f46e780 Thread added: 0x000002cb2f46e780
Event: 2635.093 Thread 0x000002cb2f46afd0 Thread exited: 0x000002cb2f46afd0
Event: 2635.094 Thread 0x000002cb2f469b90 Thread exited: 0x000002cb2f469b90
Event: 2635.096 Thread 0x000002cb2f46b9f0 Thread exited: 0x000002cb2f46b9f0
Event: 2635.097 Thread 0x000002cb2f46d850 Thread exited: 0x000002cb2f46d850
Event: 2692.883 Thread 0x000002cb2f46e780 Thread exited: 0x000002cb2f46e780
Event: 2695.934 Thread 0x000002cb2f46e270 Thread exited: 0x000002cb2f46e270
Event: 2705.025 Thread 0x000002cb2f46d340 Thread exited: 0x000002cb2f46d340
Event: 2722.187 Thread 0x000002cb2f46c920 Thread exited: 0x000002cb2f46c920
Event: 3736.785 Thread 0x000002cb2f470af0 Thread added: 0x000002cb2f470af0
Event: 3736.949 Thread 0x000002cb2f46c920 Thread added: 0x000002cb2f46c920
Event: 3796.948 Thread 0x000002cb2f46c920 Thread exited: 0x000002cb2f46c920
Event: 3798.808 Thread 0x000002cb2f470af0 Thread exited: 0x000002cb2f470af0
Event: 3805.221 Thread 0x000002cb2f470af0 Thread added: 0x000002cb2f470af0
Event: 3806.287 Thread 0x000002cb2f469b90 Thread added: 0x000002cb2f469b90
Event: 3867.539 Thread 0x000002cb2f469b90 Thread exited: 0x000002cb2f469b90
Event: 3869.562 Thread 0x000002cb2f470af0 Thread exited: 0x000002cb2f470af0


Dynamic libraries:
0x00007ff6fd600000 - 0x00007ff6fd60e000 	c:\Users\Janet\.vscode\extensions\redhat.java-1.32.2024062208-win32-x64\jre\17.0.11-win32-x86_64\bin\java.exe
0x00007ff893b90000 - 0x00007ff893da7000 	C:\WINDOWS\SYSTEM32\ntdll.dll
0x00007ff892870000 - 0x00007ff892934000 	C:\WINDOWS\System32\KERNEL32.DLL
0x00007ff890ec0000 - 0x00007ff89126c000 	C:\WINDOWS\System32\KERNELBASE.dll
0x00007ff891480000 - 0x00007ff891591000 	C:\WINDOWS\System32\ucrtbase.dll
0x00007ff8720b0000 - 0x00007ff8720c7000 	c:\Users\Janet\.vscode\extensions\redhat.java-1.32.2024062208-win32-x64\jre\17.0.11-win32-x86_64\bin\jli.dll
0x00007ff891fe0000 - 0x00007ff89218e000 	C:\WINDOWS\System32\USER32.dll
0x00007ff8916c0000 - 0x00007ff8916e6000 	C:\WINDOWS\System32\win32u.dll
0x00007ff892ca0000 - 0x00007ff892cc9000 	C:\WINDOWS\System32\GDI32.dll
0x00007ff8917b0000 - 0x00007ff8918c9000 	C:\WINDOWS\System32\gdi32full.dll
0x00007ff891620000 - 0x00007ff8916ba000 	C:\WINDOWS\System32\msvcp_win.dll
0x00007ff872090000 - 0x00007ff8720ab000 	c:\Users\Janet\.vscode\extensions\redhat.java-1.32.2024062208-win32-x64\jre\17.0.11-win32-x86_64\bin\VCRUNTIME140.dll
0x00007ff881700000 - 0x00007ff881993000 	C:\WINDOWS\WinSxS\amd64_microsoft.windows.common-controls_6595b64144ccf1df_6.0.22621.3672_none_2713b9d173822955\COMCTL32.dll
0x00007ff893970000 - 0x00007ff893a17000 	C:\WINDOWS\System32\msvcrt.dll
0x00007ff8918e0000 - 0x00007ff891911000 	C:\WINDOWS\System32\IMM32.DLL
0x00007ff87c1d0000 - 0x00007ff87c1dc000 	c:\Users\Janet\.vscode\extensions\redhat.java-1.32.2024062208-win32-x64\jre\17.0.11-win32-x86_64\bin\vcruntime140_1.dll
0x00007ff850f60000 - 0x00007ff850fed000 	c:\Users\Janet\.vscode\extensions\redhat.java-1.32.2024062208-win32-x64\jre\17.0.11-win32-x86_64\bin\msvcp140.dll
0x00007ff80cf70000 - 0x00007ff80dbd2000 	c:\Users\Janet\.vscode\extensions\redhat.java-1.32.2024062208-win32-x64\jre\17.0.11-win32-x86_64\bin\server\jvm.dll
0x00007ff8927b0000 - 0x00007ff892862000 	C:\WINDOWS\System32\ADVAPI32.dll
0x00007ff892b00000 - 0x00007ff892baa000 	C:\WINDOWS\System32\sechost.dll
0x00007ff8913e0000 - 0x00007ff891408000 	C:\WINDOWS\System32\bcrypt.dll
0x00007ff891920000 - 0x00007ff891a35000 	C:\WINDOWS\System32\RPCRT4.dll
0x00007ff890d80000 - 0x00007ff890dcd000 	C:\WINDOWS\SYSTEM32\POWRPROF.dll
0x00007ff86d200000 - 0x00007ff86d209000 	C:\WINDOWS\SYSTEM32\WSOCK32.dll
0x00007ff892630000 - 0x00007ff8926a1000 	C:\WINDOWS\System32\WS2_32.dll
0x00007ff888130000 - 0x00007ff888164000 	C:\WINDOWS\SYSTEM32\WINMM.dll
0x00007ff886d50000 - 0x00007ff886d5a000 	C:\WINDOWS\SYSTEM32\VERSION.dll
0x00007ff890d60000 - 0x00007ff890d73000 	C:\WINDOWS\SYSTEM32\UMPDC.dll
0x00007ff88fe50000 - 0x00007ff88fe68000 	C:\WINDOWS\SYSTEM32\kernel.appcore.dll
0x00007ff876c50000 - 0x00007ff876c5a000 	c:\Users\Janet\.vscode\extensions\redhat.java-1.32.2024062208-win32-x64\jre\17.0.11-win32-x86_64\bin\jimage.dll
0x00007ff88e670000 - 0x00007ff88e8a2000 	C:\WINDOWS\SYSTEM32\DBGHELP.DLL
0x00007ff893550000 - 0x00007ff8938d8000 	C:\WINDOWS\System32\combase.dll
0x00007ff892bb0000 - 0x00007ff892c87000 	C:\WINDOWS\System32\OLEAUT32.dll
0x00007ff87d1a0000 - 0x00007ff87d1d2000 	C:\WINDOWS\SYSTEM32\dbgcore.DLL
0x00007ff8915a0000 - 0x00007ff89161b000 	C:\WINDOWS\System32\bcryptPrimitives.dll
0x00007ff865cd0000 - 0x00007ff865cf5000 	c:\Users\Janet\.vscode\extensions\redhat.java-1.32.2024062208-win32-x64\jre\17.0.11-win32-x86_64\bin\java.dll
0x00007ff871f30000 - 0x00007ff871f48000 	c:\Users\Janet\.vscode\extensions\redhat.java-1.32.2024062208-win32-x64\jre\17.0.11-win32-x86_64\bin\zip.dll
0x00007ff892ce0000 - 0x00007ff89353c000 	C:\WINDOWS\System32\SHELL32.dll
0x00007ff88edc0000 - 0x00007ff88f6b7000 	C:\WINDOWS\SYSTEM32\windows.storage.dll
0x00007ff88ec80000 - 0x00007ff88edbf000 	C:\WINDOWS\SYSTEM32\wintypes.dll
0x00007ff891aa0000 - 0x00007ff891b94000 	C:\WINDOWS\System32\SHCORE.dll
0x00007ff891a40000 - 0x00007ff891a9e000 	C:\WINDOWS\System32\shlwapi.dll
0x00007ff890df0000 - 0x00007ff890e11000 	C:\WINDOWS\SYSTEM32\profapi.dll
0x00007ff867af0000 - 0x00007ff867b09000 	C:\Users\Janet\.vscode\extensions\redhat.java-1.32.2024062208-win32-x64\jre\17.0.11-win32-x86_64\bin\net.dll
0x00007ff888e70000 - 0x00007ff888fa6000 	C:\WINDOWS\SYSTEM32\WINHTTP.dll
0x00007ff890320000 - 0x00007ff890389000 	C:\WINDOWS\system32\mswsock.dll
0x00007ff8678b0000 - 0x00007ff8678c6000 	C:\Users\Janet\.vscode\extensions\redhat.java-1.32.2024062208-win32-x64\jre\17.0.11-win32-x86_64\bin\nio.dll
0x00007ff86d210000 - 0x00007ff86d220000 	c:\Users\Janet\.vscode\extensions\redhat.java-1.32.2024062208-win32-x64\jre\17.0.11-win32-x86_64\bin\verify.dll
0x00007ff8905d0000 - 0x00007ff8905eb000 	C:\WINDOWS\SYSTEM32\CRYPTSP.dll
0x00007ff88fe10000 - 0x00007ff88fe45000 	C:\WINDOWS\system32\rsaenh.dll
0x00007ff890440000 - 0x00007ff890468000 	C:\WINDOWS\SYSTEM32\USERENV.dll
0x00007ff8905c0000 - 0x00007ff8905cc000 	C:\WINDOWS\SYSTEM32\CRYPTBASE.dll
0x00007ff88f920000 - 0x00007ff88f94d000 	C:\WINDOWS\SYSTEM32\IPHLPAPI.DLL
0x00007ff892c90000 - 0x00007ff892c99000 	C:\WINDOWS\System32\NSI.dll
0x00007ff889500000 - 0x00007ff889519000 	C:\WINDOWS\SYSTEM32\dhcpcsvc6.DLL
0x00007ff8889b0000 - 0x00007ff8889cf000 	C:\WINDOWS\SYSTEM32\dhcpcsvc.DLL
0x00007ff88f990000 - 0x00007ff88fa88000 	C:\WINDOWS\SYSTEM32\DNSAPI.dll
0x00007ff867920000 - 0x00007ff867929000 	C:\Users\Janet\.vscode\extensions\redhat.java-1.32.2024062208-win32-x64\jre\17.0.11-win32-x86_64\bin\management.dll
0x00007ff85a4f0000 - 0x00007ff85a4fb000 	C:\Users\Janet\.vscode\extensions\redhat.java-1.32.2024062208-win32-x64\jre\17.0.11-win32-x86_64\bin\management_ext.dll
0x00007ff8918d0000 - 0x00007ff8918d8000 	C:\WINDOWS\System32\PSAPI.DLL

dbghelp: loaded successfully - version: 4.0.5 - missing functions: none
symbol engine: initialized successfully - sym options: 0x614 - pdb path: .;c:\Users\Janet\.vscode\extensions\redhat.java-1.32.2024062208-win32-x64\jre\17.0.11-win32-x86_64\bin;C:\WINDOWS\SYSTEM32;C:\WINDOWS\WinSxS\amd64_microsoft.windows.common-controls_6595b64144ccf1df_6.0.22621.3672_none_2713b9d173822955;c:\Users\Janet\.vscode\extensions\redhat.java-1.32.2024062208-win32-x64\jre\17.0.11-win32-x86_64\bin\server

VM Arguments:
jvm_args: -Xmx1024m -Dsts.lsp.client=vscode -Dsts.log.file=/dev/null -XX:TieredStopAtLevel=1 -Xlog:jni+resolve=off -Dspring.config.location=file:c:\Users\Janet\.vscode\extensions\vmware.vscode-spring-boot-1.55.1\language-server\BOOT-INF\classes\application.properties 
java_command: org.springframework.ide.vscode.boot.app.BootLanguageServerBootApp
java_class_path (initial): c:\Users\Janet\.vscode\extensions\vmware.vscode-spring-boot-1.55.1\language-server\BOOT-INF\classes;c:\Users\Janet\.vscode\extensions\vmware.vscode-spring-boot-1.55.1\language-server\BOOT-INF\lib\annotations-24.1.0.jar;c:\Users\Janet\.vscode\extensions\vmware.vscode-spring-boot-1.55.1\language-server\BOOT-INF\lib\antlr4-runtime-4.13.1.jar;c:\Users\Janet\.vscode\extensions\vmware.vscode-spring-boot-1.55.1\language-server\BOOT-INF\lib\asm-9.7.jar;c:\Users\Janet\.vscode\extensions\vmware.vscode-spring-boot-1.55.1\language-server\BOOT-INF\lib\asm-analysis-9.7.jar;c:\Users\Janet\.vscode\extensions\vmware.vscode-spring-boot-1.55.1\language-server\BOOT-INF\lib\asm-tree-9.7.jar;c:\Users\Janet\.vscode\extensions\vmware.vscode-spring-boot-1.55.1\language-server\BOOT-INF\lib\asm-util-9.7.jar;c:\Users\Janet\.vscode\extensions\vmware.vscode-spring-boot-1.55.1\language-server\BOOT-INF\lib\caffeine-3.1.8.jar;c:\Users\Janet\.vscode\extensions\vmware.vscode-spring-boot-1.55.1\language-server\BOOT-INF\lib\checker-qual-3.12.0.jar;c:\Users\Janet\.vscode\extensions\vmware.vscode-spring-boot-1.55.1\language-server\BOOT-INF\lib\classgraph-4.8.149.jar;c:\Users\Janet\.vscode\extensions\vmware.vscode-spring-boot-1.55.1\language-server\BOOT-INF\lib\commons-codec-1.16.1.jar;c:\Users\Janet\.vscode\extensions\vmware.vscode-spring-boot-1.55.1\language-server\BOOT-INF\lib\commons-compress-1.26.1.jar;c:\Users\Janet\.vscode\extensions\vmware.vscode-spring-boot-1.55.1\language-server\BOOT-INF\lib\commons-io-2.16.1.jar;c:\Users\Janet\.vscode\extensions\vmware.vscode-spring-boot-1.55.1\language-server\BOOT-INF\lib\commons-java-1.55.1-SNAPSHOT.jar;c:\Users\Janet\.vscode\extensions\vmware.vscode-spring-boot-1.55.1\language-server\BOOT-INF\lib\commons-lang3-3.14.0.jar;c:\Users\Janet\.vscode\extensions\vmware.vscode-spring-boot-1.55.1\language-server\BOOT-INF\lib\commons-language-server-1.55.1-SNAPSHOT.jar;c:\Users\Janet\.vscode\extensions\vmware.vscode-spring-boot-1.55.1\langu
Launcher Type: SUN_STANDARD

[Global flags]
     intx CICompilerCount                          = 4                                         {product} {ergonomic}
     uint ConcGCThreads                            = 2                                         {product} {ergonomic}
     uint G1ConcRefinementThreads                  = 8                                         {product} {ergonomic}
   size_t G1HeapRegionSize                         = 1048576                                   {product} {ergonomic}
    uintx GCDrainStackTargetSize                   = 64                                        {product} {ergonomic}
   size_t InitialHeapSize                          = 100663296                                 {product} {ergonomic}
   size_t MarkStackSize                            = 4194304                                   {product} {ergonomic}
   size_t MaxHeapSize                              = 1073741824                                {product} {command line}
   size_t MaxNewSize                               = 643825664                                 {product} {ergonomic}
   size_t MinHeapDeltaBytes                        = 1048576                                   {product} {ergonomic}
   size_t MinHeapSize                              = 8388608                                   {product} {ergonomic}
    uintx NonProfiledCodeHeapSize                  = 0                                      {pd product} {ergonomic}
     bool ProfileInterpreter                       = false                                  {pd product} {command line}
    uintx ProfiledCodeHeapSize                     = 0                                      {pd product} {ergonomic}
   size_t SoftMaxHeapSize                          = 1073741824                             {manageable} {ergonomic}
     intx TieredStopAtLevel                        = 1                                         {product} {command line}
     bool UseCompressedClassPointers               = true                           {product lp64_product} {ergonomic}
     bool UseCompressedOops                        = true                           {product lp64_product} {ergonomic}
     bool UseG1GC                                  = true                                      {product} {ergonomic}
     bool UseLargePagesIndividualAllocation        = false                                  {pd product} {ergonomic}

Logging:
Log output configuration:
 #0: stdout all=warning,jni+resolve=off uptime,level,tags
 #1: stderr all=off uptime,level,tags

Environment Variables:
JAVA_HOME=C:\Program Files\Java\jdk-11
PATH=C:\Program Files\Common Files\Oracle\Java\javapath;C:\Program Files\Java\jdk-11\bin;C:\Program Files\Java\jdk-11;C:\Users\Janet\AppData\Local\Programs\Python\Python310\Scripts\;C:\Users\Janet\AppData\Local\Programs\Python\Python310\;C:\Program Files (x86)\Embarcadero\Studio\21.0\bin;C:\Users\Public\Documents\Embarcadero\Studio\21.0\Bpl;C:\Program Files (x86)\Embarcadero\Studio\21.0\bin64;C:\Users\Public\Documents\Embarcadero\Studio\21.0\Bpl\Win64;C:\Windows\system32;C:\Windows;C:\Windows\System32\Wbem;C:\Windows\System32\WindowsPowerShell\v1.0\;C:\Windows\System32\OpenSSH\;C:\Program Files (x86)\Microsoft SQL Server\150\DTS\Binn\;C:\Program Files (x86)\Microsoft SQL Server\150\Tools\Binn\;C:\Program Files\Microsoft SQL Server\150\Tools\Binn\;C:\Program Files\Microsoft SQL Server\Client SDK\ODBC\170\Tools\Binn\;C:\Program Files\Microsoft SQL Server\150\DTS\Binn\;C:\WINDOWS\system32;C:\WINDOWS;C:\WINDOWS\System32\Wbem;C:\WINDOWS\System32\WindowsPowerShell\v1.0\;C:\WINDOWS\System32\OpenSSH\;C:\ProgramData\chocolatey\bin;C:\Program Files\Git\cmd;C:\ProgramData\ComposerSetup\bin;C:\xampp\php;C:\Users\Janet\AppData\Local\Programs\Python\Python310;C:\Program Files\nodejs\;C:\flutter\bin;C:\gradle-8.4\bin;C:\Users\Janet\AppData\Local\Google\Cloud SDK\google-cloud-sdk\bin;C:\Program Files\dotnet\;D:\apache-maven-3.9.7\bin;C:\Program Files\Docker\Docker\resources\bin;D:\opennlp\bin;C:\Program Files\Java\jdk-11;C:\Users\Janet\AppData\Local\Microsoft\WindowsApps;C:\Mingw\Mingw64\bin;C:\Users\Janet\AppData\Local\ComposerSetup\bin;C:\Program Files\Azure Data Studio\bin;C:\Users\Janet\.dotnet\tools;C:\xampp\php;C:\Users\Janet\AppData\Local\Programs\Microsoft VS Code\bin;C:\Users\Janet\AppData\Roaming\Composer\vendor\bin;C:\Users\Janet\AppData\Local\Programs\Python\Python310;C:\Users\Janet\AppData\Local\Programs\Python\Python310\Tools\scripts;C:\Users\Janet\AppData\Roaming\npm;C:\flutter\bin;C:\gradle-8.4\bin;C:\tools\dart-sdk\bin;C:\Users\Janet\AppData\Local\Pub\Cache\bin;C:\Use
USERNAME=Janet
OS=Windows_NT
PROCESSOR_IDENTIFIER=AMD64 Family 23 Model 24 Stepping 1, AuthenticAMD
TMP=C:\Users\Janet\AppData\Local\Temp
TEMP=C:\Users\Janet\AppData\Local\Temp



Periodic native trim disabled


---------------  S Y S T E M  ---------------

OS:
 Windows 11 , 64 bit Build 22621 (10.0.22621.3672)
OS uptime: 6 days 20:01 hours
Hyper-V role detected

CPU: total 8 (initial active 8) (8 cores per cpu, 2 threads per core) family 23 model 24 stepping 1 microcode 0x0, cx8, cmov, fxsr, ht, mmx, 3dnowpref, sse, sse2, sse3, ssse3, sse4a, sse4.1, sse4.2, popcnt, lzcnt, tsc, tscinvbit, avx, avx2, aes, clmul, bmi1, bmi2, adx, sha, fma, vzeroupper, clflush, clflushopt, hv
Processor Information for all 8 processors :
  Max Mhz: 2300, Current Mhz: 2300, Mhz Limit: 2300

Memory: 4k page, system-wide physical 6091M (1106M free)
TotalPageFile size 24523M (AvailPageFile size 8M)
current process WorkingSet (physical memory assigned to process): 44M, peak: 169M
current process commit charge ("private bytes"): 217M, peak: 227M

vm_info: OpenJDK 64-Bit Server VM (17.0.11+9) for windows-amd64 JRE (17.0.11+9), built on Apr 17 2024 06:07:48 by "admin" with MS VC++ 16.10 / 16.11 (VS2019)

END.
