#
# There is insufficient memory for the Java Runtime Environment to continue.
# Native memory allocation (malloc) failed to allocate 2097152 bytes. Error detail: AllocateHeap
# Possible reasons:
#   The system is out of physical RAM or swap space
#   This process is running with CompressedOops enabled, and the Java Heap may be blocking the growth of the native heap
# Possible solutions:
#   Reduce memory load on the system
#   Increase physical memory or swap space
#   Check if swap backing store is full
#   Decrease Java heap size (-Xmx/-Xms)
#   Decrease number of Java threads
#   Decrease Java thread stack sizes (-Xss)
#   Set larger code cache with -XX:ReservedCodeCacheSize=
#   JVM is running with Unscaled Compressed Oops mode in which the Java heap is
#     placed in the first 4GB address space. The Java Heap base address is the
#     maximum limit for the native heap growth. Please use -XX:HeapBaseMinAddress
#     to set the Java Heap base and to place the Java Heap above 4GB virtual address.
# This output file may be truncated or incomplete.
#
#  Out of Memory Error (allocation.cpp:44), pid=17640, tid=31464
#
# JRE version: OpenJDK Runtime Environment Temurin-17.0.11+9 (17.0.11+9) (build 17.0.11+9)
# Java VM: OpenJDK 64-Bit Server VM Temurin-17.0.11+9 (17.0.11+9, mixed mode, emulated-client, tiered, compressed oops, compressed class ptrs, g1 gc, windows-amd64)
# No core dump will be written. Minidumps are not enabled by default on client versions of Windows
#

---------------  S U M M A R Y ------------

Command Line: -Xmx1024m -Dsts.lsp.client=vscode -Dsts.log.file=/dev/null -XX:TieredStopAtLevel=1 -Xlog:jni+resolve=off -Dspring.config.location=file:c:\Users\Janet\.vscode\extensions\vmware.vscode-spring-boot-1.55.1\language-server\BOOT-INF\classes\application.properties org.springframework.ide.vscode.boot.app.BootLanguageServerBootApp

Host: AMD Ryzen 7 3700U with Radeon Vega Mobile Gfx  , 8 cores, 5G,  Windows 11 , 64 bit Build 22621 (10.0.22621.3672)
Time: Tue Jun 25 14:52:58 2024 Hora estndar oeste, Sudamrica elapsed time: 4602.884581 seconds (0d 1h 16m 42s)

---------------  T H R E A D  ---------------

Current thread (0x0000024959a1e4a0):  VMThread "VM Thread" [stack: 0x000000eeeb100000,0x000000eeeb200000] [id=31464]

Stack: [0x000000eeeb100000,0x000000eeeb200000]
Native frames: (J=compiled Java code, j=interpreted, Vv=VM code, C=native code)
V  [jvm.dll+0x67d429]
V  [jvm.dll+0x834b7a]
V  [jvm.dll+0x83663e]
V  [jvm.dll+0x836ca3]
V  [jvm.dll+0x247dbf]
V  [jvm.dll+0xa6cb3]
V  [jvm.dll+0x2f8b61]
V  [jvm.dll+0x2f4750]
V  [jvm.dll+0x2dcf67]
V  [jvm.dll+0x31fb67]
V  [jvm.dll+0x83b19b]
V  [jvm.dll+0x83bed2]
V  [jvm.dll+0x83c3ed]
V  [jvm.dll+0x83c7c4]
V  [jvm.dll+0x83c890]
V  [jvm.dll+0x7e410a]
V  [jvm.dll+0x67c315]
C  [ucrtbase.dll+0x29333]
C  [KERNEL32.DLL+0x1257d]
C  [ntdll.dll+0x5af28]

VM_Operation (0x000000eeec7fea60): G1CollectFull, mode: safepoint, requested by thread 0x000002495f2474a0


---------------  P R O C E S S  ---------------

Threads class SMR info:
_java_thread_list=0x000002495ee23a40, length=26, elements={
0x0000024959a31380, 0x0000024959a34120, 0x0000024959a4ac80, 0x0000024959a4b550,
0x0000024959bba400, 0x0000024959bbacd0, 0x0000024959bbb5a0, 0x0000024959bbecb0,
0x0000024959da8da0, 0x0000024959db3730, 0x000002495f1d3b10, 0x000002495f2474a0,
0x000002495f2e0ab0, 0x000002494ec0d870, 0x000002495f4ec810, 0x000002495f5b6020,
0x000002495f0c3990, 0x000002495f5c3620, 0x000002495f5c1cd0, 0x000002495f5c3110,
0x000002495f5c26f0, 0x000002495f5c3b30, 0x000002495f5c4040, 0x000002495f0e1be0,
0x000002495f0db6a0, 0x000002495f0dbbb0
}

Java Threads: ( => current thread )
  0x0000024959a31380 JavaThread "Reference Handler" daemon [_thread_blocked, id=30764, stack(0x000000eeeb200000,0x000000eeeb300000)]
  0x0000024959a34120 JavaThread "Finalizer" daemon [_thread_blocked, id=12160, stack(0x000000eeeb300000,0x000000eeeb400000)]
  0x0000024959a4ac80 JavaThread "Signal Dispatcher" daemon [_thread_blocked, id=17276, stack(0x000000eeeb400000,0x000000eeeb500000)]
  0x0000024959a4b550 JavaThread "Attach Listener" daemon [_thread_blocked, id=5956, stack(0x000000eeeb500000,0x000000eeeb600000)]
  0x0000024959bba400 JavaThread "Service Thread" daemon [_thread_blocked, id=16356, stack(0x000000eeeb600000,0x000000eeeb700000)]
  0x0000024959bbacd0 JavaThread "Monitor Deflation Thread" daemon [_thread_blocked, id=16852, stack(0x000000eeeb700000,0x000000eeeb800000)]
  0x0000024959bbb5a0 JavaThread "C1 CompilerThread0" daemon [_thread_blocked, id=12180, stack(0x000000eeeb800000,0x000000eeeb900000)]
  0x0000024959bbecb0 JavaThread "Sweeper thread" daemon [_thread_blocked, id=24000, stack(0x000000eeeb900000,0x000000eeeba00000)]
  0x0000024959da8da0 JavaThread "Notification Thread" daemon [_thread_blocked, id=13900, stack(0x000000eeeba00000,0x000000eeebb00000)]
  0x0000024959db3730 JavaThread "Common-Cleaner" daemon [_thread_blocked, id=16016, stack(0x000000eeebc00000,0x000000eeebd00000)]
  0x000002495f1d3b10 JavaThread "boundedElastic-evictor-1" daemon [_thread_blocked, id=2936, stack(0x000000eeec300000,0x000000eeec400000)]
  0x000002495f2474a0 JavaThread "pool-13-thread-1" [_thread_blocked, id=18964, stack(0x000000eeec700000,0x000000eeec800000)]
  0x000002495f2e0ab0 JavaThread "LanguageServerApp-lifecycle" [_thread_blocked, id=5840, stack(0x000000eeec800000,0x000000eeec900000)]
  0x000002494ec0d870 JavaThread "DestroyJavaVM" [_thread_blocked, id=13868, stack(0x000000eeeab00000,0x000000eeeac00000)]
  0x000002495f4ec810 JavaThread "pool-14-thread-1" [_thread_in_native, id=26112, stack(0x000000eeec900000,0x000000eeeca00000)]
  0x000002495f5b6020 JavaThread "Simple-Language-Server main thread" daemon [_thread_blocked, id=21464, stack(0x000000eeeca00000,0x000000eeecb00000)]
  0x000002495f0c3990 JavaThread "pool-8-thread-1" [_thread_blocked, id=268, stack(0x000000eeecb00000,0x000000eeecc00000)]
  0x000002495f5c3620 JavaThread "parallel-1" daemon [_thread_blocked, id=22920, stack(0x000000eeecc00000,0x000000eeecd00000)]
  0x000002495f5c1cd0 JavaThread "pool-6-thread-1" [_thread_blocked, id=24172, stack(0x000000eeecd00000,0x000000eeece00000)]
  0x000002495f5c3110 JavaThread "parallel-2" daemon [_thread_blocked, id=26788, stack(0x000000eeece00000,0x000000eeecf00000)]
  0x000002495f5c26f0 JavaThread "parallel-3" daemon [_thread_blocked, id=21196, stack(0x000000eeecf00000,0x000000eeed000000)]
  0x000002495f5c3b30 JavaThread "Reconciler-1" daemon [_thread_blocked, id=29676, stack(0x000000eeed500000,0x000000eeed600000)]
  0x000002495f5c4040 JavaThread "parallel-4" daemon [_thread_blocked, id=424, stack(0x000000eeed700000,0x000000eeed800000)]
  0x000002495f0e1be0 JavaThread "parallel-5" daemon [_thread_blocked, id=28832, stack(0x000000eeed800000,0x000000eeed900000)]
  0x000002495f0db6a0 JavaThread "parallel-6" daemon [_thread_blocked, id=17116, stack(0x000000eeea800000,0x000000eeea900000)]
  0x000002495f0dbbb0 JavaThread "parallel-7" daemon [_thread_blocked, id=5408, stack(0x000000eeed600000,0x000000eeed700000)]

Other Threads:
=>0x0000024959a1e4a0 VMThread "VM Thread" [stack: 0x000000eeeb100000,0x000000eeeb200000] [id=31464]
  0x00000249599c0bb0 WatcherThread [stack: 0x000000eeebb00000,0x000000eeebc00000] [id=3132]
  0x000002494ec4bf30 GCTaskThread "GC Thread#0" [stack: 0x000000eeeac00000,0x000000eeead00000] [id=19676]
  0x000002495e7fecd0 GCTaskThread "GC Thread#1" [stack: 0x000000eeebe00000,0x000000eeebf00000] [id=14124]
  0x000002495e9e60c0 GCTaskThread "GC Thread#2" [stack: 0x000000eeebf00000,0x000000eeec000000] [id=23656]
  0x000002495ea308e0 GCTaskThread "GC Thread#3" [stack: 0x000000eeec000000,0x000000eeec100000] [id=8452]
  0x000002495eae6020 GCTaskThread "GC Thread#4" [stack: 0x000000eeec100000,0x000000eeec200000] [id=4484]
  0x000002495eae62e0 GCTaskThread "GC Thread#5" [stack: 0x000000eeec200000,0x000000eeec300000] [id=23792]
  0x000002495e667820 GCTaskThread "GC Thread#6" [stack: 0x000000eeec400000,0x000000eeec500000] [id=808]
  0x000002495e7e7f90 GCTaskThread "GC Thread#7" [stack: 0x000000eeec500000,0x000000eeec600000] [id=30420]
  0x000002494ec54d90 ConcurrentGCThread "G1 Main Marker" [stack: 0x000000eeead00000,0x000000eeeae00000] [id=14088]
  0x000002494ec556c0 ConcurrentGCThread "G1 Conc#0" [stack: 0x000000eeeae00000,0x000000eeeaf00000] [id=24316]
  0x0000024959c6d470 ConcurrentGCThread "G1 Conc#1" [stack: 0x000000eeec600000,0x000000eeec700000] [id=20988]
  0x00000249598920b0 ConcurrentGCThread "G1 Refine#0" [stack: 0x000000eeeaf00000,0x000000eeeb000000] [id=22328]
  0x00000249598929f0 ConcurrentGCThread "G1 Service" [stack: 0x000000eeeb000000,0x000000eeeb100000] [id=30596]

Threads with active compile tasks:

VM state: at safepoint (normal execution)

VM Mutex/Monitor currently owned by a thread:  ([mutex/lock_event])
[0x000002494c9d66a0] Threads_lock - owner thread: 0x0000024959a1e4a0
[0x000002494c9d2cc0] Heap_lock - owner thread: 0x000002495f2474a0

Heap address: 0x00000000c0000000, size: 1024 MB, Compressed Oops mode: 32-bit

CDS archive(s) not mapped
Compressed class space mapped at: 0x0000000100000000-0x0000000140000000, reserved size: 1073741824
Narrow klass base: 0x0000000000000000, Narrow klass shift: 3, Narrow klass range: 0x140000000

GC Precious Log:
 CPUs: 8 total, 8 available
 Memory: 6091M
 Large Page Support: Disabled
 NUMA Support: Disabled
 Compressed Oops: Enabled (32-bit)
 Heap Region Size: 1M
 Heap Min Capacity: 8M
 Heap Initial Capacity: 96M
 Heap Max Capacity: 1G
 Pre-touch: Disabled
 Parallel Workers: 8
 Concurrent Workers: 2
 Concurrent Refinement Workers: 8
 Periodic GC: Disabled

Heap:
 garbage-first heap   total 94208K, used 40266K [0x00000000c0000000, 0x0000000100000000)
  region size 1024K, 1 young (1024K), 0 survivors (0K)
 Metaspace       used 58932K, committed 59456K, reserved 1114112K
  class space    used 7327K, committed 7616K, reserved 1048576K

Heap Regions: E=young(eden), S=young(survivor), O=old, HS=humongous(starts), HC=humongous(continues), CS=collection set, F=free, OA=open archive, CA=closed archive, TAMS=top-at-mark-start (previous, next)
|   0|0x00000000c0000000, 0x00000000c0100000, 0x00000000c0100000|100%|HS|  |TAMS 0x00000000c0100000, 0x00000000c0000000| Untracked 
|   1|0x00000000c0100000, 0x00000000c0200000, 0x00000000c0200000|100%|HC|  |TAMS 0x00000000c0200000, 0x00000000c0100000| Untracked 
|   2|0x00000000c0200000, 0x00000000c0300000, 0x00000000c0300000|100%|HC|  |TAMS 0x00000000c0300000, 0x00000000c0200000| Untracked 
|   3|0x00000000c0300000, 0x00000000c0400000, 0x00000000c0400000|100%|HC|  |TAMS 0x00000000c0400000, 0x00000000c0300000| Untracked 
|   4|0x00000000c0400000, 0x00000000c0500000, 0x00000000c0500000|100%|HS|  |TAMS 0x00000000c0500000, 0x00000000c0400000| Untracked 
|   5|0x00000000c0500000, 0x00000000c0600000, 0x00000000c0600000|100%|HC|  |TAMS 0x00000000c0600000, 0x00000000c0500000| Untracked 
|   6|0x00000000c0600000, 0x00000000c0700000, 0x00000000c0700000|100%| O|  |TAMS 0x00000000c0700000, 0x00000000c0600000| Untracked 
|   7|0x00000000c0700000, 0x00000000c07fffc8, 0x00000000c0800000| 99%| O|  |TAMS 0x00000000c07fffc8, 0x00000000c0700000| Untracked 
|   8|0x00000000c0800000, 0x00000000c08f92c8, 0x00000000c0900000| 97%| O|  |TAMS 0x00000000c08f92c8, 0x00000000c0800000| Untracked 
|   9|0x00000000c0900000, 0x00000000c09ffff8, 0x00000000c0a00000| 99%| O|  |TAMS 0x00000000c09ffff8, 0x00000000c0900000| Untracked 
|  10|0x00000000c0a00000, 0x00000000c0b00000, 0x00000000c0b00000|100%| O|  |TAMS 0x00000000c0b00000, 0x00000000c0a00000| Untracked 
|  11|0x00000000c0b00000, 0x00000000c0c00000, 0x00000000c0c00000|100%| O|  |TAMS 0x00000000c0c00000, 0x00000000c0b00000| Untracked 
|  12|0x00000000c0c00000, 0x00000000c0cfffc0, 0x00000000c0d00000| 99%| O|  |TAMS 0x00000000c0cfffc0, 0x00000000c0c00000| Untracked 
|  13|0x00000000c0d00000, 0x00000000c0e00000, 0x00000000c0e00000|100%| O|  |TAMS 0x00000000c0e00000, 0x00000000c0d00000| Untracked 
|  14|0x00000000c0e00000, 0x00000000c0f00000, 0x00000000c0f00000|100%| O|  |TAMS 0x00000000c0f00000, 0x00000000c0e00000| Untracked 
|  15|0x00000000c0f00000, 0x00000000c1000000, 0x00000000c1000000|100%| O|  |TAMS 0x00000000c1000000, 0x00000000c0f00000| Untracked 
|  16|0x00000000c1000000, 0x00000000c1100000, 0x00000000c1100000|100%| O|  |TAMS 0x00000000c1100000, 0x00000000c1000000| Untracked 
|  17|0x00000000c1100000, 0x00000000c1200000, 0x00000000c1200000|100%| O|  |TAMS 0x00000000c1200000, 0x00000000c1100000| Untracked 
|  18|0x00000000c1200000, 0x00000000c12fffe0, 0x00000000c1300000| 99%| O|  |TAMS 0x00000000c12fffe0, 0x00000000c1200000| Untracked 
|  19|0x00000000c1300000, 0x00000000c13fffe8, 0x00000000c1400000| 99%| O|  |TAMS 0x00000000c13fffe8, 0x00000000c1300000| Untracked 
|  20|0x00000000c1400000, 0x00000000c14fff08, 0x00000000c1500000| 99%| O|  |TAMS 0x00000000c14fff08, 0x00000000c1400000| Untracked 
|  21|0x00000000c1500000, 0x00000000c15fffb8, 0x00000000c1600000| 99%| O|  |TAMS 0x00000000c15fffb8, 0x00000000c1500000| Untracked 
|  22|0x00000000c1600000, 0x00000000c16ffe30, 0x00000000c1700000| 99%| O|  |TAMS 0x00000000c16ffe30, 0x00000000c1600000| Untracked 
|  23|0x00000000c1700000, 0x00000000c17fffe8, 0x00000000c1800000| 99%| O|  |TAMS 0x00000000c17fffe8, 0x00000000c1700000| Untracked 
|  24|0x00000000c1800000, 0x00000000c1900000, 0x00000000c1900000|100%| O|  |TAMS 0x00000000c1900000, 0x00000000c1800000| Untracked 
|  25|0x00000000c1900000, 0x00000000c19ffff0, 0x00000000c1a00000| 99%| O|  |TAMS 0x00000000c19ffff0, 0x00000000c1900000| Untracked 
|  26|0x00000000c1a00000, 0x00000000c1afffe8, 0x00000000c1b00000| 99%| O|  |TAMS 0x00000000c1afffe8, 0x00000000c1a00000| Untracked 
|  27|0x00000000c1b00000, 0x00000000c1bffff0, 0x00000000c1c00000| 99%| O|  |TAMS 0x00000000c1bffff0, 0x00000000c1b00000| Untracked 
|  28|0x00000000c1c00000, 0x00000000c1d00000, 0x00000000c1d00000|100%|HS|  |TAMS 0x00000000c1d00000, 0x00000000c1c00000| Untracked 
|  29|0x00000000c1d00000, 0x00000000c1dfff90, 0x00000000c1e00000| 99%| O|  |TAMS 0x00000000c1dfff90, 0x00000000c1d00000| Untracked 
|  30|0x00000000c1e00000, 0x00000000c1efffe8, 0x00000000c1f00000| 99%| O|  |TAMS 0x00000000c1efffe8, 0x00000000c1e00000| Untracked 
|  31|0x00000000c1f00000, 0x00000000c1ffffe0, 0x00000000c2000000| 99%| O|  |TAMS 0x00000000c1ffffe0, 0x00000000c1f00000| Untracked 
|  32|0x00000000c2000000, 0x00000000c20ffff8, 0x00000000c2100000| 99%| O|  |TAMS 0x00000000c20ffff8, 0x00000000c2000000| Untracked 
|  33|0x00000000c2100000, 0x00000000c21fffc0, 0x00000000c2200000| 99%| O|  |TAMS 0x00000000c21fffc0, 0x00000000c2100000| Untracked 
|  34|0x00000000c2200000, 0x00000000c22fffb8, 0x00000000c2300000| 99%| O|  |TAMS 0x00000000c22fffb8, 0x00000000c2200000| Untracked 
|  35|0x00000000c2300000, 0x00000000c2400000, 0x00000000c2400000|100%| O|  |TAMS 0x00000000c2400000, 0x00000000c2300000| Untracked 
|  36|0x00000000c2400000, 0x00000000c24ffff0, 0x00000000c2500000| 99%| O|  |TAMS 0x00000000c24ffff0, 0x00000000c2400000| Untracked 
|  37|0x00000000c2500000, 0x00000000c2559b98, 0x00000000c2600000| 35%| O|  |TAMS 0x00000000c2500000, 0x00000000c2500000| Untracked 
|  38|0x00000000c2600000, 0x00000000c2600000, 0x00000000c2700000|  0%| F|  |TAMS 0x00000000c2600000, 0x00000000c2600000| Untracked 
|  39|0x00000000c2700000, 0x00000000c27ffff8, 0x00000000c2800000| 99%| O|  |TAMS 0x00000000c27ffff8, 0x00000000c2700000| Untracked 
|  40|0x00000000c2800000, 0x00000000c2800000, 0x00000000c2900000|  0%| F|  |TAMS 0x00000000c2800000, 0x00000000c2800000| Untracked 
|  41|0x00000000c2900000, 0x00000000c2a00000, 0x00000000c2a00000|100%| O|  |TAMS 0x00000000c2a00000, 0x00000000c2900000| Untracked 
|  42|0x00000000c2a00000, 0x00000000c2a00000, 0x00000000c2b00000|  0%| F|  |TAMS 0x00000000c2a00000, 0x00000000c2a00000| Untracked 
|  43|0x00000000c2b00000, 0x00000000c2b00000, 0x00000000c2c00000|  0%| F|  |TAMS 0x00000000c2b00000, 0x00000000c2b00000| Untracked 
|  44|0x00000000c2c00000, 0x00000000c2c00000, 0x00000000c2d00000|  0%| F|  |TAMS 0x00000000c2c00000, 0x00000000c2c00000| Untracked 
|  45|0x00000000c2d00000, 0x00000000c2d00000, 0x00000000c2e00000|  0%| F|  |TAMS 0x00000000c2d00000, 0x00000000c2d00000| Untracked 
|  46|0x00000000c2e00000, 0x00000000c2e00000, 0x00000000c2f00000|  0%| F|  |TAMS 0x00000000c2e00000, 0x00000000c2e00000| Untracked 
|  47|0x00000000c2f00000, 0x00000000c2f00000, 0x00000000c3000000|  0%| F|  |TAMS 0x00000000c2f00000, 0x00000000c2f00000| Untracked 
|  48|0x00000000c3000000, 0x00000000c3000000, 0x00000000c3100000|  0%| F|  |TAMS 0x00000000c3000000, 0x00000000c3000000| Untracked 
|  49|0x00000000c3100000, 0x00000000c3100000, 0x00000000c3200000|  0%| F|  |TAMS 0x00000000c3100000, 0x00000000c3100000| Untracked 
|  50|0x00000000c3200000, 0x00000000c3200000, 0x00000000c3300000|  0%| F|  |TAMS 0x00000000c3200000, 0x00000000c3200000| Untracked 
|  51|0x00000000c3300000, 0x00000000c3300000, 0x00000000c3400000|  0%| F|  |TAMS 0x00000000c3300000, 0x00000000c3300000| Untracked 
|  52|0x00000000c3400000, 0x00000000c3400000, 0x00000000c3500000|  0%| F|  |TAMS 0x00000000c3400000, 0x00000000c3400000| Untracked 
|  53|0x00000000c3500000, 0x00000000c3500000, 0x00000000c3600000|  0%| F|  |TAMS 0x00000000c3500000, 0x00000000c3500000| Untracked 
|  54|0x00000000c3600000, 0x00000000c3600000, 0x00000000c3700000|  0%| F|  |TAMS 0x00000000c3600000, 0x00000000c3600000| Untracked 
|  55|0x00000000c3700000, 0x00000000c3700000, 0x00000000c3800000|  0%| F|  |TAMS 0x00000000c3700000, 0x00000000c3700000| Untracked 
|  56|0x00000000c3800000, 0x00000000c3800000, 0x00000000c3900000|  0%| F|  |TAMS 0x00000000c3800000, 0x00000000c3800000| Untracked 
|  57|0x00000000c3900000, 0x00000000c3900000, 0x00000000c3a00000|  0%| F|  |TAMS 0x00000000c3900000, 0x00000000c3900000| Untracked 
|  58|0x00000000c3a00000, 0x00000000c3a00000, 0x00000000c3b00000|  0%| F|  |TAMS 0x00000000c3a00000, 0x00000000c3a00000| Untracked 
|  59|0x00000000c3b00000, 0x00000000c3b00000, 0x00000000c3c00000|  0%| F|  |TAMS 0x00000000c3b00000, 0x00000000c3b00000| Untracked 
|  60|0x00000000c3c00000, 0x00000000c3c00000, 0x00000000c3d00000|  0%| F|  |TAMS 0x00000000c3c00000, 0x00000000c3c00000| Untracked 
|  61|0x00000000c3d00000, 0x00000000c3d00000, 0x00000000c3e00000|  0%| F|  |TAMS 0x00000000c3d00000, 0x00000000c3d00000| Untracked 
|  62|0x00000000c3e00000, 0x00000000c3e00000, 0x00000000c3f00000|  0%| F|  |TAMS 0x00000000c3e00000, 0x00000000c3e00000| Untracked 
|  63|0x00000000c3f00000, 0x00000000c3f00000, 0x00000000c4000000|  0%| F|  |TAMS 0x00000000c3f00000, 0x00000000c3f00000| Untracked 
|  64|0x00000000c4000000, 0x00000000c4000000, 0x00000000c4100000|  0%| F|  |TAMS 0x00000000c4000000, 0x00000000c4000000| Untracked 
|  65|0x00000000c4100000, 0x00000000c4100000, 0x00000000c4200000|  0%| F|  |TAMS 0x00000000c4100000, 0x00000000c4100000| Untracked 
|  66|0x00000000c4200000, 0x00000000c4200000, 0x00000000c4300000|  0%| F|  |TAMS 0x00000000c4200000, 0x00000000c4200000| Untracked 
|  67|0x00000000c4300000, 0x00000000c4300000, 0x00000000c4400000|  0%| F|  |TAMS 0x00000000c4300000, 0x00000000c4300000| Untracked 
|  68|0x00000000c4400000, 0x00000000c4400000, 0x00000000c4500000|  0%| F|  |TAMS 0x00000000c4400000, 0x00000000c4400000| Untracked 
|  69|0x00000000c4500000, 0x00000000c4500000, 0x00000000c4600000|  0%| F|  |TAMS 0x00000000c4500000, 0x00000000c4500000| Untracked 
|  70|0x00000000c4600000, 0x00000000c4600000, 0x00000000c4700000|  0%| F|  |TAMS 0x00000000c4600000, 0x00000000c4600000| Untracked 
|  71|0x00000000c4700000, 0x00000000c4700000, 0x00000000c4800000|  0%| F|  |TAMS 0x00000000c4700000, 0x00000000c4700000| Untracked 
|  72|0x00000000c4800000, 0x00000000c4800000, 0x00000000c4900000|  0%| F|  |TAMS 0x00000000c4800000, 0x00000000c4800000| Untracked 
|  73|0x00000000c4900000, 0x00000000c4900000, 0x00000000c4a00000|  0%| F|  |TAMS 0x00000000c4900000, 0x00000000c4900000| Untracked 
|  74|0x00000000c4a00000, 0x00000000c4a00000, 0x00000000c4b00000|  0%| F|  |TAMS 0x00000000c4a00000, 0x00000000c4a00000| Untracked 
|  75|0x00000000c4b00000, 0x00000000c4b00000, 0x00000000c4c00000|  0%| F|  |TAMS 0x00000000c4b00000, 0x00000000c4b00000| Untracked 
|  76|0x00000000c4c00000, 0x00000000c4c00000, 0x00000000c4d00000|  0%| F|  |TAMS 0x00000000c4c00000, 0x00000000c4c00000| Untracked 
|  77|0x00000000c4d00000, 0x00000000c4d00000, 0x00000000c4e00000|  0%| F|  |TAMS 0x00000000c4d00000, 0x00000000c4d00000| Untracked 
|  78|0x00000000c4e00000, 0x00000000c4e00000, 0x00000000c4f00000|  0%| F|  |TAMS 0x00000000c4e00000, 0x00000000c4e00000| Untracked 
|  79|0x00000000c4f00000, 0x00000000c4f00000, 0x00000000c5000000|  0%| F|  |TAMS 0x00000000c4f00000, 0x00000000c4f00000| Untracked 
|  80|0x00000000c5000000, 0x00000000c5000000, 0x00000000c5100000|  0%| F|  |TAMS 0x00000000c5000000, 0x00000000c5000000| Untracked 
|  81|0x00000000c5100000, 0x00000000c5100000, 0x00000000c5200000|  0%| F|  |TAMS 0x00000000c5100000, 0x00000000c5100000| Untracked 
|  82|0x00000000c5200000, 0x00000000c5200000, 0x00000000c5300000|  0%| F|  |TAMS 0x00000000c5200000, 0x00000000c5200000| Untracked 
|  83|0x00000000c5300000, 0x00000000c5300000, 0x00000000c5400000|  0%| F|  |TAMS 0x00000000c5300000, 0x00000000c5300000| Untracked 
|  84|0x00000000c5400000, 0x00000000c5400000, 0x00000000c5500000|  0%| F|  |TAMS 0x00000000c5400000, 0x00000000c5400000| Untracked 
|  85|0x00000000c5500000, 0x00000000c5500000, 0x00000000c5600000|  0%| F|  |TAMS 0x00000000c5500000, 0x00000000c5500000| Untracked 
|  89|0x00000000c5900000, 0x00000000c5900000, 0x00000000c5a00000|  0%| F|  |TAMS 0x00000000c5900000, 0x00000000c5900000| Untracked 
|  90|0x00000000c5a00000, 0x00000000c5a00000, 0x00000000c5b00000|  0%| F|  |TAMS 0x00000000c5a00000, 0x00000000c5a00000| Untracked 
|  91|0x00000000c5b00000, 0x00000000c5b00000, 0x00000000c5c00000|  0%| F|  |TAMS 0x00000000c5b00000, 0x00000000c5b00000| Untracked 
|  92|0x00000000c5c00000, 0x00000000c5c00000, 0x00000000c5d00000|  0%| F|  |TAMS 0x00000000c5c00000, 0x00000000c5c00000| Untracked 
|  94|0x00000000c5e00000, 0x00000000c5e00000, 0x00000000c5f00000|  0%| F|  |TAMS 0x00000000c5e00000, 0x00000000c5e00000| Untracked 
|  95|0x00000000c5f00000, 0x00000000c5f22668, 0x00000000c6000000| 13%| E|  |TAMS 0x00000000c5f00000, 0x00000000c5f00000| Complete 

Card table byte_map: [0x0000024954ba0000,0x0000024954da0000] _byte_map_base: 0x00000249545a0000

Marking Bits (Prev, Next): (CMBitMap*) 0x000002494ec4c4a0, (CMBitMap*) 0x000002494ec4c460
 Prev Bits: [0x0000024955fa0000, 0x0000024956fa0000)
 Next Bits: [0x0000024954fa0000, 0x0000024955fa0000)

Polling page: 0x000002494cbb0000

Metaspace:

Usage:
  Non-class:     50.39 MB used.
      Class:      7.16 MB used.
       Both:     57.55 MB used.

Virtual space:
  Non-class space:       64.00 MB reserved,      50.62 MB ( 79%) committed,  1 nodes.
      Class space:        1.00 GB reserved,       7.44 MB ( <1%) committed,  1 nodes.
             Both:        1.06 GB reserved,      58.06 MB (  5%) committed. 

Chunk freelists:
   Non-Class:  12.80 MB
       Class:  8.55 MB
        Both:  21.35 MB

MaxMetaspaceSize: unlimited
CompressedClassSpaceSize: 1.00 GB
Initial GC threshold: 21.00 MB
Current GC threshold: 96.81 MB
CDS: off
MetaspaceReclaimPolicy: balanced
 - commit_granule_bytes: 65536.
 - commit_granule_words: 8192.
 - virtual_space_node_default_size: 8388608.
 - enlarge_chunks_in_place: 1.
 - new_chunks_are_fully_committed: 0.
 - uncommit_free_chunks: 1.
 - use_allocation_guard: 0.
 - handle_deallocations: 1.


Internal statistics:

num_allocs_failed_limit: 6.
num_arena_births: 698.
num_arena_deaths: 266.
num_vsnodes_births: 2.
num_vsnodes_deaths: 0.
num_space_committed: 929.
num_space_uncommitted: 0.
num_chunks_returned_to_freelist: 318.
num_chunks_taken_from_freelist: 2595.
num_chunk_merges: 92.
num_chunk_splits: 1762.
num_chunks_enlarged: 1347.
num_inconsistent_stats: 0.

CodeCache: size=49152Kb used=11145Kb max_used=12030Kb free=38006Kb
 bounds [0x0000024951890000, 0x0000024952450000, 0x0000024954890000]
 total_blobs=6727 nmethods=6056 adapters=598
 compilation: enabled
              stopped_count=0, restarted_count=0
 full_count=0

Compilation events (20 events):
Event: 4254.978 Thread 0x0000024959bbb5a0 6059       1       java.io.BufferedOutputStream::<init> (27 bytes)
Event: 4254.987 Thread 0x0000024959bbb5a0 nmethod 6059 0x0000024952374d90 code [0x0000024952374f40, 0x00000249523752a8]
Event: 4265.316 Thread 0x0000024959bbb5a0 6060   !   1       java.lang.ProcessImpl::<init> (327 bytes)
Event: 4265.363 Thread 0x0000024959bbb5a0 nmethod 6060 0x0000024952372610 code [0x0000024952372a60, 0x0000024952373e18]
Event: 4265.363 Thread 0x0000024959bbb5a0 6061       1       java.lang.Process::<init> (5 bytes)
Event: 4265.363 Thread 0x0000024959bbb5a0 nmethod 6061 0x0000024952372310 code [0x00000249523724a0, 0x0000024952372558]
Event: 4275.917 Thread 0x0000024959bbb5a0 6063       1       java.lang.ProcessHandleImpl::getInternal (13 bytes)
Event: 4275.917 Thread 0x0000024959bbb5a0 nmethod 6063 0x0000024952371790 code [0x0000024952371920, 0x0000024952371a88]
Event: 4275.917 Thread 0x0000024959bbb5a0 6064       1       java.lang.ProcessImpl$2::<init> (20 bytes)
Event: 4275.917 Thread 0x0000024959bbb5a0 nmethod 6064 0x0000024952371410 code [0x00000249523715a0, 0x0000024952371718]
Event: 4275.917 Thread 0x0000024959bbb5a0 6065       1       java.lang.ProcessImpl$2::run (5 bytes)
Event: 4275.917 Thread 0x0000024959bbb5a0 nmethod 6065 0x0000024952371110 code [0x00000249523712a0, 0x0000024952371388]
Event: 4275.917 Thread 0x0000024959bbb5a0 6066       1       java.lang.ProcessImpl$2::run (242 bytes)
Event: 4275.937 Thread 0x0000024959bbb5a0 nmethod 6066 0x000002495236fa90 code [0x000002495236fd40, 0x0000024952370ad8]
Event: 4275.937 Thread 0x0000024959bbb5a0 6067       1       java.io.BufferedOutputStream::<init> (9 bytes)
Event: 4275.938 Thread 0x0000024959bbb5a0 nmethod 6067 0x000002495236f510 code [0x000002495236f6a0, 0x000002495236f978]
Event: 4275.938 Thread 0x0000024959bbb5a0 6068       1       java.lang.ProcessImpl::waitFor (136 bytes)
Event: 4275.978 Thread 0x0000024959bbb5a0 nmethod 6068 0x000002495236ec90 code [0x000002495236eea0, 0x000002495236f2b8]
Event: 4372.044 Thread 0x0000024959bbb5a0 6070       1       java.lang.Module::getName (5 bytes)
Event: 4372.218 Thread 0x0000024959bbb5a0 nmethod 6070 0x000002495236e990 code [0x000002495236eb20, 0x000002495236ebf8]

GC Heap History (20 events):
Event: 4497.104 GC heap before
{Heap before GC invocations=418 (full 402):
 garbage-first heap   total 94208K, used 40266K [0x00000000c0000000, 0x0000000100000000)
  region size 1024K, 1 young (1024K), 0 survivors (0K)
 Metaspace       used 58932K, committed 59456K, reserved 1114112K
  class space    used 7327K, committed 7616K, reserved 1048576K
}
Event: 4497.149 GC heap after
{Heap after GC invocations=419 (full 403):
 garbage-first heap   total 94208K, used 40266K [0x00000000c0000000, 0x0000000100000000)
  region size 1024K, 0 young (0K), 0 survivors (0K)
 Metaspace       used 58932K, committed 59456K, reserved 1114112K
  class space    used 7327K, committed 7616K, reserved 1048576K
}
Event: 4507.410 GC heap before
{Heap before GC invocations=419 (full 403):
 garbage-first heap   total 94208K, used 40266K [0x00000000c0000000, 0x0000000100000000)
  region size 1024K, 1 young (1024K), 0 survivors (0K)
 Metaspace       used 58932K, committed 59456K, reserved 1114112K
  class space    used 7327K, committed 7616K, reserved 1048576K
}
Event: 4507.448 GC heap after
{Heap after GC invocations=420 (full 404):
 garbage-first heap   total 94208K, used 40266K [0x00000000c0000000, 0x0000000100000000)
  region size 1024K, 0 young (0K), 0 survivors (0K)
 Metaspace       used 58932K, committed 59456K, reserved 1114112K
  class space    used 7327K, committed 7616K, reserved 1048576K
}
Event: 4517.831 GC heap before
{Heap before GC invocations=420 (full 404):
 garbage-first heap   total 94208K, used 40266K [0x00000000c0000000, 0x0000000100000000)
  region size 1024K, 1 young (1024K), 0 survivors (0K)
 Metaspace       used 58932K, committed 59456K, reserved 1114112K
  class space    used 7327K, committed 7616K, reserved 1048576K
}
Event: 4517.884 GC heap after
{Heap after GC invocations=421 (full 405):
 garbage-first heap   total 94208K, used 40266K [0x00000000c0000000, 0x0000000100000000)
  region size 1024K, 0 young (0K), 0 survivors (0K)
 Metaspace       used 58932K, committed 59456K, reserved 1114112K
  class space    used 7327K, committed 7616K, reserved 1048576K
}
Event: 4528.107 GC heap before
{Heap before GC invocations=421 (full 405):
 garbage-first heap   total 94208K, used 40266K [0x00000000c0000000, 0x0000000100000000)
  region size 1024K, 1 young (1024K), 0 survivors (0K)
 Metaspace       used 58932K, committed 59456K, reserved 1114112K
  class space    used 7327K, committed 7616K, reserved 1048576K
}
Event: 4528.154 GC heap after
{Heap after GC invocations=422 (full 406):
 garbage-first heap   total 94208K, used 40266K [0x00000000c0000000, 0x0000000100000000)
  region size 1024K, 0 young (0K), 0 survivors (0K)
 Metaspace       used 58932K, committed 59456K, reserved 1114112K
  class space    used 7327K, committed 7616K, reserved 1048576K
}
Event: 4538.583 GC heap before
{Heap before GC invocations=422 (full 406):
 garbage-first heap   total 94208K, used 40266K [0x00000000c0000000, 0x0000000100000000)
  region size 1024K, 1 young (1024K), 0 survivors (0K)
 Metaspace       used 58932K, committed 59456K, reserved 1114112K
  class space    used 7327K, committed 7616K, reserved 1048576K
}
Event: 4538.708 GC heap after
{Heap after GC invocations=423 (full 407):
 garbage-first heap   total 94208K, used 40266K [0x00000000c0000000, 0x0000000100000000)
  region size 1024K, 0 young (0K), 0 survivors (0K)
 Metaspace       used 58932K, committed 59456K, reserved 1114112K
  class space    used 7327K, committed 7616K, reserved 1048576K
}
Event: 4549.724 GC heap before
{Heap before GC invocations=423 (full 407):
 garbage-first heap   total 94208K, used 40266K [0x00000000c0000000, 0x0000000100000000)
  region size 1024K, 1 young (1024K), 0 survivors (0K)
 Metaspace       used 58932K, committed 59456K, reserved 1114112K
  class space    used 7327K, committed 7616K, reserved 1048576K
}
Event: 4549.763 GC heap after
{Heap after GC invocations=424 (full 408):
 garbage-first heap   total 94208K, used 40266K [0x00000000c0000000, 0x0000000100000000)
  region size 1024K, 0 young (0K), 0 survivors (0K)
 Metaspace       used 58932K, committed 59456K, reserved 1114112K
  class space    used 7327K, committed 7616K, reserved 1048576K
}
Event: 4560.081 GC heap before
{Heap before GC invocations=424 (full 408):
 garbage-first heap   total 94208K, used 40266K [0x00000000c0000000, 0x0000000100000000)
  region size 1024K, 1 young (1024K), 0 survivors (0K)
 Metaspace       used 58932K, committed 59456K, reserved 1114112K
  class space    used 7327K, committed 7616K, reserved 1048576K
}
Event: 4560.149 GC heap after
{Heap after GC invocations=425 (full 409):
 garbage-first heap   total 94208K, used 40266K [0x00000000c0000000, 0x0000000100000000)
  region size 1024K, 0 young (0K), 0 survivors (0K)
 Metaspace       used 58932K, committed 59456K, reserved 1114112K
  class space    used 7327K, committed 7616K, reserved 1048576K
}
Event: 4571.199 GC heap before
{Heap before GC invocations=425 (full 409):
 garbage-first heap   total 94208K, used 40266K [0x00000000c0000000, 0x0000000100000000)
  region size 1024K, 1 young (1024K), 0 survivors (0K)
 Metaspace       used 58932K, committed 59456K, reserved 1114112K
  class space    used 7327K, committed 7616K, reserved 1048576K
}
Event: 4571.253 GC heap after
{Heap after GC invocations=426 (full 410):
 garbage-first heap   total 94208K, used 40266K [0x00000000c0000000, 0x0000000100000000)
  region size 1024K, 0 young (0K), 0 survivors (0K)
 Metaspace       used 58932K, committed 59456K, reserved 1114112K
  class space    used 7327K, committed 7616K, reserved 1048576K
}
Event: 4581.686 GC heap before
{Heap before GC invocations=426 (full 410):
 garbage-first heap   total 94208K, used 40266K [0x00000000c0000000, 0x0000000100000000)
  region size 1024K, 1 young (1024K), 0 survivors (0K)
 Metaspace       used 58932K, committed 59456K, reserved 1114112K
  class space    used 7327K, committed 7616K, reserved 1048576K
}
Event: 4581.750 GC heap after
{Heap after GC invocations=427 (full 411):
 garbage-first heap   total 94208K, used 40266K [0x00000000c0000000, 0x0000000100000000)
  region size 1024K, 0 young (0K), 0 survivors (0K)
 Metaspace       used 58932K, committed 59456K, reserved 1114112K
  class space    used 7327K, committed 7616K, reserved 1048576K
}
Event: 4592.572 GC heap before
{Heap before GC invocations=427 (full 411):
 garbage-first heap   total 94208K, used 40266K [0x00000000c0000000, 0x0000000100000000)
  region size 1024K, 1 young (1024K), 0 survivors (0K)
 Metaspace       used 58932K, committed 59456K, reserved 1114112K
  class space    used 7327K, committed 7616K, reserved 1048576K
}
Event: 4592.615 GC heap after
{Heap after GC invocations=428 (full 412):
 garbage-first heap   total 94208K, used 40266K [0x00000000c0000000, 0x0000000100000000)
  region size 1024K, 0 young (0K), 0 survivors (0K)
 Metaspace       used 58932K, committed 59456K, reserved 1114112K
  class space    used 7327K, committed 7616K, reserved 1048576K
}

Dll operation events (10 events):
Event: 0.016 Loaded shared library c:\Users\Janet\.vscode\extensions\redhat.java-1.32.2024062508-win32-x64\jre\17.0.11-win32-x86_64\bin\java.dll
Event: 0.806 Loaded shared library C:\Users\Janet\.vscode\extensions\redhat.java-1.32.2024062508-win32-x64\jre\17.0.11-win32-x86_64\bin\net.dll
Event: 0.809 Loaded shared library C:\Users\Janet\.vscode\extensions\redhat.java-1.32.2024062508-win32-x64\jre\17.0.11-win32-x86_64\bin\nio.dll
Event: 0.831 Loaded shared library C:\Users\Janet\.vscode\extensions\redhat.java-1.32.2024062508-win32-x64\jre\17.0.11-win32-x86_64\bin\zip.dll
Event: 1.662 Loaded shared library C:\Users\Janet\.vscode\extensions\redhat.java-1.32.2024062508-win32-x64\jre\17.0.11-win32-x86_64\bin\jimage.dll
Event: 6.216 Loaded shared library c:\Users\Janet\.vscode\extensions\redhat.java-1.32.2024062508-win32-x64\jre\17.0.11-win32-x86_64\bin\verify.dll
Event: 19.378 Loaded shared library C:\Users\Janet\.vscode\extensions\redhat.java-1.32.2024062508-win32-x64\jre\17.0.11-win32-x86_64\bin\management.dll
Event: 19.396 Loaded shared library C:\Users\Janet\.vscode\extensions\redhat.java-1.32.2024062508-win32-x64\jre\17.0.11-win32-x86_64\bin\management_ext.dll
Event: 22.533 Loaded shared library C:\Users\Janet\.vscode\extensions\redhat.java-1.32.2024062508-win32-x64\jre\17.0.11-win32-x86_64\bin\sunmscapi.dll
Event: 23.083 Loaded shared library C:\Users\Janet\.vscode\extensions\redhat.java-1.32.2024062508-win32-x64\jre\17.0.11-win32-x86_64\bin\extnet.dll

Deoptimization events (16 events):
Event: 20.619 Thread 0x000002495f4ec810 DEOPT PACKING pc=0x0000024951d42281 sp=0x000000eeec9fdf80
Event: 20.620 Thread 0x000002495f4ec810 DEOPT UNPACKING pc=0x00000249518e7143 sp=0x000000eeec9fd410 mode 3
Event: 20.660 Thread 0x000002495f5b6020 DEOPT PACKING pc=0x0000024951d22b17 sp=0x000000eeecaff060
Event: 20.660 Thread 0x000002495f5b6020 DEOPT UNPACKING pc=0x00000249518e7143 sp=0x000000eeecafe4b8 mode 3
Event: 22.680 Thread 0x000002495f0e0290 DEOPT PACKING pc=0x0000024951a7c28c sp=0x000000eeed9fab00
Event: 22.680 Thread 0x000002495f0e0290 DEOPT UNPACKING pc=0x00000249518e7143 sp=0x000000eeed9f9fc8 mode 0
Event: 24.083 Thread 0x000002495f5c12b0 DEOPT PACKING pc=0x0000024951ee4224 sp=0x000000eeed4fec50
Event: 24.083 Thread 0x000002495f5c4550 DEOPT PACKING pc=0x0000024951ee4224 sp=0x000000eeed0fee30
Event: 24.083 Thread 0x000002495f5c4550 DEOPT UNPACKING pc=0x00000249518e7143 sp=0x000000eeed0fe318 mode 0
Event: 24.083 Thread 0x000002495f5c12b0 DEOPT UNPACKING pc=0x00000249518e7143 sp=0x000000eeed4fe138 mode 0
Event: 24.092 Thread 0x000002495f5c0da0 DEOPT PACKING pc=0x0000024951ee4224 sp=0x000000eeed3fe940
Event: 24.092 Thread 0x000002495f5c0da0 DEOPT UNPACKING pc=0x00000249518e7143 sp=0x000000eeed3fde28 mode 0
Event: 24.092 Thread 0x000002495f5c0da0 DEOPT PACKING pc=0x0000024951ee4224 sp=0x000000eeed3feed0
Event: 24.092 Thread 0x000002495f5c0da0 DEOPT UNPACKING pc=0x00000249518e7143 sp=0x000000eeed3fe3b8 mode 0
Event: 90.204 Thread 0x000002495f4ec810 DEOPT PACKING pc=0x0000024951e126d4 sp=0x000000eeec9ff280
Event: 90.204 Thread 0x000002495f4ec810 DEOPT UNPACKING pc=0x00000249518e7143 sp=0x000000eeec9fe728 mode 0

Classes unloaded (20 events):
Event: 481.275 Thread 0x0000024959a1e4a0 Unloading class 0x0000000100088400 'java/lang/invoke/LambdaForm$MH+0x0000000100088400'
Event: 481.276 Thread 0x0000024959a1e4a0 Unloading class 0x0000000100096000 'java/lang/invoke/LambdaForm$MH+0x0000000100096000'
Event: 481.276 Thread 0x0000024959a1e4a0 Unloading class 0x000000010048c400 'java/lang/invoke/LambdaForm$MH+0x000000010048c400'
Event: 481.276 Thread 0x0000024959a1e4a0 Unloading class 0x0000000100520400 'java/lang/invoke/LambdaForm$MH+0x0000000100520400'
Event: 481.276 Thread 0x0000024959a1e4a0 Unloading class 0x0000000100558000 'java/lang/invoke/LambdaForm$MH+0x0000000100558000'
Event: 481.276 Thread 0x0000024959a1e4a0 Unloading class 0x000000010008bc00 'java/lang/invoke/LambdaForm$MH+0x000000010008bc00'
Event: 481.276 Thread 0x0000024959a1e4a0 Unloading class 0x000000010008c000 'java/lang/invoke/LambdaForm$MH+0x000000010008c000'
Event: 481.276 Thread 0x0000024959a1e4a0 Unloading class 0x000000010008d400 'java/lang/invoke/LambdaForm$MH+0x000000010008d400'
Event: 481.276 Thread 0x0000024959a1e4a0 Unloading class 0x0000000100094400 'java/lang/invoke/LambdaForm$MH+0x0000000100094400'
Event: 481.276 Thread 0x0000024959a1e4a0 Unloading class 0x00000001003b1c00 'java/lang/invoke/LambdaForm$MH+0x00000001003b1c00'
Event: 481.276 Thread 0x0000024959a1e4a0 Unloading class 0x00000001003b2c00 'java/lang/invoke/LambdaForm$MH+0x00000001003b2c00'
Event: 481.276 Thread 0x0000024959a1e4a0 Unloading class 0x000000010056d000 'java/lang/invoke/LambdaForm$MH+0x000000010056d000'
Event: 481.276 Thread 0x0000024959a1e4a0 Unloading class 0x000000010056d800 'java/lang/invoke/LambdaForm$MH+0x000000010056d800'
Event: 481.276 Thread 0x0000024959a1e4a0 Unloading class 0x0000000100590800 'java/lang/invoke/LambdaForm$MH+0x0000000100590800'
Event: 481.276 Thread 0x0000024959a1e4a0 Unloading class 0x00000001005e0800 'java/lang/invoke/LambdaForm$MH+0x00000001005e0800'
Event: 481.276 Thread 0x0000024959a1e4a0 Unloading class 0x00000001005e1800 'java/lang/invoke/LambdaForm$MH+0x00000001005e1800'
Event: 481.276 Thread 0x0000024959a1e4a0 Unloading class 0x000000010077a400 'java/lang/invoke/LambdaForm$MH+0x000000010077a400'
Event: 1234.789 Thread 0x0000024959a1e4a0 Unloading class 0x000000010008c000 'java/lang/invoke/LambdaForm$MH+0x000000010008c000'
Event: 1234.789 Thread 0x0000024959a1e4a0 Unloading class 0x000000010008bc00 'java/lang/invoke/LambdaForm$MH+0x000000010008bc00'
Event: 1234.789 Thread 0x0000024959a1e4a0 Unloading class 0x0000000100558000 'java/lang/invoke/LambdaForm$MH+0x0000000100558000'

Classes redefined (0 events):
No events

Internal exceptions (20 events):
Event: 21.898 Thread 0x000002495f5c1cd0 Exception <a 'sun/nio/fs/WindowsException'{0x00000000c48ef078}> (0x00000000c48ef078) 
thrown [s\src\hotspot\share\prims\jni.cpp, line 516]
Event: 21.898 Thread 0x000002495f5c1cd0 Exception <a 'sun/nio/fs/WindowsException'{0x00000000c48efb80}> (0x00000000c48efb80) 
thrown [s\src\hotspot\share\prims\jni.cpp, line 516]
Event: 22.127 Thread 0x000002495f5c3b30 Exception <a 'java/lang/NoSuchMethodError'{0x00000000c40b91b8}: 'java.lang.Object java.lang.invoke.DirectMethodHandle$Holder.newInvokeSpecial(java.lang.Object, java.lang.Object, java.lang.Object, java.lang.Object, java.lang.Object, long)'> (0x00000000c40b91b8) 
thrown [s\src\hotspot\share\interpreter\linkResolver.cpp, line 759]
Event: 22.127 Thread 0x000002495f5c3b30 Exception <a 'java/lang/NoSuchMethodError'{0x00000000c40bd828}: 'java.lang.Object java.lang.invoke.DirectMethodHandle$Holder.invokeSpecial(java.lang.Object, java.lang.Object, java.lang.Object, java.lang.Object, java.lang.Object, java.lang.Object, long)'> (0x00000000c40bd828) 
thrown [s\src\hotspot\share\interpreter\linkResolver.cpp, line 759]
Event: 22.165 Thread 0x000002495f0e0290 Exception <a 'java/lang/NoSuchMethodError'{0x00000000c3d7d438}: 'void java.lang.invoke.DirectMethodHandle$Holder.invokeVirtual(java.lang.Object, java.lang.Object, java.lang.Object, java.lang.Object)'> (0x00000000c3d7d438) 
thrown [s\src\hotspot\share\interpreter\linkResolver.cpp, line 759]
Event: 22.268 Thread 0x000002495f5c17c0 Exception <a 'java/lang/NoSuchMethodError'{0x00000000c3a441d0}: 'java.lang.Object java.lang.invoke.Invokers$Holder.invoke_MT(java.lang.Object, java.lang.Object, java.lang.Object)'> (0x00000000c3a441d0) 
thrown [s\src\hotspot\share\interpreter\linkResolver.cpp, line 759]
Event: 22.404 Thread 0x000002495f0e0290 Exception <a 'java/lang/NoSuchMethodError'{0x00000000c5f013d0}: 'java.lang.Object java.lang.invoke.DirectMethodHandle$Holder.invokeStatic(java.lang.Object, java.lang.Object, int, java.lang.Object)'> (0x00000000c5f013d0) 
thrown [s\src\hotspot\share\interpreter\linkResolver.cpp, line 759]
Event: 22.405 Thread 0x000002495f0e0290 Exception <a 'java/lang/NoSuchMethodError'{0x00000000c5f077b0}: 'java.lang.Object java.lang.invoke.DirectMethodHandle$Holder.newInvokeSpecial(java.lang.Object, java.lang.Object, int)'> (0x00000000c5f077b0) 
thrown [s\src\hotspot\share\interpreter\linkResolver.cpp, line 759]
Event: 22.661 Thread 0x000002495f0e0290 Exception <a 'sun/nio/fs/WindowsException'{0x00000000c3eefd20}> (0x00000000c3eefd20) 
thrown [s\src\hotspot\share\prims\jni.cpp, line 516]
Event: 23.337 Thread 0x000002495f5c17c0 Exception <a 'java/lang/IncompatibleClassChangeError'{0x00000000c410ab78}: Found class java.lang.Object, but interface was expected> (0x00000000c410ab78) 
thrown [s\src\hotspot\share\interpreter\linkResolver.cpp, line 826]
Event: 23.470 Thread 0x000002495f5c17c0 Exception <a 'java/lang/NoSuchMethodError'{0x00000000c5311990}: 'int java.lang.invoke.DirectMethodHandle$Holder.invokeSpecialIFC(java.lang.Object, java.lang.Object, java.lang.Object)'> (0x00000000c5311990) 
thrown [s\src\hotspot\share\interpreter\linkResolver.cpp, line 759]
Event: 23.765 Thread 0x000002495f5c17c0 Exception <a 'java/lang/NoSuchMethodError'{0x00000000c5a141a8}: 'int java.lang.invoke.DirectMethodHandle$Holder.invokeStatic(java.lang.Object, int, java.lang.Object)'> (0x00000000c5a141a8) 
thrown [s\src\hotspot\share\interpreter\linkResolver.cpp, line 759]
Event: 59.421 Thread 0x000002495f2474a0 Exception <a 'java/lang/NoSuchMethodError'{0x00000000c4302a88}: 'void java.lang.invoke.DirectMethodHandle$Holder.invokeStatic(java.lang.Object, long)'> (0x00000000c4302a88) 
thrown [s\src\hotspot\share\interpreter\linkResolver.cpp, line 759]
Event: 59.427 Thread 0x000002495f2474a0 Exception <a 'java/lang/NoSuchMethodError'{0x00000000c4307e38}: 'java.lang.Object java.lang.invoke.DirectMethodHandle$Holder.newInvokeSpecial(java.lang.Object, long)'> (0x00000000c4307e38) 
thrown [s\src\hotspot\share\interpreter\linkResolver.cpp, line 759]
Event: 324.738 Thread 0x000002495f0dcff0 Exception <a 'java/io/IOException'{0x00000000c5f79510}> (0x00000000c5f79510) 
thrown [s\src\hotspot\share\prims\jni.cpp, line 516]
Event: 324.891 Thread 0x000002495f0db6a0 Exception <a 'java/io/IOException'{0x00000000c5f87898}> (0x00000000c5f87898) 
thrown [s\src\hotspot\share\prims\jni.cpp, line 516]
Event: 325.717 Thread 0x000002495f0db190 Exception <a 'java/io/IOException'{0x00000000c5f8efe0}> (0x00000000c5f8efe0) 
thrown [s\src\hotspot\share\prims\jni.cpp, line 516]
Event: 4211.214 Thread 0x000002495f2474a0 Exception <a 'java/io/IOException'{0x00000000c5f00638}: CreateProcess error=1455, El archivo de paginaci贸n es demasiado peque帽o para completar la operaci贸n> (0x00000000c5f00638) 
thrown [s\src\hotspot\share\prims\jni.cpp, line 535]
Event: 4298.167 Thread 0x000002495f2474a0 Exception <a 'java/io/IOException'{0x00000000c5f00638}: CreateProcess error=1455, El archivo de paginaci贸n es demasiado peque帽o para completar la operaci贸n> (0x00000000c5f00638) 
thrown [s\src\hotspot\share\prims\jni.cpp, line 535]
Event: 4371.860 Thread 0x000002495f2474a0 Exception <a 'java/io/IOException'{0x00000000c5f00638}: CreateProcess error=1455, El archivo de paginaci贸n es demasiado peque帽o para completar la operaci贸n> (0x00000000c5f00638) 
thrown [s\src\hotspot\share\prims\jni.cpp, line 535]

VM Operations (20 events):
Event: 4497.149 Executing VM operation: G1CollectFull done
Event: 4507.410 Executing VM operation: G1CollectFull
Event: 4507.448 Executing VM operation: G1CollectFull done
Event: 4517.831 Executing VM operation: G1CollectFull
Event: 4517.884 Executing VM operation: G1CollectFull done
Event: 4528.107 Executing VM operation: G1CollectFull
Event: 4528.154 Executing VM operation: G1CollectFull done
Event: 4538.581 Executing VM operation: G1CollectFull
Event: 4538.708 Executing VM operation: G1CollectFull done
Event: 4549.724 Executing VM operation: G1CollectFull
Event: 4549.764 Executing VM operation: G1CollectFull done
Event: 4560.081 Executing VM operation: G1CollectFull
Event: 4560.149 Executing VM operation: G1CollectFull done
Event: 4571.192 Executing VM operation: G1CollectFull
Event: 4571.253 Executing VM operation: G1CollectFull done
Event: 4581.686 Executing VM operation: G1CollectFull
Event: 4581.750 Executing VM operation: G1CollectFull done
Event: 4592.572 Executing VM operation: G1CollectFull
Event: 4592.616 Executing VM operation: G1CollectFull done
Event: 4602.860 Executing VM operation: G1CollectFull

Events (20 events):
Event: 2474.002 Thread 0x000002495f0e0cb0 Thread added: 0x000002495f0e0cb0
Event: 2474.009 Thread 0x000002495f0df870 Thread added: 0x000002495f0df870
Event: 2474.044 Thread 0x0000024960531480 Thread added: 0x0000024960531480
Event: 2474.065 Thread 0x00000249605319a0 Thread added: 0x00000249605319a0
Event: 2479.200 Thread 0x00000249605319a0 Thread exited: 0x00000249605319a0
Event: 2479.217 Thread 0x0000024960531480 Thread exited: 0x0000024960531480
Event: 2534.114 Thread 0x000002495f0df870 Thread exited: 0x000002495f0df870
Event: 2534.203 Thread 0x000002495f0e0cb0 Thread exited: 0x000002495f0e0cb0
Event: 2562.898 Thread 0x000002495f0db190 Thread added: 0x000002495f0db190
Event: 2562.902 Thread 0x000002495f0e0cb0 Thread added: 0x000002495f0e0cb0
Event: 2562.951 Thread 0x0000024960531480 Thread added: 0x0000024960531480
Event: 2567.969 Thread 0x0000024960531480 Thread exited: 0x0000024960531480
Event: 2622.946 Thread 0x000002495f0e0cb0 Thread exited: 0x000002495f0e0cb0
Event: 2622.960 Thread 0x000002495f0db190 Thread exited: 0x000002495f0db190
Event: 2858.791 Thread 0x000002495f0de430 Thread added: 0x000002495f0de430
Event: 2858.910 Thread 0x000002495f0dee50 Thread added: 0x000002495f0dee50
Event: 2859.440 Thread 0x000002495f5c77f0 Thread added: 0x000002495f5c77f0
Event: 2864.519 Thread 0x000002495f5c77f0 Thread exited: 0x000002495f5c77f0
Event: 2919.538 Thread 0x000002495f0de430 Thread exited: 0x000002495f0de430
Event: 2919.538 Thread 0x000002495f0dee50 Thread exited: 0x000002495f0dee50


Dynamic libraries:
0x00007ff7cff30000 - 0x00007ff7cff3e000 	c:\Users\Janet\.vscode\extensions\redhat.java-1.32.2024062508-win32-x64\jre\17.0.11-win32-x86_64\bin\java.exe
0x00007ff893b90000 - 0x00007ff893da7000 	C:\WINDOWS\SYSTEM32\ntdll.dll
0x00007ff892870000 - 0x00007ff892934000 	C:\WINDOWS\System32\KERNEL32.DLL
0x00007ff890ec0000 - 0x00007ff89126c000 	C:\WINDOWS\System32\KERNELBASE.dll
0x00007ff891480000 - 0x00007ff891591000 	C:\WINDOWS\System32\ucrtbase.dll
0x00007ff88dbc0000 - 0x00007ff88dbd7000 	c:\Users\Janet\.vscode\extensions\redhat.java-1.32.2024062508-win32-x64\jre\17.0.11-win32-x86_64\bin\jli.dll
0x00007ff88bd50000 - 0x00007ff88bd6b000 	c:\Users\Janet\.vscode\extensions\redhat.java-1.32.2024062508-win32-x64\jre\17.0.11-win32-x86_64\bin\VCRUNTIME140.dll
0x00007ff891fe0000 - 0x00007ff89218e000 	C:\WINDOWS\System32\USER32.dll
0x00007ff8916c0000 - 0x00007ff8916e6000 	C:\WINDOWS\System32\win32u.dll
0x00007ff892ca0000 - 0x00007ff892cc9000 	C:\WINDOWS\System32\GDI32.dll
0x00007ff8917b0000 - 0x00007ff8918c9000 	C:\WINDOWS\System32\gdi32full.dll
0x00007ff891620000 - 0x00007ff8916ba000 	C:\WINDOWS\System32\msvcp_win.dll
0x00007ff881700000 - 0x00007ff881993000 	C:\WINDOWS\WinSxS\amd64_microsoft.windows.common-controls_6595b64144ccf1df_6.0.22621.3672_none_2713b9d173822955\COMCTL32.dll
0x00007ff893970000 - 0x00007ff893a17000 	C:\WINDOWS\System32\msvcrt.dll
0x00007ff8918e0000 - 0x00007ff891911000 	C:\WINDOWS\System32\IMM32.DLL
0x00007ff88dc00000 - 0x00007ff88dc0c000 	c:\Users\Janet\.vscode\extensions\redhat.java-1.32.2024062508-win32-x64\jre\17.0.11-win32-x86_64\bin\vcruntime140_1.dll
0x00007ff858e70000 - 0x00007ff858efd000 	c:\Users\Janet\.vscode\extensions\redhat.java-1.32.2024062508-win32-x64\jre\17.0.11-win32-x86_64\bin\msvcp140.dll
0x00007ff80cf70000 - 0x00007ff80dbd2000 	c:\Users\Janet\.vscode\extensions\redhat.java-1.32.2024062508-win32-x64\jre\17.0.11-win32-x86_64\bin\server\jvm.dll
0x00007ff8927b0000 - 0x00007ff892862000 	C:\WINDOWS\System32\ADVAPI32.dll
0x00007ff892b00000 - 0x00007ff892baa000 	C:\WINDOWS\System32\sechost.dll
0x00007ff8913e0000 - 0x00007ff891408000 	C:\WINDOWS\System32\bcrypt.dll
0x00007ff891920000 - 0x00007ff891a35000 	C:\WINDOWS\System32\RPCRT4.dll
0x00007ff890d80000 - 0x00007ff890dcd000 	C:\WINDOWS\SYSTEM32\POWRPROF.dll
0x00007ff86d200000 - 0x00007ff86d209000 	C:\WINDOWS\SYSTEM32\WSOCK32.dll
0x00007ff888130000 - 0x00007ff888164000 	C:\WINDOWS\SYSTEM32\WINMM.dll
0x00007ff892630000 - 0x00007ff8926a1000 	C:\WINDOWS\System32\WS2_32.dll
0x00007ff886d50000 - 0x00007ff886d5a000 	C:\WINDOWS\SYSTEM32\VERSION.dll
0x00007ff890d60000 - 0x00007ff890d73000 	C:\WINDOWS\SYSTEM32\UMPDC.dll
0x00007ff88fe50000 - 0x00007ff88fe68000 	C:\WINDOWS\SYSTEM32\kernel.appcore.dll
0x00007ff88bd00000 - 0x00007ff88bd0a000 	c:\Users\Janet\.vscode\extensions\redhat.java-1.32.2024062508-win32-x64\jre\17.0.11-win32-x86_64\bin\jimage.dll
0x00007ff88e670000 - 0x00007ff88e8a2000 	C:\WINDOWS\SYSTEM32\DBGHELP.DLL
0x00007ff893550000 - 0x00007ff8938d8000 	C:\WINDOWS\System32\combase.dll
0x00007ff892bb0000 - 0x00007ff892c87000 	C:\WINDOWS\System32\OLEAUT32.dll
0x00007ff87d1a0000 - 0x00007ff87d1d2000 	C:\WINDOWS\SYSTEM32\dbgcore.DLL
0x00007ff8915a0000 - 0x00007ff89161b000 	C:\WINDOWS\System32\bcryptPrimitives.dll
0x00007ff876ca0000 - 0x00007ff876cc5000 	c:\Users\Janet\.vscode\extensions\redhat.java-1.32.2024062508-win32-x64\jre\17.0.11-win32-x86_64\bin\java.dll
0x00007ff886d30000 - 0x00007ff886d48000 	c:\Users\Janet\.vscode\extensions\redhat.java-1.32.2024062508-win32-x64\jre\17.0.11-win32-x86_64\bin\zip.dll
0x00007ff892ce0000 - 0x00007ff89353c000 	C:\WINDOWS\System32\SHELL32.dll
0x00007ff88edc0000 - 0x00007ff88f6b7000 	C:\WINDOWS\SYSTEM32\windows.storage.dll
0x00007ff88ec80000 - 0x00007ff88edbf000 	C:\WINDOWS\SYSTEM32\wintypes.dll
0x00007ff891aa0000 - 0x00007ff891b94000 	C:\WINDOWS\System32\SHCORE.dll
0x00007ff891a40000 - 0x00007ff891a9e000 	C:\WINDOWS\System32\shlwapi.dll
0x00007ff890df0000 - 0x00007ff890e11000 	C:\WINDOWS\SYSTEM32\profapi.dll
0x00007ff8735c0000 - 0x00007ff8735d9000 	C:\Users\Janet\.vscode\extensions\redhat.java-1.32.2024062508-win32-x64\jre\17.0.11-win32-x86_64\bin\net.dll
0x00007ff888e70000 - 0x00007ff888fa6000 	C:\WINDOWS\SYSTEM32\WINHTTP.dll
0x00007ff890320000 - 0x00007ff890389000 	C:\WINDOWS\system32\mswsock.dll
0x00007ff872220000 - 0x00007ff872236000 	C:\Users\Janet\.vscode\extensions\redhat.java-1.32.2024062508-win32-x64\jre\17.0.11-win32-x86_64\bin\nio.dll
0x00007ff87f710000 - 0x00007ff87f720000 	c:\Users\Janet\.vscode\extensions\redhat.java-1.32.2024062508-win32-x64\jre\17.0.11-win32-x86_64\bin\verify.dll
0x00007ff8905d0000 - 0x00007ff8905eb000 	C:\WINDOWS\SYSTEM32\CRYPTSP.dll
0x00007ff88fe10000 - 0x00007ff88fe45000 	C:\WINDOWS\system32\rsaenh.dll
0x00007ff890440000 - 0x00007ff890468000 	C:\WINDOWS\SYSTEM32\USERENV.dll
0x00007ff8905c0000 - 0x00007ff8905cc000 	C:\WINDOWS\SYSTEM32\CRYPTBASE.dll
0x00007ff88f920000 - 0x00007ff88f94d000 	C:\WINDOWS\SYSTEM32\IPHLPAPI.DLL
0x00007ff892c90000 - 0x00007ff892c99000 	C:\WINDOWS\System32\NSI.dll
0x00007ff889500000 - 0x00007ff889519000 	C:\WINDOWS\SYSTEM32\dhcpcsvc6.DLL
0x00007ff8889b0000 - 0x00007ff8889cf000 	C:\WINDOWS\SYSTEM32\dhcpcsvc.DLL
0x00007ff88f990000 - 0x00007ff88fa88000 	C:\WINDOWS\SYSTEM32\DNSAPI.dll
0x00007ff87f580000 - 0x00007ff87f589000 	C:\Users\Janet\.vscode\extensions\redhat.java-1.32.2024062508-win32-x64\jre\17.0.11-win32-x86_64\bin\management.dll
0x00007ff87f560000 - 0x00007ff87f56b000 	C:\Users\Janet\.vscode\extensions\redhat.java-1.32.2024062508-win32-x64\jre\17.0.11-win32-x86_64\bin\management_ext.dll
0x00007ff8918d0000 - 0x00007ff8918d8000 	C:\WINDOWS\System32\PSAPI.DLL
0x00007ff87f0a0000 - 0x00007ff87f0ae000 	C:\Users\Janet\.vscode\extensions\redhat.java-1.32.2024062508-win32-x64\jre\17.0.11-win32-x86_64\bin\sunmscapi.dll
0x00007ff891270000 - 0x00007ff8913d7000 	C:\WINDOWS\System32\CRYPT32.dll
0x00007ff890780000 - 0x00007ff8907ae000 	C:\WINDOWS\SYSTEM32\ncrypt.dll
0x00007ff890740000 - 0x00007ff890777000 	C:\WINDOWS\SYSTEM32\NTASN1.dll
0x00007ff88b4c0000 - 0x00007ff88b4ca000 	C:\Windows\System32\rasadhlp.dll
0x00007ff886920000 - 0x00007ff8869a3000 	C:\WINDOWS\System32\fwpuclnt.dll
0x00007ff87e300000 - 0x00007ff87e309000 	C:\Users\Janet\.vscode\extensions\redhat.java-1.32.2024062508-win32-x64\jre\17.0.11-win32-x86_64\bin\extnet.dll

dbghelp: loaded successfully - version: 4.0.5 - missing functions: none
symbol engine: initialized successfully - sym options: 0x614 - pdb path: .;c:\Users\Janet\.vscode\extensions\redhat.java-1.32.2024062508-win32-x64\jre\17.0.11-win32-x86_64\bin;C:\WINDOWS\SYSTEM32;C:\WINDOWS\WinSxS\amd64_microsoft.windows.common-controls_6595b64144ccf1df_6.0.22621.3672_none_2713b9d173822955;c:\Users\Janet\.vscode\extensions\redhat.java-1.32.2024062508-win32-x64\jre\17.0.11-win32-x86_64\bin\server

VM Arguments:
jvm_args: -Xmx1024m -Dsts.lsp.client=vscode -Dsts.log.file=/dev/null -XX:TieredStopAtLevel=1 -Xlog:jni+resolve=off -Dspring.config.location=file:c:\Users\Janet\.vscode\extensions\vmware.vscode-spring-boot-1.55.1\language-server\BOOT-INF\classes\application.properties 
java_command: org.springframework.ide.vscode.boot.app.BootLanguageServerBootApp
java_class_path (initial): c:\Users\Janet\.vscode\extensions\vmware.vscode-spring-boot-1.55.1\language-server\BOOT-INF\classes;c:\Users\Janet\.vscode\extensions\vmware.vscode-spring-boot-1.55.1\language-server\BOOT-INF\lib\annotations-24.1.0.jar;c:\Users\Janet\.vscode\extensions\vmware.vscode-spring-boot-1.55.1\language-server\BOOT-INF\lib\antlr4-runtime-4.13.1.jar;c:\Users\Janet\.vscode\extensions\vmware.vscode-spring-boot-1.55.1\language-server\BOOT-INF\lib\asm-9.7.jar;c:\Users\Janet\.vscode\extensions\vmware.vscode-spring-boot-1.55.1\language-server\BOOT-INF\lib\asm-analysis-9.7.jar;c:\Users\Janet\.vscode\extensions\vmware.vscode-spring-boot-1.55.1\language-server\BOOT-INF\lib\asm-tree-9.7.jar;c:\Users\Janet\.vscode\extensions\vmware.vscode-spring-boot-1.55.1\language-server\BOOT-INF\lib\asm-util-9.7.jar;c:\Users\Janet\.vscode\extensions\vmware.vscode-spring-boot-1.55.1\language-server\BOOT-INF\lib\caffeine-3.1.8.jar;c:\Users\Janet\.vscode\extensions\vmware.vscode-spring-boot-1.55.1\language-server\BOOT-INF\lib\checker-qual-3.12.0.jar;c:\Users\Janet\.vscode\extensions\vmware.vscode-spring-boot-1.55.1\language-server\BOOT-INF\lib\classgraph-4.8.149.jar;c:\Users\Janet\.vscode\extensions\vmware.vscode-spring-boot-1.55.1\language-server\BOOT-INF\lib\commons-codec-1.16.1.jar;c:\Users\Janet\.vscode\extensions\vmware.vscode-spring-boot-1.55.1\language-server\BOOT-INF\lib\commons-compress-1.26.1.jar;c:\Users\Janet\.vscode\extensions\vmware.vscode-spring-boot-1.55.1\language-server\BOOT-INF\lib\commons-io-2.16.1.jar;c:\Users\Janet\.vscode\extensions\vmware.vscode-spring-boot-1.55.1\language-server\BOOT-INF\lib\commons-java-1.55.1-SNAPSHOT.jar;c:\Users\Janet\.vscode\extensions\vmware.vscode-spring-boot-1.55.1\language-server\BOOT-INF\lib\commons-lang3-3.14.0.jar;c:\Users\Janet\.vscode\extensions\vmware.vscode-spring-boot-1.55.1\language-server\BOOT-INF\lib\commons-language-server-1.55.1-SNAPSHOT.jar;c:\Users\Janet\.vscode\extensions\vmware.vscode-spring-boot-1.55.1\langu
Launcher Type: SUN_STANDARD

[Global flags]
     intx CICompilerCount                          = 4                                         {product} {ergonomic}
     uint ConcGCThreads                            = 2                                         {product} {ergonomic}
     uint G1ConcRefinementThreads                  = 8                                         {product} {ergonomic}
   size_t G1HeapRegionSize                         = 1048576                                   {product} {ergonomic}
    uintx GCDrainStackTargetSize                   = 64                                        {product} {ergonomic}
   size_t InitialHeapSize                          = 100663296                                 {product} {ergonomic}
   size_t MarkStackSize                            = 4194304                                   {product} {ergonomic}
   size_t MaxHeapSize                              = 1073741824                                {product} {command line}
   size_t MaxNewSize                               = 643825664                                 {product} {ergonomic}
   size_t MinHeapDeltaBytes                        = 1048576                                   {product} {ergonomic}
   size_t MinHeapSize                              = 8388608                                   {product} {ergonomic}
    uintx NonProfiledCodeHeapSize                  = 0                                      {pd product} {ergonomic}
     bool ProfileInterpreter                       = false                                  {pd product} {command line}
    uintx ProfiledCodeHeapSize                     = 0                                      {pd product} {ergonomic}
   size_t SoftMaxHeapSize                          = 1073741824                             {manageable} {ergonomic}
     intx TieredStopAtLevel                        = 1                                         {product} {command line}
     bool UseCompressedClassPointers               = true                           {product lp64_product} {ergonomic}
     bool UseCompressedOops                        = true                           {product lp64_product} {ergonomic}
     bool UseG1GC                                  = true                                      {product} {ergonomic}
     bool UseLargePagesIndividualAllocation        = false                                  {pd product} {ergonomic}

Logging:
Log output configuration:
 #0: stdout all=warning,jni+resolve=off uptime,level,tags
 #1: stderr all=off uptime,level,tags

Environment Variables:
JAVA_HOME=C:\Program Files\Java\jdk-11
PATH=C:\Program Files\Common Files\Oracle\Java\javapath;C:\Program Files\Java\jdk-11\bin;C:\Program Files\Java\jdk-11;C:\Users\Janet\AppData\Local\Programs\Python\Python310\Scripts\;C:\Users\Janet\AppData\Local\Programs\Python\Python310\;C:\Program Files (x86)\Embarcadero\Studio\21.0\bin;C:\Users\Public\Documents\Embarcadero\Studio\21.0\Bpl;C:\Program Files (x86)\Embarcadero\Studio\21.0\bin64;C:\Users\Public\Documents\Embarcadero\Studio\21.0\Bpl\Win64;C:\Windows\system32;C:\Windows;C:\Windows\System32\Wbem;C:\Windows\System32\WindowsPowerShell\v1.0\;C:\Windows\System32\OpenSSH\;C:\Program Files (x86)\Microsoft SQL Server\150\DTS\Binn\;C:\Program Files (x86)\Microsoft SQL Server\150\Tools\Binn\;C:\Program Files\Microsoft SQL Server\150\Tools\Binn\;C:\Program Files\Microsoft SQL Server\Client SDK\ODBC\170\Tools\Binn\;C:\Program Files\Microsoft SQL Server\150\DTS\Binn\;C:\WINDOWS\system32;C:\WINDOWS;C:\WINDOWS\System32\Wbem;C:\WINDOWS\System32\WindowsPowerShell\v1.0\;C:\WINDOWS\System32\OpenSSH\;C:\ProgramData\chocolatey\bin;C:\Program Files\Git\cmd;C:\ProgramData\ComposerSetup\bin;C:\xampp\php;C:\Users\Janet\AppData\Local\Programs\Python\Python310;C:\Program Files\nodejs\;C:\flutter\bin;C:\gradle-8.4\bin;C:\Users\Janet\AppData\Local\Google\Cloud SDK\google-cloud-sdk\bin;C:\Program Files\dotnet\;D:\apache-maven-3.9.7\bin;C:\Program Files\Docker\Docker\resources\bin;D:\opennlp\bin;C:\Program Files\Java\jdk-11;C:\Users\Janet\AppData\Local\Microsoft\WindowsApps;C:\Mingw\Mingw64\bin;C:\Users\Janet\AppData\Local\ComposerSetup\bin;C:\Program Files\Azure Data Studio\bin;C:\Users\Janet\.dotnet\tools;C:\xampp\php;C:\Users\Janet\AppData\Local\Programs\Microsoft VS Code\bin;C:\Users\Janet\AppData\Roaming\Composer\vendor\bin;C:\Users\Janet\AppData\Local\Programs\Python\Python310;C:\Users\Janet\AppData\Local\Programs\Python\Python310\Tools\scripts;C:\Users\Janet\AppData\Roaming\npm;C:\flutter\bin;C:\gradle-8.4\bin;C:\tools\dart-sdk\bin;C:\Users\Janet\AppData\Local\Pub\Cache\bin;C:\Use
USERNAME=Janet
OS=Windows_NT
PROCESSOR_IDENTIFIER=AMD64 Family 23 Model 24 Stepping 1, AuthenticAMD
TMP=C:\Users\Janet\AppData\Local\Temp
TEMP=C:\Users\Janet\AppData\Local\Temp



Periodic native trim disabled


---------------  S Y S T E M  ---------------

OS:
 Windows 11 , 64 bit Build 22621 (10.0.22621.3672)
OS uptime: 6 days 23:31 hours
Hyper-V role detected

CPU: total 8 (initial active 8) (8 cores per cpu, 2 threads per core) family 23 model 24 stepping 1 microcode 0x0, cx8, cmov, fxsr, ht, mmx, 3dnowpref, sse, sse2, sse3, ssse3, sse4a, sse4.1, sse4.2, popcnt, lzcnt, tsc, tscinvbit, avx, avx2, aes, clmul, bmi1, bmi2, adx, sha, fma, vzeroupper, clflush, clflushopt, hv
Processor Information for all 8 processors :
  Max Mhz: 2300, Current Mhz: 2300, Mhz Limit: 2300

Memory: 4k page, system-wide physical 6091M (1040M free)
TotalPageFile size 24523M (AvailPageFile size 7M)
current process WorkingSet (physical memory assigned to process): 61M, peak: 221M
current process commit charge ("private bytes"): 263M, peak: 273M

vm_info: OpenJDK 64-Bit Server VM (17.0.11+9) for windows-amd64 JRE (17.0.11+9), built on Apr 17 2024 06:07:48 by "admin" with MS VC++ 16.10 / 16.11 (VS2019)

END.
