#
# There is insufficient memory for the Java Runtime Environment to continue.
# Native memory allocation (malloc) failed to allocate 2285776 bytes for Chunk::new
# Possible reasons:
#   The system is out of physical RAM or swap space
#   The process is running with CompressedOops enabled, and the Java Heap may be blocking the growth of the native heap
# Possible solutions:
#   Reduce memory load on the system
#   Increase physical memory or swap space
#   Check if swap backing store is full
#   Decrease Java heap size (-Xmx/-Xms)
#   Decrease number of Java threads
#   Decrease Java thread stack sizes (-Xss)
#   Set larger code cache with -XX:ReservedCodeCacheSize=
#   JVM is running with Unscaled Compressed Oops mode in which the Java heap is
#     placed in the first 4GB address space. The Java Heap base address is the
#     maximum limit for the native heap growth. Please use -XX:HeapBaseMinAddress
#     to set the Java Heap base and to place the Java Heap above 4GB virtual address.
# This output file may be truncated or incomplete.
#
#  Out of Memory Error (./open/src/hotspot/share/memory/arena.cpp:197), pid=25308, tid=31724
#
# JRE version: Java(TM) SE Runtime Environment 18.9 (11.0.21+9) (build 11.0.21+9-LTS-193)
# Java VM: Java HotSpot(TM) 64-Bit Server VM 18.9 (11.0.21+9-LTS-193, mixed mode, tiered, compressed oops, g1 gc, windows-amd64)
# No core dump will be written. Minidumps are not enabled by default on client versions of Windows
#

---------------  S U M M A R Y ------------

Command Line: -Dcom.sun.management.jmxremote -Dcom.sun.management.jmxremote.port=53145 -Dcom.sun.management.jmxremote.authenticate=false -Dcom.sun.management.jmxremote.ssl=false -Dspring.jmx.enabled=true -Djava.rmi.server.hostname=localhost -Dspring.application.admin.enabled=true -Dspring.boot.project.name=ecommerce ecommerce.ecommerce.EcommerceApplication

Host: AMD Ryzen 7 3700U with Radeon Vega Mobile Gfx  , 8 cores, 5G,  Windows 11 , 64 bit Build 22621 (10.0.22621.3672)
Time: Tue Jun 25 13:35:50 2024 Hora estándar oeste, Sudamérica elapsed time: 3575.678503 seconds (0d 0h 59m 35s)

---------------  T H R E A D  ---------------

Current thread (0x000002693a233000):  JavaThread "C2 CompilerThread1" daemon [_thread_in_native, id=31724, stack(0x0000006eed300000,0x0000006eed400000)]


Current CompileTask:
C2:3575678 15982   !   4       org.springframework.core.type.classreading.SimpleMetadataReaderFactory::getMetadataReader (156 bytes)

Stack: [0x0000006eed300000,0x0000006eed400000]
Native frames: (J=compiled Java code, j=interpreted, Vv=VM code, C=native code)
V  [jvm.dll+0x66058a]
V  [jvm.dll+0x7a362f]
V  [jvm.dll+0x7a4cf9]
V  [jvm.dll+0x7a5393]
V  [jvm.dll+0x258f55]
V  [jvm.dll+0xb2a0c]
V  [jvm.dll+0xb2fcc]
V  [jvm.dll+0x36772f]
V  [jvm.dll+0x330445]
V  [jvm.dll+0x32f82a]
V  [jvm.dll+0x211c3d]
V  [jvm.dll+0x210c08]
V  [jvm.dll+0x18cdb1]
V  [jvm.dll+0x220e99]
V  [jvm.dll+0x21f1bc]
V  [jvm.dll+0x7673c1]
V  [jvm.dll+0x75fc44]
V  [jvm.dll+0x65f435]
C  [ucrtbase.dll+0x29333]
C  [KERNEL32.DLL+0x1257d]
C  [ntdll.dll+0x5af28]


---------------  P R O C E S S  ---------------

Threads class SMR info:
_java_thread_list=0x00000269372d1360, length=17, elements={
0x00000269334bc800, 0x00000269334c5800, 0x0000026933e72000, 0x00000269334d5000,
0x00000269334d7000, 0x00000269334da800, 0x00000269334dc800, 0x00000269334dd800,
0x0000026933452800, 0x0000026933fc3000, 0x0000026934908000, 0x00000269348e9000,
0x0000026939156000, 0x000002693963e800, 0x0000026938ee1000, 0x0000026938ed5800,
0x000002693a233000
}

Java Threads: ( => current thread )
  0x00000269334bc800 JavaThread "Reference Handler" daemon [_thread_blocked, id=17616, stack(0x0000006eedc00000,0x0000006eedd00000)]
  0x00000269334c5800 JavaThread "Finalizer" daemon [_thread_blocked, id=13808, stack(0x0000006eedd00000,0x0000006eede00000)]
  0x0000026933e72000 JavaThread "Signal Dispatcher" daemon [_thread_blocked, id=23500, stack(0x0000006eede00000,0x0000006eedf00000)]
  0x00000269334d5000 JavaThread "Attach Listener" daemon [_thread_blocked, id=7236, stack(0x0000006eedf00000,0x0000006eee000000)]
  0x00000269334d7000 JavaThread "Service Thread" daemon [_thread_blocked, id=8956, stack(0x0000006eee000000,0x0000006eee100000)]
  0x00000269334da800 JavaThread "C2 CompilerThread0" daemon [_thread_in_native, id=19104, stack(0x0000006eee100000,0x0000006eee200000)]
  0x00000269334dc800 JavaThread "C1 CompilerThread0" daemon [_thread_blocked, id=27340, stack(0x0000006eee200000,0x0000006eee300000)]
  0x00000269334dd800 JavaThread "Sweeper thread" daemon [_thread_blocked, id=24544, stack(0x0000006eee300000,0x0000006eee400000)]
  0x0000026933452800 JavaThread "Common-Cleaner" daemon [_thread_blocked, id=24924, stack(0x0000006eee400000,0x0000006eee500000)]
  0x0000026933fc3000 JavaThread "RMI TCP Accept-0" daemon [_thread_in_native, id=2356, stack(0x0000006eee500000,0x0000006eee600000)]
  0x0000026934908000 JavaThread "RMI TCP Accept-53145" daemon [_thread_in_native, id=18748, stack(0x0000006eee600000,0x0000006eee700000)]
  0x00000269348e9000 JavaThread "RMI TCP Accept-0" daemon [_thread_in_native, id=31720, stack(0x0000006eee700000,0x0000006eee800000)]
  0x0000026939156000 JavaThread "Thread-4" daemon [_thread_in_native, id=14380, stack(0x0000006eef800000,0x0000006eef900000)]
  0x000002693963e800 JavaThread "DestroyJavaVM" [_thread_blocked, id=25996, stack(0x0000006eed500000,0x0000006eed600000)]
  0x0000026938ee1000 JavaThread "Thread-22" [_thread_blocked, id=26348, stack(0x0000006ef0200000,0x0000006ef0300000)]
  0x0000026938ed5800 JavaThread "restartedMain" [_thread_in_Java, id=31212, stack(0x0000006eed200000,0x0000006eed300000)]
=>0x000002693a233000 JavaThread "C2 CompilerThread1" daemon [_thread_in_native, id=31724, stack(0x0000006eed300000,0x0000006eed400000)]

Other Threads:
  0x0000026933499000 VMThread "VM Thread" [stack: 0x0000006eedb00000,0x0000006eedc00000] [id=2716]
  0x00000269348f1000 WatcherThread [stack: 0x0000006eee800000,0x0000006eee900000] [id=23360]
  0x00000269167f1800 GCTaskThread "GC Thread#0" [stack: 0x0000006eed600000,0x0000006eed700000] [id=10896]
  0x0000026934994000 GCTaskThread "GC Thread#1" [stack: 0x0000006eeea00000,0x0000006eeeb00000] [id=21376]
  0x0000026935f87800 GCTaskThread "GC Thread#2" [stack: 0x0000006eeee00000,0x0000006eeef00000] [id=30320]
  0x00000269359f3800 GCTaskThread "GC Thread#3" [stack: 0x0000006eeef00000,0x0000006eef000000] [id=21264]
  0x000002693580d800 GCTaskThread "GC Thread#4" [stack: 0x0000006eef000000,0x0000006eef100000] [id=28180]
  0x0000026935912800 GCTaskThread "GC Thread#5" [stack: 0x0000006eef100000,0x0000006eef200000] [id=13976]
  0x0000026935ad7000 GCTaskThread "GC Thread#6" [stack: 0x0000006eef300000,0x0000006eef400000] [id=7112]
  0x000002693600a800 GCTaskThread "GC Thread#7" [stack: 0x0000006eef400000,0x0000006eef500000] [id=28584]
  0x0000026916818800 ConcurrentGCThread "G1 Main Marker" [stack: 0x0000006eed700000,0x0000006eed800000] [id=1796]
  0x000002691681b000 ConcurrentGCThread "G1 Conc#0" [stack: 0x0000006eed800000,0x0000006eed900000] [id=29112]
  0x00000269359ce800 ConcurrentGCThread "G1 Conc#1" [stack: 0x0000006eef500000,0x0000006eef600000] [id=25860]
  0x0000026933300800 ConcurrentGCThread "G1 Refine#0" [stack: 0x0000006eed900000,0x0000006eeda00000] [id=8152]
  0x00000269357a5000 ConcurrentGCThread "G1 Refine#1" [stack: 0x0000006eeeb00000,0x0000006eeec00000] [id=21612]
  0x0000026933301800 ConcurrentGCThread "G1 Young RemSet Sampling" [stack: 0x0000006eeda00000,0x0000006eedb00000] [id=18960]

Threads with active compile tasks:
C2 CompilerThread0  3575740 15989       4       org.springframework.asm.ClassReader::readMethod (1055 bytes)
C2 CompilerThread1  3575740 15982   !   4       org.springframework.core.type.classreading.SimpleMetadataReaderFactory::getMetadataReader (156 bytes)

VM state:not at safepoint (normal execution)

VM Mutex/Monitor currently owned by a thread: None

Heap address: 0x00000000a0c00000, size: 1524 MB, Compressed Oops mode: 32-bit
Narrow klass base: 0x0000000000000000, Narrow klass shift: 3
Compressed class space size: 1073741824 Address: 0x0000000100000000

Heap:
 garbage-first heap   total 109568K, used 57072K [0x00000000a0c00000, 0x0000000100000000)
  region size 1024K, 26 young (26624K), 0 survivors (0K)
 Metaspace       used 73901K, capacity 76870K, committed 77312K, reserved 1116160K
  class space    used 8498K, capacity 9580K, committed 9728K, reserved 1048576K
Heap Regions: E=young(eden), S=young(survivor), O=old, HS=humongous(starts), HC=humongous(continues), CS=collection set, F=free, A=archive, TAMS=top-at-mark-start (previous, next)
|   0|0x00000000a0c00000, 0x00000000a0d00000, 0x00000000a0d00000|100%|HS|  |TAMS 0x00000000a0c00000, 0x00000000a0c00000| Untracked 
|   1|0x00000000a0d00000, 0x00000000a0dfffc0, 0x00000000a0e00000| 99%| O|  |TAMS 0x00000000a0d00000, 0x00000000a0d00000| Untracked 
|   2|0x00000000a0e00000, 0x00000000a0efffc0, 0x00000000a0f00000| 99%| O|  |TAMS 0x00000000a0e00000, 0x00000000a0e00000| Untracked 
|   3|0x00000000a0f00000, 0x00000000a0ffd9d8, 0x00000000a1000000| 99%| O|  |TAMS 0x00000000a0f00000, 0x00000000a0f00000| Untracked 
|   4|0x00000000a1000000, 0x00000000a10ff458, 0x00000000a1100000| 99%| O|  |TAMS 0x00000000a1000000, 0x00000000a1000000| Untracked 
|   5|0x00000000a1100000, 0x00000000a11ffff8, 0x00000000a1200000| 99%| O|  |TAMS 0x00000000a1100000, 0x00000000a1100000| Untracked 
|   6|0x00000000a1200000, 0x00000000a12fffe8, 0x00000000a1300000| 99%| O|  |TAMS 0x00000000a1200000, 0x00000000a1200000| Untracked 
|   7|0x00000000a1300000, 0x00000000a13ffff8, 0x00000000a1400000| 99%| O|  |TAMS 0x00000000a1300000, 0x00000000a1300000| Untracked 
|   8|0x00000000a1400000, 0x00000000a14fffd8, 0x00000000a1500000| 99%| O|  |TAMS 0x00000000a1400000, 0x00000000a1400000| Untracked 
|   9|0x00000000a1500000, 0x00000000a15ffff8, 0x00000000a1600000| 99%| O|  |TAMS 0x00000000a1500000, 0x00000000a1500000| Untracked 
|  10|0x00000000a1600000, 0x00000000a16fffd8, 0x00000000a1700000| 99%| O|  |TAMS 0x00000000a1600000, 0x00000000a1600000| Untracked 
|  11|0x00000000a1700000, 0x00000000a17ffff8, 0x00000000a1800000| 99%| O|  |TAMS 0x00000000a1700000, 0x00000000a1700000| Untracked 
|  12|0x00000000a1800000, 0x00000000a18ffff8, 0x00000000a1900000| 99%| O|  |TAMS 0x00000000a1800000, 0x00000000a1800000| Untracked 
|  13|0x00000000a1900000, 0x00000000a19fff88, 0x00000000a1a00000| 99%| O|  |TAMS 0x00000000a1900000, 0x00000000a1900000| Untracked 
|  14|0x00000000a1a00000, 0x00000000a1b00000, 0x00000000a1b00000|100%| O|  |TAMS 0x00000000a1a00000, 0x00000000a1a00000| Untracked 
|  15|0x00000000a1b00000, 0x00000000a1bfffb8, 0x00000000a1c00000| 99%| O|  |TAMS 0x00000000a1b00000, 0x00000000a1b00000| Untracked 
|  16|0x00000000a1c00000, 0x00000000a1cfffd0, 0x00000000a1d00000| 99%| O|  |TAMS 0x00000000a1c00000, 0x00000000a1c00000| Untracked 
|  17|0x00000000a1d00000, 0x00000000a1dffff8, 0x00000000a1e00000| 99%| O|  |TAMS 0x00000000a1d00000, 0x00000000a1d00000| Untracked 
|  18|0x00000000a1e00000, 0x00000000a1f00000, 0x00000000a1f00000|100%| O|  |TAMS 0x00000000a1e00000, 0x00000000a1e00000| Untracked 
|  19|0x00000000a1f00000, 0x00000000a1ffffd8, 0x00000000a2000000| 99%| O|  |TAMS 0x00000000a1f00000, 0x00000000a1f00000| Untracked 
|  20|0x00000000a2000000, 0x00000000a20fffe8, 0x00000000a2100000| 99%| O|  |TAMS 0x00000000a2000000, 0x00000000a2000000| Untracked 
|  21|0x00000000a2100000, 0x00000000a21fffc0, 0x00000000a2200000| 99%| O|  |TAMS 0x00000000a2100000, 0x00000000a2100000| Untracked 
|  22|0x00000000a2200000, 0x00000000a22fffd0, 0x00000000a2300000| 99%| O|  |TAMS 0x00000000a2200000, 0x00000000a2200000| Untracked 
|  23|0x00000000a2300000, 0x00000000a23fffc0, 0x00000000a2400000| 99%| O|  |TAMS 0x00000000a2300000, 0x00000000a2300000| Untracked 
|  24|0x00000000a2400000, 0x00000000a24fffe8, 0x00000000a2500000| 99%| O|  |TAMS 0x00000000a2400000, 0x00000000a2400000| Untracked 
|  25|0x00000000a2500000, 0x00000000a25fffe8, 0x00000000a2600000| 99%| O|  |TAMS 0x00000000a2500000, 0x00000000a2500000| Untracked 
|  26|0x00000000a2600000, 0x00000000a2700000, 0x00000000a2700000|100%| O|  |TAMS 0x00000000a2600000, 0x00000000a2600000| Untracked 
|  27|0x00000000a2700000, 0x00000000a2800000, 0x00000000a2800000|100%| O|  |TAMS 0x00000000a2700000, 0x00000000a2700000| Untracked 
|  28|0x00000000a2800000, 0x00000000a2900000, 0x00000000a2900000|100%| O|  |TAMS 0x00000000a2800000, 0x00000000a2800000| Untracked 
|  29|0x00000000a2900000, 0x00000000a29e42e0, 0x00000000a2a00000| 89%| O|  |TAMS 0x00000000a2900000, 0x00000000a2900000| Untracked 
|  30|0x00000000a2a00000, 0x00000000a2affff8, 0x00000000a2b00000| 99%| O|  |TAMS 0x00000000a2a00000, 0x00000000a2a00000| Untracked 
|  31|0x00000000a2b00000, 0x00000000a2b00000, 0x00000000a2c00000|  0%| F|  |TAMS 0x00000000a2b00000, 0x00000000a2b00000| Untracked 
|  32|0x00000000a2c00000, 0x00000000a2c21228, 0x00000000a2d00000| 12%| O|  |TAMS 0x00000000a2c00000, 0x00000000a2c00000| Untracked 
|  33|0x00000000a2d00000, 0x00000000a2d2ab60, 0x00000000a2e00000| 16%| O|  |TAMS 0x00000000a2d00000, 0x00000000a2d00000| Untracked 
|  34|0x00000000a2e00000, 0x00000000a2e00000, 0x00000000a2f00000|  0%| F|  |TAMS 0x00000000a2e00000, 0x00000000a2e00000| Untracked 
|  35|0x00000000a2f00000, 0x00000000a2f00000, 0x00000000a3000000|  0%| F|  |TAMS 0x00000000a2f00000, 0x00000000a2f00000| Untracked 
|  36|0x00000000a3000000, 0x00000000a3010f38, 0x00000000a3100000|  6%| O|  |TAMS 0x00000000a3000000, 0x00000000a3000000| Untracked 
|  37|0x00000000a3100000, 0x00000000a3100000, 0x00000000a3200000|  0%| F|  |TAMS 0x00000000a3100000, 0x00000000a3100000| Untracked 
|  38|0x00000000a3200000, 0x00000000a327e630, 0x00000000a3300000| 49%| O|  |TAMS 0x00000000a3200000, 0x00000000a3200000| Untracked 
|  39|0x00000000a3300000, 0x00000000a3300000, 0x00000000a3400000|  0%| F|  |TAMS 0x00000000a3300000, 0x00000000a3300000| Untracked 
|  40|0x00000000a3400000, 0x00000000a3400000, 0x00000000a3500000|  0%| F|  |TAMS 0x00000000a3400000, 0x00000000a3400000| Untracked 
|  41|0x00000000a3500000, 0x00000000a3500000, 0x00000000a3600000|  0%| F|  |TAMS 0x00000000a3500000, 0x00000000a3500000| Untracked 
|  42|0x00000000a3600000, 0x00000000a3600000, 0x00000000a3700000|  0%| F|  |TAMS 0x00000000a3600000, 0x00000000a3600000| Untracked 
|  43|0x00000000a3700000, 0x00000000a3700000, 0x00000000a3800000|  0%| F|  |TAMS 0x00000000a3700000, 0x00000000a3700000| Untracked 
|  44|0x00000000a3800000, 0x00000000a3800000, 0x00000000a3900000|  0%| F|  |TAMS 0x00000000a3800000, 0x00000000a3800000| Untracked 
|  45|0x00000000a3900000, 0x00000000a3900000, 0x00000000a3a00000|  0%| F|  |TAMS 0x00000000a3900000, 0x00000000a3900000| Untracked 
|  46|0x00000000a3a00000, 0x00000000a3a00000, 0x00000000a3b00000|  0%| F|  |TAMS 0x00000000a3a00000, 0x00000000a3a00000| Untracked 
|  47|0x00000000a3b00000, 0x00000000a3b00000, 0x00000000a3c00000|  0%| F|  |TAMS 0x00000000a3b00000, 0x00000000a3b00000| Untracked 
|  48|0x00000000a3c00000, 0x00000000a3c00000, 0x00000000a3d00000|  0%| F|  |TAMS 0x00000000a3c00000, 0x00000000a3c00000| Untracked 
|  49|0x00000000a3d00000, 0x00000000a3d00000, 0x00000000a3e00000|  0%| F|  |TAMS 0x00000000a3d00000, 0x00000000a3d00000| Untracked 
|  50|0x00000000a3e00000, 0x00000000a3e00000, 0x00000000a3f00000|  0%| F|  |TAMS 0x00000000a3e00000, 0x00000000a3e00000| Untracked 
|  51|0x00000000a3f00000, 0x00000000a3f00000, 0x00000000a4000000|  0%| F|  |TAMS 0x00000000a3f00000, 0x00000000a3f00000| Untracked 
|  52|0x00000000a4000000, 0x00000000a4000000, 0x00000000a4100000|  0%| F|  |TAMS 0x00000000a4000000, 0x00000000a4000000| Untracked 
|  53|0x00000000a4100000, 0x00000000a4100000, 0x00000000a4200000|  0%| F|  |TAMS 0x00000000a4100000, 0x00000000a4100000| Untracked 
|  54|0x00000000a4200000, 0x00000000a4200000, 0x00000000a4300000|  0%| F|  |TAMS 0x00000000a4200000, 0x00000000a4200000| Untracked 
|  55|0x00000000a4300000, 0x00000000a4300000, 0x00000000a4400000|  0%| F|  |TAMS 0x00000000a4300000, 0x00000000a4300000| Untracked 
|  56|0x00000000a4400000, 0x00000000a4400000, 0x00000000a4500000|  0%| F|  |TAMS 0x00000000a4400000, 0x00000000a4400000| Untracked 
|  57|0x00000000a4500000, 0x00000000a4500000, 0x00000000a4600000|  0%| F|  |TAMS 0x00000000a4500000, 0x00000000a4500000| Untracked 
|  58|0x00000000a4600000, 0x00000000a4600000, 0x00000000a4700000|  0%| F|  |TAMS 0x00000000a4600000, 0x00000000a4600000| Untracked 
|  59|0x00000000a4700000, 0x00000000a4700000, 0x00000000a4800000|  0%| F|  |TAMS 0x00000000a4700000, 0x00000000a4700000| Untracked 
|  60|0x00000000a4800000, 0x00000000a4800000, 0x00000000a4900000|  0%| F|  |TAMS 0x00000000a4800000, 0x00000000a4800000| Untracked 
|  61|0x00000000a4900000, 0x00000000a4900000, 0x00000000a4a00000|  0%| F|  |TAMS 0x00000000a4900000, 0x00000000a4900000| Untracked 
|  62|0x00000000a4a00000, 0x00000000a4a00000, 0x00000000a4b00000|  0%| F|  |TAMS 0x00000000a4a00000, 0x00000000a4a00000| Untracked 
|  63|0x00000000a4b00000, 0x00000000a4b00000, 0x00000000a4c00000|  0%| F|  |TAMS 0x00000000a4b00000, 0x00000000a4b00000| Untracked 
|  64|0x00000000a4c00000, 0x00000000a4c00000, 0x00000000a4d00000|  0%| F|  |TAMS 0x00000000a4c00000, 0x00000000a4c00000| Untracked 
|  65|0x00000000a4d00000, 0x00000000a4d00000, 0x00000000a4e00000|  0%| F|  |TAMS 0x00000000a4d00000, 0x00000000a4d00000| Untracked 
|  66|0x00000000a4e00000, 0x00000000a4e00000, 0x00000000a4f00000|  0%| F|  |TAMS 0x00000000a4e00000, 0x00000000a4e00000| Untracked 
|  67|0x00000000a4f00000, 0x00000000a4f00000, 0x00000000a5000000|  0%| F|  |TAMS 0x00000000a4f00000, 0x00000000a4f00000| Untracked 
|  68|0x00000000a5000000, 0x00000000a5000000, 0x00000000a5100000|  0%| F|  |TAMS 0x00000000a5000000, 0x00000000a5000000| Untracked 
|  69|0x00000000a5100000, 0x00000000a5100000, 0x00000000a5200000|  0%| F|  |TAMS 0x00000000a5100000, 0x00000000a5100000| Untracked 
|  70|0x00000000a5200000, 0x00000000a5200000, 0x00000000a5300000|  0%| F|  |TAMS 0x00000000a5200000, 0x00000000a5200000| Untracked 
|  71|0x00000000a5300000, 0x00000000a5300000, 0x00000000a5400000|  0%| F|  |TAMS 0x00000000a5300000, 0x00000000a5300000| Untracked 
|  72|0x00000000a5400000, 0x00000000a5400000, 0x00000000a5500000|  0%| F|  |TAMS 0x00000000a5400000, 0x00000000a5400000| Untracked 
|  73|0x00000000a5500000, 0x00000000a5500000, 0x00000000a5600000|  0%| F|  |TAMS 0x00000000a5500000, 0x00000000a5500000| Untracked 
|  74|0x00000000a5600000, 0x00000000a5600000, 0x00000000a5700000|  0%| F|  |TAMS 0x00000000a5600000, 0x00000000a5600000| Untracked 
|  75|0x00000000a5700000, 0x00000000a5700000, 0x00000000a5800000|  0%| F|  |TAMS 0x00000000a5700000, 0x00000000a5700000| Untracked 
|  76|0x00000000a5800000, 0x00000000a5800000, 0x00000000a5900000|  0%| F|  |TAMS 0x00000000a5800000, 0x00000000a5800000| Untracked 
|  77|0x00000000a5900000, 0x00000000a5900000, 0x00000000a5a00000|  0%| F|  |TAMS 0x00000000a5900000, 0x00000000a5900000| Untracked 
|  78|0x00000000a5a00000, 0x00000000a5a00000, 0x00000000a5b00000|  0%| F|  |TAMS 0x00000000a5a00000, 0x00000000a5a00000| Untracked 
|  79|0x00000000a5b00000, 0x00000000a5b00000, 0x00000000a5c00000|  0%| F|  |TAMS 0x00000000a5b00000, 0x00000000a5b00000| Untracked 
|  80|0x00000000a5c00000, 0x00000000a5c00000, 0x00000000a5d00000|  0%| F|  |TAMS 0x00000000a5c00000, 0x00000000a5c00000| Untracked 
|  81|0x00000000a5d00000, 0x00000000a5e00000, 0x00000000a5e00000|100%| E|  |TAMS 0x00000000a5d00000, 0x00000000a5d00000| Complete 
|  82|0x00000000a5e00000, 0x00000000a5f00000, 0x00000000a5f00000|100%| E|CS|TAMS 0x00000000a5e00000, 0x00000000a5e00000| Complete 
|  83|0x00000000a5f00000, 0x00000000a6000000, 0x00000000a6000000|100%| E|CS|TAMS 0x00000000a5f00000, 0x00000000a5f00000| Complete 
|  84|0x00000000a6000000, 0x00000000a6100000, 0x00000000a6100000|100%| E|CS|TAMS 0x00000000a6000000, 0x00000000a6000000| Complete 
|  85|0x00000000a6100000, 0x00000000a6200000, 0x00000000a6200000|100%| E|CS|TAMS 0x00000000a6100000, 0x00000000a6100000| Complete 
|  86|0x00000000a6200000, 0x00000000a6300000, 0x00000000a6300000|100%| E|CS|TAMS 0x00000000a6200000, 0x00000000a6200000| Complete 
|  87|0x00000000a6300000, 0x00000000a6400000, 0x00000000a6400000|100%| E|CS|TAMS 0x00000000a6300000, 0x00000000a6300000| Complete 
|  88|0x00000000a6400000, 0x00000000a6500000, 0x00000000a6500000|100%| E|CS|TAMS 0x00000000a6400000, 0x00000000a6400000| Complete 
|  89|0x00000000a6500000, 0x00000000a6600000, 0x00000000a6600000|100%| E|CS|TAMS 0x00000000a6500000, 0x00000000a6500000| Complete 
|  90|0x00000000a6600000, 0x00000000a6700000, 0x00000000a6700000|100%| E|CS|TAMS 0x00000000a6600000, 0x00000000a6600000| Complete 
|  91|0x00000000a6700000, 0x00000000a6800000, 0x00000000a6800000|100%| E|CS|TAMS 0x00000000a6700000, 0x00000000a6700000| Complete 
|  92|0x00000000a6800000, 0x00000000a6900000, 0x00000000a6900000|100%| E|CS|TAMS 0x00000000a6800000, 0x00000000a6800000| Complete 
|  93|0x00000000a6900000, 0x00000000a6a00000, 0x00000000a6a00000|100%| E|CS|TAMS 0x00000000a6900000, 0x00000000a6900000| Complete 
|  94|0x00000000a6a00000, 0x00000000a6b00000, 0x00000000a6b00000|100%| E|CS|TAMS 0x00000000a6a00000, 0x00000000a6a00000| Complete 
|  95|0x00000000a6b00000, 0x00000000a6c00000, 0x00000000a6c00000|100%| E|CS|TAMS 0x00000000a6b00000, 0x00000000a6b00000| Complete 
|  96|0x00000000a6c00000, 0x00000000a6d00000, 0x00000000a6d00000|100%| E|CS|TAMS 0x00000000a6c00000, 0x00000000a6c00000| Complete 
|  97|0x00000000a6d00000, 0x00000000a6e00000, 0x00000000a6e00000|100%| E|CS|TAMS 0x00000000a6d00000, 0x00000000a6d00000| Complete 
|  98|0x00000000a6e00000, 0x00000000a6f00000, 0x00000000a6f00000|100%| E|CS|TAMS 0x00000000a6e00000, 0x00000000a6e00000| Complete 
|  99|0x00000000a6f00000, 0x00000000a7000000, 0x00000000a7000000|100%| E|CS|TAMS 0x00000000a6f00000, 0x00000000a6f00000| Complete 
| 100|0x00000000a7000000, 0x00000000a7100000, 0x00000000a7100000|100%| E|CS|TAMS 0x00000000a7000000, 0x00000000a7000000| Complete 
| 101|0x00000000a7100000, 0x00000000a7200000, 0x00000000a7200000|100%| E|  |TAMS 0x00000000a7100000, 0x00000000a7100000| Complete 
| 102|0x00000000a7200000, 0x00000000a7300000, 0x00000000a7300000|100%| E|CS|TAMS 0x00000000a7200000, 0x00000000a7200000| Complete 
| 103|0x00000000a7300000, 0x00000000a7400000, 0x00000000a7400000|100%| E|CS|TAMS 0x00000000a7300000, 0x00000000a7300000| Complete 
| 104|0x00000000a7400000, 0x00000000a7500000, 0x00000000a7500000|100%| E|CS|TAMS 0x00000000a7400000, 0x00000000a7400000| Complete 
| 105|0x00000000a7500000, 0x00000000a7600000, 0x00000000a7600000|100%| E|CS|TAMS 0x00000000a7500000, 0x00000000a7500000| Complete 
| 106|0x00000000a7600000, 0x00000000a7700000, 0x00000000a7700000|100%| E|CS|TAMS 0x00000000a7600000, 0x00000000a7600000| Complete 

Card table byte_map: [0x000002692d4d0000,0x000002692d7d0000] _byte_map_base: 0x000002692cfca000

Marking Bits (Prev, Next): (CMBitMap*) 0x0000026916811df0, (CMBitMap*) 0x0000026916811db8
 Prev Bits: [0x000002692f2a0000, 0x0000026930a70000)
 Next Bits: [0x000002692dad0000, 0x000002692f2a0000)

Polling page: 0x0000026914780000

Metaspace:

Usage:
  Non-class:     65.71 MB capacity,    63.87 MB ( 97%) used,     1.54 MB (  2%) free+waste,   306.56 KB ( <1%) overhead. 
      Class:      9.36 MB capacity,     8.30 MB ( 89%) used,   942.96 KB ( 10%) free+waste,   138.25 KB (  1%) overhead. 
       Both:     75.07 MB capacity,    72.17 MB ( 96%) used,     2.46 MB (  3%) free+waste,   444.81 KB ( <1%) overhead. 

Virtual space:
  Non-class space:       66.00 MB reserved,      66.00 MB (100%) committed 
      Class space:        1.00 GB reserved,       9.50 MB ( <1%) committed 
             Both:        1.06 GB reserved,      75.50 MB (  7%) committed 

Chunk freelists:
   Non-Class:  12.75 KB
       Class:  6.50 KB
        Both:  19.25 KB

CodeHeap 'non-profiled nmethods': size=120000Kb used=15206Kb max_used=15206Kb free=104793Kb
 bounds [0x0000026925970000, 0x0000026926850000, 0x000002692cea0000]
CodeHeap 'profiled nmethods': size=120000Kb used=25273Kb max_used=27704Kb free=94726Kb
 bounds [0x000002691e440000, 0x000002691ff70000, 0x0000026925970000]
CodeHeap 'non-nmethods': size=5760Kb used=1240Kb max_used=1303Kb free=4519Kb
 bounds [0x000002691dea0000, 0x000002691e110000, 0x000002691e440000]
 total_blobs=13579 nmethods=12966 adapters=523
 compilation: enabled
              stopped_count=0, restarted_count=0
 full_count=0

Compilation events (10 events):
Event: 3575.450 Thread 0x00000269334da800 nmethod 15979 0x0000026926846890 code [0x0000026926846a00, 0x0000026926846a98]
Event: 3575.450 Thread 0x00000269334da800 15986       4       sun.net.www.protocol.jar.Handler::parseURL (212 bytes)
Event: 3575.590 Thread 0x00000269334dc800 15990       3       sun.reflect.annotation.AnnotationParser$$Lambda$115/0x00000001001a8440::get (20 bytes)
Event: 3575.590 Thread 0x00000269334dc800 nmethod 15990 0x000002691ec72510 code [0x000002691ec726c0, 0x000002691ec72868]
Event: 3575.590 Thread 0x00000269334dc800 15991       3       sun.reflect.annotation.AnnotationParser::lambda$parseEnumArray$1 (8 bytes)
Event: 3575.591 Thread 0x00000269334dc800 nmethod 15991 0x000002691e7d4c10 code [0x000002691e7d4da0, 0x000002691e7d4ea8]
Event: 3575.612 Thread 0x00000269334dc800 15994   !   3       org.springframework.context.annotation.ParserStrategyUtils::createInstance (72 bytes)
Event: 3575.619 Thread 0x00000269334dc800 nmethod 15994 0x000002691f65df90 code [0x000002691f65e1e0, 0x000002691f65e9c8]
Event: 3575.619 Thread 0x00000269334dc800 15995       3       org.springframework.context.annotation.ParserStrategyUtils::invokeAwareMethods (92 bytes)
Event: 3575.620 Thread 0x00000269334dc800 nmethod 15995 0x000002691f682410 code [0x000002691f682660, 0x000002691f683758]

GC Heap History (10 events):
Event: 3487.012 GC heap before
{Heap before GC invocations=112 (full 5):
 garbage-first heap   total 109568K, used 93654K [0x00000000a0c00000, 0x0000000100000000)
  region size 1024K, 55 young (56320K), 1 survivors (1024K)
 Metaspace       used 73795K, capacity 76650K, committed 76928K, reserved 1116160K
  class space    used 8493K, capacity 9556K, committed 9600K, reserved 1048576K
}
Event: 3487.061 GC heap after
{Heap after GC invocations=113 (full 5):
 garbage-first heap   total 109568K, used 38411K [0x00000000a0c00000, 0x0000000100000000)
  region size 1024K, 1 young (1024K), 1 survivors (1024K)
 Metaspace       used 73795K, capacity 76650K, committed 76928K, reserved 1116160K
  class space    used 8493K, capacity 9556K, committed 9600K, reserved 1048576K
}
Event: 3502.587 GC heap before
{Heap before GC invocations=113 (full 5):
 garbage-first heap   total 109568K, used 93707K [0x00000000a0c00000, 0x0000000100000000)
  region size 1024K, 55 young (56320K), 1 survivors (1024K)
 Metaspace       used 73848K, capacity 76715K, committed 76928K, reserved 1116160K
  class space    used 8502K, capacity 9571K, committed 9600K, reserved 1048576K
}
Event: 3502.622 GC heap after
{Heap after GC invocations=114 (full 5):
 garbage-first heap   total 109568K, used 38580K [0x00000000a0c00000, 0x0000000100000000)
  region size 1024K, 1 young (1024K), 1 survivors (1024K)
 Metaspace       used 73848K, capacity 76715K, committed 76928K, reserved 1116160K
  class space    used 8502K, capacity 9571K, committed 9600K, reserved 1048576K
}
Event: 3517.447 GC heap before
{Heap before GC invocations=114 (full 5):
 garbage-first heap   total 109568K, used 93876K [0x00000000a0c00000, 0x0000000100000000)
  region size 1024K, 55 young (56320K), 1 survivors (1024K)
 Metaspace       used 73853K, capacity 76718K, committed 76928K, reserved 1116160K
  class space    used 8502K, capacity 9571K, committed 9600K, reserved 1048576K
}
Event: 3517.452 GC heap after
{Heap after GC invocations=115 (full 5):
 garbage-first heap   total 109568K, used 38608K [0x00000000a0c00000, 0x0000000100000000)
  region size 1024K, 1 young (1024K), 1 survivors (1024K)
 Metaspace       used 73853K, capacity 76718K, committed 76928K, reserved 1116160K
  class space    used 8502K, capacity 9571K, committed 9600K, reserved 1048576K
}
Event: 3531.930 GC heap before
{Heap before GC invocations=115 (full 5):
 garbage-first heap   total 109568K, used 93904K [0x00000000a0c00000, 0x0000000100000000)
  region size 1024K, 55 young (56320K), 1 survivors (1024K)
 Metaspace       used 73867K, capacity 76744K, committed 76928K, reserved 1116160K
  class space    used 8502K, capacity 9571K, committed 9600K, reserved 1048576K
}
Event: 3531.942 GC heap after
{Heap after GC invocations=116 (full 5):
 garbage-first heap   total 109568K, used 38609K [0x00000000a0c00000, 0x0000000100000000)
  region size 1024K, 1 young (1024K), 1 survivors (1024K)
 Metaspace       used 73867K, capacity 76744K, committed 76928K, reserved 1116160K
  class space    used 8502K, capacity 9571K, committed 9600K, reserved 1048576K
}
Event: 3567.887 GC heap before
{Heap before GC invocations=116 (full 5):
 garbage-first heap   total 109568K, used 62161K [0x00000000a0c00000, 0x0000000100000000)
  region size 1024K, 25 young (25600K), 1 survivors (1024K)
 Metaspace       used 73874K, capacity 76750K, committed 76928K, reserved 1116160K
  class space    used 8503K, capacity 9573K, committed 9600K, reserved 1048576K
}
Event: 3569.975 GC heap after
{Heap after GC invocations=117 (full 6):
 garbage-first heap   total 109568K, used 32496K [0x00000000a0c00000, 0x0000000100000000)
  region size 1024K, 0 young (0K), 0 survivors (0K)
 Metaspace       used 73780K, capacity 76619K, committed 76928K, reserved 1116160K
  class space    used 8486K, capacity 9540K, committed 9600K, reserved 1048576K
}

Deoptimization events (10 events):
Event: 2887.770 Thread 0x0000026938ed6000 Uncommon trap: reason=null_check action=make_not_entrant pc=0x0000026925cf10f0 method=java.util.jar.JarFile.getManifestFromReference()Ljava/util/jar/Manifest; @ 14 c2
Event: 2887.816 Thread 0x0000026938ed6000 Uncommon trap: reason=unstable_if action=reinterpret pc=0x00000269265a1560 method=com.fasterxml.jackson.databind.type.TypeFactory._fromParamType(Lcom/fasterxml/jackson/databind/type/ClassStack;Ljava/lang/reflect/ParameterizedType;Lcom/fasterxml/jackson/da
Event: 2887.826 Thread 0x0000026938ed5800 Uncommon trap: reason=speculate_null_assert action=make_not_entrant pc=0x00000269265167c4 method=org.springframework.context.event.AbstractApplicationEventMulticaster.getApplicationListeners(Lorg/springframework/context/ApplicationEvent;Lorg/springframewo
Event: 2887.931 Thread 0x0000026938ed7000 Uncommon trap: reason=class_check action=maybe_recompile pc=0x0000026925fe8500 method=org.bson.internal.LazyCodec.getWrapped()Lorg/bson/codecs/Codec; @ 16 c2
Event: 2905.981 Thread 0x0000026938ed9800 Uncommon trap: reason=unstable_if action=reinterpret pc=0x0000026926344974 method=org.springframework.http.HttpEntity.<init>(Ljava/lang/Object;Lorg/springframework/util/MultiValueMap;)V @ 11 c2
Event: 3439.093 Thread 0x0000026938edb000 Uncommon trap: reason=unstable_if action=reinterpret pc=0x000002692672b6f0 method=java.util.concurrent.locks.AbstractQueuedSynchronizer.hasQueuedPredecessors()Z @ 34 c2
Event: 3567.349 Thread 0x0000026938ee1000 Uncommon trap: reason=bimorphic_or_optimized_type_check action=maybe_recompile pc=0x000002692600911c method=java.util.HashMap.removeNode(ILjava/lang/Object;Ljava/lang/Object;ZZ)Ljava/util/HashMap$Node; @ 143 c2
Event: 3567.391 Thread 0x0000026938ee1000 Uncommon trap: reason=class_check action=maybe_recompile pc=0x000002692632e410 method=com.mongodb.internal.connection.CommandProtocolImpl.<init>(Ljava/lang/String;Lorg/bson/BsonDocument;Lorg/bson/FieldNameValidator;Lcom/mongodb/ReadPreference;Lorg/bson/co
Event: 3567.397 Thread 0x0000026938ee1000 Uncommon trap: reason=class_check action=maybe_recompile pc=0x0000026926200510 method=com.mongodb.internal.connection.CommandMessage.getExtraElements(Lcom/mongodb/internal/session/SessionContext;)Ljava/util/List; @ 282 c2
Event: 3567.769 Thread 0x0000026938ee1000 Uncommon trap: reason=unloaded action=reinterpret pc=0x000002692612b6c4 method=java.net.SocketInputStream.read([BIII)I @ 148 c2

Classes redefined (0 events):
No events

Internal exceptions (10 events):
Event: 2519.675 Thread 0x000002693963a800 Exception <a 'java/lang/reflect/InvocationTargetException'{0x00000000a6662958}> (0x00000000a6662958) thrown at [./open/src/hotspot/share/runtime/reflection.cpp, line 1240]
Event: 2887.769 Thread 0x0000026938ed6000 Implicit null exception at 0x0000026925ceb2fd to 0x0000026925cf10c0
Event: 3567.267 Thread 0x000002693963e000 Exception <a 'java/lang/InterruptedException'{0x00000000a5fac800}: sleep interrupted> (0x00000000a5fac800) thrown at [./open/src/hotspot/share/prims/jvm.cpp, line 3127]
Event: 3567.594 Thread 0x000002693963a000 Exception <a 'java/net/SocketException'{0x00000000a60cad08}: Socket closed> (0x00000000a60cad08) thrown at [./open/src/hotspot/share/prims/jni.cpp, line 632]
Event: 3567.617 Thread 0x0000026939640800 Exception <a 'java/net/SocketException'{0x00000000a60c0888}: Socket closed> (0x00000000a60c0888) thrown at [./open/src/hotspot/share/prims/jni.cpp, line 632]
Event: 3567.688 Thread 0x0000026939643800 Exception <a 'java/lang/InterruptedException'{0x00000000a608d498}: sleep interrupted> (0x00000000a608d498) thrown at [./open/src/hotspot/share/prims/jvm.cpp, line 3127]
Event: 3567.690 Thread 0x0000026939645000 Exception <a 'java/net/SocketException'{0x00000000a60b5238}: Socket closed> (0x00000000a60b5238) thrown at [./open/src/hotspot/share/prims/jni.cpp, line 632]
Event: 3567.769 Thread 0x0000026938ee1000 Exception <a 'sun/net/ConnectionResetException'{0x00000000a5fd2588}: > (0x00000000a5fd2588) thrown at [./open/src/hotspot/share/prims/jni.cpp, line 632]
Event: 3567.772 Thread 0x0000026939641000 Exception <a 'java/lang/InterruptedException'{0x00000000a5fac118}: sleep interrupted> (0x00000000a5fac118) thrown at [./open/src/hotspot/share/prims/jvm.cpp, line 3127]
Event: 3570.853 Thread 0x0000026938ed5800 Exception <a 'java/io/FileNotFoundException'{0x00000000a754d178}> (0x00000000a754d178) thrown at [./open/src/hotspot/share/prims/jni.cpp, line 611]

Events (10 events):
Event: 3575.591 loading class org/springframework/test/web/reactive/server$WebTestClient
Event: 3575.591 loading class org/springframework/test/web/reactive/server$WebTestClient done
Event: 3575.607 loading class org/springframework/data/rest/webmvc/halexplorer/HalExplorerConfiguration
Event: 3575.607 loading class org/springframework/data/rest/webmvc/halexplorer/HalExplorerConfiguration done
Event: 3575.607 loading class org/springframework/data/rest/webmvc/halexplorer$HalExplorerConfiguration
Event: 3575.607 loading class org/springframework/data/rest/webmvc/halexplorer$HalExplorerConfiguration done
Event: 3575.608 loading class org/jmolecules/spring/IdentifierToPrimitivesConverter
Event: 3575.608 loading class org/jmolecules/spring/IdentifierToPrimitivesConverter done
Event: 3575.609 loading class org/jmolecules/spring$IdentifierToPrimitivesConverter
Event: 3575.609 loading class org/jmolecules/spring$IdentifierToPrimitivesConverter done


Dynamic libraries:
0x00007ff6166c0000 - 0x00007ff6166d0000 	C:\Program Files\Java\jdk-11\bin\java.exe
0x00007ff893b90000 - 0x00007ff893da7000 	C:\WINDOWS\SYSTEM32\ntdll.dll
0x00007ff892870000 - 0x00007ff892934000 	C:\WINDOWS\System32\KERNEL32.DLL
0x00007ff890ec0000 - 0x00007ff89126c000 	C:\WINDOWS\System32\KERNELBASE.dll
0x00007ff891480000 - 0x00007ff891591000 	C:\WINDOWS\System32\ucrtbase.dll
0x00007ff8889f0000 - 0x00007ff888a0b000 	C:\Program Files\Java\jdk-11\bin\VCRUNTIME140.dll
0x00007ff886ca0000 - 0x00007ff886cb9000 	C:\Program Files\Java\jdk-11\bin\jli.dll
0x00007ff8927b0000 - 0x00007ff892862000 	C:\WINDOWS\System32\ADVAPI32.dll
0x00007ff893970000 - 0x00007ff893a17000 	C:\WINDOWS\System32\msvcrt.dll
0x00007ff892b00000 - 0x00007ff892baa000 	C:\WINDOWS\System32\sechost.dll
0x00007ff8913e0000 - 0x00007ff891408000 	C:\WINDOWS\System32\bcrypt.dll
0x00007ff891920000 - 0x00007ff891a35000 	C:\WINDOWS\System32\RPCRT4.dll
0x00007ff891fe0000 - 0x00007ff89218e000 	C:\WINDOWS\System32\USER32.dll
0x00007ff881700000 - 0x00007ff881993000 	C:\WINDOWS\WinSxS\amd64_microsoft.windows.common-controls_6595b64144ccf1df_6.0.22621.3672_none_2713b9d173822955\COMCTL32.dll
0x00007ff8916c0000 - 0x00007ff8916e6000 	C:\WINDOWS\System32\win32u.dll
0x00007ff892ca0000 - 0x00007ff892cc9000 	C:\WINDOWS\System32\GDI32.dll
0x00007ff8917b0000 - 0x00007ff8918c9000 	C:\WINDOWS\System32\gdi32full.dll
0x00007ff891620000 - 0x00007ff8916ba000 	C:\WINDOWS\System32\msvcp_win.dll
0x00007ff886d50000 - 0x00007ff886d5a000 	C:\WINDOWS\SYSTEM32\VERSION.dll
0x00007ff8918e0000 - 0x00007ff891911000 	C:\WINDOWS\System32\IMM32.DLL
0x00007ff88a760000 - 0x00007ff88a76c000 	C:\Program Files\Java\jdk-11\bin\vcruntime140_1.dll
0x00007ff858cf0000 - 0x00007ff858d7e000 	C:\Program Files\Java\jdk-11\bin\msvcp140.dll
0x00007ff82a390000 - 0x00007ff82aefd000 	C:\Program Files\Java\jdk-11\bin\server\jvm.dll
0x00007ff8918d0000 - 0x00007ff8918d8000 	C:\WINDOWS\System32\PSAPI.DLL
0x00007ff86d200000 - 0x00007ff86d209000 	C:\WINDOWS\SYSTEM32\WSOCK32.dll
0x00007ff888130000 - 0x00007ff888164000 	C:\WINDOWS\SYSTEM32\WINMM.dll
0x00007ff892630000 - 0x00007ff8926a1000 	C:\WINDOWS\System32\WS2_32.dll
0x00007ff88fe50000 - 0x00007ff88fe68000 	C:\WINDOWS\SYSTEM32\kernel.appcore.dll
0x00007ff8891d0000 - 0x00007ff8891e0000 	C:\Program Files\Java\jdk-11\bin\verify.dll
0x00007ff88e670000 - 0x00007ff88e8a2000 	C:\WINDOWS\SYSTEM32\DBGHELP.DLL
0x00007ff893550000 - 0x00007ff8938d8000 	C:\WINDOWS\System32\combase.dll
0x00007ff892bb0000 - 0x00007ff892c87000 	C:\WINDOWS\System32\OLEAUT32.dll
0x00007ff87d1a0000 - 0x00007ff87d1d2000 	C:\WINDOWS\SYSTEM32\dbgcore.DLL
0x00007ff8915a0000 - 0x00007ff89161b000 	C:\WINDOWS\System32\bcryptPrimitives.dll
0x00007ff882710000 - 0x00007ff882738000 	C:\Program Files\Java\jdk-11\bin\java.dll
0x00007ff886fb0000 - 0x00007ff886fba000 	C:\Program Files\Java\jdk-11\bin\jimage.dll
0x00007ff886bc0000 - 0x00007ff886bd7000 	C:\Program Files\Java\jdk-11\bin\zip.dll
0x00007ff892ce0000 - 0x00007ff89353c000 	C:\WINDOWS\System32\SHELL32.dll
0x00007ff88edc0000 - 0x00007ff88f6b7000 	C:\WINDOWS\SYSTEM32\windows.storage.dll
0x00007ff88ec80000 - 0x00007ff88edbf000 	C:\WINDOWS\SYSTEM32\wintypes.dll
0x00007ff891aa0000 - 0x00007ff891b94000 	C:\WINDOWS\System32\SHCORE.dll
0x00007ff891a40000 - 0x00007ff891a9e000 	C:\WINDOWS\System32\shlwapi.dll
0x00007ff890df0000 - 0x00007ff890e11000 	C:\WINDOWS\SYSTEM32\profapi.dll
0x00007ff882860000 - 0x00007ff882879000 	C:\Program Files\Java\jdk-11\bin\net.dll
0x00007ff888e70000 - 0x00007ff888fa6000 	C:\WINDOWS\SYSTEM32\WINHTTP.dll
0x00007ff890320000 - 0x00007ff890389000 	C:\WINDOWS\system32\mswsock.dll
0x00007ff8801b0000 - 0x00007ff8801c2000 	C:\Program Files\Java\jdk-11\bin\nio.dll
0x00007ff886c80000 - 0x00007ff886c89000 	C:\Program Files\Java\jdk-11\bin\management.dll
0x00007ff87f720000 - 0x00007ff87f72b000 	C:\Program Files\Java\jdk-11\bin\management_ext.dll
0x00007ff87c830000 - 0x00007ff87c847000 	C:\WINDOWS\system32\napinsp.dll
0x00007ff87c790000 - 0x00007ff87c7ab000 	C:\WINDOWS\system32\pnrpnsp.dll
0x00007ff88f990000 - 0x00007ff88fa88000 	C:\WINDOWS\SYSTEM32\DNSAPI.dll
0x00007ff88f920000 - 0x00007ff88f94d000 	C:\WINDOWS\SYSTEM32\IPHLPAPI.DLL
0x00007ff892c90000 - 0x00007ff892c99000 	C:\WINDOWS\System32\NSI.dll
0x00007ff87c710000 - 0x00007ff87c721000 	C:\WINDOWS\System32\winrnr.dll
0x00007ff8880f0000 - 0x00007ff888105000 	C:\WINDOWS\system32\wshbth.dll
0x00007ff87c610000 - 0x00007ff87c637000 	C:\WINDOWS\system32\nlansp_c.dll
0x00007ff88b4c0000 - 0x00007ff88b4ca000 	C:\Windows\System32\rasadhlp.dll
0x00007ff886920000 - 0x00007ff8869a3000 	C:\WINDOWS\System32\fwpuclnt.dll
0x00007ff8905d0000 - 0x00007ff8905eb000 	C:\WINDOWS\SYSTEM32\CRYPTSP.dll
0x00007ff88fe10000 - 0x00007ff88fe45000 	C:\WINDOWS\system32\rsaenh.dll
0x00007ff890440000 - 0x00007ff890468000 	C:\WINDOWS\SYSTEM32\USERENV.dll
0x00007ff8905c0000 - 0x00007ff8905cc000 	C:\WINDOWS\SYSTEM32\CRYPTBASE.dll
0x00007ff889500000 - 0x00007ff889519000 	C:\WINDOWS\SYSTEM32\dhcpcsvc6.DLL
0x00007ff8889b0000 - 0x00007ff8889cf000 	C:\WINDOWS\SYSTEM32\dhcpcsvc.DLL
0x00007ff87f570000 - 0x00007ff87f57e000 	C:\Program Files\Java\jdk-11\bin\sunmscapi.dll
0x00007ff891270000 - 0x00007ff8913d7000 	C:\WINDOWS\System32\CRYPT32.dll
0x00007ff890780000 - 0x00007ff8907ae000 	C:\WINDOWS\SYSTEM32\ncrypt.dll
0x00007ff890740000 - 0x00007ff890777000 	C:\WINDOWS\SYSTEM32\NTASN1.dll
0x00007ff87f140000 - 0x00007ff87f167000 	C:\Program Files\Java\jdk-11\bin\sunec.dll

dbghelp: loaded successfully - version: 4.0.5 - missing functions: none
symbol engine: initialized successfully - sym options: 0x614 - pdb path: .;C:\Program Files\Java\jdk-11\bin;C:\WINDOWS\SYSTEM32;C:\WINDOWS\WinSxS\amd64_microsoft.windows.common-controls_6595b64144ccf1df_6.0.22621.3672_none_2713b9d173822955;C:\Program Files\Java\jdk-11\bin\server

VM Arguments:
jvm_args: -Dcom.sun.management.jmxremote -Dcom.sun.management.jmxremote.port=53145 -Dcom.sun.management.jmxremote.authenticate=false -Dcom.sun.management.jmxremote.ssl=false -Dspring.jmx.enabled=true -Djava.rmi.server.hostname=localhost -Dspring.application.admin.enabled=true -Dspring.boot.project.name=ecommerce 
java_command: ecommerce.ecommerce.EcommerceApplication
java_class_path (initial): D:\Software 2\PROYECTO\ecommerce\target\classes;C:\Users\Janet\.m2\repository\org\springframework\boot\spring-boot-starter-data-mongodb\2.6.3\spring-boot-starter-data-mongodb-2.6.3.jar;C:\Users\Janet\.m2\repository\org\springframework\boot\spring-boot-starter\2.6.3\spring-boot-starter-2.6.3.jar;C:\Users\Janet\.m2\repository\org\springframework\boot\spring-boot-starter-logging\2.6.3\spring-boot-starter-logging-2.6.3.jar;C:\Users\Janet\.m2\repository\ch\qos\logback\logback-classic\1.2.10\logback-classic-1.2.10.jar;C:\Users\Janet\.m2\repository\ch\qos\logback\logback-core\1.2.10\logback-core-1.2.10.jar;C:\Users\Janet\.m2\repository\org\apache\logging\log4j\log4j-to-slf4j\2.17.1\log4j-to-slf4j-2.17.1.jar;C:\Users\Janet\.m2\repository\org\apache\logging\log4j\log4j-api\2.17.1\log4j-api-2.17.1.jar;C:\Users\Janet\.m2\repository\org\slf4j\jul-to-slf4j\1.7.33\jul-to-slf4j-1.7.33.jar;C:\Users\Janet\.m2\repository\jakarta\annotation\jakarta.annotation-api\1.3.5\jakarta.annotation-api-1.3.5.jar;C:\Users\Janet\.m2\repository\org\yaml\snakeyaml\1.29\snakeyaml-1.29.jar;C:\Users\Janet\.m2\repository\org\mongodb\mongodb-driver-sync\4.4.1\mongodb-driver-sync-4.4.1.jar;C:\Users\Janet\.m2\repository\org\mongodb\bson\4.4.1\bson-4.4.1.jar;C:\Users\Janet\.m2\repository\org\mongodb\mongodb-driver-core\4.4.1\mongodb-driver-core-4.4.1.jar;C:\Users\Janet\.m2\repository\org\springframework\data\spring-data-mongodb\3.3.1\spring-data-mongodb-3.3.1.jar;C:\Users\Janet\.m2\repository\org\springframework\spring-tx\5.3.15\spring-tx-5.3.15.jar;C:\Users\Janet\.m2\repository\org\springframework\spring-context\5.3.15\spring-context-5.3.15.jar;C:\Users\Janet\.m2\repository\org\springframework\spring-beans\5.3.15\spring-beans-5.3.15.jar;C:\Users\Janet\.m2\repository\org\springframework\spring-expression\5.3.15\spring-expression-5.3.15.jar;C:\Users\Janet\.m2\repository\org\springframework\data\spring-data-commons\2.6.1\spring-data-commons-2.6.1.jar;C:\Users\Janet\.m2\repository\
Launcher Type: SUN_STANDARD

[Global flags]
     intx CICompilerCount                          = 4                                         {product} {ergonomic}
     uint ConcGCThreads                            = 2                                         {product} {ergonomic}
     uint G1ConcRefinementThreads                  = 8                                         {product} {ergonomic}
   size_t G1HeapRegionSize                         = 1048576                                   {product} {ergonomic}
    uintx GCDrainStackTargetSize                   = 64                                        {product} {ergonomic}
   size_t InitialHeapSize                          = 100663296                                 {product} {ergonomic}
     bool ManagementServer                         = true                                      {product} {command line}
   size_t MarkStackSize                            = 4194304                                   {product} {ergonomic}
   size_t MaxHeapSize                              = 1598029824                                {product} {ergonomic}
   size_t MaxNewSize                               = 958398464                                 {product} {ergonomic}
   size_t MinHeapDeltaBytes                        = 1048576                                   {product} {ergonomic}
    uintx NonNMethodCodeHeapSize                   = 5836300                                {pd product} {ergonomic}
    uintx NonProfiledCodeHeapSize                  = 122910970                              {pd product} {ergonomic}
    uintx ProfiledCodeHeapSize                     = 122910970                              {pd product} {ergonomic}
    uintx ReservedCodeCacheSize                    = 251658240                              {pd product} {ergonomic}
     bool SegmentedCodeCache                       = true                                      {product} {ergonomic}
     bool UseCompressedClassPointers               = true                                 {lp64_product} {ergonomic}
     bool UseCompressedOops                        = true                                 {lp64_product} {ergonomic}
     bool UseG1GC                                  = true                                      {product} {ergonomic}
     bool UseLargePagesIndividualAllocation        = false                                  {pd product} {ergonomic}

Logging:
Log output configuration:
 #0: stdout all=warning uptime,level,tags
 #1: stderr all=off uptime,level,tags

Environment Variables:
JAVA_HOME=C:\Program Files\Java\jdk-11
PATH=C:\Program Files\Common Files\Oracle\Java\javapath;C:\Program Files\Java\jdk-11\bin;C:\Program Files\Java\jdk-11;C:\Users\Janet\AppData\Local\Programs\Python\Python310\Scripts\;C:\Users\Janet\AppData\Local\Programs\Python\Python310\;C:\Program Files (x86)\Embarcadero\Studio\21.0\bin;C:\Users\Public\Documents\Embarcadero\Studio\21.0\Bpl;C:\Program Files (x86)\Embarcadero\Studio\21.0\bin64;C:\Users\Public\Documents\Embarcadero\Studio\21.0\Bpl\Win64;C:\Windows\system32;C:\Windows;C:\Windows\System32\Wbem;C:\Windows\System32\WindowsPowerShell\v1.0\;C:\Windows\System32\OpenSSH\;C:\Program Files (x86)\Microsoft SQL Server\150\DTS\Binn\;C:\Program Files (x86)\Microsoft SQL Server\150\Tools\Binn\;C:\Program Files\Microsoft SQL Server\150\Tools\Binn\;C:\Program Files\Microsoft SQL Server\Client SDK\ODBC\170\Tools\Binn\;C:\Program Files\Microsoft SQL Server\150\DTS\Binn\;C:\WINDOWS\system32;C:\WINDOWS;C:\WINDOWS\System32\Wbem;C:\WINDOWS\System32\WindowsPowerShell\v1.0\;C:\WINDOWS\System32\OpenSSH\;C:\ProgramData\chocolatey\bin;C:\Program Files\Git\cmd;C:\ProgramData\ComposerSetup\bin;C:\xampp\php;C:\Users\Janet\AppData\Local\Programs\Python\Python310;C:\Program Files\nodejs\;C:\flutter\bin;C:\gradle-8.4\bin;C:\Users\Janet\AppData\Local\Google\Cloud SDK\google-cloud-sdk\bin;C:\Program Files\dotnet\;D:\apache-maven-3.9.7\bin;C:\Program Files\Docker\Docker\resources\bin;D:\opennlp\bin;C:\Program Files\Java\jdk-11;C:\Users\Janet\AppData\Local\Microsoft\WindowsApps;C:\Mingw\Mingw64\bin;C:\Users\Janet\AppData\Local\ComposerSetup\bin;C:\Program Files\Azure Data Studio\bin;C:\Users\Janet\.dotnet\tools;C:\xampp\php;C:\Users\Janet\AppData\Local\Programs\Microsoft VS Code\bin;C:\Users\Janet\AppData\Roaming\Composer\vendor\bin;C:\Users\Janet\AppData\Local\Programs\Python\Python310;C:\Users\Janet\AppData\Local\Programs\Python\Python310\Tools\scripts;C:\Users\Janet\AppData\Roaming\npm;C:\flutter\bin;C:\gradle-8.4\bin;C:\tools\dart-sdk\bin;C:\Users\Janet\AppData\Local\Pub\Cache\bin;C:\Use
USERNAME=Janet
OS=Windows_NT
PROCESSOR_IDENTIFIER=AMD64 Family 23 Model 24 Stepping 1, AuthenticAMD



---------------  S Y S T E M  ---------------

OS: Windows 11 , 64 bit Build 22621 (10.0.22621.3672)
Hyper-V role detected

CPU:total 8 (initial active 8) (8 cores per cpu, 2 threads per core) family 23 model 24 stepping 1 microcode 0x0, cmov, cx8, fxsr, mmx, sse, sse2, sse3, ssse3, sse4.1, sse4.2, popcnt, avx, avx2, aes, clmul, mmxext, 3dnowpref, lzcnt, sse4a, ht, tsc, tscinvbit, tscinv, bmi1, bmi2, adx, s

Memory: 4k page, system-wide physical 6091M (393M free)
TotalPageFile size 24523M (AvailPageFile size 7M)
current process WorkingSet (physical memory assigned to process): 254M, peak: 336M
current process commit charge ("private bytes"): 377M, peak: 393M

vm_info: Java HotSpot(TM) 64-Bit Server VM (11.0.21+9-LTS-193) for windows-amd64 JRE (11.0.21+9-LTS-193), built on Sep 13 2023 11:04:38 by "mach5one" with MS VC++ 17.1 (VS2022)

END.
